2026-01-05 13:37:04.786 -05:00 [DBG] Registered model binder providers, in the following order: ["Microsoft.AspNetCore.Mvc.ModelBinding.Binders.BinderTypeModelBinderProvider","Microsoft.AspNetCore.Mvc.ModelBinding.Binders.ServicesModelBinderProvider","Microsoft.AspNetCore.Mvc.ModelBinding.Binders.BodyModelBinderProvider","Microsoft.AspNetCore.Mvc.ModelBinding.Binders.HeaderModelBinderProvider","Microsoft.AspNetCore.Mvc.ModelBinding.Binders.FloatingPointTypeModelBinderProvider","Microsoft.AspNetCore.Mvc.ModelBinding.Binders.EnumTypeModelBinderProvider","Microsoft.AspNetCore.Mvc.ModelBinding.Binders.DateTimeModelBinderProvider","Microsoft.AspNetCore.Mvc.ModelBinding.Binders.SimpleTypeModelBinderProvider","Microsoft.AspNetCore.Mvc.ModelBinding.Binders.TryParseModelBinderProvider","Microsoft.AspNetCore.Mvc.ModelBinding.Binders.CancellationTokenModelBinderProvider","Microsoft.AspNetCore.Mvc.ModelBinding.Binders.ByteArrayModelBinderProvider","Microsoft.AspNetCore.Mvc.ModelBinding.Binders.FormFileModelBinderProvider","Microsoft.AspNetCore.Mvc.ModelBinding.Binders.FormCollectionModelBinderProvider","Microsoft.AspNetCore.Mvc.ModelBinding.Binders.KeyValuePairModelBinderProvider","Microsoft.AspNetCore.Mvc.ModelBinding.Binders.DictionaryModelBinderProvider","Microsoft.AspNetCore.Mvc.ModelBinding.Binders.ArrayModelBinderProvider","Microsoft.AspNetCore.Mvc.ModelBinding.Binders.CollectionModelBinderProvider","Microsoft.AspNetCore.Mvc.ModelBinding.Binders.ComplexObjectModelBinderProvider"]
2026-01-05 13:37:05.022 -05:00 [DBG] Hosting starting
2026-01-05 13:37:05.065 -05:00 [INF] User profile is available. Using 'C:\Users\xmanc\AppData\Local\ASP.NET\DataProtection-Keys' as key repository and Windows DPAPI to encrypt keys at rest.
2026-01-05 13:37:05.074 -05:00 [DBG] Reading data from file 'C:\Users\xmanc\AppData\Local\ASP.NET\DataProtection-Keys\key-3390bb48-7b52-40b9-a5cd-8587ed8f0a32.xml'.
2026-01-05 13:37:05.102 -05:00 [DBG] Reading data from file 'C:\Users\xmanc\AppData\Local\ASP.NET\DataProtection-Keys\key-a53364e5-c8f1-4abd-b63f-f57292da94bd.xml'.
2026-01-05 13:37:05.121 -05:00 [DBG] Found key {3390bb48-7b52-40b9-a5cd-8587ed8f0a32}.
2026-01-05 13:37:05.129 -05:00 [DBG] Found key {a53364e5-c8f1-4abd-b63f-f57292da94bd}.
2026-01-05 13:37:05.134 -05:00 [DBG] Considering key {a53364e5-c8f1-4abd-b63f-f57292da94bd} with expiration date 2026-03-30 22:04:56Z as default key.
2026-01-05 13:37:05.139 -05:00 [DBG] Forwarded activator type request from Microsoft.AspNetCore.DataProtection.XmlEncryption.DpapiXmlDecryptor, Microsoft.AspNetCore.DataProtection, Version=8.0.0.0, Culture=neutral, PublicKeyToken=adb9793829ddae60 to Microsoft.AspNetCore.DataProtection.XmlEncryption.DpapiXmlDecryptor, Microsoft.AspNetCore.DataProtection, Culture=neutral, PublicKeyToken=adb9793829ddae60
2026-01-05 13:37:05.143 -05:00 [DBG] Decrypting secret element using Windows DPAPI.
2026-01-05 13:37:05.145 -05:00 [DBG] Forwarded activator type request from Microsoft.AspNetCore.DataProtection.AuthenticatedEncryption.ConfigurationModel.AuthenticatedEncryptorDescriptorDeserializer, Microsoft.AspNetCore.DataProtection, Version=8.0.0.0, Culture=neutral, PublicKeyToken=adb9793829ddae60 to Microsoft.AspNetCore.DataProtection.AuthenticatedEncryption.ConfigurationModel.AuthenticatedEncryptorDescriptorDeserializer, Microsoft.AspNetCore.DataProtection, Culture=neutral, PublicKeyToken=adb9793829ddae60
2026-01-05 13:37:05.152 -05:00 [DBG] Opening CNG algorithm 'AES' from provider 'null' with chaining mode CBC.
2026-01-05 13:37:05.159 -05:00 [DBG] Opening CNG algorithm 'SHA256' from provider 'null' with HMAC.
2026-01-05 13:37:05.164 -05:00 [DBG] Using key {a53364e5-c8f1-4abd-b63f-f57292da94bd} as the default key.
2026-01-05 13:37:05.165 -05:00 [DBG] Key ring with default key {a53364e5-c8f1-4abd-b63f-f57292da94bd} was loaded during application startup.
2026-01-05 13:37:05.174 -05:00 [DBG] Middleware loaded
2026-01-05 13:37:05.176 -05:00 [DBG] Middleware loaded. Script /_framework/aspnetcore-browser-refresh.js (16501 B).
2026-01-05 13:37:05.179 -05:00 [DBG] Middleware loaded. Script /_framework/blazor-hotreload.js (799 B).
2026-01-05 13:37:05.271 -05:00 [DBG] Middleware loaded: DOTNET_MODIFIABLE_ASSEMBLIES=null, __ASPNETCORE_BROWSER_TOOLS=true
2026-01-05 13:37:05.374 -05:00 [INF] Now listening on: https://localhost:7177
2026-01-05 13:37:05.375 -05:00 [INF] Now listening on: http://localhost:5160
2026-01-05 13:37:05.376 -05:00 [DBG] Loaded hosting startup assembly BioFXAPI
2026-01-05 13:37:05.378 -05:00 [DBG] Loaded hosting startup assembly Microsoft.WebTools.ApiEndpointDiscovery
2026-01-05 13:37:05.379 -05:00 [DBG] Loaded hosting startup assembly Microsoft.AspNetCore.Watch.BrowserRefresh
2026-01-05 13:37:05.380 -05:00 [DBG] Loaded hosting startup assembly Microsoft.WebTools.BrowserLink.Net
2026-01-05 13:37:05.449 -05:00 [INF] Application started. Press Ctrl+C to shut down.
2026-01-05 13:37:05.450 -05:00 [INF] Hosting environment: Development
2026-01-05 13:37:05.451 -05:00 [INF] Content root path: C:\Users\xmanc\OneDrive\Desktop\BioFXAPI-Github\BioFXAPI\BioFXAPI
2026-01-05 13:37:05.453 -05:00 [DBG] Hosting started
2026-01-05 13:37:05.464 -05:00 [DBG] Connection id "0HNICH5MEIBIS" accepted.
2026-01-05 13:37:05.469 -05:00 [DBG] Connection id "0HNICH5MEIBIS" started.
2026-01-05 13:37:05.474 -05:00 [DBG] Connection id "0HNICH5MEIBIT" accepted.
2026-01-05 13:37:05.480 -05:00 [DBG] Connection id "0HNICH5MEIBIT" started.
2026-01-05 13:37:05.491 -05:00 [DBG] Connection id "0HNICH5MEIBIS" received FIN.
2026-01-05 13:37:05.491 -05:00 [DBG] Connection id "0HNICH5MEIBIT" received FIN.
2026-01-05 13:37:05.507 -05:00 [DBG] Failed to authenticate HTTPS connection.
System.IO.IOException: Received an unexpected EOF or 0 bytes from the transport stream.
   at System.Net.Security.SslStream.ReceiveHandshakeFrameAsync[TIOAdapter](CancellationToken cancellationToken)
   at System.Net.Security.SslStream.ForceAuthenticationAsync[TIOAdapter](Boolean receiveFirst, Byte[] reAuthenticationData, CancellationToken cancellationToken)
   at System.Net.Security.SslStream.ProcessAuthenticationWithTelemetryAsync(Boolean isAsync, CancellationToken cancellationToken)
   at Microsoft.AspNetCore.Server.Kestrel.Https.Internal.HttpsConnectionMiddleware.OnConnectionAsync(ConnectionContext context)
2026-01-05 13:37:05.507 -05:00 [DBG] Failed to authenticate HTTPS connection.
System.IO.IOException: Received an unexpected EOF or 0 bytes from the transport stream.
   at System.Net.Security.SslStream.ReceiveHandshakeFrameAsync[TIOAdapter](CancellationToken cancellationToken)
   at System.Net.Security.SslStream.ForceAuthenticationAsync[TIOAdapter](Boolean receiveFirst, Byte[] reAuthenticationData, CancellationToken cancellationToken)
   at System.Net.Security.SslStream.ProcessAuthenticationWithTelemetryAsync(Boolean isAsync, CancellationToken cancellationToken)
   at Microsoft.AspNetCore.Server.Kestrel.Https.Internal.HttpsConnectionMiddleware.OnConnectionAsync(ConnectionContext context)
2026-01-05 13:37:05.557 -05:00 [DBG] Connection id "0HNICH5MEIBIS" stopped.
2026-01-05 13:37:05.557 -05:00 [DBG] Connection id "0HNICH5MEIBIT" stopped.
2026-01-05 13:37:05.561 -05:00 [DBG] Connection id "0HNICH5MEIBIS" sending FIN because: "The Socket transport's send loop completed gracefully."
2026-01-05 13:37:05.561 -05:00 [DBG] Connection id "0HNICH5MEIBIT" sending FIN because: "The Socket transport's send loop completed gracefully."
2026-01-05 13:37:05.845 -05:00 [DBG] Connection id "0HNICH5MEIBIU" accepted.
2026-01-05 13:37:05.858 -05:00 [DBG] Connection id "0HNICH5MEIBIU" started.
2026-01-05 13:37:05.948 -05:00 [DBG] Connection 0HNICH5MEIBIU established using the following protocol: "Tls13"
2026-01-05 13:37:06.132 -05:00 [INF] Request starting HTTP/2 GET https://localhost:7177/swagger/index.html - null null
2026-01-05 13:37:06.293 -05:00 [DBG] Wildcard detected, all requests with hosts will be allowed.
2026-01-05 13:37:06.337 -05:00 [DBG] No candidates found for the request path '/swagger/index.html'
2026-01-05 13:37:06.341 -05:00 [DBG] Request did not match any endpoints
2026-01-05 13:37:06.401 -05:00 [DBG] Response markup is scheduled to include Browser Link script injection.
2026-01-05 13:37:06.412 -05:00 [DBG] Response markup is scheduled to include browser refresh script injection.
2026-01-05 13:37:06.428 -05:00 [DBG] Response markup was updated to include Browser Link script injection.
2026-01-05 13:37:06.431 -05:00 [DBG] Response markup was updated to include browser refresh script injection.
2026-01-05 13:37:06.438 -05:00 [INF] Request finished HTTP/2 GET https://localhost:7177/swagger/index.html - 200 null text/html;charset=utf-8 325.1349ms
2026-01-05 13:37:06.515 -05:00 [INF] Request starting HTTP/2 GET https://localhost:7177/_framework/aspnetcore-browser-refresh.js - null null
2026-01-05 13:37:06.516 -05:00 [INF] Request starting HTTP/2 GET https://localhost:7177/_vs/browserLink - null null
2026-01-05 13:37:06.527 -05:00 [DBG] Script injected: /_framework/aspnetcore-browser-refresh.js
2026-01-05 13:37:06.531 -05:00 [INF] Request finished HTTP/2 GET https://localhost:7177/_framework/aspnetcore-browser-refresh.js - 200 16501 application/javascript; charset=utf-8 16.0116ms
2026-01-05 13:37:06.586 -05:00 [INF] Request finished HTTP/2 GET https://localhost:7177/_vs/browserLink - 200 null text/javascript; charset=UTF-8 70.5383ms
2026-01-05 13:37:07.134 -05:00 [INF] Request starting HTTP/2 GET https://localhost:7177/swagger/v1/swagger.json - null null
2026-01-05 13:37:07.139 -05:00 [DBG] No candidates found for the request path '/swagger/v1/swagger.json'
2026-01-05 13:37:07.141 -05:00 [DBG] Request did not match any endpoints
2026-01-05 13:37:07.165 -05:00 [INF] Request finished HTTP/2 GET https://localhost:7177/swagger/v1/swagger.json - 200 null application/json;charset=utf-8 30.6212ms
2026-01-05 13:37:27.327 -05:00 [INF] Request starting HTTP/2 POST https://localhost:7177/api/Transactions/refresh-by-request - application/json 25
2026-01-05 13:37:27.340 -05:00 [DBG] 1 candidate(s) found for the request path '/api/Transactions/refresh-by-request'
2026-01-05 13:37:27.344 -05:00 [DBG] Endpoint 'BioFXAPI.Controllers.TransactionsController.RefreshByRequestId (BioFXAPI)' with route pattern 'api/Transactions/refresh-by-request' is valid for the request path '/api/Transactions/refresh-by-request'
2026-01-05 13:37:27.346 -05:00 [DBG] Request matched endpoint 'BioFXAPI.Controllers.TransactionsController.RefreshByRequestId (BioFXAPI)'
2026-01-05 13:37:27.350 -05:00 [DBG] Static files was skipped as the request already matched an endpoint.
2026-01-05 13:37:27.353 -05:00 [DBG] The request has an origin header: 'https://localhost:7177'.
2026-01-05 13:37:27.355 -05:00 [INF] CORS policy execution failed.
2026-01-05 13:37:27.356 -05:00 [INF] Request origin https://localhost:7177 does not have permission to access the resource.
2026-01-05 13:37:27.483 -05:00 [DBG] Successfully validated the token.
2026-01-05 13:37:27.485 -05:00 [DBG] AuthenticationScheme: Bearer was successfully authenticated.
2026-01-05 13:37:27.491 -05:00 [DBG] Authorization was successful.
2026-01-05 13:37:27.493 -05:00 [INF] Executing endpoint 'BioFXAPI.Controllers.TransactionsController.RefreshByRequestId (BioFXAPI)'
2026-01-05 13:37:27.528 -05:00 [INF] Route matched with {action = "RefreshByRequestId", controller = "Transactions"}. Executing controller action with signature System.Threading.Tasks.Task`1[Microsoft.AspNetCore.Mvc.IActionResult] RefreshByRequestId(RefreshRequest, System.Threading.CancellationToken) on controller BioFXAPI.Controllers.TransactionsController (BioFXAPI).
2026-01-05 13:37:27.533 -05:00 [DBG] Execution plan of authorization filters (in the following order): ["None"]
2026-01-05 13:37:27.535 -05:00 [DBG] Execution plan of resource filters (in the following order): ["None"]
2026-01-05 13:37:27.537 -05:00 [DBG] Execution plan of action filters (in the following order): ["Microsoft.AspNetCore.Mvc.ModelBinding.UnsupportedContentTypeFilter (Order: -3000)","Microsoft.AspNetCore.Mvc.Infrastructure.ModelStateInvalidFilter (Order: -2000)"]
2026-01-05 13:37:27.539 -05:00 [DBG] Execution plan of exception filters (in the following order): ["None"]
2026-01-05 13:37:27.541 -05:00 [DBG] Execution plan of result filters (in the following order): ["Microsoft.AspNetCore.Mvc.Infrastructure.ClientErrorResultFilter (Order: -2000)"]
2026-01-05 13:37:27.545 -05:00 [DBG] Executing controller factory for controller BioFXAPI.Controllers.TransactionsController (BioFXAPI)
2026-01-05 13:37:27.547 -05:00 [INF] EmailSettings cargados: SmtpServer=mail.biofx.com.ec, SmtpPort=465, SenderEmail=info@biofx.com.ec, EnableSsl=true
2026-01-05 13:37:27.657 -05:00 [DBG] Executed controller factory for controller BioFXAPI.Controllers.TransactionsController (BioFXAPI)
2026-01-05 13:37:27.671 -05:00 [DBG] Attempting to bind parameter 'r' of type 'BioFXAPI.Controllers.TransactionsController+RefreshRequest' ...
2026-01-05 13:37:27.675 -05:00 [DBG] Attempting to bind parameter 'r' of type 'BioFXAPI.Controllers.TransactionsController+RefreshRequest' using the name '' in request data ...
2026-01-05 13:37:27.679 -05:00 [DBG] Selected input formatter 'Microsoft.AspNetCore.Mvc.Formatters.SystemTextJsonInputFormatter' for content type 'application/json'.
2026-01-05 13:37:27.688 -05:00 [DBG] Connection id "0HNICH5MEIBIU", Request id "0HNICH5MEIBIU:00000009": started reading request body.
2026-01-05 13:37:27.690 -05:00 [DBG] Connection id "0HNICH5MEIBIU", Request id "0HNICH5MEIBIU:00000009": done reading request body.
2026-01-05 13:37:27.705 -05:00 [DBG] JSON input formatter succeeded, deserializing to type 'BioFXAPI.Controllers.TransactionsController+RefreshRequest'
2026-01-05 13:37:27.707 -05:00 [DBG] Done attempting to bind parameter 'r' of type 'BioFXAPI.Controllers.TransactionsController+RefreshRequest'.
2026-01-05 13:37:27.708 -05:00 [DBG] Done attempting to bind parameter 'r' of type 'BioFXAPI.Controllers.TransactionsController+RefreshRequest'.
2026-01-05 13:37:27.710 -05:00 [DBG] Attempting to validate the bound parameter 'r' of type 'BioFXAPI.Controllers.TransactionsController+RefreshRequest' ...
2026-01-05 13:37:27.720 -05:00 [DBG] Done attempting to validate the bound parameter 'r' of type 'BioFXAPI.Controllers.TransactionsController+RefreshRequest'.
2026-01-05 13:37:27.722 -05:00 [DBG] Attempting to bind parameter 'ct' of type 'System.Threading.CancellationToken' ...
2026-01-05 13:37:27.723 -05:00 [DBG] Done attempting to bind parameter 'ct' of type 'System.Threading.CancellationToken'.
2026-01-05 13:37:27.724 -05:00 [DBG] Attempting to validate the bound parameter 'ct' of type 'System.Threading.CancellationToken' ...
2026-01-05 13:37:27.726 -05:00 [DBG] Done attempting to validate the bound parameter 'ct' of type 'System.Threading.CancellationToken'.
2026-01-05 13:37:29.742 -05:00 [DBG] List of registered output formatters, in the following order: ["Microsoft.AspNetCore.Mvc.Formatters.HttpNoContentOutputFormatter","Microsoft.AspNetCore.Mvc.Formatters.StringOutputFormatter","Microsoft.AspNetCore.Mvc.Formatters.StreamOutputFormatter","Microsoft.AspNetCore.Mvc.Formatters.SystemTextJsonOutputFormatter"]
2026-01-05 13:37:29.747 -05:00 [DBG] No information found on request to perform content negotiation.
2026-01-05 13:37:29.748 -05:00 [DBG] Attempting to select an output formatter without using a content type as no explicit content types were specified for the response.
2026-01-05 13:37:29.749 -05:00 [DBG] Attempting to select the first formatter in the output formatters list which can write the result.
2026-01-05 13:37:29.750 -05:00 [DBG] Selected output formatter 'Microsoft.AspNetCore.Mvc.Formatters.SystemTextJsonOutputFormatter' and content type 'application/json' to write the response.
2026-01-05 13:37:29.751 -05:00 [INF] Executing OkObjectResult, writing value of type '<>f__AnonymousType42`2[[System.Int32, System.Private.CoreLib, Version=8.0.0.0, Culture=neutral, PublicKeyToken=7cec85d7bea7798e],[System.String, System.Private.CoreLib, Version=8.0.0.0, Culture=neutral, PublicKeyToken=7cec85d7bea7798e]]'.
2026-01-05 13:37:29.759 -05:00 [INF] Executed action BioFXAPI.Controllers.TransactionsController.RefreshByRequestId (BioFXAPI) in 2213.3462ms
2026-01-05 13:37:29.761 -05:00 [INF] Executed endpoint 'BioFXAPI.Controllers.TransactionsController.RefreshByRequestId (BioFXAPI)'
2026-01-05 13:37:29.763 -05:00 [INF] Request finished HTTP/2 POST https://localhost:7177/api/Transactions/refresh-by-request - 200 null application/json; charset=utf-8 2435.9426ms
2026-01-05 13:38:32.027 -05:00 [INF] Request starting HTTP/2 POST https://localhost:7177/api/Transactions/refresh-by-request - application/json 25
2026-01-05 13:38:32.049 -05:00 [DBG] 1 candidate(s) found for the request path '/api/Transactions/refresh-by-request'
2026-01-05 13:38:32.052 -05:00 [DBG] Endpoint 'BioFXAPI.Controllers.TransactionsController.RefreshByRequestId (BioFXAPI)' with route pattern 'api/Transactions/refresh-by-request' is valid for the request path '/api/Transactions/refresh-by-request'
2026-01-05 13:38:32.054 -05:00 [DBG] Request matched endpoint 'BioFXAPI.Controllers.TransactionsController.RefreshByRequestId (BioFXAPI)'
2026-01-05 13:38:32.056 -05:00 [DBG] Static files was skipped as the request already matched an endpoint.
2026-01-05 13:38:32.059 -05:00 [DBG] The request has an origin header: 'https://localhost:7177'.
2026-01-05 13:38:32.062 -05:00 [INF] CORS policy execution failed.
2026-01-05 13:38:32.063 -05:00 [INF] Request origin https://localhost:7177 does not have permission to access the resource.
2026-01-05 13:38:32.067 -05:00 [DBG] Successfully validated the token.
2026-01-05 13:38:32.103 -05:00 [DBG] AuthenticationScheme: Bearer was successfully authenticated.
2026-01-05 13:38:32.106 -05:00 [DBG] Authorization was successful.
2026-01-05 13:38:32.109 -05:00 [INF] Executing endpoint 'BioFXAPI.Controllers.TransactionsController.RefreshByRequestId (BioFXAPI)'
2026-01-05 13:38:32.111 -05:00 [INF] Route matched with {action = "RefreshByRequestId", controller = "Transactions"}. Executing controller action with signature System.Threading.Tasks.Task`1[Microsoft.AspNetCore.Mvc.IActionResult] RefreshByRequestId(RefreshRequest, System.Threading.CancellationToken) on controller BioFXAPI.Controllers.TransactionsController (BioFXAPI).
2026-01-05 13:38:32.114 -05:00 [DBG] Execution plan of authorization filters (in the following order): ["None"]
2026-01-05 13:38:32.116 -05:00 [DBG] Execution plan of resource filters (in the following order): ["None"]
2026-01-05 13:38:32.118 -05:00 [DBG] Execution plan of action filters (in the following order): ["Microsoft.AspNetCore.Mvc.ModelBinding.UnsupportedContentTypeFilter (Order: -3000)","Microsoft.AspNetCore.Mvc.Infrastructure.ModelStateInvalidFilter (Order: -2000)"]
2026-01-05 13:38:32.121 -05:00 [DBG] Execution plan of exception filters (in the following order): ["None"]
2026-01-05 13:38:32.122 -05:00 [DBG] Execution plan of result filters (in the following order): ["Microsoft.AspNetCore.Mvc.Infrastructure.ClientErrorResultFilter (Order: -2000)"]
2026-01-05 13:38:32.124 -05:00 [DBG] Executing controller factory for controller BioFXAPI.Controllers.TransactionsController (BioFXAPI)
2026-01-05 13:38:32.126 -05:00 [INF] EmailSettings cargados: SmtpServer=mail.biofx.com.ec, SmtpPort=465, SenderEmail=info@biofx.com.ec, EnableSsl=true
2026-01-05 13:38:32.129 -05:00 [DBG] Executed controller factory for controller BioFXAPI.Controllers.TransactionsController (BioFXAPI)
2026-01-05 13:38:32.132 -05:00 [DBG] Attempting to bind parameter 'r' of type 'BioFXAPI.Controllers.TransactionsController+RefreshRequest' ...
2026-01-05 13:38:32.135 -05:00 [DBG] Attempting to bind parameter 'r' of type 'BioFXAPI.Controllers.TransactionsController+RefreshRequest' using the name '' in request data ...
2026-01-05 13:38:32.138 -05:00 [DBG] Selected input formatter 'Microsoft.AspNetCore.Mvc.Formatters.SystemTextJsonInputFormatter' for content type 'application/json'.
2026-01-05 13:38:32.139 -05:00 [DBG] Connection id "0HNICH5MEIBIU", Request id "0HNICH5MEIBIU:0000000B": started reading request body.
2026-01-05 13:38:32.142 -05:00 [DBG] Connection id "0HNICH5MEIBIU", Request id "0HNICH5MEIBIU:0000000B": done reading request body.
2026-01-05 13:38:32.144 -05:00 [DBG] JSON input formatter succeeded, deserializing to type 'BioFXAPI.Controllers.TransactionsController+RefreshRequest'
2026-01-05 13:38:32.146 -05:00 [DBG] Done attempting to bind parameter 'r' of type 'BioFXAPI.Controllers.TransactionsController+RefreshRequest'.
2026-01-05 13:38:32.148 -05:00 [DBG] Done attempting to bind parameter 'r' of type 'BioFXAPI.Controllers.TransactionsController+RefreshRequest'.
2026-01-05 13:38:32.150 -05:00 [DBG] Attempting to validate the bound parameter 'r' of type 'BioFXAPI.Controllers.TransactionsController+RefreshRequest' ...
2026-01-05 13:38:32.151 -05:00 [DBG] Done attempting to validate the bound parameter 'r' of type 'BioFXAPI.Controllers.TransactionsController+RefreshRequest'.
2026-01-05 13:38:32.153 -05:00 [DBG] Attempting to bind parameter 'ct' of type 'System.Threading.CancellationToken' ...
2026-01-05 13:38:32.154 -05:00 [DBG] Done attempting to bind parameter 'ct' of type 'System.Threading.CancellationToken'.
2026-01-05 13:38:32.155 -05:00 [DBG] Attempting to validate the bound parameter 'ct' of type 'System.Threading.CancellationToken' ...
2026-01-05 13:38:32.157 -05:00 [DBG] Done attempting to validate the bound parameter 'ct' of type 'System.Threading.CancellationToken'.
2026-01-05 13:38:33.353 -05:00 [DBG] List of registered output formatters, in the following order: ["Microsoft.AspNetCore.Mvc.Formatters.HttpNoContentOutputFormatter","Microsoft.AspNetCore.Mvc.Formatters.StringOutputFormatter","Microsoft.AspNetCore.Mvc.Formatters.StreamOutputFormatter","Microsoft.AspNetCore.Mvc.Formatters.SystemTextJsonOutputFormatter"]
2026-01-05 13:38:33.357 -05:00 [DBG] No information found on request to perform content negotiation.
2026-01-05 13:38:33.358 -05:00 [DBG] Attempting to select an output formatter without using a content type as no explicit content types were specified for the response.
2026-01-05 13:38:33.359 -05:00 [DBG] Attempting to select the first formatter in the output formatters list which can write the result.
2026-01-05 13:38:33.360 -05:00 [DBG] Selected output formatter 'Microsoft.AspNetCore.Mvc.Formatters.SystemTextJsonOutputFormatter' and content type 'application/json' to write the response.
2026-01-05 13:38:33.361 -05:00 [INF] Executing OkObjectResult, writing value of type '<>f__AnonymousType42`2[[System.Int32, System.Private.CoreLib, Version=8.0.0.0, Culture=neutral, PublicKeyToken=7cec85d7bea7798e],[System.String, System.Private.CoreLib, Version=8.0.0.0, Culture=neutral, PublicKeyToken=7cec85d7bea7798e]]'.
2026-01-05 13:38:33.363 -05:00 [INF] Executed action BioFXAPI.Controllers.TransactionsController.RefreshByRequestId (BioFXAPI) in 1238.5757ms
2026-01-05 13:38:33.364 -05:00 [INF] Executed endpoint 'BioFXAPI.Controllers.TransactionsController.RefreshByRequestId (BioFXAPI)'
2026-01-05 13:38:33.366 -05:00 [INF] Request finished HTTP/2 POST https://localhost:7177/api/Transactions/refresh-by-request - 200 null application/json; charset=utf-8 1339.1549ms
2026-01-05 13:38:59.438 -05:00 [INF] Request starting HTTP/2 POST https://localhost:7177/api/Transactions/refresh-by-request - application/json 25
2026-01-05 13:38:59.470 -05:00 [DBG] 1 candidate(s) found for the request path '/api/Transactions/refresh-by-request'
2026-01-05 13:38:59.488 -05:00 [DBG] Endpoint 'BioFXAPI.Controllers.TransactionsController.RefreshByRequestId (BioFXAPI)' with route pattern 'api/Transactions/refresh-by-request' is valid for the request path '/api/Transactions/refresh-by-request'
2026-01-05 13:38:59.494 -05:00 [DBG] Request matched endpoint 'BioFXAPI.Controllers.TransactionsController.RefreshByRequestId (BioFXAPI)'
2026-01-05 13:38:59.498 -05:00 [DBG] Static files was skipped as the request already matched an endpoint.
2026-01-05 13:38:59.501 -05:00 [DBG] The request has an origin header: 'https://localhost:7177'.
2026-01-05 13:38:59.505 -05:00 [INF] CORS policy execution failed.
2026-01-05 13:38:59.506 -05:00 [INF] Request origin https://localhost:7177 does not have permission to access the resource.
2026-01-05 13:38:59.511 -05:00 [DBG] Successfully validated the token.
2026-01-05 13:38:59.514 -05:00 [DBG] AuthenticationScheme: Bearer was successfully authenticated.
2026-01-05 13:38:59.522 -05:00 [DBG] Authorization was successful.
2026-01-05 13:38:59.524 -05:00 [INF] Executing endpoint 'BioFXAPI.Controllers.TransactionsController.RefreshByRequestId (BioFXAPI)'
2026-01-05 13:38:59.527 -05:00 [INF] Route matched with {action = "RefreshByRequestId", controller = "Transactions"}. Executing controller action with signature System.Threading.Tasks.Task`1[Microsoft.AspNetCore.Mvc.IActionResult] RefreshByRequestId(RefreshRequest, System.Threading.CancellationToken) on controller BioFXAPI.Controllers.TransactionsController (BioFXAPI).
2026-01-05 13:38:59.536 -05:00 [DBG] Execution plan of authorization filters (in the following order): ["None"]
2026-01-05 13:38:59.542 -05:00 [DBG] Execution plan of resource filters (in the following order): ["None"]
2026-01-05 13:38:59.547 -05:00 [DBG] Execution plan of action filters (in the following order): ["Microsoft.AspNetCore.Mvc.ModelBinding.UnsupportedContentTypeFilter (Order: -3000)","Microsoft.AspNetCore.Mvc.Infrastructure.ModelStateInvalidFilter (Order: -2000)"]
2026-01-05 13:38:59.553 -05:00 [DBG] Execution plan of exception filters (in the following order): ["None"]
2026-01-05 13:38:59.558 -05:00 [DBG] Execution plan of result filters (in the following order): ["Microsoft.AspNetCore.Mvc.Infrastructure.ClientErrorResultFilter (Order: -2000)"]
2026-01-05 13:38:59.564 -05:00 [DBG] Executing controller factory for controller BioFXAPI.Controllers.TransactionsController (BioFXAPI)
2026-01-05 13:38:59.568 -05:00 [INF] EmailSettings cargados: SmtpServer=mail.biofx.com.ec, SmtpPort=465, SenderEmail=info@biofx.com.ec, EnableSsl=true
2026-01-05 13:38:59.571 -05:00 [DBG] Executed controller factory for controller BioFXAPI.Controllers.TransactionsController (BioFXAPI)
2026-01-05 13:38:59.572 -05:00 [DBG] Attempting to bind parameter 'r' of type 'BioFXAPI.Controllers.TransactionsController+RefreshRequest' ...
2026-01-05 13:38:59.576 -05:00 [DBG] Attempting to bind parameter 'r' of type 'BioFXAPI.Controllers.TransactionsController+RefreshRequest' using the name '' in request data ...
2026-01-05 13:38:59.578 -05:00 [DBG] Selected input formatter 'Microsoft.AspNetCore.Mvc.Formatters.SystemTextJsonInputFormatter' for content type 'application/json'.
2026-01-05 13:38:59.580 -05:00 [DBG] Connection id "0HNICH5MEIBIU", Request id "0HNICH5MEIBIU:0000000D": started reading request body.
2026-01-05 13:38:59.582 -05:00 [DBG] Connection id "0HNICH5MEIBIU", Request id "0HNICH5MEIBIU:0000000D": done reading request body.
2026-01-05 13:38:59.584 -05:00 [DBG] JSON input formatter succeeded, deserializing to type 'BioFXAPI.Controllers.TransactionsController+RefreshRequest'
2026-01-05 13:38:59.586 -05:00 [DBG] Done attempting to bind parameter 'r' of type 'BioFXAPI.Controllers.TransactionsController+RefreshRequest'.
2026-01-05 13:38:59.589 -05:00 [DBG] Done attempting to bind parameter 'r' of type 'BioFXAPI.Controllers.TransactionsController+RefreshRequest'.
2026-01-05 13:38:59.592 -05:00 [DBG] Attempting to validate the bound parameter 'r' of type 'BioFXAPI.Controllers.TransactionsController+RefreshRequest' ...
2026-01-05 13:38:59.595 -05:00 [DBG] Done attempting to validate the bound parameter 'r' of type 'BioFXAPI.Controllers.TransactionsController+RefreshRequest'.
2026-01-05 13:38:59.597 -05:00 [DBG] Attempting to bind parameter 'ct' of type 'System.Threading.CancellationToken' ...
2026-01-05 13:38:59.601 -05:00 [DBG] Done attempting to bind parameter 'ct' of type 'System.Threading.CancellationToken'.
2026-01-05 13:38:59.604 -05:00 [DBG] Attempting to validate the bound parameter 'ct' of type 'System.Threading.CancellationToken' ...
2026-01-05 13:38:59.607 -05:00 [DBG] Done attempting to validate the bound parameter 'ct' of type 'System.Threading.CancellationToken'.
2026-01-05 13:39:00.923 -05:00 [DBG] List of registered output formatters, in the following order: ["Microsoft.AspNetCore.Mvc.Formatters.HttpNoContentOutputFormatter","Microsoft.AspNetCore.Mvc.Formatters.StringOutputFormatter","Microsoft.AspNetCore.Mvc.Formatters.StreamOutputFormatter","Microsoft.AspNetCore.Mvc.Formatters.SystemTextJsonOutputFormatter"]
2026-01-05 13:39:00.925 -05:00 [DBG] No information found on request to perform content negotiation.
2026-01-05 13:39:00.926 -05:00 [DBG] Attempting to select an output formatter without using a content type as no explicit content types were specified for the response.
2026-01-05 13:39:00.928 -05:00 [DBG] Attempting to select the first formatter in the output formatters list which can write the result.
2026-01-05 13:39:00.929 -05:00 [DBG] Selected output formatter 'Microsoft.AspNetCore.Mvc.Formatters.SystemTextJsonOutputFormatter' and content type 'application/json' to write the response.
2026-01-05 13:39:00.930 -05:00 [INF] Executing OkObjectResult, writing value of type '<>f__AnonymousType42`2[[System.Int32, System.Private.CoreLib, Version=8.0.0.0, Culture=neutral, PublicKeyToken=7cec85d7bea7798e],[System.String, System.Private.CoreLib, Version=8.0.0.0, Culture=neutral, PublicKeyToken=7cec85d7bea7798e]]'.
2026-01-05 13:39:00.932 -05:00 [INF] Executed action BioFXAPI.Controllers.TransactionsController.RefreshByRequestId (BioFXAPI) in 1368.3305ms
2026-01-05 13:39:00.934 -05:00 [INF] Executed endpoint 'BioFXAPI.Controllers.TransactionsController.RefreshByRequestId (BioFXAPI)'
2026-01-05 13:39:00.935 -05:00 [INF] Request finished HTTP/2 POST https://localhost:7177/api/Transactions/refresh-by-request - 200 null application/json; charset=utf-8 1496.8643ms
2026-01-05 13:39:16.336 -05:00 [INF] Request starting HTTP/2 POST https://localhost:7177/api/Transactions/refresh-by-request - application/json 25
2026-01-05 13:39:16.339 -05:00 [DBG] 1 candidate(s) found for the request path '/api/Transactions/refresh-by-request'
2026-01-05 13:39:16.341 -05:00 [DBG] Endpoint 'BioFXAPI.Controllers.TransactionsController.RefreshByRequestId (BioFXAPI)' with route pattern 'api/Transactions/refresh-by-request' is valid for the request path '/api/Transactions/refresh-by-request'
2026-01-05 13:39:16.342 -05:00 [DBG] Request matched endpoint 'BioFXAPI.Controllers.TransactionsController.RefreshByRequestId (BioFXAPI)'
2026-01-05 13:39:16.344 -05:00 [DBG] Static files was skipped as the request already matched an endpoint.
2026-01-05 13:39:16.345 -05:00 [DBG] The request has an origin header: 'https://localhost:7177'.
2026-01-05 13:39:16.346 -05:00 [INF] CORS policy execution failed.
2026-01-05 13:39:16.347 -05:00 [INF] Request origin https://localhost:7177 does not have permission to access the resource.
2026-01-05 13:39:16.349 -05:00 [DBG] Successfully validated the token.
2026-01-05 13:39:16.349 -05:00 [DBG] AuthenticationScheme: Bearer was successfully authenticated.
2026-01-05 13:39:16.351 -05:00 [DBG] Authorization was successful.
2026-01-05 13:39:16.352 -05:00 [INF] Executing endpoint 'BioFXAPI.Controllers.TransactionsController.RefreshByRequestId (BioFXAPI)'
2026-01-05 13:39:16.353 -05:00 [INF] Route matched with {action = "RefreshByRequestId", controller = "Transactions"}. Executing controller action with signature System.Threading.Tasks.Task`1[Microsoft.AspNetCore.Mvc.IActionResult] RefreshByRequestId(RefreshRequest, System.Threading.CancellationToken) on controller BioFXAPI.Controllers.TransactionsController (BioFXAPI).
2026-01-05 13:39:16.357 -05:00 [DBG] Execution plan of authorization filters (in the following order): ["None"]
2026-01-05 13:39:16.359 -05:00 [DBG] Execution plan of resource filters (in the following order): ["None"]
2026-01-05 13:39:16.361 -05:00 [DBG] Execution plan of action filters (in the following order): ["Microsoft.AspNetCore.Mvc.ModelBinding.UnsupportedContentTypeFilter (Order: -3000)","Microsoft.AspNetCore.Mvc.Infrastructure.ModelStateInvalidFilter (Order: -2000)"]
2026-01-05 13:39:16.363 -05:00 [DBG] Execution plan of exception filters (in the following order): ["None"]
2026-01-05 13:39:16.365 -05:00 [DBG] Execution plan of result filters (in the following order): ["Microsoft.AspNetCore.Mvc.Infrastructure.ClientErrorResultFilter (Order: -2000)"]
2026-01-05 13:39:16.366 -05:00 [DBG] Executing controller factory for controller BioFXAPI.Controllers.TransactionsController (BioFXAPI)
2026-01-05 13:39:16.368 -05:00 [INF] EmailSettings cargados: SmtpServer=mail.biofx.com.ec, SmtpPort=465, SenderEmail=info@biofx.com.ec, EnableSsl=true
2026-01-05 13:39:16.370 -05:00 [DBG] Executed controller factory for controller BioFXAPI.Controllers.TransactionsController (BioFXAPI)
2026-01-05 13:39:16.372 -05:00 [DBG] Attempting to bind parameter 'r' of type 'BioFXAPI.Controllers.TransactionsController+RefreshRequest' ...
2026-01-05 13:39:16.373 -05:00 [DBG] Attempting to bind parameter 'r' of type 'BioFXAPI.Controllers.TransactionsController+RefreshRequest' using the name '' in request data ...
2026-01-05 13:39:16.374 -05:00 [DBG] Selected input formatter 'Microsoft.AspNetCore.Mvc.Formatters.SystemTextJsonInputFormatter' for content type 'application/json'.
2026-01-05 13:39:16.376 -05:00 [DBG] Connection id "0HNICH5MEIBIU", Request id "0HNICH5MEIBIU:0000000F": started reading request body.
2026-01-05 13:39:16.377 -05:00 [DBG] Connection id "0HNICH5MEIBIU", Request id "0HNICH5MEIBIU:0000000F": done reading request body.
2026-01-05 13:39:16.378 -05:00 [DBG] JSON input formatter succeeded, deserializing to type 'BioFXAPI.Controllers.TransactionsController+RefreshRequest'
2026-01-05 13:39:16.379 -05:00 [DBG] Done attempting to bind parameter 'r' of type 'BioFXAPI.Controllers.TransactionsController+RefreshRequest'.
2026-01-05 13:39:16.381 -05:00 [DBG] Done attempting to bind parameter 'r' of type 'BioFXAPI.Controllers.TransactionsController+RefreshRequest'.
2026-01-05 13:39:16.382 -05:00 [DBG] Attempting to validate the bound parameter 'r' of type 'BioFXAPI.Controllers.TransactionsController+RefreshRequest' ...
2026-01-05 13:39:16.383 -05:00 [DBG] Done attempting to validate the bound parameter 'r' of type 'BioFXAPI.Controllers.TransactionsController+RefreshRequest'.
2026-01-05 13:39:16.385 -05:00 [DBG] Attempting to bind parameter 'ct' of type 'System.Threading.CancellationToken' ...
2026-01-05 13:39:16.386 -05:00 [DBG] Done attempting to bind parameter 'ct' of type 'System.Threading.CancellationToken'.
2026-01-05 13:39:16.387 -05:00 [DBG] Attempting to validate the bound parameter 'ct' of type 'System.Threading.CancellationToken' ...
2026-01-05 13:39:16.389 -05:00 [DBG] Done attempting to validate the bound parameter 'ct' of type 'System.Threading.CancellationToken'.
2026-01-05 13:39:17.699 -05:00 [DBG] List of registered output formatters, in the following order: ["Microsoft.AspNetCore.Mvc.Formatters.HttpNoContentOutputFormatter","Microsoft.AspNetCore.Mvc.Formatters.StringOutputFormatter","Microsoft.AspNetCore.Mvc.Formatters.StreamOutputFormatter","Microsoft.AspNetCore.Mvc.Formatters.SystemTextJsonOutputFormatter"]
2026-01-05 13:39:17.703 -05:00 [DBG] No information found on request to perform content negotiation.
2026-01-05 13:39:17.704 -05:00 [DBG] Attempting to select an output formatter without using a content type as no explicit content types were specified for the response.
2026-01-05 13:39:17.705 -05:00 [DBG] Attempting to select the first formatter in the output formatters list which can write the result.
2026-01-05 13:39:17.707 -05:00 [DBG] Selected output formatter 'Microsoft.AspNetCore.Mvc.Formatters.SystemTextJsonOutputFormatter' and content type 'application/json' to write the response.
2026-01-05 13:39:17.709 -05:00 [INF] Executing OkObjectResult, writing value of type '<>f__AnonymousType42`2[[System.Int32, System.Private.CoreLib, Version=8.0.0.0, Culture=neutral, PublicKeyToken=7cec85d7bea7798e],[System.String, System.Private.CoreLib, Version=8.0.0.0, Culture=neutral, PublicKeyToken=7cec85d7bea7798e]]'.
2026-01-05 13:39:17.712 -05:00 [INF] Executed action BioFXAPI.Controllers.TransactionsController.RefreshByRequestId (BioFXAPI) in 1345.5427ms
2026-01-05 13:39:17.714 -05:00 [INF] Executed endpoint 'BioFXAPI.Controllers.TransactionsController.RefreshByRequestId (BioFXAPI)'
2026-01-05 13:39:17.715 -05:00 [INF] Request finished HTTP/2 POST https://localhost:7177/api/Transactions/refresh-by-request - 200 null application/json; charset=utf-8 1379.8579ms
2026-01-05 13:39:22.983 -05:00 [INF] Request starting HTTP/2 POST https://localhost:7177/api/Transactions/refresh-by-request - application/json 25
2026-01-05 13:39:22.987 -05:00 [DBG] 1 candidate(s) found for the request path '/api/Transactions/refresh-by-request'
2026-01-05 13:39:22.989 -05:00 [DBG] Endpoint 'BioFXAPI.Controllers.TransactionsController.RefreshByRequestId (BioFXAPI)' with route pattern 'api/Transactions/refresh-by-request' is valid for the request path '/api/Transactions/refresh-by-request'
2026-01-05 13:39:22.991 -05:00 [DBG] Request matched endpoint 'BioFXAPI.Controllers.TransactionsController.RefreshByRequestId (BioFXAPI)'
2026-01-05 13:39:22.993 -05:00 [DBG] Static files was skipped as the request already matched an endpoint.
2026-01-05 13:39:22.994 -05:00 [DBG] The request has an origin header: 'https://localhost:7177'.
2026-01-05 13:39:22.995 -05:00 [INF] CORS policy execution failed.
2026-01-05 13:39:22.996 -05:00 [INF] Request origin https://localhost:7177 does not have permission to access the resource.
2026-01-05 13:39:22.997 -05:00 [DBG] Successfully validated the token.
2026-01-05 13:39:22.998 -05:00 [DBG] AuthenticationScheme: Bearer was successfully authenticated.
2026-01-05 13:39:22.999 -05:00 [DBG] Authorization was successful.
2026-01-05 13:39:23.000 -05:00 [INF] Executing endpoint 'BioFXAPI.Controllers.TransactionsController.RefreshByRequestId (BioFXAPI)'
2026-01-05 13:39:23.001 -05:00 [INF] Route matched with {action = "RefreshByRequestId", controller = "Transactions"}. Executing controller action with signature System.Threading.Tasks.Task`1[Microsoft.AspNetCore.Mvc.IActionResult] RefreshByRequestId(RefreshRequest, System.Threading.CancellationToken) on controller BioFXAPI.Controllers.TransactionsController (BioFXAPI).
2026-01-05 13:39:23.003 -05:00 [DBG] Execution plan of authorization filters (in the following order): ["None"]
2026-01-05 13:39:23.005 -05:00 [DBG] Execution plan of resource filters (in the following order): ["None"]
2026-01-05 13:39:23.006 -05:00 [DBG] Execution plan of action filters (in the following order): ["Microsoft.AspNetCore.Mvc.ModelBinding.UnsupportedContentTypeFilter (Order: -3000)","Microsoft.AspNetCore.Mvc.Infrastructure.ModelStateInvalidFilter (Order: -2000)"]
2026-01-05 13:39:23.008 -05:00 [DBG] Execution plan of exception filters (in the following order): ["None"]
2026-01-05 13:39:23.010 -05:00 [DBG] Execution plan of result filters (in the following order): ["Microsoft.AspNetCore.Mvc.Infrastructure.ClientErrorResultFilter (Order: -2000)"]
2026-01-05 13:39:23.012 -05:00 [DBG] Executing controller factory for controller BioFXAPI.Controllers.TransactionsController (BioFXAPI)
2026-01-05 13:39:23.013 -05:00 [INF] EmailSettings cargados: SmtpServer=mail.biofx.com.ec, SmtpPort=465, SenderEmail=info@biofx.com.ec, EnableSsl=true
2026-01-05 13:39:23.015 -05:00 [DBG] Executed controller factory for controller BioFXAPI.Controllers.TransactionsController (BioFXAPI)
2026-01-05 13:39:23.017 -05:00 [DBG] Attempting to bind parameter 'r' of type 'BioFXAPI.Controllers.TransactionsController+RefreshRequest' ...
2026-01-05 13:39:23.019 -05:00 [DBG] Attempting to bind parameter 'r' of type 'BioFXAPI.Controllers.TransactionsController+RefreshRequest' using the name '' in request data ...
2026-01-05 13:39:23.021 -05:00 [DBG] Selected input formatter 'Microsoft.AspNetCore.Mvc.Formatters.SystemTextJsonInputFormatter' for content type 'application/json'.
2026-01-05 13:39:23.022 -05:00 [DBG] Connection id "0HNICH5MEIBIU", Request id "0HNICH5MEIBIU:00000011": started reading request body.
2026-01-05 13:39:23.023 -05:00 [DBG] Connection id "0HNICH5MEIBIU", Request id "0HNICH5MEIBIU:00000011": done reading request body.
2026-01-05 13:39:23.025 -05:00 [DBG] JSON input formatter succeeded, deserializing to type 'BioFXAPI.Controllers.TransactionsController+RefreshRequest'
2026-01-05 13:39:23.026 -05:00 [DBG] Done attempting to bind parameter 'r' of type 'BioFXAPI.Controllers.TransactionsController+RefreshRequest'.
2026-01-05 13:39:23.028 -05:00 [DBG] Done attempting to bind parameter 'r' of type 'BioFXAPI.Controllers.TransactionsController+RefreshRequest'.
2026-01-05 13:39:23.029 -05:00 [DBG] Attempting to validate the bound parameter 'r' of type 'BioFXAPI.Controllers.TransactionsController+RefreshRequest' ...
2026-01-05 13:39:23.030 -05:00 [DBG] Done attempting to validate the bound parameter 'r' of type 'BioFXAPI.Controllers.TransactionsController+RefreshRequest'.
2026-01-05 13:39:23.032 -05:00 [DBG] Attempting to bind parameter 'ct' of type 'System.Threading.CancellationToken' ...
2026-01-05 13:39:23.033 -05:00 [DBG] Done attempting to bind parameter 'ct' of type 'System.Threading.CancellationToken'.
2026-01-05 13:39:23.035 -05:00 [DBG] Attempting to validate the bound parameter 'ct' of type 'System.Threading.CancellationToken' ...
2026-01-05 13:39:23.036 -05:00 [DBG] Done attempting to validate the bound parameter 'ct' of type 'System.Threading.CancellationToken'.
2026-01-05 13:39:24.222 -05:00 [DBG] List of registered output formatters, in the following order: ["Microsoft.AspNetCore.Mvc.Formatters.HttpNoContentOutputFormatter","Microsoft.AspNetCore.Mvc.Formatters.StringOutputFormatter","Microsoft.AspNetCore.Mvc.Formatters.StreamOutputFormatter","Microsoft.AspNetCore.Mvc.Formatters.SystemTextJsonOutputFormatter"]
2026-01-05 13:39:24.225 -05:00 [DBG] No information found on request to perform content negotiation.
2026-01-05 13:39:24.225 -05:00 [DBG] Attempting to select an output formatter without using a content type as no explicit content types were specified for the response.
2026-01-05 13:39:24.226 -05:00 [DBG] Attempting to select the first formatter in the output formatters list which can write the result.
2026-01-05 13:39:24.227 -05:00 [DBG] Selected output formatter 'Microsoft.AspNetCore.Mvc.Formatters.SystemTextJsonOutputFormatter' and content type 'application/json' to write the response.
2026-01-05 13:39:24.230 -05:00 [INF] Executing OkObjectResult, writing value of type '<>f__AnonymousType42`2[[System.Int32, System.Private.CoreLib, Version=8.0.0.0, Culture=neutral, PublicKeyToken=7cec85d7bea7798e],[System.String, System.Private.CoreLib, Version=8.0.0.0, Culture=neutral, PublicKeyToken=7cec85d7bea7798e]]'.
2026-01-05 13:39:24.232 -05:00 [INF] Executed action BioFXAPI.Controllers.TransactionsController.RefreshByRequestId (BioFXAPI) in 1220.557ms
2026-01-05 13:39:24.234 -05:00 [INF] Executed endpoint 'BioFXAPI.Controllers.TransactionsController.RefreshByRequestId (BioFXAPI)'
2026-01-05 13:39:24.235 -05:00 [INF] Request finished HTTP/2 POST https://localhost:7177/api/Transactions/refresh-by-request - 200 null application/json; charset=utf-8 1251.5438ms
2026-01-05 14:06:43.302 -05:00 [DBG] Registered model binder providers, in the following order: ["Microsoft.AspNetCore.Mvc.ModelBinding.Binders.BinderTypeModelBinderProvider","Microsoft.AspNetCore.Mvc.ModelBinding.Binders.ServicesModelBinderProvider","Microsoft.AspNetCore.Mvc.ModelBinding.Binders.BodyModelBinderProvider","Microsoft.AspNetCore.Mvc.ModelBinding.Binders.HeaderModelBinderProvider","Microsoft.AspNetCore.Mvc.ModelBinding.Binders.FloatingPointTypeModelBinderProvider","Microsoft.AspNetCore.Mvc.ModelBinding.Binders.EnumTypeModelBinderProvider","Microsoft.AspNetCore.Mvc.ModelBinding.Binders.DateTimeModelBinderProvider","Microsoft.AspNetCore.Mvc.ModelBinding.Binders.SimpleTypeModelBinderProvider","Microsoft.AspNetCore.Mvc.ModelBinding.Binders.TryParseModelBinderProvider","Microsoft.AspNetCore.Mvc.ModelBinding.Binders.CancellationTokenModelBinderProvider","Microsoft.AspNetCore.Mvc.ModelBinding.Binders.ByteArrayModelBinderProvider","Microsoft.AspNetCore.Mvc.ModelBinding.Binders.FormFileModelBinderProvider","Microsoft.AspNetCore.Mvc.ModelBinding.Binders.FormCollectionModelBinderProvider","Microsoft.AspNetCore.Mvc.ModelBinding.Binders.KeyValuePairModelBinderProvider","Microsoft.AspNetCore.Mvc.ModelBinding.Binders.DictionaryModelBinderProvider","Microsoft.AspNetCore.Mvc.ModelBinding.Binders.ArrayModelBinderProvider","Microsoft.AspNetCore.Mvc.ModelBinding.Binders.CollectionModelBinderProvider","Microsoft.AspNetCore.Mvc.ModelBinding.Binders.ComplexObjectModelBinderProvider"]
2026-01-05 14:06:43.414 -05:00 [DBG] Hosting starting
2026-01-05 14:06:43.441 -05:00 [INF] User profile is available. Using 'C:\Users\xmanc\AppData\Local\ASP.NET\DataProtection-Keys' as key repository and Windows DPAPI to encrypt keys at rest.
2026-01-05 14:06:43.450 -05:00 [DBG] Reading data from file 'C:\Users\xmanc\AppData\Local\ASP.NET\DataProtection-Keys\key-3390bb48-7b52-40b9-a5cd-8587ed8f0a32.xml'.
2026-01-05 14:06:43.455 -05:00 [DBG] Reading data from file 'C:\Users\xmanc\AppData\Local\ASP.NET\DataProtection-Keys\key-a53364e5-c8f1-4abd-b63f-f57292da94bd.xml'.
2026-01-05 14:06:43.458 -05:00 [DBG] Found key {3390bb48-7b52-40b9-a5cd-8587ed8f0a32}.
2026-01-05 14:06:43.461 -05:00 [DBG] Found key {a53364e5-c8f1-4abd-b63f-f57292da94bd}.
2026-01-05 14:06:43.465 -05:00 [DBG] Considering key {a53364e5-c8f1-4abd-b63f-f57292da94bd} with expiration date 2026-03-30 22:04:56Z as default key.
2026-01-05 14:06:43.469 -05:00 [DBG] Forwarded activator type request from Microsoft.AspNetCore.DataProtection.XmlEncryption.DpapiXmlDecryptor, Microsoft.AspNetCore.DataProtection, Version=8.0.0.0, Culture=neutral, PublicKeyToken=adb9793829ddae60 to Microsoft.AspNetCore.DataProtection.XmlEncryption.DpapiXmlDecryptor, Microsoft.AspNetCore.DataProtection, Culture=neutral, PublicKeyToken=adb9793829ddae60
2026-01-05 14:06:43.472 -05:00 [DBG] Decrypting secret element using Windows DPAPI.
2026-01-05 14:06:43.474 -05:00 [DBG] Forwarded activator type request from Microsoft.AspNetCore.DataProtection.AuthenticatedEncryption.ConfigurationModel.AuthenticatedEncryptorDescriptorDeserializer, Microsoft.AspNetCore.DataProtection, Version=8.0.0.0, Culture=neutral, PublicKeyToken=adb9793829ddae60 to Microsoft.AspNetCore.DataProtection.AuthenticatedEncryption.ConfigurationModel.AuthenticatedEncryptorDescriptorDeserializer, Microsoft.AspNetCore.DataProtection, Culture=neutral, PublicKeyToken=adb9793829ddae60
2026-01-05 14:06:43.479 -05:00 [DBG] Opening CNG algorithm 'AES' from provider 'null' with chaining mode CBC.
2026-01-05 14:06:43.484 -05:00 [DBG] Opening CNG algorithm 'SHA256' from provider 'null' with HMAC.
2026-01-05 14:06:43.489 -05:00 [DBG] Using key {a53364e5-c8f1-4abd-b63f-f57292da94bd} as the default key.
2026-01-05 14:06:43.491 -05:00 [DBG] Key ring with default key {a53364e5-c8f1-4abd-b63f-f57292da94bd} was loaded during application startup.
2026-01-05 14:06:43.497 -05:00 [DBG] Middleware loaded
2026-01-05 14:06:43.500 -05:00 [DBG] Middleware loaded. Script /_framework/aspnetcore-browser-refresh.js (16501 B).
2026-01-05 14:06:43.503 -05:00 [DBG] Middleware loaded. Script /_framework/blazor-hotreload.js (799 B).
2026-01-05 14:06:43.564 -05:00 [DBG] Middleware loaded: DOTNET_MODIFIABLE_ASSEMBLIES=null, __ASPNETCORE_BROWSER_TOOLS=true
2026-01-05 14:06:43.646 -05:00 [INF] Now listening on: https://localhost:7177
2026-01-05 14:06:43.647 -05:00 [INF] Now listening on: http://localhost:5160
2026-01-05 14:06:43.648 -05:00 [DBG] Loaded hosting startup assembly BioFXAPI
2026-01-05 14:06:43.650 -05:00 [DBG] Loaded hosting startup assembly Microsoft.WebTools.ApiEndpointDiscovery
2026-01-05 14:06:43.651 -05:00 [DBG] Loaded hosting startup assembly Microsoft.AspNetCore.Watch.BrowserRefresh
2026-01-05 14:06:43.652 -05:00 [DBG] Loaded hosting startup assembly Microsoft.WebTools.BrowserLink.Net
2026-01-05 14:06:43.709 -05:00 [INF] Application started. Press Ctrl+C to shut down.
2026-01-05 14:06:43.710 -05:00 [INF] Hosting environment: Development
2026-01-05 14:06:43.711 -05:00 [INF] Content root path: C:\Users\xmanc\OneDrive\Desktop\BioFXAPI-Github\BioFXAPI\BioFXAPI
2026-01-05 14:06:43.713 -05:00 [DBG] Hosting started
2026-01-05 14:06:43.903 -05:00 [DBG] Connection id "0HNICHM8F2UMR" received FIN.
2026-01-05 14:06:43.909 -05:00 [DBG] Connection id "0HNICHM8F2UMR" accepted.
2026-01-05 14:06:43.911 -05:00 [DBG] Connection id "0HNICHM8F2UMR" started.
2026-01-05 14:06:43.923 -05:00 [DBG] Failed to authenticate HTTPS connection.
System.IO.IOException: Received an unexpected EOF or 0 bytes from the transport stream.
   at System.Net.Security.SslStream.ReceiveHandshakeFrameAsync[TIOAdapter](CancellationToken cancellationToken)
   at System.Net.Security.SslStream.ForceAuthenticationAsync[TIOAdapter](Boolean receiveFirst, Byte[] reAuthenticationData, CancellationToken cancellationToken)
   at System.Net.Security.SslStream.ProcessAuthenticationWithTelemetryAsync(Boolean isAsync, CancellationToken cancellationToken)
   at Microsoft.AspNetCore.Server.Kestrel.Https.Internal.HttpsConnectionMiddleware.OnConnectionAsync(ConnectionContext context)
2026-01-05 14:06:43.959 -05:00 [DBG] Connection id "0HNICHM8F2UMR" stopped.
2026-01-05 14:06:43.962 -05:00 [DBG] Connection id "0HNICHM8F2UMR" sending FIN because: "The Socket transport's send loop completed gracefully."
2026-01-05 14:06:44.116 -05:00 [DBG] Connection id "0HNICHM8F2UMS" accepted.
2026-01-05 14:06:44.123 -05:00 [DBG] Connection id "0HNICHM8F2UMS" started.
2026-01-05 14:06:44.167 -05:00 [DBG] Connection 0HNICHM8F2UMS established using the following protocol: "Tls13"
2026-01-05 14:06:44.260 -05:00 [INF] Request starting HTTP/2 GET https://localhost:7177/swagger/index.html - null null
2026-01-05 14:06:44.397 -05:00 [DBG] Wildcard detected, all requests with hosts will be allowed.
2026-01-05 14:06:44.438 -05:00 [DBG] No candidates found for the request path '/swagger/index.html'
2026-01-05 14:06:44.441 -05:00 [DBG] Request did not match any endpoints
2026-01-05 14:06:44.505 -05:00 [DBG] Response markup is scheduled to include Browser Link script injection.
2026-01-05 14:06:44.510 -05:00 [DBG] Response markup is scheduled to include browser refresh script injection.
2026-01-05 14:06:44.530 -05:00 [DBG] Response markup was updated to include Browser Link script injection.
2026-01-05 14:06:44.546 -05:00 [DBG] Response markup was updated to include browser refresh script injection.
2026-01-05 14:06:44.555 -05:00 [INF] Request finished HTTP/2 GET https://localhost:7177/swagger/index.html - 200 null text/html;charset=utf-8 302.1147ms
2026-01-05 14:06:44.605 -05:00 [INF] Request starting HTTP/2 GET https://localhost:7177/_framework/aspnetcore-browser-refresh.js - null null
2026-01-05 14:06:44.605 -05:00 [INF] Request starting HTTP/2 GET https://localhost:7177/_vs/browserLink - null null
2026-01-05 14:06:44.616 -05:00 [DBG] Script injected: /_framework/aspnetcore-browser-refresh.js
2026-01-05 14:06:44.639 -05:00 [INF] Request finished HTTP/2 GET https://localhost:7177/_framework/aspnetcore-browser-refresh.js - 200 16501 application/javascript; charset=utf-8 34.908ms
2026-01-05 14:06:44.689 -05:00 [INF] Request finished HTTP/2 GET https://localhost:7177/_vs/browserLink - 200 null text/javascript; charset=UTF-8 84.3367ms
2026-01-05 14:06:45.822 -05:00 [INF] Request starting HTTP/2 GET https://localhost:7177/swagger/v1/swagger.json - null null
2026-01-05 14:06:45.826 -05:00 [DBG] No candidates found for the request path '/swagger/v1/swagger.json'
2026-01-05 14:06:45.827 -05:00 [DBG] Request did not match any endpoints
2026-01-05 14:06:45.851 -05:00 [INF] Request finished HTTP/2 GET https://localhost:7177/swagger/v1/swagger.json - 200 null application/json;charset=utf-8 29.6574ms
2026-01-05 14:07:40.804 -05:00 [INF] Request starting HTTP/2 POST https://localhost:7177/api/Transactions/refresh-by-request - application/json 25
2026-01-05 14:07:40.819 -05:00 [DBG] 1 candidate(s) found for the request path '/api/Transactions/refresh-by-request'
2026-01-05 14:07:40.824 -05:00 [DBG] Endpoint 'BioFXAPI.Controllers.TransactionsController.RefreshByRequestId (BioFXAPI)' with route pattern 'api/Transactions/refresh-by-request' is valid for the request path '/api/Transactions/refresh-by-request'
2026-01-05 14:07:40.826 -05:00 [DBG] Request matched endpoint 'BioFXAPI.Controllers.TransactionsController.RefreshByRequestId (BioFXAPI)'
2026-01-05 14:07:40.830 -05:00 [DBG] Static files was skipped as the request already matched an endpoint.
2026-01-05 14:07:40.832 -05:00 [DBG] The request has an origin header: 'https://localhost:7177'.
2026-01-05 14:07:40.834 -05:00 [INF] CORS policy execution failed.
2026-01-05 14:07:40.835 -05:00 [INF] Request origin https://localhost:7177 does not have permission to access the resource.
2026-01-05 14:07:40.959 -05:00 [DBG] Successfully validated the token.
2026-01-05 14:07:40.961 -05:00 [DBG] AuthenticationScheme: Bearer was successfully authenticated.
2026-01-05 14:07:40.968 -05:00 [DBG] Authorization was successful.
2026-01-05 14:07:40.970 -05:00 [INF] Executing endpoint 'BioFXAPI.Controllers.TransactionsController.RefreshByRequestId (BioFXAPI)'
2026-01-05 14:07:40.991 -05:00 [INF] Route matched with {action = "RefreshByRequestId", controller = "Transactions"}. Executing controller action with signature System.Threading.Tasks.Task`1[Microsoft.AspNetCore.Mvc.IActionResult] RefreshByRequestId(RefreshRequest, System.Threading.CancellationToken) on controller BioFXAPI.Controllers.TransactionsController (BioFXAPI).
2026-01-05 14:07:40.995 -05:00 [DBG] Execution plan of authorization filters (in the following order): ["None"]
2026-01-05 14:07:40.997 -05:00 [DBG] Execution plan of resource filters (in the following order): ["None"]
2026-01-05 14:07:40.999 -05:00 [DBG] Execution plan of action filters (in the following order): ["Microsoft.AspNetCore.Mvc.ModelBinding.UnsupportedContentTypeFilter (Order: -3000)","Microsoft.AspNetCore.Mvc.Infrastructure.ModelStateInvalidFilter (Order: -2000)"]
2026-01-05 14:07:41.001 -05:00 [DBG] Execution plan of exception filters (in the following order): ["None"]
2026-01-05 14:07:41.003 -05:00 [DBG] Execution plan of result filters (in the following order): ["Microsoft.AspNetCore.Mvc.Infrastructure.ClientErrorResultFilter (Order: -2000)"]
2026-01-05 14:07:41.006 -05:00 [DBG] Executing controller factory for controller BioFXAPI.Controllers.TransactionsController (BioFXAPI)
2026-01-05 14:07:41.008 -05:00 [INF] EmailSettings cargados: SmtpServer=mail.biofx.com.ec, SmtpPort=465, SenderEmail=info@biofx.com.ec, EnableSsl=true
2026-01-05 14:07:41.109 -05:00 [DBG] Executed controller factory for controller BioFXAPI.Controllers.TransactionsController (BioFXAPI)
2026-01-05 14:07:41.130 -05:00 [DBG] Attempting to bind parameter 'r' of type 'BioFXAPI.Controllers.TransactionsController+RefreshRequest' ...
2026-01-05 14:07:41.133 -05:00 [DBG] Attempting to bind parameter 'r' of type 'BioFXAPI.Controllers.TransactionsController+RefreshRequest' using the name '' in request data ...
2026-01-05 14:07:41.136 -05:00 [DBG] Selected input formatter 'Microsoft.AspNetCore.Mvc.Formatters.SystemTextJsonInputFormatter' for content type 'application/json'.
2026-01-05 14:07:41.146 -05:00 [DBG] Connection id "0HNICHM8F2UMS", Request id "0HNICHM8F2UMS:00000009": started reading request body.
2026-01-05 14:07:41.148 -05:00 [DBG] Connection id "0HNICHM8F2UMS", Request id "0HNICHM8F2UMS:00000009": done reading request body.
2026-01-05 14:07:41.165 -05:00 [DBG] JSON input formatter succeeded, deserializing to type 'BioFXAPI.Controllers.TransactionsController+RefreshRequest'
2026-01-05 14:07:41.167 -05:00 [DBG] Done attempting to bind parameter 'r' of type 'BioFXAPI.Controllers.TransactionsController+RefreshRequest'.
2026-01-05 14:07:41.169 -05:00 [DBG] Done attempting to bind parameter 'r' of type 'BioFXAPI.Controllers.TransactionsController+RefreshRequest'.
2026-01-05 14:07:41.171 -05:00 [DBG] Attempting to validate the bound parameter 'r' of type 'BioFXAPI.Controllers.TransactionsController+RefreshRequest' ...
2026-01-05 14:07:41.180 -05:00 [DBG] Done attempting to validate the bound parameter 'r' of type 'BioFXAPI.Controllers.TransactionsController+RefreshRequest'.
2026-01-05 14:07:41.182 -05:00 [DBG] Attempting to bind parameter 'ct' of type 'System.Threading.CancellationToken' ...
2026-01-05 14:07:41.185 -05:00 [DBG] Done attempting to bind parameter 'ct' of type 'System.Threading.CancellationToken'.
2026-01-05 14:07:41.186 -05:00 [DBG] Attempting to validate the bound parameter 'ct' of type 'System.Threading.CancellationToken' ...
2026-01-05 14:07:41.188 -05:00 [DBG] Done attempting to validate the bound parameter 'ct' of type 'System.Threading.CancellationToken'.
2026-01-05 14:07:43.162 -05:00 [DBG] List of registered output formatters, in the following order: ["Microsoft.AspNetCore.Mvc.Formatters.HttpNoContentOutputFormatter","Microsoft.AspNetCore.Mvc.Formatters.StringOutputFormatter","Microsoft.AspNetCore.Mvc.Formatters.StreamOutputFormatter","Microsoft.AspNetCore.Mvc.Formatters.SystemTextJsonOutputFormatter"]
2026-01-05 14:07:43.168 -05:00 [DBG] No information found on request to perform content negotiation.
2026-01-05 14:07:43.170 -05:00 [DBG] Attempting to select an output formatter without using a content type as no explicit content types were specified for the response.
2026-01-05 14:07:43.173 -05:00 [DBG] Attempting to select the first formatter in the output formatters list which can write the result.
2026-01-05 14:07:43.175 -05:00 [DBG] Selected output formatter 'Microsoft.AspNetCore.Mvc.Formatters.SystemTextJsonOutputFormatter' and content type 'application/json' to write the response.
2026-01-05 14:07:43.177 -05:00 [INF] Executing OkObjectResult, writing value of type '<>f__AnonymousType42`2[[System.Int32, System.Private.CoreLib, Version=8.0.0.0, Culture=neutral, PublicKeyToken=7cec85d7bea7798e],[System.String, System.Private.CoreLib, Version=8.0.0.0, Culture=neutral, PublicKeyToken=7cec85d7bea7798e]]'.
2026-01-05 14:07:43.185 -05:00 [INF] Executed action BioFXAPI.Controllers.TransactionsController.RefreshByRequestId (BioFXAPI) in 2177.4287ms
2026-01-05 14:07:43.187 -05:00 [INF] Executed endpoint 'BioFXAPI.Controllers.TransactionsController.RefreshByRequestId (BioFXAPI)'
2026-01-05 14:07:43.190 -05:00 [INF] Request finished HTTP/2 POST https://localhost:7177/api/Transactions/refresh-by-request - 200 null application/json; charset=utf-8 2386.0938ms
2026-01-05 14:09:18.052 -05:00 [INF] Request starting HTTP/2 POST https://localhost:7177/api/Transactions/refresh-by-request - application/json 25
2026-01-05 14:09:18.065 -05:00 [DBG] 1 candidate(s) found for the request path '/api/Transactions/refresh-by-request'
2026-01-05 14:09:18.068 -05:00 [DBG] Endpoint 'BioFXAPI.Controllers.TransactionsController.RefreshByRequestId (BioFXAPI)' with route pattern 'api/Transactions/refresh-by-request' is valid for the request path '/api/Transactions/refresh-by-request'
2026-01-05 14:09:18.070 -05:00 [DBG] Request matched endpoint 'BioFXAPI.Controllers.TransactionsController.RefreshByRequestId (BioFXAPI)'
2026-01-05 14:09:18.071 -05:00 [DBG] Static files was skipped as the request already matched an endpoint.
2026-01-05 14:09:18.073 -05:00 [DBG] The request has an origin header: 'https://localhost:7177'.
2026-01-05 14:09:18.074 -05:00 [INF] CORS policy execution failed.
2026-01-05 14:09:18.075 -05:00 [INF] Request origin https://localhost:7177 does not have permission to access the resource.
2026-01-05 14:09:18.079 -05:00 [DBG] Successfully validated the token.
2026-01-05 14:09:18.083 -05:00 [DBG] AuthenticationScheme: Bearer was successfully authenticated.
2026-01-05 14:09:18.085 -05:00 [DBG] Authorization was successful.
2026-01-05 14:09:18.087 -05:00 [INF] Executing endpoint 'BioFXAPI.Controllers.TransactionsController.RefreshByRequestId (BioFXAPI)'
2026-01-05 14:09:18.088 -05:00 [INF] Route matched with {action = "RefreshByRequestId", controller = "Transactions"}. Executing controller action with signature System.Threading.Tasks.Task`1[Microsoft.AspNetCore.Mvc.IActionResult] RefreshByRequestId(RefreshRequest, System.Threading.CancellationToken) on controller BioFXAPI.Controllers.TransactionsController (BioFXAPI).
2026-01-05 14:09:18.090 -05:00 [DBG] Execution plan of authorization filters (in the following order): ["None"]
2026-01-05 14:09:18.092 -05:00 [DBG] Execution plan of resource filters (in the following order): ["None"]
2026-01-05 14:09:18.094 -05:00 [DBG] Execution plan of action filters (in the following order): ["Microsoft.AspNetCore.Mvc.ModelBinding.UnsupportedContentTypeFilter (Order: -3000)","Microsoft.AspNetCore.Mvc.Infrastructure.ModelStateInvalidFilter (Order: -2000)"]
2026-01-05 14:09:18.096 -05:00 [DBG] Execution plan of exception filters (in the following order): ["None"]
2026-01-05 14:09:18.098 -05:00 [DBG] Execution plan of result filters (in the following order): ["Microsoft.AspNetCore.Mvc.Infrastructure.ClientErrorResultFilter (Order: -2000)"]
2026-01-05 14:09:18.100 -05:00 [DBG] Executing controller factory for controller BioFXAPI.Controllers.TransactionsController (BioFXAPI)
2026-01-05 14:09:18.102 -05:00 [INF] EmailSettings cargados: SmtpServer=mail.biofx.com.ec, SmtpPort=465, SenderEmail=info@biofx.com.ec, EnableSsl=true
2026-01-05 14:09:18.104 -05:00 [DBG] Executed controller factory for controller BioFXAPI.Controllers.TransactionsController (BioFXAPI)
2026-01-05 14:09:18.106 -05:00 [DBG] Attempting to bind parameter 'r' of type 'BioFXAPI.Controllers.TransactionsController+RefreshRequest' ...
2026-01-05 14:09:18.108 -05:00 [DBG] Attempting to bind parameter 'r' of type 'BioFXAPI.Controllers.TransactionsController+RefreshRequest' using the name '' in request data ...
2026-01-05 14:09:18.110 -05:00 [DBG] Selected input formatter 'Microsoft.AspNetCore.Mvc.Formatters.SystemTextJsonInputFormatter' for content type 'application/json'.
2026-01-05 14:09:18.111 -05:00 [DBG] Connection id "0HNICHM8F2UMS", Request id "0HNICHM8F2UMS:0000000B": started reading request body.
2026-01-05 14:09:18.113 -05:00 [DBG] Connection id "0HNICHM8F2UMS", Request id "0HNICHM8F2UMS:0000000B": done reading request body.
2026-01-05 14:09:18.115 -05:00 [DBG] JSON input formatter succeeded, deserializing to type 'BioFXAPI.Controllers.TransactionsController+RefreshRequest'
2026-01-05 14:09:18.116 -05:00 [DBG] Done attempting to bind parameter 'r' of type 'BioFXAPI.Controllers.TransactionsController+RefreshRequest'.
2026-01-05 14:09:18.117 -05:00 [DBG] Done attempting to bind parameter 'r' of type 'BioFXAPI.Controllers.TransactionsController+RefreshRequest'.
2026-01-05 14:09:18.119 -05:00 [DBG] Attempting to validate the bound parameter 'r' of type 'BioFXAPI.Controllers.TransactionsController+RefreshRequest' ...
2026-01-05 14:09:18.121 -05:00 [DBG] Done attempting to validate the bound parameter 'r' of type 'BioFXAPI.Controllers.TransactionsController+RefreshRequest'.
2026-01-05 14:09:18.122 -05:00 [DBG] Attempting to bind parameter 'ct' of type 'System.Threading.CancellationToken' ...
2026-01-05 14:09:18.124 -05:00 [DBG] Done attempting to bind parameter 'ct' of type 'System.Threading.CancellationToken'.
2026-01-05 14:09:18.125 -05:00 [DBG] Attempting to validate the bound parameter 'ct' of type 'System.Threading.CancellationToken' ...
2026-01-05 14:09:18.127 -05:00 [DBG] Done attempting to validate the bound parameter 'ct' of type 'System.Threading.CancellationToken'.
2026-01-05 14:09:19.431 -05:00 [DBG] List of registered output formatters, in the following order: ["Microsoft.AspNetCore.Mvc.Formatters.HttpNoContentOutputFormatter","Microsoft.AspNetCore.Mvc.Formatters.StringOutputFormatter","Microsoft.AspNetCore.Mvc.Formatters.StreamOutputFormatter","Microsoft.AspNetCore.Mvc.Formatters.SystemTextJsonOutputFormatter"]
2026-01-05 14:09:19.435 -05:00 [DBG] No information found on request to perform content negotiation.
2026-01-05 14:09:19.436 -05:00 [DBG] Attempting to select an output formatter without using a content type as no explicit content types were specified for the response.
2026-01-05 14:09:19.437 -05:00 [DBG] Attempting to select the first formatter in the output formatters list which can write the result.
2026-01-05 14:09:19.438 -05:00 [DBG] Selected output formatter 'Microsoft.AspNetCore.Mvc.Formatters.SystemTextJsonOutputFormatter' and content type 'application/json' to write the response.
2026-01-05 14:09:19.440 -05:00 [INF] Executing OkObjectResult, writing value of type '<>f__AnonymousType42`2[[System.Int32, System.Private.CoreLib, Version=8.0.0.0, Culture=neutral, PublicKeyToken=7cec85d7bea7798e],[System.String, System.Private.CoreLib, Version=8.0.0.0, Culture=neutral, PublicKeyToken=7cec85d7bea7798e]]'.
2026-01-05 14:09:19.442 -05:00 [INF] Executed action BioFXAPI.Controllers.TransactionsController.RefreshByRequestId (BioFXAPI) in 1342.2428ms
2026-01-05 14:09:19.444 -05:00 [INF] Executed endpoint 'BioFXAPI.Controllers.TransactionsController.RefreshByRequestId (BioFXAPI)'
2026-01-05 14:09:19.445 -05:00 [INF] Request finished HTTP/2 POST https://localhost:7177/api/Transactions/refresh-by-request - 200 null application/json; charset=utf-8 1392.9106ms
2026-01-05 14:16:34.226 -05:00 [DBG] Registered model binder providers, in the following order: ["Microsoft.AspNetCore.Mvc.ModelBinding.Binders.BinderTypeModelBinderProvider","Microsoft.AspNetCore.Mvc.ModelBinding.Binders.ServicesModelBinderProvider","Microsoft.AspNetCore.Mvc.ModelBinding.Binders.BodyModelBinderProvider","Microsoft.AspNetCore.Mvc.ModelBinding.Binders.HeaderModelBinderProvider","Microsoft.AspNetCore.Mvc.ModelBinding.Binders.FloatingPointTypeModelBinderProvider","Microsoft.AspNetCore.Mvc.ModelBinding.Binders.EnumTypeModelBinderProvider","Microsoft.AspNetCore.Mvc.ModelBinding.Binders.DateTimeModelBinderProvider","Microsoft.AspNetCore.Mvc.ModelBinding.Binders.SimpleTypeModelBinderProvider","Microsoft.AspNetCore.Mvc.ModelBinding.Binders.TryParseModelBinderProvider","Microsoft.AspNetCore.Mvc.ModelBinding.Binders.CancellationTokenModelBinderProvider","Microsoft.AspNetCore.Mvc.ModelBinding.Binders.ByteArrayModelBinderProvider","Microsoft.AspNetCore.Mvc.ModelBinding.Binders.FormFileModelBinderProvider","Microsoft.AspNetCore.Mvc.ModelBinding.Binders.FormCollectionModelBinderProvider","Microsoft.AspNetCore.Mvc.ModelBinding.Binders.KeyValuePairModelBinderProvider","Microsoft.AspNetCore.Mvc.ModelBinding.Binders.DictionaryModelBinderProvider","Microsoft.AspNetCore.Mvc.ModelBinding.Binders.ArrayModelBinderProvider","Microsoft.AspNetCore.Mvc.ModelBinding.Binders.CollectionModelBinderProvider","Microsoft.AspNetCore.Mvc.ModelBinding.Binders.ComplexObjectModelBinderProvider"]
2026-01-05 14:16:34.318 -05:00 [DBG] Hosting starting
2026-01-05 14:16:34.342 -05:00 [INF] User profile is available. Using 'C:\Users\xmanc\AppData\Local\ASP.NET\DataProtection-Keys' as key repository and Windows DPAPI to encrypt keys at rest.
2026-01-05 14:16:34.349 -05:00 [DBG] Reading data from file 'C:\Users\xmanc\AppData\Local\ASP.NET\DataProtection-Keys\key-3390bb48-7b52-40b9-a5cd-8587ed8f0a32.xml'.
2026-01-05 14:16:34.354 -05:00 [DBG] Reading data from file 'C:\Users\xmanc\AppData\Local\ASP.NET\DataProtection-Keys\key-a53364e5-c8f1-4abd-b63f-f57292da94bd.xml'.
2026-01-05 14:16:34.358 -05:00 [DBG] Found key {3390bb48-7b52-40b9-a5cd-8587ed8f0a32}.
2026-01-05 14:16:34.362 -05:00 [DBG] Found key {a53364e5-c8f1-4abd-b63f-f57292da94bd}.
2026-01-05 14:16:34.367 -05:00 [DBG] Considering key {a53364e5-c8f1-4abd-b63f-f57292da94bd} with expiration date 2026-03-30 22:04:56Z as default key.
2026-01-05 14:16:34.371 -05:00 [DBG] Forwarded activator type request from Microsoft.AspNetCore.DataProtection.XmlEncryption.DpapiXmlDecryptor, Microsoft.AspNetCore.DataProtection, Version=8.0.0.0, Culture=neutral, PublicKeyToken=adb9793829ddae60 to Microsoft.AspNetCore.DataProtection.XmlEncryption.DpapiXmlDecryptor, Microsoft.AspNetCore.DataProtection, Culture=neutral, PublicKeyToken=adb9793829ddae60
2026-01-05 14:16:34.374 -05:00 [DBG] Decrypting secret element using Windows DPAPI.
2026-01-05 14:16:34.376 -05:00 [DBG] Forwarded activator type request from Microsoft.AspNetCore.DataProtection.AuthenticatedEncryption.ConfigurationModel.AuthenticatedEncryptorDescriptorDeserializer, Microsoft.AspNetCore.DataProtection, Version=8.0.0.0, Culture=neutral, PublicKeyToken=adb9793829ddae60 to Microsoft.AspNetCore.DataProtection.AuthenticatedEncryption.ConfigurationModel.AuthenticatedEncryptorDescriptorDeserializer, Microsoft.AspNetCore.DataProtection, Culture=neutral, PublicKeyToken=adb9793829ddae60
2026-01-05 14:16:34.381 -05:00 [DBG] Opening CNG algorithm 'AES' from provider 'null' with chaining mode CBC.
2026-01-05 14:16:34.385 -05:00 [DBG] Opening CNG algorithm 'SHA256' from provider 'null' with HMAC.
2026-01-05 14:16:34.388 -05:00 [DBG] Using key {a53364e5-c8f1-4abd-b63f-f57292da94bd} as the default key.
2026-01-05 14:16:34.390 -05:00 [DBG] Key ring with default key {a53364e5-c8f1-4abd-b63f-f57292da94bd} was loaded during application startup.
2026-01-05 14:16:34.394 -05:00 [DBG] Middleware loaded
2026-01-05 14:16:34.396 -05:00 [DBG] Middleware loaded. Script /_framework/aspnetcore-browser-refresh.js (16501 B).
2026-01-05 14:16:34.398 -05:00 [DBG] Middleware loaded. Script /_framework/blazor-hotreload.js (799 B).
2026-01-05 14:16:34.452 -05:00 [DBG] Middleware loaded: DOTNET_MODIFIABLE_ASSEMBLIES=null, __ASPNETCORE_BROWSER_TOOLS=true
2026-01-05 14:16:34.517 -05:00 [INF] Now listening on: https://localhost:7177
2026-01-05 14:16:34.518 -05:00 [INF] Now listening on: http://localhost:5160
2026-01-05 14:16:34.519 -05:00 [DBG] Loaded hosting startup assembly BioFXAPI
2026-01-05 14:16:34.519 -05:00 [DBG] Loaded hosting startup assembly Microsoft.WebTools.ApiEndpointDiscovery
2026-01-05 14:16:34.520 -05:00 [DBG] Loaded hosting startup assembly Microsoft.AspNetCore.Watch.BrowserRefresh
2026-01-05 14:16:34.521 -05:00 [DBG] Loaded hosting startup assembly Microsoft.WebTools.BrowserLink.Net
2026-01-05 14:16:34.577 -05:00 [INF] Application started. Press Ctrl+C to shut down.
2026-01-05 14:16:34.578 -05:00 [INF] Hosting environment: Development
2026-01-05 14:16:34.579 -05:00 [INF] Content root path: C:\Users\xmanc\OneDrive\Desktop\BioFXAPI-Github\BioFXAPI\BioFXAPI
2026-01-05 14:16:34.581 -05:00 [DBG] Hosting started
2026-01-05 14:16:34.670 -05:00 [DBG] Connection id "0HNICHROH2M5P" accepted.
2026-01-05 14:16:34.670 -05:00 [DBG] Connection id "0HNICHROH2M5O" accepted.
2026-01-05 14:16:34.671 -05:00 [DBG] Connection id "0HNICHROH2M5P" started.
2026-01-05 14:16:34.672 -05:00 [DBG] Connection id "0HNICHROH2M5O" started.
2026-01-05 14:16:34.695 -05:00 [DBG] Connection id "0HNICHROH2M5P" received FIN.
2026-01-05 14:16:34.695 -05:00 [DBG] Connection id "0HNICHROH2M5O" received FIN.
2026-01-05 14:16:34.709 -05:00 [DBG] Failed to authenticate HTTPS connection.
System.IO.IOException: Received an unexpected EOF or 0 bytes from the transport stream.
   at System.Net.Security.SslStream.ReceiveHandshakeFrameAsync[TIOAdapter](CancellationToken cancellationToken)
   at System.Net.Security.SslStream.ForceAuthenticationAsync[TIOAdapter](Boolean receiveFirst, Byte[] reAuthenticationData, CancellationToken cancellationToken)
   at System.Net.Security.SslStream.ProcessAuthenticationWithTelemetryAsync(Boolean isAsync, CancellationToken cancellationToken)
   at Microsoft.AspNetCore.Server.Kestrel.Https.Internal.HttpsConnectionMiddleware.OnConnectionAsync(ConnectionContext context)
2026-01-05 14:16:34.709 -05:00 [DBG] Failed to authenticate HTTPS connection.
System.IO.IOException: Received an unexpected EOF or 0 bytes from the transport stream.
   at System.Net.Security.SslStream.ReceiveHandshakeFrameAsync[TIOAdapter](CancellationToken cancellationToken)
   at System.Net.Security.SslStream.ForceAuthenticationAsync[TIOAdapter](Boolean receiveFirst, Byte[] reAuthenticationData, CancellationToken cancellationToken)
   at System.Net.Security.SslStream.ProcessAuthenticationWithTelemetryAsync(Boolean isAsync, CancellationToken cancellationToken)
   at Microsoft.AspNetCore.Server.Kestrel.Https.Internal.HttpsConnectionMiddleware.OnConnectionAsync(ConnectionContext context)
2026-01-05 14:16:34.733 -05:00 [DBG] Connection id "0HNICHROH2M5P" stopped.
2026-01-05 14:16:34.733 -05:00 [DBG] Connection id "0HNICHROH2M5O" stopped.
2026-01-05 14:16:34.736 -05:00 [DBG] Connection id "0HNICHROH2M5P" sending FIN because: "The Socket transport's send loop completed gracefully."
2026-01-05 14:16:34.736 -05:00 [DBG] Connection id "0HNICHROH2M5O" sending FIN because: "The Socket transport's send loop completed gracefully."
2026-01-05 14:16:34.850 -05:00 [DBG] Connection id "0HNICHROH2M5Q" accepted.
2026-01-05 14:16:34.851 -05:00 [DBG] Connection id "0HNICHROH2M5Q" started.
2026-01-05 14:16:34.934 -05:00 [DBG] Connection 0HNICHROH2M5Q established using the following protocol: "Tls13"
2026-01-05 14:16:35.009 -05:00 [INF] Request starting HTTP/2 GET https://localhost:7177/swagger/index.html - null null
2026-01-05 14:16:35.120 -05:00 [DBG] Wildcard detected, all requests with hosts will be allowed.
2026-01-05 14:16:35.165 -05:00 [DBG] No candidates found for the request path '/swagger/index.html'
2026-01-05 14:16:35.170 -05:00 [DBG] Request did not match any endpoints
2026-01-05 14:16:35.243 -05:00 [DBG] Response markup is scheduled to include Browser Link script injection.
2026-01-05 14:16:35.259 -05:00 [DBG] Response markup is scheduled to include browser refresh script injection.
2026-01-05 14:16:35.283 -05:00 [DBG] Response markup was updated to include Browser Link script injection.
2026-01-05 14:16:35.287 -05:00 [DBG] Response markup was updated to include browser refresh script injection.
2026-01-05 14:16:35.296 -05:00 [INF] Request finished HTTP/2 GET https://localhost:7177/swagger/index.html - 200 null text/html;charset=utf-8 293.7837ms
2026-01-05 14:16:35.370 -05:00 [INF] Request starting HTTP/2 GET https://localhost:7177/_framework/aspnetcore-browser-refresh.js - null null
2026-01-05 14:16:35.370 -05:00 [INF] Request starting HTTP/2 GET https://localhost:7177/_vs/browserLink - null null
2026-01-05 14:16:35.383 -05:00 [DBG] Script injected: /_framework/aspnetcore-browser-refresh.js
2026-01-05 14:16:35.394 -05:00 [INF] Request finished HTTP/2 GET https://localhost:7177/_framework/aspnetcore-browser-refresh.js - 200 16501 application/javascript; charset=utf-8 24.9554ms
2026-01-05 14:16:35.469 -05:00 [INF] Request finished HTTP/2 GET https://localhost:7177/_vs/browserLink - 200 null text/javascript; charset=UTF-8 99.4847ms
2026-01-05 14:16:35.525 -05:00 [INF] Request starting HTTP/2 GET https://localhost:7177/swagger/v1/swagger.json - null null
2026-01-05 14:16:35.533 -05:00 [DBG] No candidates found for the request path '/swagger/v1/swagger.json'
2026-01-05 14:16:35.534 -05:00 [DBG] Request did not match any endpoints
2026-01-05 14:16:35.554 -05:00 [INF] Request finished HTTP/2 GET https://localhost:7177/swagger/v1/swagger.json - 200 null application/json;charset=utf-8 28.4606ms
2026-01-05 14:17:32.259 -05:00 [INF] Request starting HTTP/2 POST https://localhost:7177/api/Transactions/refresh-by-request - application/json 25
2026-01-05 14:17:32.273 -05:00 [DBG] 1 candidate(s) found for the request path '/api/Transactions/refresh-by-request'
2026-01-05 14:17:32.277 -05:00 [DBG] Endpoint 'BioFXAPI.Controllers.TransactionsController.RefreshByRequestId (BioFXAPI)' with route pattern 'api/Transactions/refresh-by-request' is valid for the request path '/api/Transactions/refresh-by-request'
2026-01-05 14:17:32.278 -05:00 [DBG] Request matched endpoint 'BioFXAPI.Controllers.TransactionsController.RefreshByRequestId (BioFXAPI)'
2026-01-05 14:17:32.282 -05:00 [DBG] Static files was skipped as the request already matched an endpoint.
2026-01-05 14:17:32.284 -05:00 [DBG] The request has an origin header: 'https://localhost:7177'.
2026-01-05 14:17:32.285 -05:00 [INF] CORS policy execution failed.
2026-01-05 14:17:32.286 -05:00 [INF] Request origin https://localhost:7177 does not have permission to access the resource.
2026-01-05 14:17:32.404 -05:00 [DBG] Successfully validated the token.
2026-01-05 14:17:32.406 -05:00 [DBG] AuthenticationScheme: Bearer was successfully authenticated.
2026-01-05 14:17:32.412 -05:00 [DBG] Authorization was successful.
2026-01-05 14:17:32.413 -05:00 [INF] Executing endpoint 'BioFXAPI.Controllers.TransactionsController.RefreshByRequestId (BioFXAPI)'
2026-01-05 14:17:32.444 -05:00 [INF] Route matched with {action = "RefreshByRequestId", controller = "Transactions"}. Executing controller action with signature System.Threading.Tasks.Task`1[Microsoft.AspNetCore.Mvc.IActionResult] RefreshByRequestId(RefreshRequest, System.Threading.CancellationToken) on controller BioFXAPI.Controllers.TransactionsController (BioFXAPI).
2026-01-05 14:17:32.447 -05:00 [DBG] Execution plan of authorization filters (in the following order): ["None"]
2026-01-05 14:17:32.448 -05:00 [DBG] Execution plan of resource filters (in the following order): ["None"]
2026-01-05 14:17:32.450 -05:00 [DBG] Execution plan of action filters (in the following order): ["Microsoft.AspNetCore.Mvc.ModelBinding.UnsupportedContentTypeFilter (Order: -3000)","Microsoft.AspNetCore.Mvc.Infrastructure.ModelStateInvalidFilter (Order: -2000)"]
2026-01-05 14:17:32.451 -05:00 [DBG] Execution plan of exception filters (in the following order): ["None"]
2026-01-05 14:17:32.452 -05:00 [DBG] Execution plan of result filters (in the following order): ["Microsoft.AspNetCore.Mvc.Infrastructure.ClientErrorResultFilter (Order: -2000)"]
2026-01-05 14:17:32.455 -05:00 [DBG] Executing controller factory for controller BioFXAPI.Controllers.TransactionsController (BioFXAPI)
2026-01-05 14:17:32.457 -05:00 [INF] EmailSettings cargados: SmtpServer=mail.biofx.com.ec, SmtpPort=465, SenderEmail=info@biofx.com.ec, EnableSsl=true
2026-01-05 14:17:32.564 -05:00 [DBG] Executed controller factory for controller BioFXAPI.Controllers.TransactionsController (BioFXAPI)
2026-01-05 14:17:32.577 -05:00 [DBG] Attempting to bind parameter 'r' of type 'BioFXAPI.Controllers.TransactionsController+RefreshRequest' ...
2026-01-05 14:17:32.580 -05:00 [DBG] Attempting to bind parameter 'r' of type 'BioFXAPI.Controllers.TransactionsController+RefreshRequest' using the name '' in request data ...
2026-01-05 14:17:32.583 -05:00 [DBG] Selected input formatter 'Microsoft.AspNetCore.Mvc.Formatters.SystemTextJsonInputFormatter' for content type 'application/json'.
2026-01-05 14:17:32.593 -05:00 [DBG] Connection id "0HNICHROH2M5Q", Request id "0HNICHROH2M5Q:00000009": started reading request body.
2026-01-05 14:17:32.595 -05:00 [DBG] Connection id "0HNICHROH2M5Q", Request id "0HNICHROH2M5Q:00000009": done reading request body.
2026-01-05 14:17:32.612 -05:00 [DBG] JSON input formatter succeeded, deserializing to type 'BioFXAPI.Controllers.TransactionsController+RefreshRequest'
2026-01-05 14:17:32.614 -05:00 [DBG] Done attempting to bind parameter 'r' of type 'BioFXAPI.Controllers.TransactionsController+RefreshRequest'.
2026-01-05 14:17:32.615 -05:00 [DBG] Done attempting to bind parameter 'r' of type 'BioFXAPI.Controllers.TransactionsController+RefreshRequest'.
2026-01-05 14:17:32.616 -05:00 [DBG] Attempting to validate the bound parameter 'r' of type 'BioFXAPI.Controllers.TransactionsController+RefreshRequest' ...
2026-01-05 14:17:32.625 -05:00 [DBG] Done attempting to validate the bound parameter 'r' of type 'BioFXAPI.Controllers.TransactionsController+RefreshRequest'.
2026-01-05 14:17:32.628 -05:00 [DBG] Attempting to bind parameter 'ct' of type 'System.Threading.CancellationToken' ...
2026-01-05 14:17:32.629 -05:00 [DBG] Done attempting to bind parameter 'ct' of type 'System.Threading.CancellationToken'.
2026-01-05 14:17:32.631 -05:00 [DBG] Attempting to validate the bound parameter 'ct' of type 'System.Threading.CancellationToken' ...
2026-01-05 14:17:32.632 -05:00 [DBG] Done attempting to validate the bound parameter 'ct' of type 'System.Threading.CancellationToken'.
2026-01-05 14:17:34.623 -05:00 [DBG] List of registered output formatters, in the following order: ["Microsoft.AspNetCore.Mvc.Formatters.HttpNoContentOutputFormatter","Microsoft.AspNetCore.Mvc.Formatters.StringOutputFormatter","Microsoft.AspNetCore.Mvc.Formatters.StreamOutputFormatter","Microsoft.AspNetCore.Mvc.Formatters.SystemTextJsonOutputFormatter"]
2026-01-05 14:17:34.626 -05:00 [DBG] No information found on request to perform content negotiation.
2026-01-05 14:17:34.626 -05:00 [DBG] Attempting to select an output formatter without using a content type as no explicit content types were specified for the response.
2026-01-05 14:17:34.627 -05:00 [DBG] Attempting to select the first formatter in the output formatters list which can write the result.
2026-01-05 14:17:34.629 -05:00 [DBG] Selected output formatter 'Microsoft.AspNetCore.Mvc.Formatters.SystemTextJsonOutputFormatter' and content type 'application/json' to write the response.
2026-01-05 14:17:34.630 -05:00 [INF] Executing OkObjectResult, writing value of type '<>f__AnonymousType42`2[[System.Int32, System.Private.CoreLib, Version=8.0.0.0, Culture=neutral, PublicKeyToken=7cec85d7bea7798e],[System.String, System.Private.CoreLib, Version=8.0.0.0, Culture=neutral, PublicKeyToken=7cec85d7bea7798e]]'.
2026-01-05 14:17:34.641 -05:00 [INF] Executed action BioFXAPI.Controllers.TransactionsController.RefreshByRequestId (BioFXAPI) in 2184.6646ms
2026-01-05 14:17:34.643 -05:00 [INF] Executed endpoint 'BioFXAPI.Controllers.TransactionsController.RefreshByRequestId (BioFXAPI)'
2026-01-05 14:17:34.646 -05:00 [INF] Request finished HTTP/2 POST https://localhost:7177/api/Transactions/refresh-by-request - 200 null application/json; charset=utf-8 2388.2827ms
2026-01-05 15:47:41.753 -05:00 [DBG] Registered model binder providers, in the following order: ["Microsoft.AspNetCore.Mvc.ModelBinding.Binders.BinderTypeModelBinderProvider","Microsoft.AspNetCore.Mvc.ModelBinding.Binders.ServicesModelBinderProvider","Microsoft.AspNetCore.Mvc.ModelBinding.Binders.BodyModelBinderProvider","Microsoft.AspNetCore.Mvc.ModelBinding.Binders.HeaderModelBinderProvider","Microsoft.AspNetCore.Mvc.ModelBinding.Binders.FloatingPointTypeModelBinderProvider","Microsoft.AspNetCore.Mvc.ModelBinding.Binders.EnumTypeModelBinderProvider","Microsoft.AspNetCore.Mvc.ModelBinding.Binders.DateTimeModelBinderProvider","Microsoft.AspNetCore.Mvc.ModelBinding.Binders.SimpleTypeModelBinderProvider","Microsoft.AspNetCore.Mvc.ModelBinding.Binders.TryParseModelBinderProvider","Microsoft.AspNetCore.Mvc.ModelBinding.Binders.CancellationTokenModelBinderProvider","Microsoft.AspNetCore.Mvc.ModelBinding.Binders.ByteArrayModelBinderProvider","Microsoft.AspNetCore.Mvc.ModelBinding.Binders.FormFileModelBinderProvider","Microsoft.AspNetCore.Mvc.ModelBinding.Binders.FormCollectionModelBinderProvider","Microsoft.AspNetCore.Mvc.ModelBinding.Binders.KeyValuePairModelBinderProvider","Microsoft.AspNetCore.Mvc.ModelBinding.Binders.DictionaryModelBinderProvider","Microsoft.AspNetCore.Mvc.ModelBinding.Binders.ArrayModelBinderProvider","Microsoft.AspNetCore.Mvc.ModelBinding.Binders.CollectionModelBinderProvider","Microsoft.AspNetCore.Mvc.ModelBinding.Binders.ComplexObjectModelBinderProvider"]
2026-01-05 15:47:41.850 -05:00 [DBG] Hosting starting
2026-01-05 15:47:41.875 -05:00 [INF] User profile is available. Using 'C:\Users\xmanc\AppData\Local\ASP.NET\DataProtection-Keys' as key repository and Windows DPAPI to encrypt keys at rest.
2026-01-05 15:47:41.882 -05:00 [DBG] Reading data from file 'C:\Users\xmanc\AppData\Local\ASP.NET\DataProtection-Keys\key-3390bb48-7b52-40b9-a5cd-8587ed8f0a32.xml'.
2026-01-05 15:47:41.887 -05:00 [DBG] Reading data from file 'C:\Users\xmanc\AppData\Local\ASP.NET\DataProtection-Keys\key-a53364e5-c8f1-4abd-b63f-f57292da94bd.xml'.
2026-01-05 15:47:41.892 -05:00 [DBG] Found key {3390bb48-7b52-40b9-a5cd-8587ed8f0a32}.
2026-01-05 15:47:41.896 -05:00 [DBG] Found key {a53364e5-c8f1-4abd-b63f-f57292da94bd}.
2026-01-05 15:47:41.901 -05:00 [DBG] Considering key {a53364e5-c8f1-4abd-b63f-f57292da94bd} with expiration date 2026-03-30 22:04:56Z as default key.
2026-01-05 15:47:41.904 -05:00 [DBG] Forwarded activator type request from Microsoft.AspNetCore.DataProtection.XmlEncryption.DpapiXmlDecryptor, Microsoft.AspNetCore.DataProtection, Version=8.0.0.0, Culture=neutral, PublicKeyToken=adb9793829ddae60 to Microsoft.AspNetCore.DataProtection.XmlEncryption.DpapiXmlDecryptor, Microsoft.AspNetCore.DataProtection, Culture=neutral, PublicKeyToken=adb9793829ddae60
2026-01-05 15:47:41.907 -05:00 [DBG] Decrypting secret element using Windows DPAPI.
2026-01-05 15:47:41.909 -05:00 [DBG] Forwarded activator type request from Microsoft.AspNetCore.DataProtection.AuthenticatedEncryption.ConfigurationModel.AuthenticatedEncryptorDescriptorDeserializer, Microsoft.AspNetCore.DataProtection, Version=8.0.0.0, Culture=neutral, PublicKeyToken=adb9793829ddae60 to Microsoft.AspNetCore.DataProtection.AuthenticatedEncryption.ConfigurationModel.AuthenticatedEncryptorDescriptorDeserializer, Microsoft.AspNetCore.DataProtection, Culture=neutral, PublicKeyToken=adb9793829ddae60
2026-01-05 15:47:41.913 -05:00 [DBG] Opening CNG algorithm 'AES' from provider 'null' with chaining mode CBC.
2026-01-05 15:47:41.916 -05:00 [DBG] Opening CNG algorithm 'SHA256' from provider 'null' with HMAC.
2026-01-05 15:47:41.920 -05:00 [DBG] Using key {a53364e5-c8f1-4abd-b63f-f57292da94bd} as the default key.
2026-01-05 15:47:41.921 -05:00 [DBG] Key ring with default key {a53364e5-c8f1-4abd-b63f-f57292da94bd} was loaded during application startup.
2026-01-05 15:47:41.928 -05:00 [DBG] Middleware loaded
2026-01-05 15:47:41.930 -05:00 [DBG] Middleware loaded. Script /_framework/aspnetcore-browser-refresh.js (16501 B).
2026-01-05 15:47:41.932 -05:00 [DBG] Middleware loaded. Script /_framework/blazor-hotreload.js (799 B).
2026-01-05 15:47:41.998 -05:00 [DBG] Middleware loaded: DOTNET_MODIFIABLE_ASSEMBLIES=null, __ASPNETCORE_BROWSER_TOOLS=true
2026-01-05 15:47:42.081 -05:00 [INF] Now listening on: https://localhost:7177
2026-01-05 15:47:42.082 -05:00 [INF] Now listening on: http://localhost:5160
2026-01-05 15:47:42.083 -05:00 [DBG] Loaded hosting startup assembly BioFXAPI
2026-01-05 15:47:42.084 -05:00 [DBG] Loaded hosting startup assembly Microsoft.WebTools.ApiEndpointDiscovery
2026-01-05 15:47:42.084 -05:00 [DBG] Loaded hosting startup assembly Microsoft.AspNetCore.Watch.BrowserRefresh
2026-01-05 15:47:42.085 -05:00 [DBG] Loaded hosting startup assembly Microsoft.WebTools.BrowserLink.Net
2026-01-05 15:47:42.137 -05:00 [INF] Application started. Press Ctrl+C to shut down.
2026-01-05 15:47:42.138 -05:00 [INF] Hosting environment: Development
2026-01-05 15:47:42.139 -05:00 [INF] Content root path: C:\Users\xmanc\OneDrive\Desktop\BioFXAPI-Github\BioFXAPI\BioFXAPI
2026-01-05 15:47:42.140 -05:00 [DBG] Hosting started
2026-01-05 15:47:42.372 -05:00 [DBG] Connection id "0HNICJEM14SVB" accepted.
2026-01-05 15:47:42.374 -05:00 [DBG] Connection id "0HNICJEM14SVB" started.
2026-01-05 15:47:42.380 -05:00 [DBG] Connection id "0HNICJEM14SVC" accepted.
2026-01-05 15:47:42.381 -05:00 [DBG] Connection id "0HNICJEM14SVC" started.
2026-01-05 15:47:42.413 -05:00 [DBG] Connection id "0HNICJEM14SVB" received FIN.
2026-01-05 15:47:42.413 -05:00 [DBG] Connection id "0HNICJEM14SVC" received FIN.
2026-01-05 15:47:42.420 -05:00 [DBG] Failed to authenticate HTTPS connection.
System.IO.IOException: Received an unexpected EOF or 0 bytes from the transport stream.
   at System.Net.Security.SslStream.ReceiveHandshakeFrameAsync[TIOAdapter](CancellationToken cancellationToken)
   at System.Net.Security.SslStream.ForceAuthenticationAsync[TIOAdapter](Boolean receiveFirst, Byte[] reAuthenticationData, CancellationToken cancellationToken)
   at System.Net.Security.SslStream.ProcessAuthenticationWithTelemetryAsync(Boolean isAsync, CancellationToken cancellationToken)
   at Microsoft.AspNetCore.Server.Kestrel.Https.Internal.HttpsConnectionMiddleware.OnConnectionAsync(ConnectionContext context)
2026-01-05 15:47:42.420 -05:00 [DBG] Failed to authenticate HTTPS connection.
System.IO.IOException: Received an unexpected EOF or 0 bytes from the transport stream.
   at System.Net.Security.SslStream.ReceiveHandshakeFrameAsync[TIOAdapter](CancellationToken cancellationToken)
   at System.Net.Security.SslStream.ForceAuthenticationAsync[TIOAdapter](Boolean receiveFirst, Byte[] reAuthenticationData, CancellationToken cancellationToken)
   at System.Net.Security.SslStream.ProcessAuthenticationWithTelemetryAsync(Boolean isAsync, CancellationToken cancellationToken)
   at Microsoft.AspNetCore.Server.Kestrel.Https.Internal.HttpsConnectionMiddleware.OnConnectionAsync(ConnectionContext context)
2026-01-05 15:47:42.453 -05:00 [DBG] Connection id "0HNICJEM14SVC" stopped.
2026-01-05 15:47:42.453 -05:00 [DBG] Connection id "0HNICJEM14SVB" stopped.
2026-01-05 15:47:42.455 -05:00 [DBG] Connection id "0HNICJEM14SVC" sending FIN because: "The Socket transport's send loop completed gracefully."
2026-01-05 15:47:42.455 -05:00 [DBG] Connection id "0HNICJEM14SVB" sending FIN because: "The Socket transport's send loop completed gracefully."
2026-01-05 15:47:42.639 -05:00 [DBG] Connection id "0HNICJEM14SVD" accepted.
2026-01-05 15:47:42.640 -05:00 [DBG] Connection id "0HNICJEM14SVD" started.
2026-01-05 15:47:42.725 -05:00 [DBG] Connection 0HNICJEM14SVD established using the following protocol: "Tls13"
2026-01-05 15:47:42.796 -05:00 [INF] Request starting HTTP/2 GET https://localhost:7177/swagger/index.html - null null
2026-01-05 15:47:42.914 -05:00 [DBG] Wildcard detected, all requests with hosts will be allowed.
2026-01-05 15:47:42.963 -05:00 [DBG] No candidates found for the request path '/swagger/index.html'
2026-01-05 15:47:42.968 -05:00 [DBG] Request did not match any endpoints
2026-01-05 15:47:43.037 -05:00 [DBG] Response markup is scheduled to include Browser Link script injection.
2026-01-05 15:47:43.040 -05:00 [DBG] Response markup is scheduled to include browser refresh script injection.
2026-01-05 15:47:43.056 -05:00 [DBG] Response markup was updated to include Browser Link script injection.
2026-01-05 15:47:43.058 -05:00 [DBG] Response markup was updated to include browser refresh script injection.
2026-01-05 15:47:43.062 -05:00 [INF] Request finished HTTP/2 GET https://localhost:7177/swagger/index.html - 200 null text/html;charset=utf-8 272.4629ms
2026-01-05 15:47:43.151 -05:00 [INF] Request starting HTTP/2 GET https://localhost:7177/_framework/aspnetcore-browser-refresh.js - null null
2026-01-05 15:47:43.151 -05:00 [INF] Request starting HTTP/2 GET https://localhost:7177/_vs/browserLink - null null
2026-01-05 15:47:43.171 -05:00 [DBG] Script injected: /_framework/aspnetcore-browser-refresh.js
2026-01-05 15:47:43.177 -05:00 [INF] Request finished HTTP/2 GET https://localhost:7177/_framework/aspnetcore-browser-refresh.js - 200 16501 application/javascript; charset=utf-8 25.4196ms
2026-01-05 15:47:43.213 -05:00 [INF] Request finished HTTP/2 GET https://localhost:7177/_vs/browserLink - 200 null text/javascript; charset=UTF-8 62.6825ms
2026-01-05 15:47:44.038 -05:00 [INF] Request starting HTTP/2 GET https://localhost:7177/swagger/v1/swagger.json - null null
2026-01-05 15:47:44.041 -05:00 [DBG] No candidates found for the request path '/swagger/v1/swagger.json'
2026-01-05 15:47:44.043 -05:00 [DBG] Request did not match any endpoints
2026-01-05 15:47:44.068 -05:00 [INF] Request finished HTTP/2 GET https://localhost:7177/swagger/v1/swagger.json - 200 null application/json;charset=utf-8 30.4794ms
2026-01-05 15:47:54.562 -05:00 [INF] Request starting HTTP/2 POST https://localhost:7177/api/Transactions/refresh-by-request - application/json 25
2026-01-05 15:47:54.572 -05:00 [DBG] 1 candidate(s) found for the request path '/api/Transactions/refresh-by-request'
2026-01-05 15:47:54.576 -05:00 [DBG] Endpoint 'BioFXAPI.Controllers.TransactionsController.RefreshByRequestId (BioFXAPI)' with route pattern 'api/Transactions/refresh-by-request' is valid for the request path '/api/Transactions/refresh-by-request'
2026-01-05 15:47:54.578 -05:00 [DBG] Request matched endpoint 'BioFXAPI.Controllers.TransactionsController.RefreshByRequestId (BioFXAPI)'
2026-01-05 15:47:54.581 -05:00 [DBG] Static files was skipped as the request already matched an endpoint.
2026-01-05 15:47:54.583 -05:00 [DBG] The request has an origin header: 'https://localhost:7177'.
2026-01-05 15:47:54.584 -05:00 [INF] CORS policy execution failed.
2026-01-05 15:47:54.585 -05:00 [INF] Request origin https://localhost:7177 does not have permission to access the resource.
2026-01-05 15:47:54.690 -05:00 [DBG] Successfully validated the token.
2026-01-05 15:47:54.691 -05:00 [DBG] AuthenticationScheme: Bearer was successfully authenticated.
2026-01-05 15:47:54.695 -05:00 [DBG] Authorization was successful.
2026-01-05 15:47:54.696 -05:00 [INF] Executing endpoint 'BioFXAPI.Controllers.TransactionsController.RefreshByRequestId (BioFXAPI)'
2026-01-05 15:47:54.719 -05:00 [INF] Route matched with {action = "RefreshByRequestId", controller = "Transactions"}. Executing controller action with signature System.Threading.Tasks.Task`1[Microsoft.AspNetCore.Mvc.IActionResult] RefreshByRequestId(RefreshRequest, System.Threading.CancellationToken) on controller BioFXAPI.Controllers.TransactionsController (BioFXAPI).
2026-01-05 15:47:54.722 -05:00 [DBG] Execution plan of authorization filters (in the following order): ["None"]
2026-01-05 15:47:54.723 -05:00 [DBG] Execution plan of resource filters (in the following order): ["None"]
2026-01-05 15:47:54.725 -05:00 [DBG] Execution plan of action filters (in the following order): ["Microsoft.AspNetCore.Mvc.ModelBinding.UnsupportedContentTypeFilter (Order: -3000)","Microsoft.AspNetCore.Mvc.Infrastructure.ModelStateInvalidFilter (Order: -2000)"]
2026-01-05 15:47:54.726 -05:00 [DBG] Execution plan of exception filters (in the following order): ["None"]
2026-01-05 15:47:54.728 -05:00 [DBG] Execution plan of result filters (in the following order): ["Microsoft.AspNetCore.Mvc.Infrastructure.ClientErrorResultFilter (Order: -2000)"]
2026-01-05 15:47:54.730 -05:00 [DBG] Executing controller factory for controller BioFXAPI.Controllers.TransactionsController (BioFXAPI)
2026-01-05 15:47:54.732 -05:00 [INF] EmailSettings cargados: SmtpServer=mail.biofx.com.ec, SmtpPort=465, SenderEmail=info@biofx.com.ec, EnableSsl=true
2026-01-05 15:47:54.807 -05:00 [DBG] Executed controller factory for controller BioFXAPI.Controllers.TransactionsController (BioFXAPI)
2026-01-05 15:47:54.819 -05:00 [DBG] Attempting to bind parameter 'r' of type 'BioFXAPI.Controllers.TransactionsController+RefreshRequest' ...
2026-01-05 15:47:54.822 -05:00 [DBG] Attempting to bind parameter 'r' of type 'BioFXAPI.Controllers.TransactionsController+RefreshRequest' using the name '' in request data ...
2026-01-05 15:47:54.824 -05:00 [DBG] Selected input formatter 'Microsoft.AspNetCore.Mvc.Formatters.SystemTextJsonInputFormatter' for content type 'application/json'.
2026-01-05 15:47:54.832 -05:00 [DBG] Connection id "0HNICJEM14SVD", Request id "0HNICJEM14SVD:00000009": started reading request body.
2026-01-05 15:47:54.833 -05:00 [DBG] Connection id "0HNICJEM14SVD", Request id "0HNICJEM14SVD:00000009": done reading request body.
2026-01-05 15:47:54.846 -05:00 [DBG] JSON input formatter succeeded, deserializing to type 'BioFXAPI.Controllers.TransactionsController+RefreshRequest'
2026-01-05 15:47:54.847 -05:00 [DBG] Done attempting to bind parameter 'r' of type 'BioFXAPI.Controllers.TransactionsController+RefreshRequest'.
2026-01-05 15:47:54.848 -05:00 [DBG] Done attempting to bind parameter 'r' of type 'BioFXAPI.Controllers.TransactionsController+RefreshRequest'.
2026-01-05 15:47:54.850 -05:00 [DBG] Attempting to validate the bound parameter 'r' of type 'BioFXAPI.Controllers.TransactionsController+RefreshRequest' ...
2026-01-05 15:47:54.857 -05:00 [DBG] Done attempting to validate the bound parameter 'r' of type 'BioFXAPI.Controllers.TransactionsController+RefreshRequest'.
2026-01-05 15:47:54.859 -05:00 [DBG] Attempting to bind parameter 'ct' of type 'System.Threading.CancellationToken' ...
2026-01-05 15:47:54.861 -05:00 [DBG] Done attempting to bind parameter 'ct' of type 'System.Threading.CancellationToken'.
2026-01-05 15:47:54.862 -05:00 [DBG] Attempting to validate the bound parameter 'ct' of type 'System.Threading.CancellationToken' ...
2026-01-05 15:47:54.863 -05:00 [DBG] Done attempting to validate the bound parameter 'ct' of type 'System.Threading.CancellationToken'.
2026-01-05 15:47:57.332 -05:00 [DBG] List of registered output formatters, in the following order: ["Microsoft.AspNetCore.Mvc.Formatters.HttpNoContentOutputFormatter","Microsoft.AspNetCore.Mvc.Formatters.StringOutputFormatter","Microsoft.AspNetCore.Mvc.Formatters.StreamOutputFormatter","Microsoft.AspNetCore.Mvc.Formatters.SystemTextJsonOutputFormatter"]
2026-01-05 15:47:57.336 -05:00 [DBG] No information found on request to perform content negotiation.
2026-01-05 15:47:57.336 -05:00 [DBG] Attempting to select an output formatter without using a content type as no explicit content types were specified for the response.
2026-01-05 15:47:57.337 -05:00 [DBG] Attempting to select the first formatter in the output formatters list which can write the result.
2026-01-05 15:47:57.338 -05:00 [DBG] Selected output formatter 'Microsoft.AspNetCore.Mvc.Formatters.SystemTextJsonOutputFormatter' and content type 'application/json' to write the response.
2026-01-05 15:47:57.340 -05:00 [INF] Executing OkObjectResult, writing value of type '<>f__AnonymousType42`2[[System.Int32, System.Private.CoreLib, Version=8.0.0.0, Culture=neutral, PublicKeyToken=7cec85d7bea7798e],[System.String, System.Private.CoreLib, Version=8.0.0.0, Culture=neutral, PublicKeyToken=7cec85d7bea7798e]]'.
2026-01-05 15:47:57.346 -05:00 [INF] Executed action BioFXAPI.Controllers.TransactionsController.RefreshByRequestId (BioFXAPI) in 2614.5569ms
2026-01-05 15:47:57.347 -05:00 [INF] Executed endpoint 'BioFXAPI.Controllers.TransactionsController.RefreshByRequestId (BioFXAPI)'
2026-01-05 15:47:57.349 -05:00 [INF] Request finished HTTP/2 POST https://localhost:7177/api/Transactions/refresh-by-request - 200 null application/json; charset=utf-8 2786.5352ms
