2026-01-07 15:26:45.837 -05:00 [DBG] Registered model binder providers, in the following order: ["Microsoft.AspNetCore.Mvc.ModelBinding.Binders.BinderTypeModelBinderProvider","Microsoft.AspNetCore.Mvc.ModelBinding.Binders.ServicesModelBinderProvider","Microsoft.AspNetCore.Mvc.ModelBinding.Binders.BodyModelBinderProvider","Microsoft.AspNetCore.Mvc.ModelBinding.Binders.HeaderModelBinderProvider","Microsoft.AspNetCore.Mvc.ModelBinding.Binders.FloatingPointTypeModelBinderProvider","Microsoft.AspNetCore.Mvc.ModelBinding.Binders.EnumTypeModelBinderProvider","Microsoft.AspNetCore.Mvc.ModelBinding.Binders.DateTimeModelBinderProvider","Microsoft.AspNetCore.Mvc.ModelBinding.Binders.SimpleTypeModelBinderProvider","Microsoft.AspNetCore.Mvc.ModelBinding.Binders.TryParseModelBinderProvider","Microsoft.AspNetCore.Mvc.ModelBinding.Binders.CancellationTokenModelBinderProvider","Microsoft.AspNetCore.Mvc.ModelBinding.Binders.ByteArrayModelBinderProvider","Microsoft.AspNetCore.Mvc.ModelBinding.Binders.FormFileModelBinderProvider","Microsoft.AspNetCore.Mvc.ModelBinding.Binders.FormCollectionModelBinderProvider","Microsoft.AspNetCore.Mvc.ModelBinding.Binders.KeyValuePairModelBinderProvider","Microsoft.AspNetCore.Mvc.ModelBinding.Binders.DictionaryModelBinderProvider","Microsoft.AspNetCore.Mvc.ModelBinding.Binders.ArrayModelBinderProvider","Microsoft.AspNetCore.Mvc.ModelBinding.Binders.CollectionModelBinderProvider","Microsoft.AspNetCore.Mvc.ModelBinding.Binders.ComplexObjectModelBinderProvider"]
2026-01-07 15:26:45.983 -05:00 [DBG] Hosting starting
2026-01-07 15:26:46.019 -05:00 [INF] User profile is available. Using 'C:\Users\xmanc\AppData\Local\ASP.NET\DataProtection-Keys' as key repository and Windows DPAPI to encrypt keys at rest.
2026-01-07 15:26:46.029 -05:00 [DBG] Reading data from file 'C:\Users\xmanc\AppData\Local\ASP.NET\DataProtection-Keys\key-3390bb48-7b52-40b9-a5cd-8587ed8f0a32.xml'.
2026-01-07 15:26:46.034 -05:00 [DBG] Reading data from file 'C:\Users\xmanc\AppData\Local\ASP.NET\DataProtection-Keys\key-a53364e5-c8f1-4abd-b63f-f57292da94bd.xml'.
2026-01-07 15:26:46.040 -05:00 [DBG] Found key {3390bb48-7b52-40b9-a5cd-8587ed8f0a32}.
2026-01-07 15:26:46.044 -05:00 [DBG] Found key {a53364e5-c8f1-4abd-b63f-f57292da94bd}.
2026-01-07 15:26:46.049 -05:00 [DBG] Considering key {a53364e5-c8f1-4abd-b63f-f57292da94bd} with expiration date 2026-03-30 22:04:56Z as default key.
2026-01-07 15:26:46.053 -05:00 [DBG] Forwarded activator type request from Microsoft.AspNetCore.DataProtection.XmlEncryption.DpapiXmlDecryptor, Microsoft.AspNetCore.DataProtection, Version=8.0.0.0, Culture=neutral, PublicKeyToken=adb9793829ddae60 to Microsoft.AspNetCore.DataProtection.XmlEncryption.DpapiXmlDecryptor, Microsoft.AspNetCore.DataProtection, Culture=neutral, PublicKeyToken=adb9793829ddae60
2026-01-07 15:26:46.055 -05:00 [DBG] Decrypting secret element using Windows DPAPI.
2026-01-07 15:26:46.057 -05:00 [DBG] Forwarded activator type request from Microsoft.AspNetCore.DataProtection.AuthenticatedEncryption.ConfigurationModel.AuthenticatedEncryptorDescriptorDeserializer, Microsoft.AspNetCore.DataProtection, Version=8.0.0.0, Culture=neutral, PublicKeyToken=adb9793829ddae60 to Microsoft.AspNetCore.DataProtection.AuthenticatedEncryption.ConfigurationModel.AuthenticatedEncryptorDescriptorDeserializer, Microsoft.AspNetCore.DataProtection, Culture=neutral, PublicKeyToken=adb9793829ddae60
2026-01-07 15:26:46.063 -05:00 [DBG] Opening CNG algorithm 'AES' from provider 'null' with chaining mode CBC.
2026-01-07 15:26:46.067 -05:00 [DBG] Opening CNG algorithm 'SHA256' from provider 'null' with HMAC.
2026-01-07 15:26:46.072 -05:00 [DBG] Using key {a53364e5-c8f1-4abd-b63f-f57292da94bd} as the default key.
2026-01-07 15:26:46.074 -05:00 [DBG] Key ring with default key {a53364e5-c8f1-4abd-b63f-f57292da94bd} was loaded during application startup.
2026-01-07 15:26:46.098 -05:00 [DBG] Middleware loaded
2026-01-07 15:26:46.101 -05:00 [DBG] Middleware loaded. Script /_framework/aspnetcore-browser-refresh.js (16501 B).
2026-01-07 15:26:46.105 -05:00 [DBG] Middleware loaded. Script /_framework/blazor-hotreload.js (799 B).
2026-01-07 15:26:46.183 -05:00 [DBG] Middleware loaded: DOTNET_MODIFIABLE_ASSEMBLIES=null, __ASPNETCORE_BROWSER_TOOLS=true
2026-01-07 15:26:46.284 -05:00 [INF] Now listening on: https://localhost:7177
2026-01-07 15:26:46.286 -05:00 [INF] Now listening on: http://localhost:5160
2026-01-07 15:26:46.287 -05:00 [DBG] Loaded hosting startup assembly BioFXAPI
2026-01-07 15:26:46.288 -05:00 [DBG] Loaded hosting startup assembly Microsoft.WebTools.ApiEndpointDiscovery
2026-01-07 15:26:46.290 -05:00 [DBG] Loaded hosting startup assembly Microsoft.AspNetCore.Watch.BrowserRefresh
2026-01-07 15:26:46.291 -05:00 [DBG] Loaded hosting startup assembly Microsoft.WebTools.BrowserLink.Net
2026-01-07 15:26:46.371 -05:00 [INF] Application started. Press Ctrl+C to shut down.
2026-01-07 15:26:46.373 -05:00 [INF] Hosting environment: Development
2026-01-07 15:26:46.374 -05:00 [INF] Content root path: C:\Users\xmanc\OneDrive\Desktop\BioFXAPI-Github\BioFXAPI\BioFXAPI
2026-01-07 15:26:46.376 -05:00 [DBG] Hosting started
2026-01-07 15:26:46.554 -05:00 [DBG] Connection id "0HNIE5CA5UNBN" accepted.
2026-01-07 15:26:46.554 -05:00 [DBG] Connection id "0HNIE5CA5UNBO" accepted.
2026-01-07 15:26:46.557 -05:00 [DBG] Connection id "0HNIE5CA5UNBN" started.
2026-01-07 15:26:46.558 -05:00 [DBG] Connection id "0HNIE5CA5UNBO" started.
2026-01-07 15:26:46.564 -05:00 [DBG] Connection id "0HNIE5CA5UNBN" received FIN.
2026-01-07 15:26:46.564 -05:00 [DBG] Connection id "0HNIE5CA5UNBO" received FIN.
2026-01-07 15:26:46.571 -05:00 [DBG] Failed to authenticate HTTPS connection.
System.IO.IOException: Received an unexpected EOF or 0 bytes from the transport stream.
   at System.Net.Security.SslStream.ReceiveHandshakeFrameAsync[TIOAdapter](CancellationToken cancellationToken)
   at System.Net.Security.SslStream.ForceAuthenticationAsync[TIOAdapter](Boolean receiveFirst, Byte[] reAuthenticationData, CancellationToken cancellationToken)
   at System.Net.Security.SslStream.ProcessAuthenticationWithTelemetryAsync(Boolean isAsync, CancellationToken cancellationToken)
   at Microsoft.AspNetCore.Server.Kestrel.Https.Internal.HttpsConnectionMiddleware.OnConnectionAsync(ConnectionContext context)
2026-01-07 15:26:46.572 -05:00 [DBG] Failed to authenticate HTTPS connection.
System.IO.IOException: Received an unexpected EOF or 0 bytes from the transport stream.
   at System.Net.Security.SslStream.ReceiveHandshakeFrameAsync[TIOAdapter](CancellationToken cancellationToken)
   at System.Net.Security.SslStream.ForceAuthenticationAsync[TIOAdapter](Boolean receiveFirst, Byte[] reAuthenticationData, CancellationToken cancellationToken)
   at System.Net.Security.SslStream.ProcessAuthenticationWithTelemetryAsync(Boolean isAsync, CancellationToken cancellationToken)
   at Microsoft.AspNetCore.Server.Kestrel.Https.Internal.HttpsConnectionMiddleware.OnConnectionAsync(ConnectionContext context)
2026-01-07 15:26:46.604 -05:00 [DBG] Connection id "0HNIE5CA5UNBN" stopped.
2026-01-07 15:26:46.604 -05:00 [DBG] Connection id "0HNIE5CA5UNBO" stopped.
2026-01-07 15:26:46.608 -05:00 [DBG] Connection id "0HNIE5CA5UNBN" sending FIN because: "The Socket transport's send loop completed gracefully."
2026-01-07 15:26:46.608 -05:00 [DBG] Connection id "0HNIE5CA5UNBO" sending FIN because: "The Socket transport's send loop completed gracefully."
2026-01-07 15:26:46.771 -05:00 [DBG] Connection id "0HNIE5CA5UNBP" accepted.
2026-01-07 15:26:46.773 -05:00 [DBG] Connection id "0HNIE5CA5UNBP" started.
2026-01-07 15:26:46.813 -05:00 [DBG] Connection 0HNIE5CA5UNBP established using the following protocol: "Tls13"
2026-01-07 15:26:47.085 -05:00 [INF] Request starting HTTP/2 GET https://localhost:7177/swagger/index.html - null null
2026-01-07 15:26:47.361 -05:00 [DBG] Wildcard detected, all requests with hosts will be allowed.
2026-01-07 15:26:47.414 -05:00 [DBG] No candidates found for the request path '/swagger/index.html'
2026-01-07 15:26:47.439 -05:00 [DBG] Request did not match any endpoints
2026-01-07 15:26:47.513 -05:00 [DBG] Response markup is scheduled to include Browser Link script injection.
2026-01-07 15:26:47.533 -05:00 [DBG] Response markup is scheduled to include browser refresh script injection.
2026-01-07 15:26:47.565 -05:00 [DBG] Response markup was updated to include Browser Link script injection.
2026-01-07 15:26:47.569 -05:00 [DBG] Response markup was updated to include browser refresh script injection.
2026-01-07 15:26:47.578 -05:00 [INF] Request finished HTTP/2 GET https://localhost:7177/swagger/index.html - 200 null text/html;charset=utf-8 500.0369ms
2026-01-07 15:26:47.650 -05:00 [INF] Request starting HTTP/2 GET https://localhost:7177/_vs/browserLink - null null
2026-01-07 15:26:47.650 -05:00 [INF] Request starting HTTP/2 GET https://localhost:7177/_framework/aspnetcore-browser-refresh.js - null null
2026-01-07 15:26:47.679 -05:00 [DBG] Script injected: /_framework/aspnetcore-browser-refresh.js
2026-01-07 15:26:47.684 -05:00 [INF] Request finished HTTP/2 GET https://localhost:7177/_framework/aspnetcore-browser-refresh.js - 200 16501 application/javascript; charset=utf-8 33.9898ms
2026-01-07 15:26:47.694 -05:00 [INF] Request finished HTTP/2 GET https://localhost:7177/_vs/browserLink - 200 null text/javascript; charset=UTF-8 44.6741ms
2026-01-07 15:26:47.871 -05:00 [INF] Request starting HTTP/2 GET https://localhost:7177/swagger/v1/swagger.json - null null
2026-01-07 15:26:47.987 -05:00 [DBG] No candidates found for the request path '/swagger/v1/swagger.json'
2026-01-07 15:26:47.988 -05:00 [DBG] Request did not match any endpoints
2026-01-07 15:26:48.018 -05:00 [INF] Request finished HTTP/2 GET https://localhost:7177/swagger/v1/swagger.json - 200 null application/json;charset=utf-8 156.0429ms
2026-01-07 15:27:10.323 -05:00 [DBG] Registered model binder providers, in the following order: ["Microsoft.AspNetCore.Mvc.ModelBinding.Binders.BinderTypeModelBinderProvider","Microsoft.AspNetCore.Mvc.ModelBinding.Binders.ServicesModelBinderProvider","Microsoft.AspNetCore.Mvc.ModelBinding.Binders.BodyModelBinderProvider","Microsoft.AspNetCore.Mvc.ModelBinding.Binders.HeaderModelBinderProvider","Microsoft.AspNetCore.Mvc.ModelBinding.Binders.FloatingPointTypeModelBinderProvider","Microsoft.AspNetCore.Mvc.ModelBinding.Binders.EnumTypeModelBinderProvider","Microsoft.AspNetCore.Mvc.ModelBinding.Binders.DateTimeModelBinderProvider","Microsoft.AspNetCore.Mvc.ModelBinding.Binders.SimpleTypeModelBinderProvider","Microsoft.AspNetCore.Mvc.ModelBinding.Binders.TryParseModelBinderProvider","Microsoft.AspNetCore.Mvc.ModelBinding.Binders.CancellationTokenModelBinderProvider","Microsoft.AspNetCore.Mvc.ModelBinding.Binders.ByteArrayModelBinderProvider","Microsoft.AspNetCore.Mvc.ModelBinding.Binders.FormFileModelBinderProvider","Microsoft.AspNetCore.Mvc.ModelBinding.Binders.FormCollectionModelBinderProvider","Microsoft.AspNetCore.Mvc.ModelBinding.Binders.KeyValuePairModelBinderProvider","Microsoft.AspNetCore.Mvc.ModelBinding.Binders.DictionaryModelBinderProvider","Microsoft.AspNetCore.Mvc.ModelBinding.Binders.ArrayModelBinderProvider","Microsoft.AspNetCore.Mvc.ModelBinding.Binders.CollectionModelBinderProvider","Microsoft.AspNetCore.Mvc.ModelBinding.Binders.ComplexObjectModelBinderProvider"]
2026-01-07 15:27:10.440 -05:00 [DBG] Hosting starting
2026-01-07 15:27:10.469 -05:00 [INF] User profile is available. Using 'C:\Users\xmanc\AppData\Local\ASP.NET\DataProtection-Keys' as key repository and Windows DPAPI to encrypt keys at rest.
2026-01-07 15:27:10.487 -05:00 [DBG] Reading data from file 'C:\Users\xmanc\AppData\Local\ASP.NET\DataProtection-Keys\key-3390bb48-7b52-40b9-a5cd-8587ed8f0a32.xml'.
2026-01-07 15:27:10.503 -05:00 [DBG] Reading data from file 'C:\Users\xmanc\AppData\Local\ASP.NET\DataProtection-Keys\key-a53364e5-c8f1-4abd-b63f-f57292da94bd.xml'.
2026-01-07 15:27:10.531 -05:00 [DBG] Found key {3390bb48-7b52-40b9-a5cd-8587ed8f0a32}.
2026-01-07 15:27:10.538 -05:00 [DBG] Found key {a53364e5-c8f1-4abd-b63f-f57292da94bd}.
2026-01-07 15:27:10.549 -05:00 [DBG] Considering key {a53364e5-c8f1-4abd-b63f-f57292da94bd} with expiration date 2026-03-30 22:04:56Z as default key.
2026-01-07 15:27:10.556 -05:00 [DBG] Forwarded activator type request from Microsoft.AspNetCore.DataProtection.XmlEncryption.DpapiXmlDecryptor, Microsoft.AspNetCore.DataProtection, Version=8.0.0.0, Culture=neutral, PublicKeyToken=adb9793829ddae60 to Microsoft.AspNetCore.DataProtection.XmlEncryption.DpapiXmlDecryptor, Microsoft.AspNetCore.DataProtection, Culture=neutral, PublicKeyToken=adb9793829ddae60
2026-01-07 15:27:10.562 -05:00 [DBG] Decrypting secret element using Windows DPAPI.
2026-01-07 15:27:10.567 -05:00 [DBG] Forwarded activator type request from Microsoft.AspNetCore.DataProtection.AuthenticatedEncryption.ConfigurationModel.AuthenticatedEncryptorDescriptorDeserializer, Microsoft.AspNetCore.DataProtection, Version=8.0.0.0, Culture=neutral, PublicKeyToken=adb9793829ddae60 to Microsoft.AspNetCore.DataProtection.AuthenticatedEncryption.ConfigurationModel.AuthenticatedEncryptorDescriptorDeserializer, Microsoft.AspNetCore.DataProtection, Culture=neutral, PublicKeyToken=adb9793829ddae60
2026-01-07 15:27:10.574 -05:00 [DBG] Opening CNG algorithm 'AES' from provider 'null' with chaining mode CBC.
2026-01-07 15:27:10.581 -05:00 [DBG] Opening CNG algorithm 'SHA256' from provider 'null' with HMAC.
2026-01-07 15:27:10.585 -05:00 [DBG] Using key {a53364e5-c8f1-4abd-b63f-f57292da94bd} as the default key.
2026-01-07 15:27:10.588 -05:00 [DBG] Key ring with default key {a53364e5-c8f1-4abd-b63f-f57292da94bd} was loaded during application startup.
2026-01-07 15:27:10.610 -05:00 [DBG] Middleware loaded
2026-01-07 15:27:10.612 -05:00 [DBG] Middleware loaded. Script /_framework/aspnetcore-browser-refresh.js (16501 B).
2026-01-07 15:27:10.615 -05:00 [DBG] Middleware loaded. Script /_framework/blazor-hotreload.js (799 B).
2026-01-07 15:27:10.682 -05:00 [DBG] Middleware loaded: DOTNET_MODIFIABLE_ASSEMBLIES=null, __ASPNETCORE_BROWSER_TOOLS=true
2026-01-07 15:27:10.776 -05:00 [INF] Now listening on: https://localhost:7177
2026-01-07 15:27:10.778 -05:00 [INF] Now listening on: http://localhost:5160
2026-01-07 15:27:10.780 -05:00 [DBG] Loaded hosting startup assembly BioFXAPI
2026-01-07 15:27:10.781 -05:00 [DBG] Loaded hosting startup assembly Microsoft.WebTools.ApiEndpointDiscovery
2026-01-07 15:27:10.783 -05:00 [DBG] Loaded hosting startup assembly Microsoft.AspNetCore.Watch.BrowserRefresh
2026-01-07 15:27:10.784 -05:00 [DBG] Loaded hosting startup assembly Microsoft.WebTools.BrowserLink.Net
2026-01-07 15:27:10.821 -05:00 [DBG] Connection id "0HNIE5CHDCF2M" accepted.
2026-01-07 15:27:10.823 -05:00 [DBG] Connection id "0HNIE5CHDCF2M" started.
2026-01-07 15:27:10.828 -05:00 [DBG] Connection id "0HNIE5CHDCF2N" accepted.
2026-01-07 15:27:10.830 -05:00 [DBG] Connection id "0HNIE5CHDCF2N" started.
2026-01-07 15:27:10.844 -05:00 [DBG] Connection id "0HNIE5CHDCF2M" received FIN.
2026-01-07 15:27:10.844 -05:00 [DBG] Connection id "0HNIE5CHDCF2N" received FIN.
2026-01-07 15:27:10.852 -05:00 [DBG] Failed to authenticate HTTPS connection.
System.IO.IOException: Received an unexpected EOF or 0 bytes from the transport stream.
   at System.Net.Security.SslStream.ReceiveHandshakeFrameAsync[TIOAdapter](CancellationToken cancellationToken)
   at System.Net.Security.SslStream.ForceAuthenticationAsync[TIOAdapter](Boolean receiveFirst, Byte[] reAuthenticationData, CancellationToken cancellationToken)
   at System.Net.Security.SslStream.ProcessAuthenticationWithTelemetryAsync(Boolean isAsync, CancellationToken cancellationToken)
   at Microsoft.AspNetCore.Server.Kestrel.Https.Internal.HttpsConnectionMiddleware.OnConnectionAsync(ConnectionContext context)
2026-01-07 15:27:10.852 -05:00 [DBG] Failed to authenticate HTTPS connection.
System.IO.IOException: Received an unexpected EOF or 0 bytes from the transport stream.
   at System.Net.Security.SslStream.ReceiveHandshakeFrameAsync[TIOAdapter](CancellationToken cancellationToken)
   at System.Net.Security.SslStream.ForceAuthenticationAsync[TIOAdapter](Boolean receiveFirst, Byte[] reAuthenticationData, CancellationToken cancellationToken)
   at System.Net.Security.SslStream.ProcessAuthenticationWithTelemetryAsync(Boolean isAsync, CancellationToken cancellationToken)
   at Microsoft.AspNetCore.Server.Kestrel.Https.Internal.HttpsConnectionMiddleware.OnConnectionAsync(ConnectionContext context)
2026-01-07 15:27:10.904 -05:00 [DBG] Connection id "0HNIE5CHDCF2N" stopped.
2026-01-07 15:27:10.904 -05:00 [DBG] Connection id "0HNIE5CHDCF2M" stopped.
2026-01-07 15:27:10.905 -05:00 [INF] Application started. Press Ctrl+C to shut down.
2026-01-07 15:27:10.908 -05:00 [DBG] Connection id "0HNIE5CHDCF2M" sending FIN because: "The Socket transport's send loop completed gracefully."
2026-01-07 15:27:10.908 -05:00 [DBG] Connection id "0HNIE5CHDCF2N" sending FIN because: "The Socket transport's send loop completed gracefully."
2026-01-07 15:27:10.908 -05:00 [INF] Hosting environment: Development
2026-01-07 15:27:10.913 -05:00 [INF] Content root path: C:\Users\xmanc\OneDrive\Desktop\BioFXAPI-Github\BioFXAPI\BioFXAPI
2026-01-07 15:27:10.915 -05:00 [DBG] Hosting started
2026-01-07 15:27:11.159 -05:00 [DBG] Connection id "0HNIE5CHDCF2O" accepted.
2026-01-07 15:27:11.162 -05:00 [DBG] Connection id "0HNIE5CHDCF2O" started.
2026-01-07 15:27:11.213 -05:00 [DBG] Connection 0HNIE5CHDCF2O established using the following protocol: "Tls13"
2026-01-07 15:27:11.476 -05:00 [INF] Request starting HTTP/2 GET https://localhost:7177/swagger/index.html - null null
2026-01-07 15:27:11.696 -05:00 [DBG] Wildcard detected, all requests with hosts will be allowed.
2026-01-07 15:27:11.731 -05:00 [DBG] No candidates found for the request path '/swagger/index.html'
2026-01-07 15:27:11.738 -05:00 [DBG] Request did not match any endpoints
2026-01-07 15:27:11.815 -05:00 [DBG] Response markup is scheduled to include Browser Link script injection.
2026-01-07 15:27:11.817 -05:00 [DBG] Response markup is scheduled to include browser refresh script injection.
2026-01-07 15:27:11.832 -05:00 [DBG] Response markup was updated to include Browser Link script injection.
2026-01-07 15:27:11.842 -05:00 [DBG] Response markup was updated to include browser refresh script injection.
2026-01-07 15:27:11.862 -05:00 [INF] Request finished HTTP/2 GET https://localhost:7177/swagger/index.html - 200 null text/html;charset=utf-8 422.5451ms
2026-01-07 15:27:11.913 -05:00 [INF] Request starting HTTP/2 GET https://localhost:7177/_vs/browserLink - null null
2026-01-07 15:27:11.913 -05:00 [INF] Request starting HTTP/2 GET https://localhost:7177/_framework/aspnetcore-browser-refresh.js - null null
2026-01-07 15:27:11.962 -05:00 [DBG] Script injected: /_framework/aspnetcore-browser-refresh.js
2026-01-07 15:27:11.967 -05:00 [INF] Request finished HTTP/2 GET https://localhost:7177/_framework/aspnetcore-browser-refresh.js - 200 16501 application/javascript; charset=utf-8 54.0162ms
2026-01-07 15:27:12.000 -05:00 [INF] Request finished HTTP/2 GET https://localhost:7177/_vs/browserLink - 200 null text/javascript; charset=UTF-8 87.5143ms
2026-01-07 15:27:12.055 -05:00 [INF] Request starting HTTP/2 GET https://localhost:7177/swagger/v1/swagger.json - null null
2026-01-07 15:27:12.146 -05:00 [DBG] No candidates found for the request path '/swagger/v1/swagger.json'
2026-01-07 15:27:12.148 -05:00 [DBG] Request did not match any endpoints
2026-01-07 15:27:12.222 -05:00 [INF] Request finished HTTP/2 GET https://localhost:7177/swagger/v1/swagger.json - 200 null application/json;charset=utf-8 166.2491ms
2026-01-07 15:29:10.619 -05:00 [INF] EmailSettings cargados: SmtpServer=mail.biofx.com.ec, SmtpPort=465, SenderEmail=info@biofx.com.ec, EnableSsl=true
2026-01-07 15:29:11.595 -05:00 [ERR] AccountMaintenance: error adquiriendo lock o conectando a SQL. Se reintentará en el próximo tick.
System.Data.SqlClient.SqlException (0x80131904): The DELETE permission was denied on the object 'EmailVerificationTokens', database 'BioFXBD', schema 'dbo'.
   at System.Data.SqlClient.SqlConnection.OnError(SqlException exception, Boolean breakConnection, Action`1 wrapCloseInAction)
   at System.Data.SqlClient.SqlInternalConnection.OnError(SqlException exception, Boolean breakConnection, Action`1 wrapCloseInAction)
   at System.Data.SqlClient.TdsParser.ThrowExceptionAndWarning(TdsParserStateObject stateObj, Boolean callerHasConnectionLock, Boolean asyncClose)
   at System.Data.SqlClient.TdsParser.TryRun(RunBehavior runBehavior, SqlCommand cmdHandler, SqlDataReader dataStream, BulkCopySimpleResultSet bulkCopyHandler, TdsParserStateObject stateObj, Boolean& dataReady)
   at System.Data.SqlClient.SqlCommand.FinishExecuteReader(SqlDataReader ds, RunBehavior runBehavior, String resetOptionsString)
   at System.Data.SqlClient.SqlCommand.CompleteAsyncExecuteReader()
   at System.Data.SqlClient.SqlCommand.EndExecuteNonQueryInternal(IAsyncResult asyncResult)
   at System.Data.SqlClient.SqlCommand.EndExecuteNonQuery(IAsyncResult asyncResult)
   at System.Threading.Tasks.TaskFactory`1.FromAsyncCoreLogic(IAsyncResult iar, Func`2 endFunction, Action`1 endAction, Task`1 promise, Boolean requiresSynchronization)
--- End of stack trace from previous location ---
   at BioFXAPI.Services.AccountMaintenanceHostedService.DeleteOldExpiredEmailTokensAsync(SqlConnection con, Int32 days, CancellationToken ct) in C:\Users\xmanc\OneDrive\Desktop\BioFXAPI-Github\BioFXAPI\BioFXAPI\Services\AccountMaintenanceHostedService.cs:line 131
   at BioFXAPI.Services.AccountMaintenanceHostedService.DeleteOldExpiredEmailTokensAsync(SqlConnection con, Int32 days, CancellationToken ct) in C:\Users\xmanc\OneDrive\Desktop\BioFXAPI-Github\BioFXAPI\BioFXAPI\Services\AccountMaintenanceHostedService.cs:line 131
   at BioFXAPI.Services.AccountMaintenanceHostedService.ExecuteAsync(CancellationToken stoppingToken) in C:\Users\xmanc\OneDrive\Desktop\BioFXAPI-Github\BioFXAPI\BioFXAPI\Services\AccountMaintenanceHostedService.cs:line 88
ClientConnectionId:f4988ae5-a328-40d6-8753-2122168de71d
Error Number:229,State:5,Class:14
2026-01-07 15:29:11.903 -05:00 [INF] PlacetoPay AutoRefresh: candidates=0 ok=0 paid=0 errors=0
2026-01-07 15:30:10.935 -05:00 [ERR] AccountMaintenance: error adquiriendo lock o conectando a SQL. Se reintentará en el próximo tick.
System.Data.SqlClient.SqlException (0x80131904): The DELETE permission was denied on the object 'EmailVerificationTokens', database 'BioFXBD', schema 'dbo'.
   at System.Data.SqlClient.SqlConnection.OnError(SqlException exception, Boolean breakConnection, Action`1 wrapCloseInAction)
   at System.Data.SqlClient.SqlInternalConnection.OnError(SqlException exception, Boolean breakConnection, Action`1 wrapCloseInAction)
   at System.Data.SqlClient.TdsParser.ThrowExceptionAndWarning(TdsParserStateObject stateObj, Boolean callerHasConnectionLock, Boolean asyncClose)
   at System.Data.SqlClient.TdsParser.TryRun(RunBehavior runBehavior, SqlCommand cmdHandler, SqlDataReader dataStream, BulkCopySimpleResultSet bulkCopyHandler, TdsParserStateObject stateObj, Boolean& dataReady)
   at System.Data.SqlClient.SqlCommand.FinishExecuteReader(SqlDataReader ds, RunBehavior runBehavior, String resetOptionsString)
   at System.Data.SqlClient.SqlCommand.CompleteAsyncExecuteReader()
   at System.Data.SqlClient.SqlCommand.EndExecuteNonQueryInternal(IAsyncResult asyncResult)
   at System.Data.SqlClient.SqlCommand.EndExecuteNonQuery(IAsyncResult asyncResult)
   at System.Threading.Tasks.TaskFactory`1.FromAsyncCoreLogic(IAsyncResult iar, Func`2 endFunction, Action`1 endAction, Task`1 promise, Boolean requiresSynchronization)
--- End of stack trace from previous location ---
   at BioFXAPI.Services.AccountMaintenanceHostedService.DeleteOldExpiredEmailTokensAsync(SqlConnection con, Int32 days, CancellationToken ct) in C:\Users\xmanc\OneDrive\Desktop\BioFXAPI-Github\BioFXAPI\BioFXAPI\Services\AccountMaintenanceHostedService.cs:line 131
   at BioFXAPI.Services.AccountMaintenanceHostedService.DeleteOldExpiredEmailTokensAsync(SqlConnection con, Int32 days, CancellationToken ct) in C:\Users\xmanc\OneDrive\Desktop\BioFXAPI-Github\BioFXAPI\BioFXAPI\Services\AccountMaintenanceHostedService.cs:line 131
   at BioFXAPI.Services.AccountMaintenanceHostedService.ExecuteAsync(CancellationToken stoppingToken) in C:\Users\xmanc\OneDrive\Desktop\BioFXAPI-Github\BioFXAPI\BioFXAPI\Services\AccountMaintenanceHostedService.cs:line 88
ClientConnectionId:78dd03f4-6e56-4cb3-a02c-2a579e3b2d53
Error Number:229,State:5,Class:14
2026-01-07 15:31:10.964 -05:00 [ERR] AccountMaintenance: error adquiriendo lock o conectando a SQL. Se reintentará en el próximo tick.
System.Data.SqlClient.SqlException (0x80131904): The DELETE permission was denied on the object 'EmailVerificationTokens', database 'BioFXBD', schema 'dbo'.
   at System.Data.SqlClient.SqlConnection.OnError(SqlException exception, Boolean breakConnection, Action`1 wrapCloseInAction)
   at System.Data.SqlClient.SqlInternalConnection.OnError(SqlException exception, Boolean breakConnection, Action`1 wrapCloseInAction)
   at System.Data.SqlClient.TdsParser.ThrowExceptionAndWarning(TdsParserStateObject stateObj, Boolean callerHasConnectionLock, Boolean asyncClose)
   at System.Data.SqlClient.TdsParser.TryRun(RunBehavior runBehavior, SqlCommand cmdHandler, SqlDataReader dataStream, BulkCopySimpleResultSet bulkCopyHandler, TdsParserStateObject stateObj, Boolean& dataReady)
   at System.Data.SqlClient.SqlCommand.FinishExecuteReader(SqlDataReader ds, RunBehavior runBehavior, String resetOptionsString)
   at System.Data.SqlClient.SqlCommand.CompleteAsyncExecuteReader()
   at System.Data.SqlClient.SqlCommand.EndExecuteNonQueryInternal(IAsyncResult asyncResult)
   at System.Data.SqlClient.SqlCommand.EndExecuteNonQuery(IAsyncResult asyncResult)
   at System.Threading.Tasks.TaskFactory`1.FromAsyncCoreLogic(IAsyncResult iar, Func`2 endFunction, Action`1 endAction, Task`1 promise, Boolean requiresSynchronization)
--- End of stack trace from previous location ---
   at BioFXAPI.Services.AccountMaintenanceHostedService.DeleteOldExpiredEmailTokensAsync(SqlConnection con, Int32 days, CancellationToken ct) in C:\Users\xmanc\OneDrive\Desktop\BioFXAPI-Github\BioFXAPI\BioFXAPI\Services\AccountMaintenanceHostedService.cs:line 131
   at BioFXAPI.Services.AccountMaintenanceHostedService.DeleteOldExpiredEmailTokensAsync(SqlConnection con, Int32 days, CancellationToken ct) in C:\Users\xmanc\OneDrive\Desktop\BioFXAPI-Github\BioFXAPI\BioFXAPI\Services\AccountMaintenanceHostedService.cs:line 131
   at BioFXAPI.Services.AccountMaintenanceHostedService.ExecuteAsync(CancellationToken stoppingToken) in C:\Users\xmanc\OneDrive\Desktop\BioFXAPI-Github\BioFXAPI\BioFXAPI\Services\AccountMaintenanceHostedService.cs:line 88
ClientConnectionId:78dd03f4-6e56-4cb3-a02c-2a579e3b2d53
Error Number:229,State:5,Class:14
2026-01-07 15:32:10.935 -05:00 [ERR] AccountMaintenance: error adquiriendo lock o conectando a SQL. Se reintentará en el próximo tick.
System.Data.SqlClient.SqlException (0x80131904): The DELETE permission was denied on the object 'EmailVerificationTokens', database 'BioFXBD', schema 'dbo'.
   at System.Data.SqlClient.SqlConnection.OnError(SqlException exception, Boolean breakConnection, Action`1 wrapCloseInAction)
   at System.Data.SqlClient.SqlInternalConnection.OnError(SqlException exception, Boolean breakConnection, Action`1 wrapCloseInAction)
   at System.Data.SqlClient.TdsParser.ThrowExceptionAndWarning(TdsParserStateObject stateObj, Boolean callerHasConnectionLock, Boolean asyncClose)
   at System.Data.SqlClient.TdsParser.TryRun(RunBehavior runBehavior, SqlCommand cmdHandler, SqlDataReader dataStream, BulkCopySimpleResultSet bulkCopyHandler, TdsParserStateObject stateObj, Boolean& dataReady)
   at System.Data.SqlClient.SqlCommand.FinishExecuteReader(SqlDataReader ds, RunBehavior runBehavior, String resetOptionsString)
   at System.Data.SqlClient.SqlCommand.CompleteAsyncExecuteReader()
   at System.Data.SqlClient.SqlCommand.EndExecuteNonQueryInternal(IAsyncResult asyncResult)
   at System.Data.SqlClient.SqlCommand.EndExecuteNonQuery(IAsyncResult asyncResult)
   at System.Threading.Tasks.TaskFactory`1.FromAsyncCoreLogic(IAsyncResult iar, Func`2 endFunction, Action`1 endAction, Task`1 promise, Boolean requiresSynchronization)
--- End of stack trace from previous location ---
   at BioFXAPI.Services.AccountMaintenanceHostedService.DeleteOldExpiredEmailTokensAsync(SqlConnection con, Int32 days, CancellationToken ct) in C:\Users\xmanc\OneDrive\Desktop\BioFXAPI-Github\BioFXAPI\BioFXAPI\Services\AccountMaintenanceHostedService.cs:line 131
   at BioFXAPI.Services.AccountMaintenanceHostedService.DeleteOldExpiredEmailTokensAsync(SqlConnection con, Int32 days, CancellationToken ct) in C:\Users\xmanc\OneDrive\Desktop\BioFXAPI-Github\BioFXAPI\BioFXAPI\Services\AccountMaintenanceHostedService.cs:line 131
   at BioFXAPI.Services.AccountMaintenanceHostedService.ExecuteAsync(CancellationToken stoppingToken) in C:\Users\xmanc\OneDrive\Desktop\BioFXAPI-Github\BioFXAPI\BioFXAPI\Services\AccountMaintenanceHostedService.cs:line 88
ClientConnectionId:78dd03f4-6e56-4cb3-a02c-2a579e3b2d53
Error Number:229,State:5,Class:14
2026-01-07 15:33:10.718 -05:00 [INF] AccountMaintenance: lock no adquirido (code=-1). Se omite el tick.
2026-01-07 15:34:10.735 -05:00 [INF] AccountMaintenance: lock no adquirido (code=-1). Se omite el tick.
2026-01-07 15:35:10.721 -05:00 [INF] AccountMaintenance: lock no adquirido (code=-1). Se omite el tick.
2026-01-07 15:36:10.928 -05:00 [ERR] AccountMaintenance: error adquiriendo lock o conectando a SQL. Se reintentará en el próximo tick.
System.Data.SqlClient.SqlException (0x80131904): The DELETE permission was denied on the object 'EmailVerificationTokens', database 'BioFXBD', schema 'dbo'.
   at System.Data.SqlClient.SqlConnection.OnError(SqlException exception, Boolean breakConnection, Action`1 wrapCloseInAction)
   at System.Data.SqlClient.SqlInternalConnection.OnError(SqlException exception, Boolean breakConnection, Action`1 wrapCloseInAction)
   at System.Data.SqlClient.TdsParser.ThrowExceptionAndWarning(TdsParserStateObject stateObj, Boolean callerHasConnectionLock, Boolean asyncClose)
   at System.Data.SqlClient.TdsParser.TryRun(RunBehavior runBehavior, SqlCommand cmdHandler, SqlDataReader dataStream, BulkCopySimpleResultSet bulkCopyHandler, TdsParserStateObject stateObj, Boolean& dataReady)
   at System.Data.SqlClient.SqlCommand.FinishExecuteReader(SqlDataReader ds, RunBehavior runBehavior, String resetOptionsString)
   at System.Data.SqlClient.SqlCommand.CompleteAsyncExecuteReader()
   at System.Data.SqlClient.SqlCommand.EndExecuteNonQueryInternal(IAsyncResult asyncResult)
   at System.Data.SqlClient.SqlCommand.EndExecuteNonQuery(IAsyncResult asyncResult)
   at System.Threading.Tasks.TaskFactory`1.FromAsyncCoreLogic(IAsyncResult iar, Func`2 endFunction, Action`1 endAction, Task`1 promise, Boolean requiresSynchronization)
--- End of stack trace from previous location ---
   at BioFXAPI.Services.AccountMaintenanceHostedService.DeleteOldExpiredEmailTokensAsync(SqlConnection con, Int32 days, CancellationToken ct) in C:\Users\xmanc\OneDrive\Desktop\BioFXAPI-Github\BioFXAPI\BioFXAPI\Services\AccountMaintenanceHostedService.cs:line 131
   at BioFXAPI.Services.AccountMaintenanceHostedService.DeleteOldExpiredEmailTokensAsync(SqlConnection con, Int32 days, CancellationToken ct) in C:\Users\xmanc\OneDrive\Desktop\BioFXAPI-Github\BioFXAPI\BioFXAPI\Services\AccountMaintenanceHostedService.cs:line 131
   at BioFXAPI.Services.AccountMaintenanceHostedService.ExecuteAsync(CancellationToken stoppingToken) in C:\Users\xmanc\OneDrive\Desktop\BioFXAPI-Github\BioFXAPI\BioFXAPI\Services\AccountMaintenanceHostedService.cs:line 88
ClientConnectionId:f4988ae5-a328-40d6-8753-2122168de71d
Error Number:229,State:5,Class:14
2026-01-07 15:37:10.931 -05:00 [ERR] AccountMaintenance: error adquiriendo lock o conectando a SQL. Se reintentará en el próximo tick.
System.Data.SqlClient.SqlException (0x80131904): The DELETE permission was denied on the object 'EmailVerificationTokens', database 'BioFXBD', schema 'dbo'.
   at System.Data.SqlClient.SqlConnection.OnError(SqlException exception, Boolean breakConnection, Action`1 wrapCloseInAction)
   at System.Data.SqlClient.SqlInternalConnection.OnError(SqlException exception, Boolean breakConnection, Action`1 wrapCloseInAction)
   at System.Data.SqlClient.TdsParser.ThrowExceptionAndWarning(TdsParserStateObject stateObj, Boolean callerHasConnectionLock, Boolean asyncClose)
   at System.Data.SqlClient.TdsParser.TryRun(RunBehavior runBehavior, SqlCommand cmdHandler, SqlDataReader dataStream, BulkCopySimpleResultSet bulkCopyHandler, TdsParserStateObject stateObj, Boolean& dataReady)
   at System.Data.SqlClient.SqlCommand.FinishExecuteReader(SqlDataReader ds, RunBehavior runBehavior, String resetOptionsString)
   at System.Data.SqlClient.SqlCommand.CompleteAsyncExecuteReader()
   at System.Data.SqlClient.SqlCommand.EndExecuteNonQueryInternal(IAsyncResult asyncResult)
   at System.Data.SqlClient.SqlCommand.EndExecuteNonQuery(IAsyncResult asyncResult)
   at System.Threading.Tasks.TaskFactory`1.FromAsyncCoreLogic(IAsyncResult iar, Func`2 endFunction, Action`1 endAction, Task`1 promise, Boolean requiresSynchronization)
--- End of stack trace from previous location ---
   at BioFXAPI.Services.AccountMaintenanceHostedService.DeleteOldExpiredEmailTokensAsync(SqlConnection con, Int32 days, CancellationToken ct) in C:\Users\xmanc\OneDrive\Desktop\BioFXAPI-Github\BioFXAPI\BioFXAPI\Services\AccountMaintenanceHostedService.cs:line 131
   at BioFXAPI.Services.AccountMaintenanceHostedService.DeleteOldExpiredEmailTokensAsync(SqlConnection con, Int32 days, CancellationToken ct) in C:\Users\xmanc\OneDrive\Desktop\BioFXAPI-Github\BioFXAPI\BioFXAPI\Services\AccountMaintenanceHostedService.cs:line 131
   at BioFXAPI.Services.AccountMaintenanceHostedService.ExecuteAsync(CancellationToken stoppingToken) in C:\Users\xmanc\OneDrive\Desktop\BioFXAPI-Github\BioFXAPI\BioFXAPI\Services\AccountMaintenanceHostedService.cs:line 88
ClientConnectionId:f4988ae5-a328-40d6-8753-2122168de71d
Error Number:229,State:5,Class:14
2026-01-07 15:38:10.933 -05:00 [ERR] AccountMaintenance: error adquiriendo lock o conectando a SQL. Se reintentará en el próximo tick.
System.Data.SqlClient.SqlException (0x80131904): The DELETE permission was denied on the object 'EmailVerificationTokens', database 'BioFXBD', schema 'dbo'.
   at System.Data.SqlClient.SqlConnection.OnError(SqlException exception, Boolean breakConnection, Action`1 wrapCloseInAction)
   at System.Data.SqlClient.SqlInternalConnection.OnError(SqlException exception, Boolean breakConnection, Action`1 wrapCloseInAction)
   at System.Data.SqlClient.TdsParser.ThrowExceptionAndWarning(TdsParserStateObject stateObj, Boolean callerHasConnectionLock, Boolean asyncClose)
   at System.Data.SqlClient.TdsParser.TryRun(RunBehavior runBehavior, SqlCommand cmdHandler, SqlDataReader dataStream, BulkCopySimpleResultSet bulkCopyHandler, TdsParserStateObject stateObj, Boolean& dataReady)
   at System.Data.SqlClient.SqlCommand.FinishExecuteReader(SqlDataReader ds, RunBehavior runBehavior, String resetOptionsString)
   at System.Data.SqlClient.SqlCommand.CompleteAsyncExecuteReader()
   at System.Data.SqlClient.SqlCommand.EndExecuteNonQueryInternal(IAsyncResult asyncResult)
   at System.Data.SqlClient.SqlCommand.EndExecuteNonQuery(IAsyncResult asyncResult)
   at System.Threading.Tasks.TaskFactory`1.FromAsyncCoreLogic(IAsyncResult iar, Func`2 endFunction, Action`1 endAction, Task`1 promise, Boolean requiresSynchronization)
--- End of stack trace from previous location ---
   at BioFXAPI.Services.AccountMaintenanceHostedService.DeleteOldExpiredEmailTokensAsync(SqlConnection con, Int32 days, CancellationToken ct) in C:\Users\xmanc\OneDrive\Desktop\BioFXAPI-Github\BioFXAPI\BioFXAPI\Services\AccountMaintenanceHostedService.cs:line 131
   at BioFXAPI.Services.AccountMaintenanceHostedService.DeleteOldExpiredEmailTokensAsync(SqlConnection con, Int32 days, CancellationToken ct) in C:\Users\xmanc\OneDrive\Desktop\BioFXAPI-Github\BioFXAPI\BioFXAPI\Services\AccountMaintenanceHostedService.cs:line 131
   at BioFXAPI.Services.AccountMaintenanceHostedService.ExecuteAsync(CancellationToken stoppingToken) in C:\Users\xmanc\OneDrive\Desktop\BioFXAPI-Github\BioFXAPI\BioFXAPI\Services\AccountMaintenanceHostedService.cs:line 88
ClientConnectionId:f4988ae5-a328-40d6-8753-2122168de71d
Error Number:229,State:5,Class:14
2026-01-07 15:39:10.933 -05:00 [ERR] AccountMaintenance: error adquiriendo lock o conectando a SQL. Se reintentará en el próximo tick.
System.Data.SqlClient.SqlException (0x80131904): The DELETE permission was denied on the object 'EmailVerificationTokens', database 'BioFXBD', schema 'dbo'.
   at System.Data.SqlClient.SqlConnection.OnError(SqlException exception, Boolean breakConnection, Action`1 wrapCloseInAction)
   at System.Data.SqlClient.SqlInternalConnection.OnError(SqlException exception, Boolean breakConnection, Action`1 wrapCloseInAction)
   at System.Data.SqlClient.TdsParser.ThrowExceptionAndWarning(TdsParserStateObject stateObj, Boolean callerHasConnectionLock, Boolean asyncClose)
   at System.Data.SqlClient.TdsParser.TryRun(RunBehavior runBehavior, SqlCommand cmdHandler, SqlDataReader dataStream, BulkCopySimpleResultSet bulkCopyHandler, TdsParserStateObject stateObj, Boolean& dataReady)
   at System.Data.SqlClient.SqlCommand.FinishExecuteReader(SqlDataReader ds, RunBehavior runBehavior, String resetOptionsString)
   at System.Data.SqlClient.SqlCommand.CompleteAsyncExecuteReader()
   at System.Data.SqlClient.SqlCommand.EndExecuteNonQueryInternal(IAsyncResult asyncResult)
   at System.Data.SqlClient.SqlCommand.EndExecuteNonQuery(IAsyncResult asyncResult)
   at System.Threading.Tasks.TaskFactory`1.FromAsyncCoreLogic(IAsyncResult iar, Func`2 endFunction, Action`1 endAction, Task`1 promise, Boolean requiresSynchronization)
--- End of stack trace from previous location ---
   at BioFXAPI.Services.AccountMaintenanceHostedService.DeleteOldExpiredEmailTokensAsync(SqlConnection con, Int32 days, CancellationToken ct) in C:\Users\xmanc\OneDrive\Desktop\BioFXAPI-Github\BioFXAPI\BioFXAPI\Services\AccountMaintenanceHostedService.cs:line 131
   at BioFXAPI.Services.AccountMaintenanceHostedService.DeleteOldExpiredEmailTokensAsync(SqlConnection con, Int32 days, CancellationToken ct) in C:\Users\xmanc\OneDrive\Desktop\BioFXAPI-Github\BioFXAPI\BioFXAPI\Services\AccountMaintenanceHostedService.cs:line 131
   at BioFXAPI.Services.AccountMaintenanceHostedService.ExecuteAsync(CancellationToken stoppingToken) in C:\Users\xmanc\OneDrive\Desktop\BioFXAPI-Github\BioFXAPI\BioFXAPI\Services\AccountMaintenanceHostedService.cs:line 88
ClientConnectionId:f4988ae5-a328-40d6-8753-2122168de71d
Error Number:229,State:5,Class:14
2026-01-07 15:40:10.939 -05:00 [ERR] AccountMaintenance: error adquiriendo lock o conectando a SQL. Se reintentará en el próximo tick.
System.Data.SqlClient.SqlException (0x80131904): The DELETE permission was denied on the object 'EmailVerificationTokens', database 'BioFXBD', schema 'dbo'.
   at System.Data.SqlClient.SqlConnection.OnError(SqlException exception, Boolean breakConnection, Action`1 wrapCloseInAction)
   at System.Data.SqlClient.SqlInternalConnection.OnError(SqlException exception, Boolean breakConnection, Action`1 wrapCloseInAction)
   at System.Data.SqlClient.TdsParser.ThrowExceptionAndWarning(TdsParserStateObject stateObj, Boolean callerHasConnectionLock, Boolean asyncClose)
   at System.Data.SqlClient.TdsParser.TryRun(RunBehavior runBehavior, SqlCommand cmdHandler, SqlDataReader dataStream, BulkCopySimpleResultSet bulkCopyHandler, TdsParserStateObject stateObj, Boolean& dataReady)
   at System.Data.SqlClient.SqlCommand.FinishExecuteReader(SqlDataReader ds, RunBehavior runBehavior, String resetOptionsString)
   at System.Data.SqlClient.SqlCommand.CompleteAsyncExecuteReader()
   at System.Data.SqlClient.SqlCommand.EndExecuteNonQueryInternal(IAsyncResult asyncResult)
   at System.Data.SqlClient.SqlCommand.EndExecuteNonQuery(IAsyncResult asyncResult)
   at System.Threading.Tasks.TaskFactory`1.FromAsyncCoreLogic(IAsyncResult iar, Func`2 endFunction, Action`1 endAction, Task`1 promise, Boolean requiresSynchronization)
--- End of stack trace from previous location ---
   at BioFXAPI.Services.AccountMaintenanceHostedService.DeleteOldExpiredEmailTokensAsync(SqlConnection con, Int32 days, CancellationToken ct) in C:\Users\xmanc\OneDrive\Desktop\BioFXAPI-Github\BioFXAPI\BioFXAPI\Services\AccountMaintenanceHostedService.cs:line 131
   at BioFXAPI.Services.AccountMaintenanceHostedService.DeleteOldExpiredEmailTokensAsync(SqlConnection con, Int32 days, CancellationToken ct) in C:\Users\xmanc\OneDrive\Desktop\BioFXAPI-Github\BioFXAPI\BioFXAPI\Services\AccountMaintenanceHostedService.cs:line 131
   at BioFXAPI.Services.AccountMaintenanceHostedService.ExecuteAsync(CancellationToken stoppingToken) in C:\Users\xmanc\OneDrive\Desktop\BioFXAPI-Github\BioFXAPI\BioFXAPI\Services\AccountMaintenanceHostedService.cs:line 88
ClientConnectionId:f4988ae5-a328-40d6-8753-2122168de71d
Error Number:229,State:5,Class:14
2026-01-07 15:41:10.936 -05:00 [ERR] AccountMaintenance: error adquiriendo lock o conectando a SQL. Se reintentará en el próximo tick.
System.Data.SqlClient.SqlException (0x80131904): The DELETE permission was denied on the object 'EmailVerificationTokens', database 'BioFXBD', schema 'dbo'.
   at System.Data.SqlClient.SqlConnection.OnError(SqlException exception, Boolean breakConnection, Action`1 wrapCloseInAction)
   at System.Data.SqlClient.SqlInternalConnection.OnError(SqlException exception, Boolean breakConnection, Action`1 wrapCloseInAction)
   at System.Data.SqlClient.TdsParser.ThrowExceptionAndWarning(TdsParserStateObject stateObj, Boolean callerHasConnectionLock, Boolean asyncClose)
   at System.Data.SqlClient.TdsParser.TryRun(RunBehavior runBehavior, SqlCommand cmdHandler, SqlDataReader dataStream, BulkCopySimpleResultSet bulkCopyHandler, TdsParserStateObject stateObj, Boolean& dataReady)
   at System.Data.SqlClient.SqlCommand.FinishExecuteReader(SqlDataReader ds, RunBehavior runBehavior, String resetOptionsString)
   at System.Data.SqlClient.SqlCommand.CompleteAsyncExecuteReader()
   at System.Data.SqlClient.SqlCommand.EndExecuteNonQueryInternal(IAsyncResult asyncResult)
   at System.Data.SqlClient.SqlCommand.EndExecuteNonQuery(IAsyncResult asyncResult)
   at System.Threading.Tasks.TaskFactory`1.FromAsyncCoreLogic(IAsyncResult iar, Func`2 endFunction, Action`1 endAction, Task`1 promise, Boolean requiresSynchronization)
--- End of stack trace from previous location ---
   at BioFXAPI.Services.AccountMaintenanceHostedService.DeleteOldExpiredEmailTokensAsync(SqlConnection con, Int32 days, CancellationToken ct) in C:\Users\xmanc\OneDrive\Desktop\BioFXAPI-Github\BioFXAPI\BioFXAPI\Services\AccountMaintenanceHostedService.cs:line 131
   at BioFXAPI.Services.AccountMaintenanceHostedService.DeleteOldExpiredEmailTokensAsync(SqlConnection con, Int32 days, CancellationToken ct) in C:\Users\xmanc\OneDrive\Desktop\BioFXAPI-Github\BioFXAPI\BioFXAPI\Services\AccountMaintenanceHostedService.cs:line 131
   at BioFXAPI.Services.AccountMaintenanceHostedService.ExecuteAsync(CancellationToken stoppingToken) in C:\Users\xmanc\OneDrive\Desktop\BioFXAPI-Github\BioFXAPI\BioFXAPI\Services\AccountMaintenanceHostedService.cs:line 88
ClientConnectionId:f4988ae5-a328-40d6-8753-2122168de71d
Error Number:229,State:5,Class:14
2026-01-07 15:43:47.456 -05:00 [DBG] Registered model binder providers, in the following order: ["Microsoft.AspNetCore.Mvc.ModelBinding.Binders.BinderTypeModelBinderProvider","Microsoft.AspNetCore.Mvc.ModelBinding.Binders.ServicesModelBinderProvider","Microsoft.AspNetCore.Mvc.ModelBinding.Binders.BodyModelBinderProvider","Microsoft.AspNetCore.Mvc.ModelBinding.Binders.HeaderModelBinderProvider","Microsoft.AspNetCore.Mvc.ModelBinding.Binders.FloatingPointTypeModelBinderProvider","Microsoft.AspNetCore.Mvc.ModelBinding.Binders.EnumTypeModelBinderProvider","Microsoft.AspNetCore.Mvc.ModelBinding.Binders.DateTimeModelBinderProvider","Microsoft.AspNetCore.Mvc.ModelBinding.Binders.SimpleTypeModelBinderProvider","Microsoft.AspNetCore.Mvc.ModelBinding.Binders.TryParseModelBinderProvider","Microsoft.AspNetCore.Mvc.ModelBinding.Binders.CancellationTokenModelBinderProvider","Microsoft.AspNetCore.Mvc.ModelBinding.Binders.ByteArrayModelBinderProvider","Microsoft.AspNetCore.Mvc.ModelBinding.Binders.FormFileModelBinderProvider","Microsoft.AspNetCore.Mvc.ModelBinding.Binders.FormCollectionModelBinderProvider","Microsoft.AspNetCore.Mvc.ModelBinding.Binders.KeyValuePairModelBinderProvider","Microsoft.AspNetCore.Mvc.ModelBinding.Binders.DictionaryModelBinderProvider","Microsoft.AspNetCore.Mvc.ModelBinding.Binders.ArrayModelBinderProvider","Microsoft.AspNetCore.Mvc.ModelBinding.Binders.CollectionModelBinderProvider","Microsoft.AspNetCore.Mvc.ModelBinding.Binders.ComplexObjectModelBinderProvider"]
2026-01-07 15:43:47.588 -05:00 [DBG] Hosting starting
2026-01-07 15:43:47.618 -05:00 [INF] User profile is available. Using 'C:\Users\xmanc\AppData\Local\ASP.NET\DataProtection-Keys' as key repository and Windows DPAPI to encrypt keys at rest.
2026-01-07 15:43:47.627 -05:00 [DBG] Reading data from file 'C:\Users\xmanc\AppData\Local\ASP.NET\DataProtection-Keys\key-3390bb48-7b52-40b9-a5cd-8587ed8f0a32.xml'.
2026-01-07 15:43:47.634 -05:00 [DBG] Reading data from file 'C:\Users\xmanc\AppData\Local\ASP.NET\DataProtection-Keys\key-a53364e5-c8f1-4abd-b63f-f57292da94bd.xml'.
2026-01-07 15:43:47.639 -05:00 [DBG] Found key {3390bb48-7b52-40b9-a5cd-8587ed8f0a32}.
2026-01-07 15:43:47.644 -05:00 [DBG] Found key {a53364e5-c8f1-4abd-b63f-f57292da94bd}.
2026-01-07 15:43:47.650 -05:00 [DBG] Considering key {a53364e5-c8f1-4abd-b63f-f57292da94bd} with expiration date 2026-03-30 22:04:56Z as default key.
2026-01-07 15:43:47.655 -05:00 [DBG] Forwarded activator type request from Microsoft.AspNetCore.DataProtection.XmlEncryption.DpapiXmlDecryptor, Microsoft.AspNetCore.DataProtection, Version=8.0.0.0, Culture=neutral, PublicKeyToken=adb9793829ddae60 to Microsoft.AspNetCore.DataProtection.XmlEncryption.DpapiXmlDecryptor, Microsoft.AspNetCore.DataProtection, Culture=neutral, PublicKeyToken=adb9793829ddae60
2026-01-07 15:43:47.660 -05:00 [DBG] Decrypting secret element using Windows DPAPI.
2026-01-07 15:43:47.664 -05:00 [DBG] Forwarded activator type request from Microsoft.AspNetCore.DataProtection.AuthenticatedEncryption.ConfigurationModel.AuthenticatedEncryptorDescriptorDeserializer, Microsoft.AspNetCore.DataProtection, Version=8.0.0.0, Culture=neutral, PublicKeyToken=adb9793829ddae60 to Microsoft.AspNetCore.DataProtection.AuthenticatedEncryption.ConfigurationModel.AuthenticatedEncryptorDescriptorDeserializer, Microsoft.AspNetCore.DataProtection, Culture=neutral, PublicKeyToken=adb9793829ddae60
2026-01-07 15:43:47.671 -05:00 [DBG] Opening CNG algorithm 'AES' from provider 'null' with chaining mode CBC.
2026-01-07 15:43:47.678 -05:00 [DBG] Opening CNG algorithm 'SHA256' from provider 'null' with HMAC.
2026-01-07 15:43:47.684 -05:00 [DBG] Using key {a53364e5-c8f1-4abd-b63f-f57292da94bd} as the default key.
2026-01-07 15:43:47.686 -05:00 [DBG] Key ring with default key {a53364e5-c8f1-4abd-b63f-f57292da94bd} was loaded during application startup.
2026-01-07 15:43:47.710 -05:00 [DBG] Middleware loaded
2026-01-07 15:43:47.713 -05:00 [DBG] Middleware loaded. Script /_framework/aspnetcore-browser-refresh.js (16501 B).
2026-01-07 15:43:47.715 -05:00 [DBG] Middleware loaded. Script /_framework/blazor-hotreload.js (799 B).
2026-01-07 15:43:47.789 -05:00 [DBG] Middleware loaded: DOTNET_MODIFIABLE_ASSEMBLIES=null, __ASPNETCORE_BROWSER_TOOLS=true
2026-01-07 15:43:47.877 -05:00 [INF] Now listening on: https://localhost:7177
2026-01-07 15:43:47.879 -05:00 [INF] Now listening on: http://localhost:5160
2026-01-07 15:43:47.881 -05:00 [DBG] Loaded hosting startup assembly BioFXAPI
2026-01-07 15:43:47.883 -05:00 [DBG] Loaded hosting startup assembly Microsoft.WebTools.ApiEndpointDiscovery
2026-01-07 15:43:47.884 -05:00 [DBG] Loaded hosting startup assembly Microsoft.AspNetCore.Watch.BrowserRefresh
2026-01-07 15:43:47.885 -05:00 [DBG] Loaded hosting startup assembly Microsoft.WebTools.BrowserLink.Net
2026-01-07 15:43:47.945 -05:00 [DBG] Connection id "0HNIE5LQIMJS4" received FIN.
2026-01-07 15:43:47.945 -05:00 [DBG] Connection id "0HNIE5LQIMJS3" received FIN.
2026-01-07 15:43:47.959 -05:00 [DBG] Connection id "0HNIE5LQIMJS4" accepted.
2026-01-07 15:43:47.959 -05:00 [DBG] Connection id "0HNIE5LQIMJS3" accepted.
2026-01-07 15:43:47.963 -05:00 [INF] Application started. Press Ctrl+C to shut down.
2026-01-07 15:43:47.988 -05:00 [DBG] Connection id "0HNIE5LQIMJS3" started.
2026-01-07 15:43:47.969 -05:00 [DBG] Connection id "0HNIE5LQIMJS4" started.
2026-01-07 15:43:48.002 -05:00 [INF] Hosting environment: Development
2026-01-07 15:43:48.014 -05:00 [INF] Content root path: C:\Users\xmanc\OneDrive\Desktop\BioFXAPI-Github\BioFXAPI\BioFXAPI
2026-01-07 15:43:48.016 -05:00 [DBG] Hosting started
2026-01-07 15:43:48.019 -05:00 [DBG] Failed to authenticate HTTPS connection.
System.IO.IOException: Received an unexpected EOF or 0 bytes from the transport stream.
   at System.Net.Security.SslStream.ReceiveHandshakeFrameAsync[TIOAdapter](CancellationToken cancellationToken)
   at System.Net.Security.SslStream.ForceAuthenticationAsync[TIOAdapter](Boolean receiveFirst, Byte[] reAuthenticationData, CancellationToken cancellationToken)
   at System.Net.Security.SslStream.ProcessAuthenticationWithTelemetryAsync(Boolean isAsync, CancellationToken cancellationToken)
   at Microsoft.AspNetCore.Server.Kestrel.Https.Internal.HttpsConnectionMiddleware.OnConnectionAsync(ConnectionContext context)
2026-01-07 15:43:48.019 -05:00 [DBG] Failed to authenticate HTTPS connection.
System.IO.IOException: Received an unexpected EOF or 0 bytes from the transport stream.
   at System.Net.Security.SslStream.ReceiveHandshakeFrameAsync[TIOAdapter](CancellationToken cancellationToken)
   at System.Net.Security.SslStream.ForceAuthenticationAsync[TIOAdapter](Boolean receiveFirst, Byte[] reAuthenticationData, CancellationToken cancellationToken)
   at System.Net.Security.SslStream.ProcessAuthenticationWithTelemetryAsync(Boolean isAsync, CancellationToken cancellationToken)
   at Microsoft.AspNetCore.Server.Kestrel.Https.Internal.HttpsConnectionMiddleware.OnConnectionAsync(ConnectionContext context)
2026-01-07 15:43:48.050 -05:00 [DBG] Connection id "0HNIE5LQIMJS3" stopped.
2026-01-07 15:43:48.050 -05:00 [DBG] Connection id "0HNIE5LQIMJS4" stopped.
2026-01-07 15:43:48.055 -05:00 [DBG] Connection id "0HNIE5LQIMJS3" sending FIN because: "The Socket transport's send loop completed gracefully."
2026-01-07 15:43:48.055 -05:00 [DBG] Connection id "0HNIE5LQIMJS4" sending FIN because: "The Socket transport's send loop completed gracefully."
2026-01-07 15:43:48.167 -05:00 [DBG] Connection id "0HNIE5LQIMJS5" accepted.
2026-01-07 15:43:48.169 -05:00 [DBG] Connection id "0HNIE5LQIMJS5" started.
2026-01-07 15:43:48.206 -05:00 [DBG] Connection 0HNIE5LQIMJS5 established using the following protocol: "Tls13"
2026-01-07 15:43:48.438 -05:00 [INF] Request starting HTTP/2 GET https://localhost:7177/swagger/index.html - null null
2026-01-07 15:43:48.666 -05:00 [DBG] Wildcard detected, all requests with hosts will be allowed.
2026-01-07 15:43:48.715 -05:00 [DBG] No candidates found for the request path '/swagger/index.html'
2026-01-07 15:43:48.732 -05:00 [DBG] Request did not match any endpoints
2026-01-07 15:43:48.801 -05:00 [DBG] Response markup is scheduled to include Browser Link script injection.
2026-01-07 15:43:48.895 -05:00 [DBG] Response markup is scheduled to include browser refresh script injection.
2026-01-07 15:43:48.986 -05:00 [DBG] Response markup was updated to include Browser Link script injection.
2026-01-07 15:43:49.039 -05:00 [DBG] Response markup was updated to include browser refresh script injection.
2026-01-07 15:43:49.088 -05:00 [INF] Request finished HTTP/2 GET https://localhost:7177/swagger/index.html - 200 null text/html;charset=utf-8 664.4736ms
2026-01-07 15:43:49.199 -05:00 [INF] Request starting HTTP/2 GET https://localhost:7177/_vs/browserLink - null null
2026-01-07 15:43:49.199 -05:00 [INF] Request starting HTTP/2 GET https://localhost:7177/_framework/aspnetcore-browser-refresh.js - null null
2026-01-07 15:43:49.239 -05:00 [DBG] Script injected: /_framework/aspnetcore-browser-refresh.js
2026-01-07 15:43:49.241 -05:00 [INF] Request finished HTTP/2 GET https://localhost:7177/_framework/aspnetcore-browser-refresh.js - 200 16501 application/javascript; charset=utf-8 42.5405ms
2026-01-07 15:43:49.262 -05:00 [INF] Request finished HTTP/2 GET https://localhost:7177/_vs/browserLink - 200 null text/javascript; charset=UTF-8 64.0896ms
2026-01-07 15:43:49.330 -05:00 [INF] Request starting HTTP/2 GET https://localhost:7177/swagger/v1/swagger.json - null null
2026-01-07 15:43:49.335 -05:00 [DBG] No candidates found for the request path '/swagger/v1/swagger.json'
2026-01-07 15:43:49.336 -05:00 [DBG] Request did not match any endpoints
2026-01-07 15:43:49.366 -05:00 [INF] Request finished HTTP/2 GET https://localhost:7177/swagger/v1/swagger.json - 200 null application/json;charset=utf-8 36.4449ms
2026-01-07 15:45:47.709 -05:00 [INF] EmailSettings cargados: SmtpServer=mail.biofx.com.ec, SmtpPort=465, SenderEmail=info@biofx.com.ec, EnableSsl=true
2026-01-07 15:45:48.668 -05:00 [INF] AccountMaintenance: disabledUsers=0 deletedExpiredTokens=2 (disableAfterDays=7, deleteTokensAfterDays=30)
2026-01-07 15:45:48.845 -05:00 [INF] PlacetoPay AutoRefresh: lock no adquirido (code=-1). Se omite el tick.
