2025-11-11 00:01:05.096 -05:00 [DBG] Registered model binder providers, in the following order: ["Microsoft.AspNetCore.Mvc.ModelBinding.Binders.BinderTypeModelBinderProvider","Microsoft.AspNetCore.Mvc.ModelBinding.Binders.ServicesModelBinderProvider","Microsoft.AspNetCore.Mvc.ModelBinding.Binders.BodyModelBinderProvider","Microsoft.AspNetCore.Mvc.ModelBinding.Binders.HeaderModelBinderProvider","Microsoft.AspNetCore.Mvc.ModelBinding.Binders.FloatingPointTypeModelBinderProvider","Microsoft.AspNetCore.Mvc.ModelBinding.Binders.EnumTypeModelBinderProvider","Microsoft.AspNetCore.Mvc.ModelBinding.Binders.DateTimeModelBinderProvider","Microsoft.AspNetCore.Mvc.ModelBinding.Binders.SimpleTypeModelBinderProvider","Microsoft.AspNetCore.Mvc.ModelBinding.Binders.TryParseModelBinderProvider","Microsoft.AspNetCore.Mvc.ModelBinding.Binders.CancellationTokenModelBinderProvider","Microsoft.AspNetCore.Mvc.ModelBinding.Binders.ByteArrayModelBinderProvider","Microsoft.AspNetCore.Mvc.ModelBinding.Binders.FormFileModelBinderProvider","Microsoft.AspNetCore.Mvc.ModelBinding.Binders.FormCollectionModelBinderProvider","Microsoft.AspNetCore.Mvc.ModelBinding.Binders.KeyValuePairModelBinderProvider","Microsoft.AspNetCore.Mvc.ModelBinding.Binders.DictionaryModelBinderProvider","Microsoft.AspNetCore.Mvc.ModelBinding.Binders.ArrayModelBinderProvider","Microsoft.AspNetCore.Mvc.ModelBinding.Binders.CollectionModelBinderProvider","Microsoft.AspNetCore.Mvc.ModelBinding.Binders.ComplexObjectModelBinderProvider"]
2025-11-11 00:01:05.218 -05:00 [DBG] Hosting starting
2025-11-11 00:01:05.242 -05:00 [INF] User profile is available. Using 'C:\Users\xmanc\AppData\Local\ASP.NET\DataProtection-Keys' as key repository and Windows DPAPI to encrypt keys at rest.
2025-11-11 00:01:05.258 -05:00 [DBG] Reading data from file 'C:\Users\xmanc\AppData\Local\ASP.NET\DataProtection-Keys\key-3390bb48-7b52-40b9-a5cd-8587ed8f0a32.xml'.
2025-11-11 00:01:05.266 -05:00 [DBG] Found key {3390bb48-7b52-40b9-a5cd-8587ed8f0a32}.
2025-11-11 00:01:05.274 -05:00 [DBG] Considering key {3390bb48-7b52-40b9-a5cd-8587ed8f0a32} with expiration date 2025-12-03 18:54:05Z as default key.
2025-11-11 00:01:05.278 -05:00 [DBG] Forwarded activator type request from Microsoft.AspNetCore.DataProtection.XmlEncryption.DpapiXmlDecryptor, Microsoft.AspNetCore.DataProtection, Version=8.0.0.0, Culture=neutral, PublicKeyToken=adb9793829ddae60 to Microsoft.AspNetCore.DataProtection.XmlEncryption.DpapiXmlDecryptor, Microsoft.AspNetCore.DataProtection, Culture=neutral, PublicKeyToken=adb9793829ddae60
2025-11-11 00:01:05.281 -05:00 [DBG] Decrypting secret element using Windows DPAPI.
2025-11-11 00:01:05.283 -05:00 [DBG] Forwarded activator type request from Microsoft.AspNetCore.DataProtection.AuthenticatedEncryption.ConfigurationModel.AuthenticatedEncryptorDescriptorDeserializer, Microsoft.AspNetCore.DataProtection, Version=8.0.0.0, Culture=neutral, PublicKeyToken=adb9793829ddae60 to Microsoft.AspNetCore.DataProtection.AuthenticatedEncryption.ConfigurationModel.AuthenticatedEncryptorDescriptorDeserializer, Microsoft.AspNetCore.DataProtection, Culture=neutral, PublicKeyToken=adb9793829ddae60
2025-11-11 00:01:05.289 -05:00 [DBG] Opening CNG algorithm 'AES' from provider 'null' with chaining mode CBC.
2025-11-11 00:01:05.297 -05:00 [DBG] Opening CNG algorithm 'SHA256' from provider 'null' with HMAC.
2025-11-11 00:01:05.303 -05:00 [DBG] Using key {3390bb48-7b52-40b9-a5cd-8587ed8f0a32} as the default key.
2025-11-11 00:01:05.305 -05:00 [DBG] Key ring with default key {3390bb48-7b52-40b9-a5cd-8587ed8f0a32} was loaded during application startup.
2025-11-11 00:01:05.312 -05:00 [DBG] Middleware loaded
2025-11-11 00:01:05.315 -05:00 [DBG] Middleware loaded. Script /_framework/aspnetcore-browser-refresh.js (16501 B).
2025-11-11 00:01:05.317 -05:00 [DBG] Middleware loaded. Script /_framework/blazor-hotreload.js (799 B).
2025-11-11 00:01:05.378 -05:00 [DBG] Middleware loaded: DOTNET_MODIFIABLE_ASSEMBLIES=null, __ASPNETCORE_BROWSER_TOOLS=true
2025-11-11 00:01:05.464 -05:00 [INF] Now listening on: https://localhost:7177
2025-11-11 00:01:05.466 -05:00 [INF] Now listening on: http://localhost:5160
2025-11-11 00:01:05.467 -05:00 [DBG] Loaded hosting startup assembly BioFXAPI
2025-11-11 00:01:05.469 -05:00 [DBG] Loaded hosting startup assembly Microsoft.WebTools.ApiEndpointDiscovery
2025-11-11 00:01:05.470 -05:00 [DBG] Loaded hosting startup assembly Microsoft.AspNetCore.Watch.BrowserRefresh
2025-11-11 00:01:05.471 -05:00 [DBG] Loaded hosting startup assembly Microsoft.WebTools.BrowserLink.Net
2025-11-11 00:01:05.572 -05:00 [INF] Application started. Press Ctrl+C to shut down.
2025-11-11 00:01:05.573 -05:00 [INF] Hosting environment: Development
2025-11-11 00:01:05.575 -05:00 [INF] Content root path: C:\Users\xmanc\OneDrive\Desktop\BioFXAPI-Github\BioFXAPI\BioFXAPI
2025-11-11 00:01:05.576 -05:00 [DBG] Hosting started
2025-11-11 00:01:05.760 -05:00 [DBG] Connection id "0HNH0RT8UU02J" accepted.
2025-11-11 00:01:05.760 -05:00 [DBG] Connection id "0HNH0RT8UU02K" accepted.
2025-11-11 00:01:05.763 -05:00 [DBG] Connection id "0HNH0RT8UU02J" started.
2025-11-11 00:01:05.765 -05:00 [DBG] Connection id "0HNH0RT8UU02K" started.
2025-11-11 00:01:05.784 -05:00 [DBG] Connection id "0HNH0RT8UU02K" received FIN.
2025-11-11 00:01:05.784 -05:00 [DBG] Connection id "0HNH0RT8UU02J" received FIN.
2025-11-11 00:01:05.793 -05:00 [DBG] Failed to authenticate HTTPS connection.
System.IO.IOException: Received an unexpected EOF or 0 bytes from the transport stream.
   at System.Net.Security.SslStream.ReceiveHandshakeFrameAsync[TIOAdapter](CancellationToken cancellationToken)
   at System.Net.Security.SslStream.ForceAuthenticationAsync[TIOAdapter](Boolean receiveFirst, Byte[] reAuthenticationData, CancellationToken cancellationToken)
   at System.Net.Security.SslStream.ProcessAuthenticationWithTelemetryAsync(Boolean isAsync, CancellationToken cancellationToken)
   at Microsoft.AspNetCore.Server.Kestrel.Https.Internal.HttpsConnectionMiddleware.OnConnectionAsync(ConnectionContext context)
2025-11-11 00:01:05.793 -05:00 [DBG] Failed to authenticate HTTPS connection.
System.IO.IOException: Received an unexpected EOF or 0 bytes from the transport stream.
   at System.Net.Security.SslStream.ReceiveHandshakeFrameAsync[TIOAdapter](CancellationToken cancellationToken)
   at System.Net.Security.SslStream.ForceAuthenticationAsync[TIOAdapter](Boolean receiveFirst, Byte[] reAuthenticationData, CancellationToken cancellationToken)
   at System.Net.Security.SslStream.ProcessAuthenticationWithTelemetryAsync(Boolean isAsync, CancellationToken cancellationToken)
   at Microsoft.AspNetCore.Server.Kestrel.Https.Internal.HttpsConnectionMiddleware.OnConnectionAsync(ConnectionContext context)
2025-11-11 00:01:05.818 -05:00 [DBG] Connection id "0HNH0RT8UU02K" stopped.
2025-11-11 00:01:05.818 -05:00 [DBG] Connection id "0HNH0RT8UU02J" stopped.
2025-11-11 00:01:05.822 -05:00 [DBG] Connection id "0HNH0RT8UU02J" sending FIN because: "The Socket transport's send loop completed gracefully."
2025-11-11 00:01:05.822 -05:00 [DBG] Connection id "0HNH0RT8UU02K" sending FIN because: "The Socket transport's send loop completed gracefully."
2025-11-11 00:01:06.012 -05:00 [DBG] Connection id "0HNH0RT8UU02L" accepted.
2025-11-11 00:01:06.015 -05:00 [DBG] Connection id "0HNH0RT8UU02L" started.
2025-11-11 00:01:06.093 -05:00 [DBG] Connection 0HNH0RT8UU02L established using the following protocol: "Tls13"
2025-11-11 00:01:06.239 -05:00 [INF] Request starting HTTP/2 GET https://localhost:7177/swagger/index.html - null null
2025-11-11 00:01:06.338 -05:00 [DBG] Wildcard detected, all requests with hosts will be allowed.
2025-11-11 00:01:06.367 -05:00 [DBG] No candidates found for the request path '/swagger/index.html'
2025-11-11 00:01:06.370 -05:00 [DBG] Request did not match any endpoints
2025-11-11 00:01:06.425 -05:00 [DBG] Response markup is scheduled to include Browser Link script injection.
2025-11-11 00:01:06.428 -05:00 [DBG] Response markup is scheduled to include browser refresh script injection.
2025-11-11 00:01:06.444 -05:00 [DBG] Response markup was updated to include Browser Link script injection.
2025-11-11 00:01:06.446 -05:00 [DBG] Response markup was updated to include browser refresh script injection.
2025-11-11 00:01:06.449 -05:00 [INF] Request finished HTTP/2 GET https://localhost:7177/swagger/index.html - 200 null text/html;charset=utf-8 219.3206ms
2025-11-11 00:01:06.516 -05:00 [INF] Request starting HTTP/2 GET https://localhost:7177/_vs/browserLink - null null
2025-11-11 00:01:06.516 -05:00 [INF] Request starting HTTP/2 GET https://localhost:7177/_framework/aspnetcore-browser-refresh.js - null null
2025-11-11 00:01:06.551 -05:00 [DBG] Script injected: /_framework/aspnetcore-browser-refresh.js
2025-11-11 00:01:06.553 -05:00 [INF] Request finished HTTP/2 GET https://localhost:7177/_framework/aspnetcore-browser-refresh.js - 200 16501 application/javascript; charset=utf-8 37.1627ms
2025-11-11 00:01:06.574 -05:00 [INF] Request finished HTTP/2 GET https://localhost:7177/_vs/browserLink - 200 null text/javascript; charset=UTF-8 58.202ms
2025-11-11 00:01:06.633 -05:00 [INF] Request starting HTTP/2 GET https://localhost:7177/swagger/v1/swagger.json - null null
2025-11-11 00:01:06.641 -05:00 [DBG] No candidates found for the request path '/swagger/v1/swagger.json'
2025-11-11 00:01:06.644 -05:00 [DBG] Request did not match any endpoints
2025-11-11 00:01:06.668 -05:00 [INF] Request finished HTTP/2 GET https://localhost:7177/swagger/v1/swagger.json - 200 null application/json;charset=utf-8 35.3367ms
