2025-11-20 18:08:01.980 -05:00 [DBG] Registered model binder providers, in the following order: ["Microsoft.AspNetCore.Mvc.ModelBinding.Binders.BinderTypeModelBinderProvider","Microsoft.AspNetCore.Mvc.ModelBinding.Binders.ServicesModelBinderProvider","Microsoft.AspNetCore.Mvc.ModelBinding.Binders.BodyModelBinderProvider","Microsoft.AspNetCore.Mvc.ModelBinding.Binders.HeaderModelBinderProvider","Microsoft.AspNetCore.Mvc.ModelBinding.Binders.FloatingPointTypeModelBinderProvider","Microsoft.AspNetCore.Mvc.ModelBinding.Binders.EnumTypeModelBinderProvider","Microsoft.AspNetCore.Mvc.ModelBinding.Binders.DateTimeModelBinderProvider","Microsoft.AspNetCore.Mvc.ModelBinding.Binders.SimpleTypeModelBinderProvider","Microsoft.AspNetCore.Mvc.ModelBinding.Binders.TryParseModelBinderProvider","Microsoft.AspNetCore.Mvc.ModelBinding.Binders.CancellationTokenModelBinderProvider","Microsoft.AspNetCore.Mvc.ModelBinding.Binders.ByteArrayModelBinderProvider","Microsoft.AspNetCore.Mvc.ModelBinding.Binders.FormFileModelBinderProvider","Microsoft.AspNetCore.Mvc.ModelBinding.Binders.FormCollectionModelBinderProvider","Microsoft.AspNetCore.Mvc.ModelBinding.Binders.KeyValuePairModelBinderProvider","Microsoft.AspNetCore.Mvc.ModelBinding.Binders.DictionaryModelBinderProvider","Microsoft.AspNetCore.Mvc.ModelBinding.Binders.ArrayModelBinderProvider","Microsoft.AspNetCore.Mvc.ModelBinding.Binders.CollectionModelBinderProvider","Microsoft.AspNetCore.Mvc.ModelBinding.Binders.ComplexObjectModelBinderProvider"]
2025-11-20 18:08:02.501 -05:00 [DBG] Hosting starting
2025-11-20 18:08:02.550 -05:00 [INF] User profile is available. Using 'C:\Users\xmanc\AppData\Local\ASP.NET\DataProtection-Keys' as key repository and Windows DPAPI to encrypt keys at rest.
2025-11-20 18:08:02.560 -05:00 [DBG] Reading data from file 'C:\Users\xmanc\AppData\Local\ASP.NET\DataProtection-Keys\key-3390bb48-7b52-40b9-a5cd-8587ed8f0a32.xml'.
2025-11-20 18:08:02.617 -05:00 [DBG] Found key {3390bb48-7b52-40b9-a5cd-8587ed8f0a32}.
2025-11-20 18:08:02.629 -05:00 [DBG] Considering key {3390bb48-7b52-40b9-a5cd-8587ed8f0a32} with expiration date 2025-12-03 18:54:05Z as default key.
2025-11-20 18:08:02.635 -05:00 [DBG] Forwarded activator type request from Microsoft.AspNetCore.DataProtection.XmlEncryption.DpapiXmlDecryptor, Microsoft.AspNetCore.DataProtection, Version=8.0.0.0, Culture=neutral, PublicKeyToken=adb9793829ddae60 to Microsoft.AspNetCore.DataProtection.XmlEncryption.DpapiXmlDecryptor, Microsoft.AspNetCore.DataProtection, Culture=neutral, PublicKeyToken=adb9793829ddae60
2025-11-20 18:08:02.638 -05:00 [DBG] Decrypting secret element using Windows DPAPI.
2025-11-20 18:08:02.639 -05:00 [DBG] Forwarded activator type request from Microsoft.AspNetCore.DataProtection.AuthenticatedEncryption.ConfigurationModel.AuthenticatedEncryptorDescriptorDeserializer, Microsoft.AspNetCore.DataProtection, Version=8.0.0.0, Culture=neutral, PublicKeyToken=adb9793829ddae60 to Microsoft.AspNetCore.DataProtection.AuthenticatedEncryption.ConfigurationModel.AuthenticatedEncryptorDescriptorDeserializer, Microsoft.AspNetCore.DataProtection, Culture=neutral, PublicKeyToken=adb9793829ddae60
2025-11-20 18:08:02.643 -05:00 [DBG] Opening CNG algorithm 'AES' from provider 'null' with chaining mode CBC.
2025-11-20 18:08:02.648 -05:00 [DBG] Opening CNG algorithm 'SHA256' from provider 'null' with HMAC.
2025-11-20 18:08:02.652 -05:00 [DBG] Using key {3390bb48-7b52-40b9-a5cd-8587ed8f0a32} as the default key.
2025-11-20 18:08:02.654 -05:00 [DBG] Key ring with default key {3390bb48-7b52-40b9-a5cd-8587ed8f0a32} was loaded during application startup.
2025-11-20 18:08:02.663 -05:00 [DBG] Middleware loaded
2025-11-20 18:08:02.665 -05:00 [DBG] Middleware loaded. Script /_framework/aspnetcore-browser-refresh.js (16501 B).
2025-11-20 18:08:02.666 -05:00 [DBG] Middleware loaded. Script /_framework/blazor-hotreload.js (799 B).
2025-11-20 18:08:02.777 -05:00 [DBG] Middleware loaded: DOTNET_MODIFIABLE_ASSEMBLIES=null, __ASPNETCORE_BROWSER_TOOLS=true
2025-11-20 18:08:02.896 -05:00 [INF] Now listening on: https://localhost:7177
2025-11-20 18:08:02.897 -05:00 [INF] Now listening on: http://localhost:5160
2025-11-20 18:08:02.899 -05:00 [DBG] Loaded hosting startup assembly BioFXAPI
2025-11-20 18:08:02.899 -05:00 [DBG] Loaded hosting startup assembly Microsoft.WebTools.ApiEndpointDiscovery
2025-11-20 18:08:02.900 -05:00 [DBG] Loaded hosting startup assembly Microsoft.AspNetCore.Watch.BrowserRefresh
2025-11-20 18:08:02.901 -05:00 [DBG] Loaded hosting startup assembly Microsoft.WebTools.BrowserLink.Net
2025-11-20 18:08:02.994 -05:00 [INF] Application started. Press Ctrl+C to shut down.
2025-11-20 18:08:02.995 -05:00 [INF] Hosting environment: Development
2025-11-20 18:08:02.996 -05:00 [INF] Content root path: C:\Users\xmanc\OneDrive\Desktop\BioFXAPI-Github\BioFXAPI\BioFXAPI
2025-11-20 18:08:02.997 -05:00 [DBG] Hosting started
2025-11-20 18:08:03.215 -05:00 [DBG] Connection id "0HNH8H6K4HAEO" received FIN.
2025-11-20 18:08:03.225 -05:00 [DBG] Connection id "0HNH8H6K4HAEO" accepted.
2025-11-20 18:08:03.227 -05:00 [DBG] Connection id "0HNH8H6K4HAEO" started.
2025-11-20 18:08:03.249 -05:00 [DBG] Failed to authenticate HTTPS connection.
System.IO.IOException: Received an unexpected EOF or 0 bytes from the transport stream.
   at System.Net.Security.SslStream.ReceiveHandshakeFrameAsync[TIOAdapter](CancellationToken cancellationToken)
   at System.Net.Security.SslStream.ForceAuthenticationAsync[TIOAdapter](Boolean receiveFirst, Byte[] reAuthenticationData, CancellationToken cancellationToken)
   at System.Net.Security.SslStream.ProcessAuthenticationWithTelemetryAsync(Boolean isAsync, CancellationToken cancellationToken)
   at Microsoft.AspNetCore.Server.Kestrel.Https.Internal.HttpsConnectionMiddleware.OnConnectionAsync(ConnectionContext context)
2025-11-20 18:08:03.301 -05:00 [DBG] Connection id "0HNH8H6K4HAEO" stopped.
2025-11-20 18:08:03.304 -05:00 [DBG] Connection id "0HNH8H6K4HAEO" sending FIN because: "The Socket transport's send loop completed gracefully."
2025-11-20 18:08:04.011 -05:00 [DBG] Connection id "0HNH8H6K4HAEP" accepted.
2025-11-20 18:08:04.013 -05:00 [DBG] Connection id "0HNH8H6K4HAEP" started.
2025-11-20 18:08:04.113 -05:00 [DBG] Connection id "0HNH8H6K4HAEQ" accepted.
2025-11-20 18:08:04.115 -05:00 [DBG] Connection id "0HNH8H6K4HAEQ" started.
2025-11-20 18:08:04.236 -05:00 [DBG] Connection id "0HNH8H6K4HAEQ" received FIN.
2025-11-20 18:08:04.248 -05:00 [DBG] Connection 0HNH8H6K4HAEQ established using the following protocol: "Tls13"
2025-11-20 18:08:04.248 -05:00 [DBG] Connection 0HNH8H6K4HAEP established using the following protocol: "Tls13"
2025-11-20 18:08:04.279 -05:00 [DBG] Connection id "0HNH8H6K4HAEQ" is closed. The last processed stream ID was 0.
2025-11-20 18:08:04.288 -05:00 [DBG] Connection id "0HNH8H6K4HAEQ" sending FIN because: "The Socket transport's send loop completed gracefully."
2025-11-20 18:08:04.293 -05:00 [DBG] The connection queue processing loop for 0HNH8H6K4HAEQ completed.
2025-11-20 18:08:04.296 -05:00 [DBG] Connection id "0HNH8H6K4HAEQ" stopped.
2025-11-20 18:08:04.358 -05:00 [INF] Request starting HTTP/2 GET https://localhost:7177/swagger - null null
2025-11-20 18:08:04.530 -05:00 [DBG] Wildcard detected, all requests with hosts will be allowed.
2025-11-20 18:08:04.562 -05:00 [DBG] No candidates found for the request path '/swagger'
2025-11-20 18:08:04.563 -05:00 [DBG] Request did not match any endpoints
2025-11-20 18:08:04.578 -05:00 [INF] Request finished HTTP/2 GET https://localhost:7177/swagger - 301 0 null 229.4483ms
2025-11-20 18:08:04.584 -05:00 [INF] Request starting HTTP/2 GET https://localhost:7177/swagger/index.html - null null
2025-11-20 18:08:04.591 -05:00 [DBG] No candidates found for the request path '/swagger/index.html'
2025-11-20 18:08:04.592 -05:00 [DBG] Request did not match any endpoints
2025-11-20 18:08:04.652 -05:00 [DBG] Response markup is scheduled to include Browser Link script injection.
2025-11-20 18:08:04.654 -05:00 [DBG] Response markup is scheduled to include browser refresh script injection.
2025-11-20 18:08:04.675 -05:00 [DBG] Response markup was updated to include Browser Link script injection.
2025-11-20 18:08:04.677 -05:00 [DBG] Response markup was updated to include browser refresh script injection.
2025-11-20 18:08:04.678 -05:00 [INF] Request finished HTTP/2 GET https://localhost:7177/swagger/index.html - 200 null text/html;charset=utf-8 94.7832ms
2025-11-20 18:08:04.753 -05:00 [INF] Request starting HTTP/2 GET https://localhost:7177/swagger/swagger-ui.css - null null
2025-11-20 18:08:04.754 -05:00 [INF] Request starting HTTP/2 GET https://localhost:7177/_vs/browserLink - null null
2025-11-20 18:08:04.754 -05:00 [INF] Request starting HTTP/2 GET https://localhost:7177/swagger/swagger-ui-standalone-preset.js - null null
2025-11-20 18:08:04.754 -05:00 [INF] Request starting HTTP/2 GET https://localhost:7177/_framework/aspnetcore-browser-refresh.js - null null
2025-11-20 18:08:04.771 -05:00 [DBG] No candidates found for the request path '/swagger/swagger-ui-standalone-preset.js'
2025-11-20 18:08:04.754 -05:00 [INF] Request starting HTTP/2 GET https://localhost:7177/swagger/swagger-ui-bundle.js - null null
2025-11-20 18:08:04.780 -05:00 [DBG] Request did not match any endpoints
2025-11-20 18:08:04.796 -05:00 [DBG] Script injected: /_framework/aspnetcore-browser-refresh.js
2025-11-20 18:08:04.765 -05:00 [DBG] No candidates found for the request path '/swagger/swagger-ui.css'
2025-11-20 18:08:04.799 -05:00 [DBG] No candidates found for the request path '/swagger/swagger-ui-bundle.js'
2025-11-20 18:08:04.801 -05:00 [INF] Request finished HTTP/2 GET https://localhost:7177/_framework/aspnetcore-browser-refresh.js - 200 16501 application/javascript; charset=utf-8 47.9237ms
2025-11-20 18:08:04.802 -05:00 [DBG] Request did not match any endpoints
2025-11-20 18:08:04.804 -05:00 [DBG] Request did not match any endpoints
2025-11-20 18:08:04.829 -05:00 [INF] Sending file. Request path: '/swagger-ui.css'. Physical path: 'N/A'
2025-11-20 18:08:04.829 -05:00 [INF] Sending file. Request path: '/swagger-ui-standalone-preset.js'. Physical path: 'N/A'
2025-11-20 18:08:04.832 -05:00 [INF] Request finished HTTP/2 GET https://localhost:7177/swagger/swagger-ui.css - 200 152034 text/css 78.813ms
2025-11-20 18:08:04.836 -05:00 [INF] Request finished HTTP/2 GET https://localhost:7177/swagger/swagger-ui-standalone-preset.js - 200 230280 text/javascript 82.6312ms
2025-11-20 18:08:04.869 -05:00 [INF] Request finished HTTP/2 GET https://localhost:7177/_vs/browserLink - 200 null text/javascript; charset=UTF-8 114.9299ms
2025-11-20 18:08:04.882 -05:00 [INF] Sending file. Request path: '/swagger-ui-bundle.js'. Physical path: 'N/A'
2025-11-20 18:08:04.895 -05:00 [INF] Request finished HTTP/2 GET https://localhost:7177/swagger/swagger-ui-bundle.js - 200 1456926 text/javascript 142.0275ms
2025-11-20 18:08:05.117 -05:00 [INF] Request starting HTTP/2 GET https://localhost:7177/swagger/v1/swagger.json - null null
2025-11-20 18:08:05.121 -05:00 [DBG] No candidates found for the request path '/swagger/v1/swagger.json'
2025-11-20 18:08:05.122 -05:00 [DBG] Request did not match any endpoints
2025-11-20 18:08:05.142 -05:00 [INF] Request finished HTTP/2 GET https://localhost:7177/swagger/v1/swagger.json - 200 null application/json;charset=utf-8 24.8208ms
2025-11-20 18:08:13.894 -05:00 [INF] Request starting HTTP/2 GET https://localhost:7177/api/Orders/mine/history - null null
2025-11-20 18:08:13.905 -05:00 [DBG] 1 candidate(s) found for the request path '/api/Orders/mine/history'
2025-11-20 18:08:13.909 -05:00 [DBG] Endpoint 'BioFXAPI.Controllers.OrdersController.GetMyPaidOrdersHistory (BioFXAPI)' with route pattern 'api/Orders/mine/history' is valid for the request path '/api/Orders/mine/history'
2025-11-20 18:08:13.911 -05:00 [DBG] Request matched endpoint 'BioFXAPI.Controllers.OrdersController.GetMyPaidOrdersHistory (BioFXAPI)'
2025-11-20 18:08:13.913 -05:00 [DBG] Static files was skipped as the request already matched an endpoint.
2025-11-20 18:08:13.986 -05:00 [DBG] AuthenticationScheme: Bearer was not authenticated.
2025-11-20 18:08:13.990 -05:00 [DBG] Policy authentication schemes  did not succeed
2025-11-20 18:08:13.993 -05:00 [INF] Authorization failed. These requirements were not met:
DenyAnonymousAuthorizationRequirement: Requires an authenticated user.
2025-11-20 18:08:13.996 -05:00 [INF] AuthenticationScheme: Bearer was challenged.
2025-11-20 18:08:13.997 -05:00 [INF] Request finished HTTP/2 GET https://localhost:7177/api/Orders/mine/history - 401 0 null 103.8066ms
2025-11-20 18:09:19.756 -05:00 [DBG] Registered model binder providers, in the following order: ["Microsoft.AspNetCore.Mvc.ModelBinding.Binders.BinderTypeModelBinderProvider","Microsoft.AspNetCore.Mvc.ModelBinding.Binders.ServicesModelBinderProvider","Microsoft.AspNetCore.Mvc.ModelBinding.Binders.BodyModelBinderProvider","Microsoft.AspNetCore.Mvc.ModelBinding.Binders.HeaderModelBinderProvider","Microsoft.AspNetCore.Mvc.ModelBinding.Binders.FloatingPointTypeModelBinderProvider","Microsoft.AspNetCore.Mvc.ModelBinding.Binders.EnumTypeModelBinderProvider","Microsoft.AspNetCore.Mvc.ModelBinding.Binders.DateTimeModelBinderProvider","Microsoft.AspNetCore.Mvc.ModelBinding.Binders.SimpleTypeModelBinderProvider","Microsoft.AspNetCore.Mvc.ModelBinding.Binders.TryParseModelBinderProvider","Microsoft.AspNetCore.Mvc.ModelBinding.Binders.CancellationTokenModelBinderProvider","Microsoft.AspNetCore.Mvc.ModelBinding.Binders.ByteArrayModelBinderProvider","Microsoft.AspNetCore.Mvc.ModelBinding.Binders.FormFileModelBinderProvider","Microsoft.AspNetCore.Mvc.ModelBinding.Binders.FormCollectionModelBinderProvider","Microsoft.AspNetCore.Mvc.ModelBinding.Binders.KeyValuePairModelBinderProvider","Microsoft.AspNetCore.Mvc.ModelBinding.Binders.DictionaryModelBinderProvider","Microsoft.AspNetCore.Mvc.ModelBinding.Binders.ArrayModelBinderProvider","Microsoft.AspNetCore.Mvc.ModelBinding.Binders.CollectionModelBinderProvider","Microsoft.AspNetCore.Mvc.ModelBinding.Binders.ComplexObjectModelBinderProvider"]
2025-11-20 18:09:19.894 -05:00 [DBG] Hosting starting
2025-11-20 18:09:19.928 -05:00 [INF] User profile is available. Using 'C:\Users\xmanc\AppData\Local\ASP.NET\DataProtection-Keys' as key repository and Windows DPAPI to encrypt keys at rest.
2025-11-20 18:09:19.938 -05:00 [DBG] Reading data from file 'C:\Users\xmanc\AppData\Local\ASP.NET\DataProtection-Keys\key-3390bb48-7b52-40b9-a5cd-8587ed8f0a32.xml'.
2025-11-20 18:09:19.944 -05:00 [DBG] Found key {3390bb48-7b52-40b9-a5cd-8587ed8f0a32}.
2025-11-20 18:09:19.951 -05:00 [DBG] Considering key {3390bb48-7b52-40b9-a5cd-8587ed8f0a32} with expiration date 2025-12-03 18:54:05Z as default key.
2025-11-20 18:09:19.954 -05:00 [DBG] Forwarded activator type request from Microsoft.AspNetCore.DataProtection.XmlEncryption.DpapiXmlDecryptor, Microsoft.AspNetCore.DataProtection, Version=8.0.0.0, Culture=neutral, PublicKeyToken=adb9793829ddae60 to Microsoft.AspNetCore.DataProtection.XmlEncryption.DpapiXmlDecryptor, Microsoft.AspNetCore.DataProtection, Culture=neutral, PublicKeyToken=adb9793829ddae60
2025-11-20 18:09:19.957 -05:00 [DBG] Decrypting secret element using Windows DPAPI.
2025-11-20 18:09:19.959 -05:00 [DBG] Forwarded activator type request from Microsoft.AspNetCore.DataProtection.AuthenticatedEncryption.ConfigurationModel.AuthenticatedEncryptorDescriptorDeserializer, Microsoft.AspNetCore.DataProtection, Version=8.0.0.0, Culture=neutral, PublicKeyToken=adb9793829ddae60 to Microsoft.AspNetCore.DataProtection.AuthenticatedEncryption.ConfigurationModel.AuthenticatedEncryptorDescriptorDeserializer, Microsoft.AspNetCore.DataProtection, Culture=neutral, PublicKeyToken=adb9793829ddae60
2025-11-20 18:09:19.963 -05:00 [DBG] Opening CNG algorithm 'AES' from provider 'null' with chaining mode CBC.
2025-11-20 18:09:19.968 -05:00 [DBG] Opening CNG algorithm 'SHA256' from provider 'null' with HMAC.
2025-11-20 18:09:19.973 -05:00 [DBG] Using key {3390bb48-7b52-40b9-a5cd-8587ed8f0a32} as the default key.
2025-11-20 18:09:19.975 -05:00 [DBG] Key ring with default key {3390bb48-7b52-40b9-a5cd-8587ed8f0a32} was loaded during application startup.
2025-11-20 18:09:19.985 -05:00 [DBG] Middleware loaded
2025-11-20 18:09:19.986 -05:00 [DBG] Middleware loaded. Script /_framework/aspnetcore-browser-refresh.js (16501 B).
2025-11-20 18:09:19.988 -05:00 [DBG] Middleware loaded. Script /_framework/blazor-hotreload.js (799 B).
2025-11-20 18:09:20.062 -05:00 [DBG] Middleware loaded: DOTNET_MODIFIABLE_ASSEMBLIES=null, __ASPNETCORE_BROWSER_TOOLS=true
2025-11-20 18:09:20.152 -05:00 [INF] Now listening on: https://localhost:7177
2025-11-20 18:09:20.153 -05:00 [INF] Now listening on: http://localhost:5160
2025-11-20 18:09:20.154 -05:00 [DBG] Loaded hosting startup assembly BioFXAPI
2025-11-20 18:09:20.155 -05:00 [DBG] Loaded hosting startup assembly Microsoft.WebTools.ApiEndpointDiscovery
2025-11-20 18:09:20.155 -05:00 [DBG] Loaded hosting startup assembly Microsoft.AspNetCore.Watch.BrowserRefresh
2025-11-20 18:09:20.156 -05:00 [DBG] Loaded hosting startup assembly Microsoft.WebTools.BrowserLink.Net
2025-11-20 18:09:20.227 -05:00 [INF] Application started. Press Ctrl+C to shut down.
2025-11-20 18:09:20.228 -05:00 [INF] Hosting environment: Development
2025-11-20 18:09:20.229 -05:00 [INF] Content root path: C:\Users\xmanc\OneDrive\Desktop\BioFXAPI-Github\BioFXAPI\BioFXAPI
2025-11-20 18:09:20.230 -05:00 [DBG] Hosting started
2025-11-20 18:09:20.325 -05:00 [DBG] Connection id "0HNH8H7B3TGCP" accepted.
2025-11-20 18:09:20.327 -05:00 [DBG] Connection id "0HNH8H7B3TGCP" started.
2025-11-20 18:09:20.336 -05:00 [DBG] Connection id "0HNH8H7B3TGCP" received FIN.
2025-11-20 18:09:20.336 -05:00 [DBG] Connection id "0HNH8H7B3TGCQ" received FIN.
2025-11-20 18:09:20.338 -05:00 [DBG] Connection id "0HNH8H7B3TGCQ" accepted.
2025-11-20 18:09:20.339 -05:00 [DBG] Connection id "0HNH8H7B3TGCQ" started.
2025-11-20 18:09:20.343 -05:00 [DBG] Failed to authenticate HTTPS connection.
System.IO.IOException: Received an unexpected EOF or 0 bytes from the transport stream.
   at System.Net.Security.SslStream.ReceiveHandshakeFrameAsync[TIOAdapter](CancellationToken cancellationToken)
   at System.Net.Security.SslStream.ForceAuthenticationAsync[TIOAdapter](Boolean receiveFirst, Byte[] reAuthenticationData, CancellationToken cancellationToken)
   at System.Net.Security.SslStream.ProcessAuthenticationWithTelemetryAsync(Boolean isAsync, CancellationToken cancellationToken)
   at Microsoft.AspNetCore.Server.Kestrel.Https.Internal.HttpsConnectionMiddleware.OnConnectionAsync(ConnectionContext context)
2025-11-20 18:09:20.343 -05:00 [DBG] Failed to authenticate HTTPS connection.
System.IO.IOException: Received an unexpected EOF or 0 bytes from the transport stream.
   at System.Net.Security.SslStream.ReceiveHandshakeFrameAsync[TIOAdapter](CancellationToken cancellationToken)
   at System.Net.Security.SslStream.ForceAuthenticationAsync[TIOAdapter](Boolean receiveFirst, Byte[] reAuthenticationData, CancellationToken cancellationToken)
   at System.Net.Security.SslStream.ProcessAuthenticationWithTelemetryAsync(Boolean isAsync, CancellationToken cancellationToken)
   at Microsoft.AspNetCore.Server.Kestrel.Https.Internal.HttpsConnectionMiddleware.OnConnectionAsync(ConnectionContext context)
2025-11-20 18:09:20.369 -05:00 [DBG] Connection id "0HNH8H7B3TGCQ" stopped.
2025-11-20 18:09:20.369 -05:00 [DBG] Connection id "0HNH8H7B3TGCP" stopped.
2025-11-20 18:09:20.371 -05:00 [DBG] Connection id "0HNH8H7B3TGCP" sending FIN because: "The Socket transport's send loop completed gracefully."
2025-11-20 18:09:20.371 -05:00 [DBG] Connection id "0HNH8H7B3TGCQ" sending FIN because: "The Socket transport's send loop completed gracefully."
2025-11-20 18:09:20.534 -05:00 [DBG] Connection id "0HNH8H7B3TGCR" accepted.
2025-11-20 18:09:20.535 -05:00 [DBG] Connection id "0HNH8H7B3TGCR" started.
2025-11-20 18:09:20.573 -05:00 [DBG] Connection 0HNH8H7B3TGCR established using the following protocol: "Tls13"
2025-11-20 18:09:20.797 -05:00 [INF] Request starting HTTP/2 GET https://localhost:7177/swagger/index.html - null null
2025-11-20 18:09:20.956 -05:00 [DBG] Wildcard detected, all requests with hosts will be allowed.
2025-11-20 18:09:20.989 -05:00 [DBG] No candidates found for the request path '/swagger/index.html'
2025-11-20 18:09:20.991 -05:00 [DBG] Request did not match any endpoints
2025-11-20 18:09:21.064 -05:00 [DBG] Response markup is scheduled to include Browser Link script injection.
2025-11-20 18:09:21.067 -05:00 [DBG] Response markup is scheduled to include browser refresh script injection.
2025-11-20 18:09:21.084 -05:00 [DBG] Response markup was updated to include Browser Link script injection.
2025-11-20 18:09:21.087 -05:00 [DBG] Response markup was updated to include browser refresh script injection.
2025-11-20 18:09:21.098 -05:00 [INF] Request finished HTTP/2 GET https://localhost:7177/swagger/index.html - 200 null text/html;charset=utf-8 310.6075ms
2025-11-20 18:09:21.174 -05:00 [INF] Request starting HTTP/2 GET https://localhost:7177/_framework/aspnetcore-browser-refresh.js - null null
2025-11-20 18:09:21.174 -05:00 [INF] Request starting HTTP/2 GET https://localhost:7177/_vs/browserLink - null null
2025-11-20 18:09:21.185 -05:00 [DBG] Script injected: /_framework/aspnetcore-browser-refresh.js
2025-11-20 18:09:21.191 -05:00 [INF] Request finished HTTP/2 GET https://localhost:7177/_framework/aspnetcore-browser-refresh.js - 200 16501 application/javascript; charset=utf-8 17.6436ms
2025-11-20 18:09:21.222 -05:00 [INF] Request finished HTTP/2 GET https://localhost:7177/_vs/browserLink - 200 null text/javascript; charset=UTF-8 48.4895ms
2025-11-20 18:09:21.377 -05:00 [INF] Request starting HTTP/2 GET https://localhost:7177/swagger/v1/swagger.json - null null
2025-11-20 18:09:21.379 -05:00 [DBG] No candidates found for the request path '/swagger/v1/swagger.json'
2025-11-20 18:09:21.380 -05:00 [DBG] Request did not match any endpoints
2025-11-20 18:09:21.393 -05:00 [INF] Request finished HTTP/2 GET https://localhost:7177/swagger/v1/swagger.json - 200 null application/json;charset=utf-8 16.6616ms
2025-11-20 18:09:34.362 -05:00 [INF] Request starting HTTP/2 POST https://localhost:7177/api/Auth/login - application/json 69
2025-11-20 18:09:34.369 -05:00 [DBG] 1 candidate(s) found for the request path '/api/Auth/login'
2025-11-20 18:09:34.374 -05:00 [DBG] Endpoint 'BioFXAPI.Controllers.AuthController.Login (BioFXAPI)' with route pattern 'api/Auth/login' is valid for the request path '/api/Auth/login'
2025-11-20 18:09:34.376 -05:00 [DBG] Request matched endpoint 'BioFXAPI.Controllers.AuthController.Login (BioFXAPI)'
2025-11-20 18:09:34.379 -05:00 [DBG] Static files was skipped as the request already matched an endpoint.
2025-11-20 18:09:34.380 -05:00 [DBG] The request has an origin header: 'https://localhost:7177'.
2025-11-20 18:09:34.382 -05:00 [INF] CORS policy execution failed.
2025-11-20 18:09:34.383 -05:00 [INF] Request origin https://localhost:7177 does not have permission to access the resource.
2025-11-20 18:09:34.441 -05:00 [DBG] AuthenticationScheme: Bearer was not authenticated.
2025-11-20 18:09:34.446 -05:00 [INF] Executing endpoint 'BioFXAPI.Controllers.AuthController.Login (BioFXAPI)'
2025-11-20 18:09:34.480 -05:00 [INF] Route matched with {action = "Login", controller = "Auth"}. Executing controller action with signature System.Threading.Tasks.Task`1[Microsoft.AspNetCore.Mvc.IActionResult] Login(BioFXAPI.Models.LoginRequest) on controller BioFXAPI.Controllers.AuthController (BioFXAPI).
2025-11-20 18:09:34.484 -05:00 [DBG] Execution plan of authorization filters (in the following order): ["None"]
2025-11-20 18:09:34.485 -05:00 [DBG] Execution plan of resource filters (in the following order): ["None"]
2025-11-20 18:09:34.487 -05:00 [DBG] Execution plan of action filters (in the following order): ["Microsoft.AspNetCore.Mvc.ModelBinding.UnsupportedContentTypeFilter (Order: -3000)","Microsoft.AspNetCore.Mvc.Infrastructure.ModelStateInvalidFilter (Order: -2000)"]
2025-11-20 18:09:34.489 -05:00 [DBG] Execution plan of exception filters (in the following order): ["None"]
2025-11-20 18:09:34.491 -05:00 [DBG] Execution plan of result filters (in the following order): ["Microsoft.AspNetCore.Mvc.Infrastructure.ClientErrorResultFilter (Order: -2000)"]
2025-11-20 18:09:34.494 -05:00 [DBG] Executing controller factory for controller BioFXAPI.Controllers.AuthController (BioFXAPI)
2025-11-20 18:09:34.496 -05:00 [DBG] Executed controller factory for controller BioFXAPI.Controllers.AuthController (BioFXAPI)
2025-11-20 18:09:34.510 -05:00 [DBG] Attempting to bind parameter 'request' of type 'BioFXAPI.Models.LoginRequest' ...
2025-11-20 18:09:34.513 -05:00 [DBG] Attempting to bind parameter 'request' of type 'BioFXAPI.Models.LoginRequest' using the name '' in request data ...
2025-11-20 18:09:34.516 -05:00 [DBG] Selected input formatter 'Microsoft.AspNetCore.Mvc.Formatters.SystemTextJsonInputFormatter' for content type 'application/json'.
2025-11-20 18:09:34.525 -05:00 [DBG] Connection id "0HNH8H7B3TGCR", Request id "0HNH8H7B3TGCR:00000009": started reading request body.
2025-11-20 18:09:34.526 -05:00 [DBG] Connection id "0HNH8H7B3TGCR", Request id "0HNH8H7B3TGCR:00000009": done reading request body.
2025-11-20 18:09:34.538 -05:00 [DBG] JSON input formatter succeeded, deserializing to type 'BioFXAPI.Models.LoginRequest'
2025-11-20 18:09:34.539 -05:00 [DBG] Done attempting to bind parameter 'request' of type 'BioFXAPI.Models.LoginRequest'.
2025-11-20 18:09:34.540 -05:00 [DBG] Done attempting to bind parameter 'request' of type 'BioFXAPI.Models.LoginRequest'.
2025-11-20 18:09:34.542 -05:00 [DBG] Attempting to validate the bound parameter 'request' of type 'BioFXAPI.Models.LoginRequest' ...
2025-11-20 18:09:34.549 -05:00 [DBG] Done attempting to validate the bound parameter 'request' of type 'BioFXAPI.Models.LoginRequest'.
2025-11-20 18:09:35.965 -05:00 [DBG] List of registered output formatters, in the following order: ["Microsoft.AspNetCore.Mvc.Formatters.HttpNoContentOutputFormatter","Microsoft.AspNetCore.Mvc.Formatters.StringOutputFormatter","Microsoft.AspNetCore.Mvc.Formatters.StreamOutputFormatter","Microsoft.AspNetCore.Mvc.Formatters.SystemTextJsonOutputFormatter"]
2025-11-20 18:09:35.968 -05:00 [DBG] No information found on request to perform content negotiation.
2025-11-20 18:09:35.969 -05:00 [DBG] Attempting to select an output formatter without using a content type as no explicit content types were specified for the response.
2025-11-20 18:09:35.970 -05:00 [DBG] Attempting to select the first formatter in the output formatters list which can write the result.
2025-11-20 18:09:35.971 -05:00 [DBG] Selected output formatter 'Microsoft.AspNetCore.Mvc.Formatters.SystemTextJsonOutputFormatter' and content type 'application/json' to write the response.
2025-11-20 18:09:35.973 -05:00 [INF] Executing OkObjectResult, writing value of type 'BioFXAPI.Models.LoginResponse'.
2025-11-20 18:09:35.987 -05:00 [INF] Executed action BioFXAPI.Controllers.AuthController.Login (BioFXAPI) in 1490.8799ms
2025-11-20 18:09:35.988 -05:00 [INF] Executed endpoint 'BioFXAPI.Controllers.AuthController.Login (BioFXAPI)'
2025-11-20 18:09:35.991 -05:00 [INF] Request finished HTTP/2 POST https://localhost:7177/api/Auth/login - 200 null application/json; charset=utf-8 1629.9232ms
2025-11-20 18:09:56.025 -05:00 [INF] Request starting HTTP/2 GET https://localhost:7177/api/Orders/mine/history - null null
2025-11-20 18:09:56.035 -05:00 [DBG] 1 candidate(s) found for the request path '/api/Orders/mine/history'
2025-11-20 18:09:56.036 -05:00 [DBG] Endpoint 'BioFXAPI.Controllers.OrdersController.GetMyPaidOrdersHistory (BioFXAPI)' with route pattern 'api/Orders/mine/history' is valid for the request path '/api/Orders/mine/history'
2025-11-20 18:09:56.038 -05:00 [DBG] Request matched endpoint 'BioFXAPI.Controllers.OrdersController.GetMyPaidOrdersHistory (BioFXAPI)'
2025-11-20 18:09:56.039 -05:00 [DBG] Static files was skipped as the request already matched an endpoint.
2025-11-20 18:09:56.079 -05:00 [DBG] Successfully validated the token.
2025-11-20 18:09:56.081 -05:00 [DBG] AuthenticationScheme: Bearer was successfully authenticated.
2025-11-20 18:09:56.085 -05:00 [DBG] Authorization was successful.
2025-11-20 18:09:56.087 -05:00 [INF] Executing endpoint 'BioFXAPI.Controllers.OrdersController.GetMyPaidOrdersHistory (BioFXAPI)'
2025-11-20 18:09:56.093 -05:00 [INF] Route matched with {action = "GetMyPaidOrdersHistory", controller = "Orders"}. Executing controller action with signature System.Threading.Tasks.Task`1[Microsoft.AspNetCore.Mvc.IActionResult] GetMyPaidOrdersHistory() on controller BioFXAPI.Controllers.OrdersController (BioFXAPI).
2025-11-20 18:09:56.095 -05:00 [DBG] Execution plan of authorization filters (in the following order): ["None"]
2025-11-20 18:09:56.096 -05:00 [DBG] Execution plan of resource filters (in the following order): ["None"]
2025-11-20 18:09:56.098 -05:00 [DBG] Execution plan of action filters (in the following order): ["Microsoft.AspNetCore.Mvc.ModelBinding.UnsupportedContentTypeFilter (Order: -3000)","Microsoft.AspNetCore.Mvc.Infrastructure.ModelStateInvalidFilter (Order: -2000)"]
2025-11-20 18:09:56.100 -05:00 [DBG] Execution plan of exception filters (in the following order): ["None"]
2025-11-20 18:09:56.101 -05:00 [DBG] Execution plan of result filters (in the following order): ["Microsoft.AspNetCore.Mvc.Infrastructure.ClientErrorResultFilter (Order: -2000)"]
2025-11-20 18:09:56.103 -05:00 [DBG] Executing controller factory for controller BioFXAPI.Controllers.OrdersController (BioFXAPI)
2025-11-20 18:09:56.195 -05:00 [INF] EmailSettings cargados: SmtpServer=mail.biofx.com.ec, SmtpPort=465, SenderEmail=info@biofx.com.ec, EnableSsl=true
2025-11-20 18:09:56.198 -05:00 [DBG] Executed controller factory for controller BioFXAPI.Controllers.OrdersController (BioFXAPI)
2025-11-20 18:09:56.365 -05:00 [INF] Executed action BioFXAPI.Controllers.OrdersController.GetMyPaidOrdersHistory (BioFXAPI) in 261.8133ms
2025-11-20 18:09:56.367 -05:00 [INF] Executed endpoint 'BioFXAPI.Controllers.OrdersController.GetMyPaidOrdersHistory (BioFXAPI)'
2025-11-20 18:09:56.371 -05:00 [ERR] An unhandled exception has occurred while executing the request.
System.InvalidOperationException: A parameterless default constructor or one matching signature (System.Int32 OrderId, System.String OrderNumber, System.String Reference, System.Decimal TotalAmount, System.String Currency, System.String Status, System.DateTime CreatedAt, System.String DocumentType, System.String DocumentNumber, System.String AddressLine, System.String City, System.String Province, System.String PostalCode, System.String Country, System.String DoctorName, System.Int32 HasAttachment, System.String PaymentMethod, System.String PaymentMethodName, System.String IssuerName) is required for BioFXAPI.Controllers.OrdersController+OrderHistoryRow materialization
   at Dapper.SqlMapper.GenerateDeserializerFromMap(Type type, DbDataReader reader, Int32 startBound, Int32 length, Boolean returnNullIfFirstMissing, ILGenerator il) in /_/Dapper/SqlMapper.cs:line 3502
   at Dapper.SqlMapper.GetTypeDeserializerImpl(Type type, DbDataReader reader, Int32 startBound, Int32 length, Boolean returnNullIfFirstMissing) in /_/Dapper/SqlMapper.cs:line 3333
   at Dapper.SqlMapper.TypeDeserializerCache.GetReader(DbDataReader reader, Int32 startBound, Int32 length, Boolean returnNullIfFirstMissing) in /_/Dapper/SqlMapper.TypeDeserializerCache.cs:line 151
   at Dapper.SqlMapper.TypeDeserializerCache.GetReader(Type type, DbDataReader reader, Int32 startBound, Int32 length, Boolean returnNullIfFirstMissing) in /_/Dapper/SqlMapper.TypeDeserializerCache.cs:line 50
   at Dapper.SqlMapper.GetTypeDeserializer(Type type, DbDataReader reader, Int32 startBound, Int32 length, Boolean returnNullIfFirstMissing) in /_/Dapper/SqlMapper.cs:line 3287
   at Dapper.SqlMapper.GetDeserializer(Type type, DbDataReader reader, Int32 startBound, Int32 length, Boolean returnNullIfFirstMissing) in /_/Dapper/SqlMapper.cs:line 1974
   at Dapper.SqlMapper.QueryAsync[T](IDbConnection cnn, Type effectiveType, CommandDefinition command) in /_/Dapper/SqlMapper.Async.cs:line 442
   at BioFXAPI.Controllers.OrdersController.GetMyPaidOrdersHistory() in C:\Users\xmanc\OneDrive\Desktop\BioFXAPI-Github\BioFXAPI\BioFXAPI\Controllers\OrdersController.cs:line 875
   at BioFXAPI.Controllers.OrdersController.GetMyPaidOrdersHistory() in C:\Users\xmanc\OneDrive\Desktop\BioFXAPI-Github\BioFXAPI\BioFXAPI\Controllers\OrdersController.cs:line 976
   at Microsoft.AspNetCore.Mvc.Infrastructure.ActionMethodExecutor.TaskOfIActionResultExecutor.Execute(ActionContext actionContext, IActionResultTypeMapper mapper, ObjectMethodExecutor executor, Object controller, Object[] arguments)
   at Microsoft.AspNetCore.Mvc.Infrastructure.ControllerActionInvoker.<InvokeActionMethodAsync>g__Awaited|12_0(ControllerActionInvoker invoker, ValueTask`1 actionResultValueTask)
   at Microsoft.AspNetCore.Mvc.Infrastructure.ControllerActionInvoker.<InvokeNextActionFilterAsync>g__Awaited|10_0(ControllerActionInvoker invoker, Task lastTask, State next, Scope scope, Object state, Boolean isCompleted)
   at Microsoft.AspNetCore.Mvc.Infrastructure.ControllerActionInvoker.Rethrow(ActionExecutedContextSealed context)
   at Microsoft.AspNetCore.Mvc.Infrastructure.ControllerActionInvoker.Next(State& next, Scope& scope, Object& state, Boolean& isCompleted)
   at Microsoft.AspNetCore.Mvc.Infrastructure.ControllerActionInvoker.<InvokeInnerFilterAsync>g__Awaited|13_0(ControllerActionInvoker invoker, Task lastTask, State next, Scope scope, Object state, Boolean isCompleted)
   at Microsoft.AspNetCore.Mvc.Infrastructure.ResourceInvoker.<InvokeFilterPipelineAsync>g__Awaited|20_0(ResourceInvoker invoker, Task lastTask, State next, Scope scope, Object state, Boolean isCompleted)
   at Microsoft.AspNetCore.Mvc.Infrastructure.ResourceInvoker.<InvokeAsync>g__Logged|17_1(ResourceInvoker invoker)
   at Microsoft.AspNetCore.Mvc.Infrastructure.ResourceInvoker.<InvokeAsync>g__Logged|17_1(ResourceInvoker invoker)
   at Microsoft.AspNetCore.Routing.EndpointMiddleware.<Invoke>g__AwaitRequestTask|7_0(Endpoint endpoint, Task requestTask, ILogger logger)
   at Microsoft.AspNetCore.Authorization.AuthorizationMiddleware.Invoke(HttpContext context)
   at Microsoft.AspNetCore.Authentication.AuthenticationMiddleware.Invoke(HttpContext context)
   at Program.<>c.<<<Main>$>b__0_8>d.MoveNext() in C:\Users\xmanc\OneDrive\Desktop\BioFXAPI-Github\BioFXAPI\BioFXAPI\Program.cs:line 228
--- End of stack trace from previous location ---
   at Microsoft.AspNetCore.RateLimiting.RateLimitingMiddleware.InvokeInternal(HttpContext context, EnableRateLimitingAttribute enableRateLimitingAttribute)
   at Swashbuckle.AspNetCore.SwaggerUI.SwaggerUIMiddleware.Invoke(HttpContext httpContext)
   at Swashbuckle.AspNetCore.Swagger.SwaggerMiddleware.Invoke(HttpContext httpContext, ISwaggerProvider swaggerProvider)
   at Microsoft.AspNetCore.Diagnostics.DeveloperExceptionPageMiddlewareImpl.Invoke(HttpContext context)
2025-11-20 18:09:56.427 -05:00 [INF] Request finished HTTP/2 GET https://localhost:7177/api/Orders/mine/history - 500 null text/plain; charset=utf-8 404.2962ms
