2026-01-19 11:31:33.625 -05:00 [DBG] Registered model binder providers, in the following order: ["Microsoft.AspNetCore.Mvc.ModelBinding.Binders.BinderTypeModelBinderProvider","Microsoft.AspNetCore.Mvc.ModelBinding.Binders.ServicesModelBinderProvider","Microsoft.AspNetCore.Mvc.ModelBinding.Binders.BodyModelBinderProvider","Microsoft.AspNetCore.Mvc.ModelBinding.Binders.HeaderModelBinderProvider","Microsoft.AspNetCore.Mvc.ModelBinding.Binders.FloatingPointTypeModelBinderProvider","Microsoft.AspNetCore.Mvc.ModelBinding.Binders.EnumTypeModelBinderProvider","Microsoft.AspNetCore.Mvc.ModelBinding.Binders.DateTimeModelBinderProvider","Microsoft.AspNetCore.Mvc.ModelBinding.Binders.SimpleTypeModelBinderProvider","Microsoft.AspNetCore.Mvc.ModelBinding.Binders.TryParseModelBinderProvider","Microsoft.AspNetCore.Mvc.ModelBinding.Binders.CancellationTokenModelBinderProvider","Microsoft.AspNetCore.Mvc.ModelBinding.Binders.ByteArrayModelBinderProvider","Microsoft.AspNetCore.Mvc.ModelBinding.Binders.FormFileModelBinderProvider","Microsoft.AspNetCore.Mvc.ModelBinding.Binders.FormCollectionModelBinderProvider","Microsoft.AspNetCore.Mvc.ModelBinding.Binders.KeyValuePairModelBinderProvider","Microsoft.AspNetCore.Mvc.ModelBinding.Binders.DictionaryModelBinderProvider","Microsoft.AspNetCore.Mvc.ModelBinding.Binders.ArrayModelBinderProvider","Microsoft.AspNetCore.Mvc.ModelBinding.Binders.CollectionModelBinderProvider","Microsoft.AspNetCore.Mvc.ModelBinding.Binders.ComplexObjectModelBinderProvider"]
2026-01-19 11:31:33.745 -05:00 [DBG] Hosting starting
2026-01-19 11:31:33.772 -05:00 [INF] User profile is available. Using 'C:\Users\xmanc\AppData\Local\ASP.NET\DataProtection-Keys' as key repository and Windows DPAPI to encrypt keys at rest.
2026-01-19 11:31:33.795 -05:00 [DBG] Reading data from file 'C:\Users\xmanc\AppData\Local\ASP.NET\DataProtection-Keys\key-3390bb48-7b52-40b9-a5cd-8587ed8f0a32.xml'.
2026-01-19 11:31:33.816 -05:00 [DBG] Reading data from file 'C:\Users\xmanc\AppData\Local\ASP.NET\DataProtection-Keys\key-a53364e5-c8f1-4abd-b63f-f57292da94bd.xml'.
2026-01-19 11:31:33.825 -05:00 [DBG] Found key {3390bb48-7b52-40b9-a5cd-8587ed8f0a32}.
2026-01-19 11:31:33.836 -05:00 [DBG] Found key {a53364e5-c8f1-4abd-b63f-f57292da94bd}.
2026-01-19 11:31:33.870 -05:00 [DBG] Considering key {a53364e5-c8f1-4abd-b63f-f57292da94bd} with expiration date 2026-03-30 22:04:56Z as default key.
2026-01-19 11:31:33.890 -05:00 [DBG] Forwarded activator type request from Microsoft.AspNetCore.DataProtection.XmlEncryption.DpapiXmlDecryptor, Microsoft.AspNetCore.DataProtection, Version=8.0.0.0, Culture=neutral, PublicKeyToken=adb9793829ddae60 to Microsoft.AspNetCore.DataProtection.XmlEncryption.DpapiXmlDecryptor, Microsoft.AspNetCore.DataProtection, Culture=neutral, PublicKeyToken=adb9793829ddae60
2026-01-19 11:31:33.900 -05:00 [DBG] Decrypting secret element using Windows DPAPI.
2026-01-19 11:31:33.904 -05:00 [DBG] Forwarded activator type request from Microsoft.AspNetCore.DataProtection.AuthenticatedEncryption.ConfigurationModel.AuthenticatedEncryptorDescriptorDeserializer, Microsoft.AspNetCore.DataProtection, Version=8.0.0.0, Culture=neutral, PublicKeyToken=adb9793829ddae60 to Microsoft.AspNetCore.DataProtection.AuthenticatedEncryption.ConfigurationModel.AuthenticatedEncryptorDescriptorDeserializer, Microsoft.AspNetCore.DataProtection, Culture=neutral, PublicKeyToken=adb9793829ddae60
2026-01-19 11:31:33.911 -05:00 [DBG] Opening CNG algorithm 'AES' from provider 'null' with chaining mode CBC.
2026-01-19 11:31:33.916 -05:00 [DBG] Opening CNG algorithm 'SHA256' from provider 'null' with HMAC.
2026-01-19 11:31:33.926 -05:00 [DBG] Using key {a53364e5-c8f1-4abd-b63f-f57292da94bd} as the default key.
2026-01-19 11:31:33.930 -05:00 [DBG] Key ring with default key {a53364e5-c8f1-4abd-b63f-f57292da94bd} was loaded during application startup.
2026-01-19 11:31:33.955 -05:00 [DBG] Middleware loaded
2026-01-19 11:31:33.958 -05:00 [DBG] Middleware loaded. Script /_framework/aspnetcore-browser-refresh.js (16501 B).
2026-01-19 11:31:33.960 -05:00 [DBG] Middleware loaded. Script /_framework/blazor-hotreload.js (799 B).
2026-01-19 11:31:34.024 -05:00 [DBG] Middleware loaded: DOTNET_MODIFIABLE_ASSEMBLIES=null, __ASPNETCORE_BROWSER_TOOLS=true
2026-01-19 11:31:34.106 -05:00 [INF] Now listening on: https://localhost:7177
2026-01-19 11:31:34.107 -05:00 [INF] Now listening on: http://localhost:5160
2026-01-19 11:31:34.108 -05:00 [DBG] Loaded hosting startup assembly BioFXAPI
2026-01-19 11:31:34.109 -05:00 [DBG] Loaded hosting startup assembly Microsoft.WebTools.ApiEndpointDiscovery
2026-01-19 11:31:34.110 -05:00 [DBG] Loaded hosting startup assembly Microsoft.AspNetCore.Watch.BrowserRefresh
2026-01-19 11:31:34.111 -05:00 [DBG] Loaded hosting startup assembly Microsoft.WebTools.BrowserLink.Net
2026-01-19 11:31:34.169 -05:00 [INF] Application started. Press Ctrl+C to shut down.
2026-01-19 11:31:34.170 -05:00 [INF] Hosting environment: Development
2026-01-19 11:31:34.171 -05:00 [INF] Content root path: C:\Users\xmanc\OneDrive\Desktop\BioFXAPI-Github\BioFXAPI\BioFXAPI
2026-01-19 11:31:34.172 -05:00 [DBG] Hosting started
2026-01-19 11:31:34.327 -05:00 [DBG] Connection id "0HNINF0QSIR0E" accepted.
2026-01-19 11:31:34.327 -05:00 [DBG] Connection id "0HNINF0QSIR0D" accepted.
2026-01-19 11:31:34.329 -05:00 [DBG] Connection id "0HNINF0QSIR0E" started.
2026-01-19 11:31:34.329 -05:00 [DBG] Connection id "0HNINF0QSIR0D" started.
2026-01-19 11:31:34.353 -05:00 [DBG] Connection id "0HNINF0QSIR0E" received FIN.
2026-01-19 11:31:34.353 -05:00 [DBG] Connection id "0HNINF0QSIR0D" received FIN.
2026-01-19 11:31:34.361 -05:00 [DBG] Failed to authenticate HTTPS connection.
System.IO.IOException: Received an unexpected EOF or 0 bytes from the transport stream.
   at System.Net.Security.SslStream.ReceiveHandshakeFrameAsync[TIOAdapter](CancellationToken cancellationToken)
   at System.Net.Security.SslStream.ForceAuthenticationAsync[TIOAdapter](Boolean receiveFirst, Byte[] reAuthenticationData, CancellationToken cancellationToken)
   at System.Net.Security.SslStream.ProcessAuthenticationWithTelemetryAsync(Boolean isAsync, CancellationToken cancellationToken)
   at Microsoft.AspNetCore.Server.Kestrel.Https.Internal.HttpsConnectionMiddleware.OnConnectionAsync(ConnectionContext context)
2026-01-19 11:31:34.361 -05:00 [DBG] Failed to authenticate HTTPS connection.
System.IO.IOException: Received an unexpected EOF or 0 bytes from the transport stream.
   at System.Net.Security.SslStream.ReceiveHandshakeFrameAsync[TIOAdapter](CancellationToken cancellationToken)
   at System.Net.Security.SslStream.ForceAuthenticationAsync[TIOAdapter](Boolean receiveFirst, Byte[] reAuthenticationData, CancellationToken cancellationToken)
   at System.Net.Security.SslStream.ProcessAuthenticationWithTelemetryAsync(Boolean isAsync, CancellationToken cancellationToken)
   at Microsoft.AspNetCore.Server.Kestrel.Https.Internal.HttpsConnectionMiddleware.OnConnectionAsync(ConnectionContext context)
2026-01-19 11:31:34.388 -05:00 [DBG] Connection id "0HNINF0QSIR0D" stopped.
2026-01-19 11:31:34.388 -05:00 [DBG] Connection id "0HNINF0QSIR0E" stopped.
2026-01-19 11:31:34.390 -05:00 [DBG] Connection id "0HNINF0QSIR0D" sending FIN because: "The Socket transport's send loop completed gracefully."
2026-01-19 11:31:34.390 -05:00 [DBG] Connection id "0HNINF0QSIR0E" sending FIN because: "The Socket transport's send loop completed gracefully."
2026-01-19 11:31:34.534 -05:00 [DBG] Connection id "0HNINF0QSIR0F" accepted.
2026-01-19 11:31:34.536 -05:00 [DBG] Connection id "0HNINF0QSIR0F" started.
2026-01-19 11:31:34.727 -05:00 [DBG] Connection 0HNINF0QSIR0F established using the following protocol: "Tls13"
2026-01-19 11:31:34.830 -05:00 [INF] Request starting HTTP/2 GET https://localhost:7177/swagger/index.html - null null
2026-01-19 11:31:34.965 -05:00 [DBG] Wildcard detected, all requests with hosts will be allowed.
2026-01-19 11:31:34.996 -05:00 [DBG] No candidates found for the request path '/swagger/index.html'
2026-01-19 11:31:35.033 -05:00 [DBG] Request did not match any endpoints
2026-01-19 11:31:35.116 -05:00 [DBG] Response markup is scheduled to include Browser Link script injection.
2026-01-19 11:31:35.119 -05:00 [DBG] Response markup is scheduled to include browser refresh script injection.
2026-01-19 11:31:35.135 -05:00 [DBG] Response markup was updated to include Browser Link script injection.
2026-01-19 11:31:35.140 -05:00 [DBG] Response markup was updated to include browser refresh script injection.
2026-01-19 11:31:35.146 -05:00 [INF] Request finished HTTP/2 GET https://localhost:7177/swagger/index.html - 200 null text/html;charset=utf-8 322.8767ms
2026-01-19 11:31:35.222 -05:00 [INF] Request starting HTTP/2 GET https://localhost:7177/_vs/browserLink - null null
2026-01-19 11:31:35.222 -05:00 [INF] Request starting HTTP/2 GET https://localhost:7177/_framework/aspnetcore-browser-refresh.js - null null
2026-01-19 11:31:35.242 -05:00 [DBG] Script injected: /_framework/aspnetcore-browser-refresh.js
2026-01-19 11:31:35.264 -05:00 [INF] Request finished HTTP/2 GET https://localhost:7177/_framework/aspnetcore-browser-refresh.js - 200 16501 application/javascript; charset=utf-8 42.9339ms
2026-01-19 11:31:35.288 -05:00 [INF] Request finished HTTP/2 GET https://localhost:7177/_vs/browserLink - 200 null text/javascript; charset=UTF-8 66.358ms
2026-01-19 11:31:36.099 -05:00 [INF] Request starting HTTP/2 GET https://localhost:7177/swagger/v1/swagger.json - null null
2026-01-19 11:31:36.103 -05:00 [DBG] No candidates found for the request path '/swagger/v1/swagger.json'
2026-01-19 11:31:36.105 -05:00 [DBG] Request did not match any endpoints
2026-01-19 11:31:36.128 -05:00 [INF] Request finished HTTP/2 GET https://localhost:7177/swagger/v1/swagger.json - 200 null application/json;charset=utf-8 29.3596ms
2026-01-19 11:31:50.209 -05:00 [INF] Request starting HTTP/2 POST https://localhost:7177/api/Auth/login - application/json 69
2026-01-19 11:31:50.218 -05:00 [DBG] 1 candidate(s) found for the request path '/api/Auth/login'
2026-01-19 11:31:50.222 -05:00 [DBG] Endpoint 'BioFXAPI.Controllers.AuthController.Login (BioFXAPI)' with route pattern 'api/Auth/login' is valid for the request path '/api/Auth/login'
2026-01-19 11:31:50.224 -05:00 [DBG] Request matched endpoint 'BioFXAPI.Controllers.AuthController.Login (BioFXAPI)'
2026-01-19 11:31:50.227 -05:00 [DBG] Static files was skipped as the request already matched an endpoint.
2026-01-19 11:31:50.229 -05:00 [DBG] The request has an origin header: 'https://localhost:7177'.
2026-01-19 11:31:50.231 -05:00 [INF] CORS policy execution failed.
2026-01-19 11:31:50.232 -05:00 [INF] Request origin https://localhost:7177 does not have permission to access the resource.
2026-01-19 11:31:50.336 -05:00 [DBG] Successfully validated the token.
2026-01-19 11:31:50.338 -05:00 [DBG] AuthenticationScheme: Bearer was successfully authenticated.
2026-01-19 11:31:50.342 -05:00 [INF] Executing endpoint 'BioFXAPI.Controllers.AuthController.Login (BioFXAPI)'
2026-01-19 11:31:50.370 -05:00 [INF] Route matched with {action = "Login", controller = "Auth"}. Executing controller action with signature System.Threading.Tasks.Task`1[Microsoft.AspNetCore.Mvc.IActionResult] Login(BioFXAPI.Models.LoginRequest) on controller BioFXAPI.Controllers.AuthController (BioFXAPI).
2026-01-19 11:31:50.373 -05:00 [DBG] Execution plan of authorization filters (in the following order): ["None"]
2026-01-19 11:31:50.375 -05:00 [DBG] Execution plan of resource filters (in the following order): ["None"]
2026-01-19 11:31:50.377 -05:00 [DBG] Execution plan of action filters (in the following order): ["Microsoft.AspNetCore.Mvc.ModelBinding.UnsupportedContentTypeFilter (Order: -3000)","Microsoft.AspNetCore.Mvc.Infrastructure.ModelStateInvalidFilter (Order: -2000)"]
2026-01-19 11:31:50.379 -05:00 [DBG] Execution plan of exception filters (in the following order): ["None"]
2026-01-19 11:31:50.381 -05:00 [DBG] Execution plan of result filters (in the following order): ["Microsoft.AspNetCore.Mvc.Infrastructure.ClientErrorResultFilter (Order: -2000)"]
2026-01-19 11:31:50.385 -05:00 [DBG] Executing controller factory for controller BioFXAPI.Controllers.AuthController (BioFXAPI)
2026-01-19 11:31:50.390 -05:00 [INF] EmailSettings cargados: SmtpServer=mail.biofx.com.ec, SmtpPort=465, SenderEmail=info@biofx.com.ec, EnableSsl=true
2026-01-19 11:31:50.395 -05:00 [DBG] Executed controller factory for controller BioFXAPI.Controllers.AuthController (BioFXAPI)
2026-01-19 11:31:50.406 -05:00 [DBG] Attempting to bind parameter 'request' of type 'BioFXAPI.Models.LoginRequest' ...
2026-01-19 11:31:50.410 -05:00 [DBG] Attempting to bind parameter 'request' of type 'BioFXAPI.Models.LoginRequest' using the name '' in request data ...
2026-01-19 11:31:50.412 -05:00 [DBG] Selected input formatter 'Microsoft.AspNetCore.Mvc.Formatters.SystemTextJsonInputFormatter' for content type 'application/json'.
2026-01-19 11:31:50.419 -05:00 [DBG] Connection id "0HNINF0QSIR0F", Request id "0HNINF0QSIR0F:00000009": started reading request body.
2026-01-19 11:31:50.422 -05:00 [DBG] Connection id "0HNINF0QSIR0F", Request id "0HNINF0QSIR0F:00000009": done reading request body.
2026-01-19 11:31:50.431 -05:00 [DBG] JSON input formatter succeeded, deserializing to type 'BioFXAPI.Models.LoginRequest'
2026-01-19 11:31:50.434 -05:00 [DBG] Done attempting to bind parameter 'request' of type 'BioFXAPI.Models.LoginRequest'.
2026-01-19 11:31:50.435 -05:00 [DBG] Done attempting to bind parameter 'request' of type 'BioFXAPI.Models.LoginRequest'.
2026-01-19 11:31:50.437 -05:00 [DBG] Attempting to validate the bound parameter 'request' of type 'BioFXAPI.Models.LoginRequest' ...
2026-01-19 11:31:50.443 -05:00 [DBG] Done attempting to validate the bound parameter 'request' of type 'BioFXAPI.Models.LoginRequest'.
2026-01-19 11:31:51.799 -05:00 [DBG] List of registered output formatters, in the following order: ["Microsoft.AspNetCore.Mvc.Formatters.HttpNoContentOutputFormatter","Microsoft.AspNetCore.Mvc.Formatters.StringOutputFormatter","Microsoft.AspNetCore.Mvc.Formatters.StreamOutputFormatter","Microsoft.AspNetCore.Mvc.Formatters.SystemTextJsonOutputFormatter"]
2026-01-19 11:31:51.805 -05:00 [DBG] No information found on request to perform content negotiation.
2026-01-19 11:31:51.807 -05:00 [DBG] Attempting to select an output formatter without using a content type as no explicit content types were specified for the response.
2026-01-19 11:31:51.808 -05:00 [DBG] Attempting to select the first formatter in the output formatters list which can write the result.
2026-01-19 11:31:51.809 -05:00 [DBG] Selected output formatter 'Microsoft.AspNetCore.Mvc.Formatters.SystemTextJsonOutputFormatter' and content type 'application/json' to write the response.
2026-01-19 11:31:51.814 -05:00 [INF] Executing OkObjectResult, writing value of type 'BioFXAPI.Models.LoginResponse'.
2026-01-19 11:31:51.826 -05:00 [INF] Executed action BioFXAPI.Controllers.AuthController.Login (BioFXAPI) in 1440.0802ms
2026-01-19 11:31:51.829 -05:00 [INF] Executed endpoint 'BioFXAPI.Controllers.AuthController.Login (BioFXAPI)'
2026-01-19 11:31:51.831 -05:00 [INF] Request finished HTTP/2 POST https://localhost:7177/api/Auth/login - 200 null application/json; charset=utf-8 1622.4521ms
2026-01-19 11:32:10.097 -05:00 [INF] Request starting HTTP/2 POST https://localhost:7177/api/Transactions/refresh-by-request - application/json 25
2026-01-19 11:32:10.102 -05:00 [DBG] 1 candidate(s) found for the request path '/api/Transactions/refresh-by-request'
2026-01-19 11:32:10.104 -05:00 [DBG] Endpoint 'BioFXAPI.Controllers.TransactionsController.RefreshByRequestId (BioFXAPI)' with route pattern 'api/Transactions/refresh-by-request' is valid for the request path '/api/Transactions/refresh-by-request'
2026-01-19 11:32:10.105 -05:00 [DBG] Request matched endpoint 'BioFXAPI.Controllers.TransactionsController.RefreshByRequestId (BioFXAPI)'
2026-01-19 11:32:10.106 -05:00 [DBG] Static files was skipped as the request already matched an endpoint.
2026-01-19 11:32:10.108 -05:00 [DBG] The request has an origin header: 'https://localhost:7177'.
2026-01-19 11:32:10.109 -05:00 [INF] CORS policy execution failed.
2026-01-19 11:32:10.110 -05:00 [INF] Request origin https://localhost:7177 does not have permission to access the resource.
2026-01-19 11:32:10.113 -05:00 [DBG] Successfully validated the token.
2026-01-19 11:32:10.114 -05:00 [DBG] AuthenticationScheme: Bearer was successfully authenticated.
2026-01-19 11:32:10.117 -05:00 [DBG] Authorization was successful.
2026-01-19 11:32:10.119 -05:00 [INF] Executing endpoint 'BioFXAPI.Controllers.TransactionsController.RefreshByRequestId (BioFXAPI)'
2026-01-19 11:32:10.125 -05:00 [INF] Route matched with {action = "RefreshByRequestId", controller = "Transactions"}. Executing controller action with signature System.Threading.Tasks.Task`1[Microsoft.AspNetCore.Mvc.IActionResult] RefreshByRequestId(RefreshRequest, System.Threading.CancellationToken) on controller BioFXAPI.Controllers.TransactionsController (BioFXAPI).
2026-01-19 11:32:10.127 -05:00 [DBG] Execution plan of authorization filters (in the following order): ["None"]
2026-01-19 11:32:10.129 -05:00 [DBG] Execution plan of resource filters (in the following order): ["None"]
2026-01-19 11:32:10.131 -05:00 [DBG] Execution plan of action filters (in the following order): ["Microsoft.AspNetCore.Mvc.ModelBinding.UnsupportedContentTypeFilter (Order: -3000)","Microsoft.AspNetCore.Mvc.Infrastructure.ModelStateInvalidFilter (Order: -2000)"]
2026-01-19 11:32:10.133 -05:00 [DBG] Execution plan of exception filters (in the following order): ["None"]
2026-01-19 11:32:10.134 -05:00 [DBG] Execution plan of result filters (in the following order): ["Microsoft.AspNetCore.Mvc.Infrastructure.ClientErrorResultFilter (Order: -2000)"]
2026-01-19 11:32:10.136 -05:00 [DBG] Executing controller factory for controller BioFXAPI.Controllers.TransactionsController (BioFXAPI)
2026-01-19 11:32:10.138 -05:00 [INF] EmailSettings cargados: SmtpServer=mail.biofx.com.ec, SmtpPort=465, SenderEmail=info@biofx.com.ec, EnableSsl=true
2026-01-19 11:32:10.207 -05:00 [INF] Executed action BioFXAPI.Controllers.TransactionsController.RefreshByRequestId (BioFXAPI) in 71.4043ms
2026-01-19 11:32:10.215 -05:00 [INF] Executed endpoint 'BioFXAPI.Controllers.TransactionsController.RefreshByRequestId (BioFXAPI)'
2026-01-19 11:32:10.221 -05:00 [ERR] An unhandled exception has occurred while executing the request.
System.InvalidOperationException: Unable to resolve service for type 'BioFXAPI.Services.OrderCancellationService' while attempting to activate 'BioFXAPI.Controllers.TransactionsController'.
   at Microsoft.Extensions.DependencyInjection.ActivatorUtilities.ThrowHelperUnableToResolveService(Type type, Type requiredBy)
   at lambda_method18(Closure, IServiceProvider, Object[])
   at Microsoft.AspNetCore.Mvc.Controllers.ControllerFactoryProvider.<>c__DisplayClass6_0.<CreateControllerFactory>g__CreateController|0(ControllerContext controllerContext)
   at Microsoft.AspNetCore.Mvc.Infrastructure.ControllerActionInvoker.Next(State& next, Scope& scope, Object& state, Boolean& isCompleted)
   at Microsoft.AspNetCore.Mvc.Infrastructure.ControllerActionInvoker.InvokeInnerFilterAsync()
--- End of stack trace from previous location ---
   at Microsoft.AspNetCore.Mvc.Infrastructure.ResourceInvoker.<InvokeFilterPipelineAsync>g__Awaited|20_0(ResourceInvoker invoker, Task lastTask, State next, Scope scope, Object state, Boolean isCompleted)
   at Microsoft.AspNetCore.Mvc.Infrastructure.ResourceInvoker.<InvokeAsync>g__Logged|17_1(ResourceInvoker invoker)
   at Microsoft.AspNetCore.Mvc.Infrastructure.ResourceInvoker.<InvokeAsync>g__Logged|17_1(ResourceInvoker invoker)
   at Microsoft.AspNetCore.Routing.EndpointMiddleware.<Invoke>g__AwaitRequestTask|7_0(Endpoint endpoint, Task requestTask, ILogger logger)
   at Microsoft.AspNetCore.Authorization.AuthorizationMiddleware.Invoke(HttpContext context)
   at Microsoft.AspNetCore.Authentication.AuthenticationMiddleware.Invoke(HttpContext context)
   at Program.<>c.<<<Main>$>b__0_8>d.MoveNext() in C:\Users\xmanc\OneDrive\Desktop\BioFXAPI-Github\BioFXAPI\BioFXAPI\Program.cs:line 231
--- End of stack trace from previous location ---
   at Microsoft.AspNetCore.RateLimiting.RateLimitingMiddleware.InvokeInternal(HttpContext context, EnableRateLimitingAttribute enableRateLimitingAttribute)
   at Swashbuckle.AspNetCore.SwaggerUI.SwaggerUIMiddleware.Invoke(HttpContext httpContext)
   at Swashbuckle.AspNetCore.Swagger.SwaggerMiddleware.Invoke(HttpContext httpContext, ISwaggerProvider swaggerProvider)
   at Microsoft.AspNetCore.Diagnostics.DeveloperExceptionPageMiddlewareImpl.Invoke(HttpContext context)
2026-01-19 11:32:10.247 -05:00 [INF] Request finished HTTP/2 POST https://localhost:7177/api/Transactions/refresh-by-request - 500 null text/plain; charset=utf-8 150.486ms
2026-01-19 11:32:10.251 -05:00 [DBG] Connection id "0HNINF0QSIR0F", Request id "0HNINF0QSIR0F:0000000B": started reading request body.
2026-01-19 11:32:10.252 -05:00 [DBG] Connection id "0HNINF0QSIR0F", Request id "0HNINF0QSIR0F:0000000B": done reading request body.
2026-01-19 11:32:24.435 -05:00 [INF] Request starting HTTP/2 POST https://localhost:7177/api/Transactions/refresh-by-request - application/json 25
2026-01-19 11:32:24.442 -05:00 [DBG] 1 candidate(s) found for the request path '/api/Transactions/refresh-by-request'
2026-01-19 11:32:24.443 -05:00 [DBG] Endpoint 'BioFXAPI.Controllers.TransactionsController.RefreshByRequestId (BioFXAPI)' with route pattern 'api/Transactions/refresh-by-request' is valid for the request path '/api/Transactions/refresh-by-request'
2026-01-19 11:32:24.445 -05:00 [DBG] Request matched endpoint 'BioFXAPI.Controllers.TransactionsController.RefreshByRequestId (BioFXAPI)'
2026-01-19 11:32:24.447 -05:00 [DBG] Static files was skipped as the request already matched an endpoint.
2026-01-19 11:32:24.448 -05:00 [DBG] The request has an origin header: 'https://localhost:7177'.
2026-01-19 11:32:24.449 -05:00 [INF] CORS policy execution failed.
2026-01-19 11:32:24.450 -05:00 [INF] Request origin https://localhost:7177 does not have permission to access the resource.
2026-01-19 11:32:24.453 -05:00 [DBG] Successfully validated the token.
2026-01-19 11:32:24.455 -05:00 [DBG] AuthenticationScheme: Bearer was successfully authenticated.
2026-01-19 11:32:24.456 -05:00 [DBG] Authorization was successful.
2026-01-19 11:32:24.457 -05:00 [INF] Executing endpoint 'BioFXAPI.Controllers.TransactionsController.RefreshByRequestId (BioFXAPI)'
2026-01-19 11:32:24.459 -05:00 [INF] Route matched with {action = "RefreshByRequestId", controller = "Transactions"}. Executing controller action with signature System.Threading.Tasks.Task`1[Microsoft.AspNetCore.Mvc.IActionResult] RefreshByRequestId(RefreshRequest, System.Threading.CancellationToken) on controller BioFXAPI.Controllers.TransactionsController (BioFXAPI).
2026-01-19 11:32:24.461 -05:00 [DBG] Execution plan of authorization filters (in the following order): ["None"]
2026-01-19 11:32:24.463 -05:00 [DBG] Execution plan of resource filters (in the following order): ["None"]
2026-01-19 11:32:24.464 -05:00 [DBG] Execution plan of action filters (in the following order): ["Microsoft.AspNetCore.Mvc.ModelBinding.UnsupportedContentTypeFilter (Order: -3000)","Microsoft.AspNetCore.Mvc.Infrastructure.ModelStateInvalidFilter (Order: -2000)"]
2026-01-19 11:32:24.466 -05:00 [DBG] Execution plan of exception filters (in the following order): ["None"]
2026-01-19 11:32:24.468 -05:00 [DBG] Execution plan of result filters (in the following order): ["Microsoft.AspNetCore.Mvc.Infrastructure.ClientErrorResultFilter (Order: -2000)"]
2026-01-19 11:32:24.470 -05:00 [DBG] Executing controller factory for controller BioFXAPI.Controllers.TransactionsController (BioFXAPI)
2026-01-19 11:32:24.471 -05:00 [INF] EmailSettings cargados: SmtpServer=mail.biofx.com.ec, SmtpPort=465, SenderEmail=info@biofx.com.ec, EnableSsl=true
2026-01-19 11:32:24.474 -05:00 [INF] Executed action BioFXAPI.Controllers.TransactionsController.RefreshByRequestId (BioFXAPI) in 4.2158ms
2026-01-19 11:32:24.476 -05:00 [INF] Executed endpoint 'BioFXAPI.Controllers.TransactionsController.RefreshByRequestId (BioFXAPI)'
2026-01-19 11:32:24.478 -05:00 [ERR] An unhandled exception has occurred while executing the request.
System.InvalidOperationException: Unable to resolve service for type 'BioFXAPI.Services.OrderCancellationService' while attempting to activate 'BioFXAPI.Controllers.TransactionsController'.
   at Microsoft.Extensions.DependencyInjection.ActivatorUtilities.ThrowHelperUnableToResolveService(Type type, Type requiredBy)
   at lambda_method18(Closure, IServiceProvider, Object[])
   at Microsoft.AspNetCore.Mvc.Controllers.ControllerFactoryProvider.<>c__DisplayClass6_0.<CreateControllerFactory>g__CreateController|0(ControllerContext controllerContext)
   at Microsoft.AspNetCore.Mvc.Infrastructure.ControllerActionInvoker.Next(State& next, Scope& scope, Object& state, Boolean& isCompleted)
   at Microsoft.AspNetCore.Mvc.Infrastructure.ControllerActionInvoker.InvokeInnerFilterAsync()
--- End of stack trace from previous location ---
   at Microsoft.AspNetCore.Mvc.Infrastructure.ResourceInvoker.<InvokeFilterPipelineAsync>g__Awaited|20_0(ResourceInvoker invoker, Task lastTask, State next, Scope scope, Object state, Boolean isCompleted)
   at Microsoft.AspNetCore.Mvc.Infrastructure.ResourceInvoker.<InvokeAsync>g__Logged|17_1(ResourceInvoker invoker)
   at Microsoft.AspNetCore.Mvc.Infrastructure.ResourceInvoker.<InvokeAsync>g__Logged|17_1(ResourceInvoker invoker)
   at Microsoft.AspNetCore.Routing.EndpointMiddleware.<Invoke>g__AwaitRequestTask|7_0(Endpoint endpoint, Task requestTask, ILogger logger)
   at Microsoft.AspNetCore.Authorization.AuthorizationMiddleware.Invoke(HttpContext context)
   at Microsoft.AspNetCore.Authentication.AuthenticationMiddleware.Invoke(HttpContext context)
   at Program.<>c.<<<Main>$>b__0_8>d.MoveNext() in C:\Users\xmanc\OneDrive\Desktop\BioFXAPI-Github\BioFXAPI\BioFXAPI\Program.cs:line 231
--- End of stack trace from previous location ---
   at Microsoft.AspNetCore.RateLimiting.RateLimitingMiddleware.InvokeInternal(HttpContext context, EnableRateLimitingAttribute enableRateLimitingAttribute)
   at Swashbuckle.AspNetCore.SwaggerUI.SwaggerUIMiddleware.Invoke(HttpContext httpContext)
   at Swashbuckle.AspNetCore.Swagger.SwaggerMiddleware.Invoke(HttpContext httpContext, ISwaggerProvider swaggerProvider)
   at Microsoft.AspNetCore.Diagnostics.DeveloperExceptionPageMiddlewareImpl.Invoke(HttpContext context)
2026-01-19 11:32:24.484 -05:00 [INF] Request finished HTTP/2 POST https://localhost:7177/api/Transactions/refresh-by-request - 500 null text/plain; charset=utf-8 49.2934ms
2026-01-19 11:32:24.488 -05:00 [DBG] Connection id "0HNINF0QSIR0F", Request id "0HNINF0QSIR0F:0000000D": started reading request body.
2026-01-19 11:32:24.489 -05:00 [DBG] Connection id "0HNINF0QSIR0F", Request id "0HNINF0QSIR0F:0000000D": done reading request body.
2026-01-19 11:33:21.515 -05:00 [DBG] Registered model binder providers, in the following order: ["Microsoft.AspNetCore.Mvc.ModelBinding.Binders.BinderTypeModelBinderProvider","Microsoft.AspNetCore.Mvc.ModelBinding.Binders.ServicesModelBinderProvider","Microsoft.AspNetCore.Mvc.ModelBinding.Binders.BodyModelBinderProvider","Microsoft.AspNetCore.Mvc.ModelBinding.Binders.HeaderModelBinderProvider","Microsoft.AspNetCore.Mvc.ModelBinding.Binders.FloatingPointTypeModelBinderProvider","Microsoft.AspNetCore.Mvc.ModelBinding.Binders.EnumTypeModelBinderProvider","Microsoft.AspNetCore.Mvc.ModelBinding.Binders.DateTimeModelBinderProvider","Microsoft.AspNetCore.Mvc.ModelBinding.Binders.SimpleTypeModelBinderProvider","Microsoft.AspNetCore.Mvc.ModelBinding.Binders.TryParseModelBinderProvider","Microsoft.AspNetCore.Mvc.ModelBinding.Binders.CancellationTokenModelBinderProvider","Microsoft.AspNetCore.Mvc.ModelBinding.Binders.ByteArrayModelBinderProvider","Microsoft.AspNetCore.Mvc.ModelBinding.Binders.FormFileModelBinderProvider","Microsoft.AspNetCore.Mvc.ModelBinding.Binders.FormCollectionModelBinderProvider","Microsoft.AspNetCore.Mvc.ModelBinding.Binders.KeyValuePairModelBinderProvider","Microsoft.AspNetCore.Mvc.ModelBinding.Binders.DictionaryModelBinderProvider","Microsoft.AspNetCore.Mvc.ModelBinding.Binders.ArrayModelBinderProvider","Microsoft.AspNetCore.Mvc.ModelBinding.Binders.CollectionModelBinderProvider","Microsoft.AspNetCore.Mvc.ModelBinding.Binders.ComplexObjectModelBinderProvider"]
2026-01-19 11:33:21.630 -05:00 [DBG] Hosting starting
2026-01-19 11:33:21.653 -05:00 [INF] User profile is available. Using 'C:\Users\xmanc\AppData\Local\ASP.NET\DataProtection-Keys' as key repository and Windows DPAPI to encrypt keys at rest.
2026-01-19 11:33:21.665 -05:00 [DBG] Reading data from file 'C:\Users\xmanc\AppData\Local\ASP.NET\DataProtection-Keys\key-3390bb48-7b52-40b9-a5cd-8587ed8f0a32.xml'.
2026-01-19 11:33:21.672 -05:00 [DBG] Reading data from file 'C:\Users\xmanc\AppData\Local\ASP.NET\DataProtection-Keys\key-a53364e5-c8f1-4abd-b63f-f57292da94bd.xml'.
2026-01-19 11:33:21.677 -05:00 [DBG] Found key {3390bb48-7b52-40b9-a5cd-8587ed8f0a32}.
2026-01-19 11:33:21.681 -05:00 [DBG] Found key {a53364e5-c8f1-4abd-b63f-f57292da94bd}.
2026-01-19 11:33:21.687 -05:00 [DBG] Considering key {a53364e5-c8f1-4abd-b63f-f57292da94bd} with expiration date 2026-03-30 22:04:56Z as default key.
2026-01-19 11:33:21.690 -05:00 [DBG] Forwarded activator type request from Microsoft.AspNetCore.DataProtection.XmlEncryption.DpapiXmlDecryptor, Microsoft.AspNetCore.DataProtection, Version=8.0.0.0, Culture=neutral, PublicKeyToken=adb9793829ddae60 to Microsoft.AspNetCore.DataProtection.XmlEncryption.DpapiXmlDecryptor, Microsoft.AspNetCore.DataProtection, Culture=neutral, PublicKeyToken=adb9793829ddae60
2026-01-19 11:33:21.693 -05:00 [DBG] Decrypting secret element using Windows DPAPI.
2026-01-19 11:33:21.695 -05:00 [DBG] Forwarded activator type request from Microsoft.AspNetCore.DataProtection.AuthenticatedEncryption.ConfigurationModel.AuthenticatedEncryptorDescriptorDeserializer, Microsoft.AspNetCore.DataProtection, Version=8.0.0.0, Culture=neutral, PublicKeyToken=adb9793829ddae60 to Microsoft.AspNetCore.DataProtection.AuthenticatedEncryption.ConfigurationModel.AuthenticatedEncryptorDescriptorDeserializer, Microsoft.AspNetCore.DataProtection, Culture=neutral, PublicKeyToken=adb9793829ddae60
2026-01-19 11:33:21.700 -05:00 [DBG] Opening CNG algorithm 'AES' from provider 'null' with chaining mode CBC.
2026-01-19 11:33:21.705 -05:00 [DBG] Opening CNG algorithm 'SHA256' from provider 'null' with HMAC.
2026-01-19 11:33:21.710 -05:00 [DBG] Using key {a53364e5-c8f1-4abd-b63f-f57292da94bd} as the default key.
2026-01-19 11:33:21.711 -05:00 [DBG] Key ring with default key {a53364e5-c8f1-4abd-b63f-f57292da94bd} was loaded during application startup.
2026-01-19 11:33:21.729 -05:00 [DBG] Middleware loaded
2026-01-19 11:33:21.731 -05:00 [DBG] Middleware loaded. Script /_framework/aspnetcore-browser-refresh.js (16501 B).
2026-01-19 11:33:21.733 -05:00 [DBG] Middleware loaded. Script /_framework/blazor-hotreload.js (799 B).
2026-01-19 11:33:21.785 -05:00 [DBG] Middleware loaded: DOTNET_MODIFIABLE_ASSEMBLIES=null, __ASPNETCORE_BROWSER_TOOLS=true
2026-01-19 11:33:21.870 -05:00 [INF] Now listening on: https://localhost:7177
2026-01-19 11:33:21.909 -05:00 [INF] Now listening on: http://localhost:5160
2026-01-19 11:33:21.924 -05:00 [DBG] Loaded hosting startup assembly BioFXAPI
2026-01-19 11:33:21.933 -05:00 [DBG] Loaded hosting startup assembly Microsoft.WebTools.ApiEndpointDiscovery
2026-01-19 11:33:21.942 -05:00 [DBG] Loaded hosting startup assembly Microsoft.AspNetCore.Watch.BrowserRefresh
2026-01-19 11:33:21.950 -05:00 [DBG] Loaded hosting startup assembly Microsoft.WebTools.BrowserLink.Net
2026-01-19 11:33:22.005 -05:00 [INF] Application started. Press Ctrl+C to shut down.
2026-01-19 11:33:22.038 -05:00 [INF] Hosting environment: Development
2026-01-19 11:33:22.058 -05:00 [INF] Content root path: C:\Users\xmanc\OneDrive\Desktop\BioFXAPI-Github\BioFXAPI\BioFXAPI
2026-01-19 11:33:22.069 -05:00 [DBG] Hosting started
2026-01-19 11:33:22.118 -05:00 [DBG] Connection id "0HNINF1R0HVIN" accepted.
2026-01-19 11:33:22.129 -05:00 [DBG] Connection id "0HNINF1R0HVIO" accepted.
2026-01-19 11:33:22.137 -05:00 [DBG] Connection id "0HNINF1R0HVIN" started.
2026-01-19 11:33:22.144 -05:00 [DBG] Connection id "0HNINF1R0HVIO" started.
2026-01-19 11:33:22.151 -05:00 [DBG] Connection id "0HNINF1R0HVIO" received FIN.
2026-01-19 11:33:22.151 -05:00 [DBG] Connection id "0HNINF1R0HVIN" received FIN.
2026-01-19 11:33:22.186 -05:00 [DBG] Failed to authenticate HTTPS connection.
System.IO.IOException: Received an unexpected EOF or 0 bytes from the transport stream.
   at System.Net.Security.SslStream.ReceiveHandshakeFrameAsync[TIOAdapter](CancellationToken cancellationToken)
   at System.Net.Security.SslStream.ForceAuthenticationAsync[TIOAdapter](Boolean receiveFirst, Byte[] reAuthenticationData, CancellationToken cancellationToken)
   at System.Net.Security.SslStream.ProcessAuthenticationWithTelemetryAsync(Boolean isAsync, CancellationToken cancellationToken)
   at Microsoft.AspNetCore.Server.Kestrel.Https.Internal.HttpsConnectionMiddleware.OnConnectionAsync(ConnectionContext context)
2026-01-19 11:33:22.191 -05:00 [DBG] Failed to authenticate HTTPS connection.
System.IO.IOException: Received an unexpected EOF or 0 bytes from the transport stream.
   at System.Net.Security.SslStream.ReceiveHandshakeFrameAsync[TIOAdapter](CancellationToken cancellationToken)
   at System.Net.Security.SslStream.ForceAuthenticationAsync[TIOAdapter](Boolean receiveFirst, Byte[] reAuthenticationData, CancellationToken cancellationToken)
   at System.Net.Security.SslStream.ProcessAuthenticationWithTelemetryAsync(Boolean isAsync, CancellationToken cancellationToken)
   at Microsoft.AspNetCore.Server.Kestrel.Https.Internal.HttpsConnectionMiddleware.OnConnectionAsync(ConnectionContext context)
2026-01-19 11:33:22.261 -05:00 [DBG] Connection id "0HNINF1R0HVIO" stopped.
2026-01-19 11:33:22.271 -05:00 [DBG] Connection id "0HNINF1R0HVIN" stopped.
2026-01-19 11:33:22.281 -05:00 [DBG] Connection id "0HNINF1R0HVIO" sending FIN because: "The Socket transport's send loop completed gracefully."
2026-01-19 11:33:22.283 -05:00 [DBG] Connection id "0HNINF1R0HVIN" sending FIN because: "The Socket transport's send loop completed gracefully."
2026-01-19 11:33:22.315 -05:00 [DBG] Connection id "0HNINF1R0HVIP" accepted.
2026-01-19 11:33:22.324 -05:00 [DBG] Connection id "0HNINF1R0HVIP" started.
2026-01-19 11:33:22.360 -05:00 [DBG] Connection 0HNINF1R0HVIP established using the following protocol: "Tls13"
2026-01-19 11:33:22.512 -05:00 [INF] Request starting HTTP/2 GET https://localhost:7177/swagger/index.html - null null
2026-01-19 11:33:22.621 -05:00 [DBG] Wildcard detected, all requests with hosts will be allowed.
2026-01-19 11:33:22.652 -05:00 [DBG] No candidates found for the request path '/swagger/index.html'
2026-01-19 11:33:22.654 -05:00 [DBG] Request did not match any endpoints
2026-01-19 11:33:22.710 -05:00 [DBG] Response markup is scheduled to include Browser Link script injection.
2026-01-19 11:33:22.729 -05:00 [DBG] Response markup is scheduled to include browser refresh script injection.
2026-01-19 11:33:22.749 -05:00 [DBG] Response markup was updated to include Browser Link script injection.
2026-01-19 11:33:22.761 -05:00 [DBG] Response markup was updated to include browser refresh script injection.
2026-01-19 11:33:22.765 -05:00 [INF] Request finished HTTP/2 GET https://localhost:7177/swagger/index.html - 200 null text/html;charset=utf-8 258.5371ms
2026-01-19 11:33:22.842 -05:00 [INF] Request starting HTTP/2 GET https://localhost:7177/_framework/aspnetcore-browser-refresh.js - null null
2026-01-19 11:33:22.842 -05:00 [INF] Request starting HTTP/2 GET https://localhost:7177/_vs/browserLink - null null
2026-01-19 11:33:22.881 -05:00 [DBG] Script injected: /_framework/aspnetcore-browser-refresh.js
2026-01-19 11:33:22.884 -05:00 [INF] Request finished HTTP/2 GET https://localhost:7177/_framework/aspnetcore-browser-refresh.js - 200 16501 application/javascript; charset=utf-8 42.0679ms
2026-01-19 11:33:22.923 -05:00 [INF] Request finished HTTP/2 GET https://localhost:7177/_vs/browserLink - 200 null text/javascript; charset=UTF-8 81.3733ms
2026-01-19 11:33:23.345 -05:00 [INF] Request starting HTTP/2 GET https://localhost:7177/swagger/v1/swagger.json - null null
2026-01-19 11:33:23.349 -05:00 [DBG] No candidates found for the request path '/swagger/v1/swagger.json'
2026-01-19 11:33:23.351 -05:00 [DBG] Request did not match any endpoints
2026-01-19 11:33:23.388 -05:00 [INF] Request finished HTTP/2 GET https://localhost:7177/swagger/v1/swagger.json - 200 null application/json;charset=utf-8 43.0366ms
2026-01-19 11:34:29.933 -05:00 [INF] Request starting HTTP/2 POST https://localhost:7177/api/Auth/login - application/json 69
2026-01-19 11:34:29.945 -05:00 [DBG] 1 candidate(s) found for the request path '/api/Auth/login'
2026-01-19 11:34:29.950 -05:00 [DBG] Endpoint 'BioFXAPI.Controllers.AuthController.Login (BioFXAPI)' with route pattern 'api/Auth/login' is valid for the request path '/api/Auth/login'
2026-01-19 11:34:29.952 -05:00 [DBG] Request matched endpoint 'BioFXAPI.Controllers.AuthController.Login (BioFXAPI)'
2026-01-19 11:34:29.955 -05:00 [DBG] Static files was skipped as the request already matched an endpoint.
2026-01-19 11:34:29.957 -05:00 [DBG] The request has an origin header: 'https://localhost:7177'.
2026-01-19 11:34:29.958 -05:00 [INF] CORS policy execution failed.
2026-01-19 11:34:29.959 -05:00 [INF] Request origin https://localhost:7177 does not have permission to access the resource.
2026-01-19 11:34:30.064 -05:00 [DBG] Successfully validated the token.
2026-01-19 11:34:30.066 -05:00 [DBG] AuthenticationScheme: Bearer was successfully authenticated.
2026-01-19 11:34:30.069 -05:00 [INF] Executing endpoint 'BioFXAPI.Controllers.AuthController.Login (BioFXAPI)'
2026-01-19 11:34:30.095 -05:00 [INF] Route matched with {action = "Login", controller = "Auth"}. Executing controller action with signature System.Threading.Tasks.Task`1[Microsoft.AspNetCore.Mvc.IActionResult] Login(BioFXAPI.Models.LoginRequest) on controller BioFXAPI.Controllers.AuthController (BioFXAPI).
2026-01-19 11:34:30.099 -05:00 [DBG] Execution plan of authorization filters (in the following order): ["None"]
2026-01-19 11:34:30.101 -05:00 [DBG] Execution plan of resource filters (in the following order): ["None"]
2026-01-19 11:34:30.103 -05:00 [DBG] Execution plan of action filters (in the following order): ["Microsoft.AspNetCore.Mvc.ModelBinding.UnsupportedContentTypeFilter (Order: -3000)","Microsoft.AspNetCore.Mvc.Infrastructure.ModelStateInvalidFilter (Order: -2000)"]
2026-01-19 11:34:30.105 -05:00 [DBG] Execution plan of exception filters (in the following order): ["None"]
2026-01-19 11:34:30.107 -05:00 [DBG] Execution plan of result filters (in the following order): ["Microsoft.AspNetCore.Mvc.Infrastructure.ClientErrorResultFilter (Order: -2000)"]
2026-01-19 11:34:30.110 -05:00 [DBG] Executing controller factory for controller BioFXAPI.Controllers.AuthController (BioFXAPI)
2026-01-19 11:34:30.112 -05:00 [INF] EmailSettings cargados: SmtpServer=mail.biofx.com.ec, SmtpPort=465, SenderEmail=info@biofx.com.ec, EnableSsl=true
2026-01-19 11:34:30.116 -05:00 [DBG] Executed controller factory for controller BioFXAPI.Controllers.AuthController (BioFXAPI)
2026-01-19 11:34:30.132 -05:00 [DBG] Attempting to bind parameter 'request' of type 'BioFXAPI.Models.LoginRequest' ...
2026-01-19 11:34:30.136 -05:00 [DBG] Attempting to bind parameter 'request' of type 'BioFXAPI.Models.LoginRequest' using the name '' in request data ...
2026-01-19 11:34:30.140 -05:00 [DBG] Selected input formatter 'Microsoft.AspNetCore.Mvc.Formatters.SystemTextJsonInputFormatter' for content type 'application/json'.
2026-01-19 11:34:30.149 -05:00 [DBG] Connection id "0HNINF1R0HVIP", Request id "0HNINF1R0HVIP:00000009": started reading request body.
2026-01-19 11:34:30.153 -05:00 [DBG] Connection id "0HNINF1R0HVIP", Request id "0HNINF1R0HVIP:00000009": done reading request body.
2026-01-19 11:34:30.162 -05:00 [DBG] JSON input formatter succeeded, deserializing to type 'BioFXAPI.Models.LoginRequest'
2026-01-19 11:34:30.164 -05:00 [DBG] Done attempting to bind parameter 'request' of type 'BioFXAPI.Models.LoginRequest'.
2026-01-19 11:34:30.166 -05:00 [DBG] Done attempting to bind parameter 'request' of type 'BioFXAPI.Models.LoginRequest'.
2026-01-19 11:34:30.170 -05:00 [DBG] Attempting to validate the bound parameter 'request' of type 'BioFXAPI.Models.LoginRequest' ...
2026-01-19 11:34:30.177 -05:00 [DBG] Done attempting to validate the bound parameter 'request' of type 'BioFXAPI.Models.LoginRequest'.
2026-01-19 11:34:31.523 -05:00 [DBG] List of registered output formatters, in the following order: ["Microsoft.AspNetCore.Mvc.Formatters.HttpNoContentOutputFormatter","Microsoft.AspNetCore.Mvc.Formatters.StringOutputFormatter","Microsoft.AspNetCore.Mvc.Formatters.StreamOutputFormatter","Microsoft.AspNetCore.Mvc.Formatters.SystemTextJsonOutputFormatter"]
2026-01-19 11:34:31.526 -05:00 [DBG] No information found on request to perform content negotiation.
2026-01-19 11:34:31.527 -05:00 [DBG] Attempting to select an output formatter without using a content type as no explicit content types were specified for the response.
2026-01-19 11:34:31.528 -05:00 [DBG] Attempting to select the first formatter in the output formatters list which can write the result.
2026-01-19 11:34:31.529 -05:00 [DBG] Selected output formatter 'Microsoft.AspNetCore.Mvc.Formatters.SystemTextJsonOutputFormatter' and content type 'application/json' to write the response.
2026-01-19 11:34:31.531 -05:00 [INF] Executing OkObjectResult, writing value of type 'BioFXAPI.Models.LoginResponse'.
2026-01-19 11:34:31.542 -05:00 [INF] Executed action BioFXAPI.Controllers.AuthController.Login (BioFXAPI) in 1431.4822ms
2026-01-19 11:34:31.544 -05:00 [INF] Executed endpoint 'BioFXAPI.Controllers.AuthController.Login (BioFXAPI)'
2026-01-19 11:34:31.547 -05:00 [INF] Request finished HTTP/2 POST https://localhost:7177/api/Auth/login - 200 null application/json; charset=utf-8 1614.7344ms
2026-01-19 11:35:08.336 -05:00 [INF] Request starting HTTP/2 POST https://localhost:7177/api/Orders/143/placetopay/retry - application/json 33
2026-01-19 11:35:08.343 -05:00 [DBG] 1 candidate(s) found for the request path '/api/Orders/143/placetopay/retry'
2026-01-19 11:35:08.350 -05:00 [DBG] Endpoint 'BioFXAPI.Controllers.OrdersController.RetryPlacetoPaySession (BioFXAPI)' with route pattern 'api/Orders/{orderId:int}/placetopay/retry' is valid for the request path '/api/Orders/143/placetopay/retry'
2026-01-19 11:35:08.352 -05:00 [DBG] Request matched endpoint 'BioFXAPI.Controllers.OrdersController.RetryPlacetoPaySession (BioFXAPI)'
2026-01-19 11:35:08.353 -05:00 [DBG] Static files was skipped as the request already matched an endpoint.
2026-01-19 11:35:08.354 -05:00 [DBG] The request has an origin header: 'https://localhost:7177'.
2026-01-19 11:35:08.356 -05:00 [INF] CORS policy execution failed.
2026-01-19 11:35:08.358 -05:00 [INF] Request origin https://localhost:7177 does not have permission to access the resource.
2026-01-19 11:35:08.361 -05:00 [DBG] Successfully validated the token.
2026-01-19 11:35:08.362 -05:00 [DBG] AuthenticationScheme: Bearer was successfully authenticated.
2026-01-19 11:35:08.367 -05:00 [DBG] Authorization was successful.
2026-01-19 11:35:08.369 -05:00 [INF] Executing endpoint 'BioFXAPI.Controllers.OrdersController.RetryPlacetoPaySession (BioFXAPI)'
2026-01-19 11:35:08.375 -05:00 [INF] Route matched with {action = "RetryPlacetoPaySession", controller = "Orders"}. Executing controller action with signature System.Threading.Tasks.Task`1[Microsoft.AspNetCore.Mvc.IActionResult] RetryPlacetoPaySession(Int32, ReturnUrlRequest) on controller BioFXAPI.Controllers.OrdersController (BioFXAPI).
2026-01-19 11:35:08.377 -05:00 [DBG] Execution plan of authorization filters (in the following order): ["None"]
2026-01-19 11:35:08.379 -05:00 [DBG] Execution plan of resource filters (in the following order): ["None"]
2026-01-19 11:35:08.381 -05:00 [DBG] Execution plan of action filters (in the following order): ["Microsoft.AspNetCore.Mvc.ModelBinding.UnsupportedContentTypeFilter (Order: -3000)","Microsoft.AspNetCore.Mvc.Infrastructure.ModelStateInvalidFilter (Order: -2000)"]
2026-01-19 11:35:08.383 -05:00 [DBG] Execution plan of exception filters (in the following order): ["None"]
2026-01-19 11:35:08.385 -05:00 [DBG] Execution plan of result filters (in the following order): ["Microsoft.AspNetCore.Mvc.Infrastructure.ClientErrorResultFilter (Order: -2000)"]
2026-01-19 11:35:08.387 -05:00 [DBG] Executing controller factory for controller BioFXAPI.Controllers.OrdersController (BioFXAPI)
2026-01-19 11:35:08.459 -05:00 [INF] EmailSettings cargados: SmtpServer=mail.biofx.com.ec, SmtpPort=465, SenderEmail=info@biofx.com.ec, EnableSsl=true
2026-01-19 11:35:08.463 -05:00 [DBG] Executed controller factory for controller BioFXAPI.Controllers.OrdersController (BioFXAPI)
2026-01-19 11:35:08.465 -05:00 [DBG] Attempting to bind parameter 'orderId' of type 'System.Int32' ...
2026-01-19 11:35:08.468 -05:00 [DBG] Attempting to bind parameter 'orderId' of type 'System.Int32' using the name 'orderId' in request data ...
2026-01-19 11:35:08.470 -05:00 [DBG] Done attempting to bind parameter 'orderId' of type 'System.Int32'.
2026-01-19 11:35:08.472 -05:00 [DBG] Done attempting to bind parameter 'orderId' of type 'System.Int32'.
2026-01-19 11:35:08.473 -05:00 [DBG] Attempting to validate the bound parameter 'orderId' of type 'System.Int32' ...
2026-01-19 11:35:08.475 -05:00 [DBG] Done attempting to validate the bound parameter 'orderId' of type 'System.Int32'.
2026-01-19 11:35:08.477 -05:00 [DBG] Attempting to bind parameter 'req' of type 'BioFXAPI.Controllers.OrdersController+ReturnUrlRequest' ...
2026-01-19 11:35:08.479 -05:00 [DBG] Attempting to bind parameter 'req' of type 'BioFXAPI.Controllers.OrdersController+ReturnUrlRequest' using the name '' in request data ...
2026-01-19 11:35:08.480 -05:00 [DBG] Selected input formatter 'Microsoft.AspNetCore.Mvc.Formatters.SystemTextJsonInputFormatter' for content type 'application/json'.
2026-01-19 11:35:08.483 -05:00 [DBG] Connection id "0HNINF1R0HVIP", Request id "0HNINF1R0HVIP:0000000B": started reading request body.
2026-01-19 11:35:08.485 -05:00 [DBG] Connection id "0HNINF1R0HVIP", Request id "0HNINF1R0HVIP:0000000B": done reading request body.
2026-01-19 11:35:08.494 -05:00 [DBG] JSON input formatter succeeded, deserializing to type 'BioFXAPI.Controllers.OrdersController+ReturnUrlRequest'
2026-01-19 11:35:08.495 -05:00 [DBG] Done attempting to bind parameter 'req' of type 'BioFXAPI.Controllers.OrdersController+ReturnUrlRequest'.
2026-01-19 11:35:08.497 -05:00 [DBG] Done attempting to bind parameter 'req' of type 'BioFXAPI.Controllers.OrdersController+ReturnUrlRequest'.
2026-01-19 11:35:08.498 -05:00 [DBG] Attempting to validate the bound parameter 'req' of type 'BioFXAPI.Controllers.OrdersController+ReturnUrlRequest' ...
2026-01-19 11:35:08.502 -05:00 [DBG] Done attempting to validate the bound parameter 'req' of type 'BioFXAPI.Controllers.OrdersController+ReturnUrlRequest'.
2026-01-19 11:35:08.763 -05:00 [DBG] List of registered output formatters, in the following order: ["Microsoft.AspNetCore.Mvc.Formatters.HttpNoContentOutputFormatter","Microsoft.AspNetCore.Mvc.Formatters.StringOutputFormatter","Microsoft.AspNetCore.Mvc.Formatters.StreamOutputFormatter","Microsoft.AspNetCore.Mvc.Formatters.SystemTextJsonOutputFormatter"]
2026-01-19 11:35:08.768 -05:00 [DBG] No information found on request to perform content negotiation.
2026-01-19 11:35:08.769 -05:00 [DBG] Attempting to select an output formatter without using a content type as no explicit content types were specified for the response.
2026-01-19 11:35:08.772 -05:00 [DBG] Attempting to select the first formatter in the output formatters list which can write the result.
2026-01-19 11:35:08.774 -05:00 [DBG] Selected output formatter 'Microsoft.AspNetCore.Mvc.Formatters.SystemTextJsonOutputFormatter' and content type 'application/json' to write the response.
2026-01-19 11:35:08.777 -05:00 [INF] Executing BadRequestObjectResult, writing value of type '<>f__AnonymousType0`1[[System.String, System.Private.CoreLib, Version=8.0.0.0, Culture=neutral, PublicKeyToken=7cec85d7bea7798e]]'.
2026-01-19 11:35:08.781 -05:00 [INF] Executed action BioFXAPI.Controllers.OrdersController.RetryPlacetoPaySession (BioFXAPI) in 394.5001ms
2026-01-19 11:35:08.783 -05:00 [INF] Executed endpoint 'BioFXAPI.Controllers.OrdersController.RetryPlacetoPaySession (BioFXAPI)'
2026-01-19 11:35:08.784 -05:00 [INF] Request finished HTTP/2 POST https://localhost:7177/api/Orders/143/placetopay/retry - 400 null application/json; charset=utf-8 448.6624ms
2026-01-19 11:35:21.730 -05:00 [INF] EmailSettings cargados: SmtpServer=mail.biofx.com.ec, SmtpPort=465, SenderEmail=info@biofx.com.ec, EnableSsl=true
2026-01-19 11:35:22.069 -05:00 [INF] AccountMaintenance: disabledUsers=0 deletedExpiredTokens=0 (disableAfterDays=7, deleteTokensAfterDays=30)
2026-01-19 11:35:22.977 -05:00 [INF] Start processing HTTP request POST https://checkout-test.placetopay.ec/api/session/991241
2026-01-19 11:35:22.983 -05:00 [INF] Sending HTTP request POST https://checkout-test.placetopay.ec/api/session/991241
2026-01-19 11:35:23.764 -05:00 [INF] Received HTTP response headers after 776.4634ms - 200
2026-01-19 11:35:23.769 -05:00 [INF] End processing HTTP request after 793.0014ms - 200
2026-01-19 11:35:24.209 -05:00 [INF] PlacetoPay AutoRefresh: candidates=1 ok=1 paid=0 errors=0
