2026-01-04 20:22:46.808 -05:00 [DBG] Registered model binder providers, in the following order: ["Microsoft.AspNetCore.Mvc.ModelBinding.Binders.BinderTypeModelBinderProvider","Microsoft.AspNetCore.Mvc.ModelBinding.Binders.ServicesModelBinderProvider","Microsoft.AspNetCore.Mvc.ModelBinding.Binders.BodyModelBinderProvider","Microsoft.AspNetCore.Mvc.ModelBinding.Binders.HeaderModelBinderProvider","Microsoft.AspNetCore.Mvc.ModelBinding.Binders.FloatingPointTypeModelBinderProvider","Microsoft.AspNetCore.Mvc.ModelBinding.Binders.EnumTypeModelBinderProvider","Microsoft.AspNetCore.Mvc.ModelBinding.Binders.DateTimeModelBinderProvider","Microsoft.AspNetCore.Mvc.ModelBinding.Binders.SimpleTypeModelBinderProvider","Microsoft.AspNetCore.Mvc.ModelBinding.Binders.TryParseModelBinderProvider","Microsoft.AspNetCore.Mvc.ModelBinding.Binders.CancellationTokenModelBinderProvider","Microsoft.AspNetCore.Mvc.ModelBinding.Binders.ByteArrayModelBinderProvider","Microsoft.AspNetCore.Mvc.ModelBinding.Binders.FormFileModelBinderProvider","Microsoft.AspNetCore.Mvc.ModelBinding.Binders.FormCollectionModelBinderProvider","Microsoft.AspNetCore.Mvc.ModelBinding.Binders.KeyValuePairModelBinderProvider","Microsoft.AspNetCore.Mvc.ModelBinding.Binders.DictionaryModelBinderProvider","Microsoft.AspNetCore.Mvc.ModelBinding.Binders.ArrayModelBinderProvider","Microsoft.AspNetCore.Mvc.ModelBinding.Binders.CollectionModelBinderProvider","Microsoft.AspNetCore.Mvc.ModelBinding.Binders.ComplexObjectModelBinderProvider"]
2026-01-04 20:22:47.033 -05:00 [DBG] Hosting starting
2026-01-04 20:22:47.093 -05:00 [INF] User profile is available. Using 'C:\Users\xmanc\AppData\Local\ASP.NET\DataProtection-Keys' as key repository and Windows DPAPI to encrypt keys at rest.
2026-01-04 20:22:47.105 -05:00 [DBG] Reading data from file 'C:\Users\xmanc\AppData\Local\ASP.NET\DataProtection-Keys\key-3390bb48-7b52-40b9-a5cd-8587ed8f0a32.xml'.
2026-01-04 20:22:47.121 -05:00 [DBG] Reading data from file 'C:\Users\xmanc\AppData\Local\ASP.NET\DataProtection-Keys\key-a53364e5-c8f1-4abd-b63f-f57292da94bd.xml'.
2026-01-04 20:22:47.129 -05:00 [DBG] Found key {3390bb48-7b52-40b9-a5cd-8587ed8f0a32}.
2026-01-04 20:22:47.141 -05:00 [DBG] Found key {a53364e5-c8f1-4abd-b63f-f57292da94bd}.
2026-01-04 20:22:47.147 -05:00 [DBG] Considering key {a53364e5-c8f1-4abd-b63f-f57292da94bd} with expiration date 2026-03-30 22:04:56Z as default key.
2026-01-04 20:22:47.154 -05:00 [DBG] Forwarded activator type request from Microsoft.AspNetCore.DataProtection.XmlEncryption.DpapiXmlDecryptor, Microsoft.AspNetCore.DataProtection, Version=8.0.0.0, Culture=neutral, PublicKeyToken=adb9793829ddae60 to Microsoft.AspNetCore.DataProtection.XmlEncryption.DpapiXmlDecryptor, Microsoft.AspNetCore.DataProtection, Culture=neutral, PublicKeyToken=adb9793829ddae60
2026-01-04 20:22:47.157 -05:00 [DBG] Decrypting secret element using Windows DPAPI.
2026-01-04 20:22:47.160 -05:00 [DBG] Forwarded activator type request from Microsoft.AspNetCore.DataProtection.AuthenticatedEncryption.ConfigurationModel.AuthenticatedEncryptorDescriptorDeserializer, Microsoft.AspNetCore.DataProtection, Version=8.0.0.0, Culture=neutral, PublicKeyToken=adb9793829ddae60 to Microsoft.AspNetCore.DataProtection.AuthenticatedEncryption.ConfigurationModel.AuthenticatedEncryptorDescriptorDeserializer, Microsoft.AspNetCore.DataProtection, Culture=neutral, PublicKeyToken=adb9793829ddae60
2026-01-04 20:22:47.166 -05:00 [DBG] Opening CNG algorithm 'AES' from provider 'null' with chaining mode CBC.
2026-01-04 20:22:47.172 -05:00 [DBG] Opening CNG algorithm 'SHA256' from provider 'null' with HMAC.
2026-01-04 20:22:47.177 -05:00 [DBG] Using key {a53364e5-c8f1-4abd-b63f-f57292da94bd} as the default key.
2026-01-04 20:22:47.180 -05:00 [DBG] Key ring with default key {a53364e5-c8f1-4abd-b63f-f57292da94bd} was loaded during application startup.
2026-01-04 20:22:47.190 -05:00 [DBG] Middleware loaded
2026-01-04 20:22:47.200 -05:00 [DBG] Middleware loaded. Script /_framework/aspnetcore-browser-refresh.js (16501 B).
2026-01-04 20:22:47.231 -05:00 [DBG] Middleware loaded. Script /_framework/blazor-hotreload.js (799 B).
2026-01-04 20:22:47.376 -05:00 [DBG] Middleware loaded: DOTNET_MODIFIABLE_ASSEMBLIES=null, __ASPNETCORE_BROWSER_TOOLS=true
2026-01-04 20:22:47.493 -05:00 [INF] Now listening on: https://localhost:7177
2026-01-04 20:22:47.495 -05:00 [INF] Now listening on: http://localhost:5160
2026-01-04 20:22:47.498 -05:00 [DBG] Loaded hosting startup assembly BioFXAPI
2026-01-04 20:22:47.501 -05:00 [DBG] Loaded hosting startup assembly Microsoft.WebTools.ApiEndpointDiscovery
2026-01-04 20:22:47.504 -05:00 [DBG] Loaded hosting startup assembly Microsoft.AspNetCore.Watch.BrowserRefresh
2026-01-04 20:22:47.506 -05:00 [DBG] Loaded hosting startup assembly Microsoft.WebTools.BrowserLink.Net
2026-01-04 20:22:47.576 -05:00 [INF] Application started. Press Ctrl+C to shut down.
2026-01-04 20:22:47.579 -05:00 [INF] Hosting environment: Development
2026-01-04 20:22:47.583 -05:00 [INF] Content root path: C:\Users\xmanc\OneDrive\Desktop\BioFXAPI-Github\BioFXAPI\BioFXAPI
2026-01-04 20:22:47.596 -05:00 [DBG] Hosting started
2026-01-04 20:22:47.970 -05:00 [DBG] Connection id "0HNIBV3NS6206" received FIN.
2026-01-04 20:22:47.970 -05:00 [DBG] Connection id "0HNIBV3NS6207" received FIN.
2026-01-04 20:22:47.990 -05:00 [DBG] Connection id "0HNIBV3NS6206" accepted.
2026-01-04 20:22:47.990 -05:00 [DBG] Connection id "0HNIBV3NS6207" accepted.
2026-01-04 20:22:47.992 -05:00 [DBG] Connection id "0HNIBV3NS6206" started.
2026-01-04 20:22:47.993 -05:00 [DBG] Connection id "0HNIBV3NS6207" started.
2026-01-04 20:22:48.011 -05:00 [DBG] Failed to authenticate HTTPS connection.
System.IO.IOException: Received an unexpected EOF or 0 bytes from the transport stream.
   at System.Net.Security.SslStream.ReceiveHandshakeFrameAsync[TIOAdapter](CancellationToken cancellationToken)
   at System.Net.Security.SslStream.ForceAuthenticationAsync[TIOAdapter](Boolean receiveFirst, Byte[] reAuthenticationData, CancellationToken cancellationToken)
   at System.Net.Security.SslStream.ProcessAuthenticationWithTelemetryAsync(Boolean isAsync, CancellationToken cancellationToken)
   at Microsoft.AspNetCore.Server.Kestrel.Https.Internal.HttpsConnectionMiddleware.OnConnectionAsync(ConnectionContext context)
2026-01-04 20:22:48.011 -05:00 [DBG] Failed to authenticate HTTPS connection.
System.IO.IOException: Received an unexpected EOF or 0 bytes from the transport stream.
   at System.Net.Security.SslStream.ReceiveHandshakeFrameAsync[TIOAdapter](CancellationToken cancellationToken)
   at System.Net.Security.SslStream.ForceAuthenticationAsync[TIOAdapter](Boolean receiveFirst, Byte[] reAuthenticationData, CancellationToken cancellationToken)
   at System.Net.Security.SslStream.ProcessAuthenticationWithTelemetryAsync(Boolean isAsync, CancellationToken cancellationToken)
   at Microsoft.AspNetCore.Server.Kestrel.Https.Internal.HttpsConnectionMiddleware.OnConnectionAsync(ConnectionContext context)
2026-01-04 20:22:48.052 -05:00 [DBG] Connection id "0HNIBV3NS6206" stopped.
2026-01-04 20:22:48.052 -05:00 [DBG] Connection id "0HNIBV3NS6207" stopped.
2026-01-04 20:22:48.056 -05:00 [DBG] Connection id "0HNIBV3NS6206" sending FIN because: "The Socket transport's send loop completed gracefully."
2026-01-04 20:22:48.056 -05:00 [DBG] Connection id "0HNIBV3NS6207" sending FIN because: "The Socket transport's send loop completed gracefully."
2026-01-04 20:22:48.923 -05:00 [DBG] Connection id "0HNIBV3NS6208" accepted.
2026-01-04 20:22:48.931 -05:00 [DBG] Connection id "0HNIBV3NS6208" started.
2026-01-04 20:22:49.043 -05:00 [DBG] Connection 0HNIBV3NS6208 established using the following protocol: "Tls13"
2026-01-04 20:22:49.140 -05:00 [INF] Request starting HTTP/2 GET https://localhost:7177/swagger/index.html - null null
2026-01-04 20:22:49.475 -05:00 [DBG] Wildcard detected, all requests with hosts will be allowed.
2026-01-04 20:22:49.530 -05:00 [DBG] No candidates found for the request path '/swagger/index.html'
2026-01-04 20:22:49.540 -05:00 [DBG] Request did not match any endpoints
2026-01-04 20:22:49.601 -05:00 [DBG] Response markup is scheduled to include Browser Link script injection.
2026-01-04 20:22:49.620 -05:00 [DBG] Response markup is scheduled to include browser refresh script injection.
2026-01-04 20:22:49.674 -05:00 [DBG] Response markup was updated to include Browser Link script injection.
2026-01-04 20:22:49.700 -05:00 [DBG] Response markup was updated to include browser refresh script injection.
2026-01-04 20:22:49.720 -05:00 [INF] Request finished HTTP/2 GET https://localhost:7177/swagger/index.html - 200 null text/html;charset=utf-8 590.4003ms
2026-01-04 20:22:49.750 -05:00 [INF] Request starting HTTP/2 GET https://localhost:7177/_framework/aspnetcore-browser-refresh.js - null null
2026-01-04 20:22:49.750 -05:00 [INF] Request starting HTTP/2 GET https://localhost:7177/_vs/browserLink - null null
2026-01-04 20:22:49.761 -05:00 [DBG] Script injected: /_framework/aspnetcore-browser-refresh.js
2026-01-04 20:22:49.763 -05:00 [INF] Request finished HTTP/2 GET https://localhost:7177/_framework/aspnetcore-browser-refresh.js - 200 16501 application/javascript; charset=utf-8 13.1555ms
2026-01-04 20:22:49.830 -05:00 [INF] Request finished HTTP/2 GET https://localhost:7177/_vs/browserLink - 200 null text/javascript; charset=UTF-8 79.5601ms
2026-01-04 20:22:50.675 -05:00 [INF] Request starting HTTP/2 GET https://localhost:7177/swagger/v1/swagger.json - null null
2026-01-04 20:22:50.692 -05:00 [DBG] No candidates found for the request path '/swagger/v1/swagger.json'
2026-01-04 20:22:50.694 -05:00 [DBG] Request did not match any endpoints
2026-01-04 20:22:50.715 -05:00 [INF] Request finished HTTP/2 GET https://localhost:7177/swagger/v1/swagger.json - 200 null application/json;charset=utf-8 41.3064ms
2026-01-04 20:22:58.217 -05:00 [INF] Request starting HTTP/2 POST https://localhost:7177/api/Transactions/refresh-by-request - application/json 25
2026-01-04 20:22:58.226 -05:00 [DBG] 1 candidate(s) found for the request path '/api/Transactions/refresh-by-request'
2026-01-04 20:22:58.230 -05:00 [DBG] Endpoint 'BioFXAPI.Controllers.TransactionsController.RefreshByRequestId (BioFXAPI)' with route pattern 'api/Transactions/refresh-by-request' is valid for the request path '/api/Transactions/refresh-by-request'
2026-01-04 20:22:58.232 -05:00 [DBG] Request matched endpoint 'BioFXAPI.Controllers.TransactionsController.RefreshByRequestId (BioFXAPI)'
2026-01-04 20:22:58.236 -05:00 [DBG] Static files was skipped as the request already matched an endpoint.
2026-01-04 20:22:58.238 -05:00 [DBG] The request has an origin header: 'https://localhost:7177'.
2026-01-04 20:22:58.240 -05:00 [INF] CORS policy execution failed.
2026-01-04 20:22:58.241 -05:00 [INF] Request origin https://localhost:7177 does not have permission to access the resource.
2026-01-04 20:22:58.378 -05:00 [DBG] Successfully validated the token.
2026-01-04 20:22:58.380 -05:00 [DBG] AuthenticationScheme: Bearer was successfully authenticated.
2026-01-04 20:22:58.387 -05:00 [DBG] Authorization was successful.
2026-01-04 20:22:58.389 -05:00 [INF] Executing endpoint 'BioFXAPI.Controllers.TransactionsController.RefreshByRequestId (BioFXAPI)'
2026-01-04 20:22:58.418 -05:00 [INF] Route matched with {action = "RefreshByRequestId", controller = "Transactions"}. Executing controller action with signature System.Threading.Tasks.Task`1[Microsoft.AspNetCore.Mvc.IActionResult] RefreshByRequestId(RefreshRequest, System.Threading.CancellationToken) on controller BioFXAPI.Controllers.TransactionsController (BioFXAPI).
2026-01-04 20:22:58.421 -05:00 [DBG] Execution plan of authorization filters (in the following order): ["None"]
2026-01-04 20:22:58.424 -05:00 [DBG] Execution plan of resource filters (in the following order): ["None"]
2026-01-04 20:22:58.426 -05:00 [DBG] Execution plan of action filters (in the following order): ["Microsoft.AspNetCore.Mvc.ModelBinding.UnsupportedContentTypeFilter (Order: -3000)","Microsoft.AspNetCore.Mvc.Infrastructure.ModelStateInvalidFilter (Order: -2000)"]
2026-01-04 20:22:58.428 -05:00 [DBG] Execution plan of exception filters (in the following order): ["None"]
2026-01-04 20:22:58.430 -05:00 [DBG] Execution plan of result filters (in the following order): ["Microsoft.AspNetCore.Mvc.Infrastructure.ClientErrorResultFilter (Order: -2000)"]
2026-01-04 20:22:58.434 -05:00 [DBG] Executing controller factory for controller BioFXAPI.Controllers.TransactionsController (BioFXAPI)
2026-01-04 20:22:58.437 -05:00 [INF] EmailSettings cargados: SmtpServer=mail.biofx.com.ec, SmtpPort=465, SenderEmail=info@biofx.com.ec, EnableSsl=true
2026-01-04 20:22:58.549 -05:00 [DBG] Executed controller factory for controller BioFXAPI.Controllers.TransactionsController (BioFXAPI)
2026-01-04 20:22:58.565 -05:00 [DBG] Attempting to bind parameter 'r' of type 'BioFXAPI.Controllers.TransactionsController+RefreshRequest' ...
2026-01-04 20:22:58.569 -05:00 [DBG] Attempting to bind parameter 'r' of type 'BioFXAPI.Controllers.TransactionsController+RefreshRequest' using the name '' in request data ...
2026-01-04 20:22:58.572 -05:00 [DBG] Selected input formatter 'Microsoft.AspNetCore.Mvc.Formatters.SystemTextJsonInputFormatter' for content type 'application/json'.
2026-01-04 20:22:58.580 -05:00 [DBG] Connection id "0HNIBV3NS6208", Request id "0HNIBV3NS6208:00000009": started reading request body.
2026-01-04 20:22:58.582 -05:00 [DBG] Connection id "0HNIBV3NS6208", Request id "0HNIBV3NS6208:00000009": done reading request body.
2026-01-04 20:22:58.595 -05:00 [DBG] JSON input formatter succeeded, deserializing to type 'BioFXAPI.Controllers.TransactionsController+RefreshRequest'
2026-01-04 20:22:58.597 -05:00 [DBG] Done attempting to bind parameter 'r' of type 'BioFXAPI.Controllers.TransactionsController+RefreshRequest'.
2026-01-04 20:22:58.599 -05:00 [DBG] Done attempting to bind parameter 'r' of type 'BioFXAPI.Controllers.TransactionsController+RefreshRequest'.
2026-01-04 20:22:58.600 -05:00 [DBG] Attempting to validate the bound parameter 'r' of type 'BioFXAPI.Controllers.TransactionsController+RefreshRequest' ...
2026-01-04 20:22:58.609 -05:00 [DBG] Done attempting to validate the bound parameter 'r' of type 'BioFXAPI.Controllers.TransactionsController+RefreshRequest'.
2026-01-04 20:22:58.612 -05:00 [DBG] Attempting to bind parameter 'ct' of type 'System.Threading.CancellationToken' ...
2026-01-04 20:22:58.614 -05:00 [DBG] Done attempting to bind parameter 'ct' of type 'System.Threading.CancellationToken'.
2026-01-04 20:22:58.616 -05:00 [DBG] Attempting to validate the bound parameter 'ct' of type 'System.Threading.CancellationToken' ...
2026-01-04 20:22:58.618 -05:00 [DBG] Done attempting to validate the bound parameter 'ct' of type 'System.Threading.CancellationToken'.
2026-01-04 20:23:00.806 -05:00 [DBG] List of registered output formatters, in the following order: ["Microsoft.AspNetCore.Mvc.Formatters.HttpNoContentOutputFormatter","Microsoft.AspNetCore.Mvc.Formatters.StringOutputFormatter","Microsoft.AspNetCore.Mvc.Formatters.StreamOutputFormatter","Microsoft.AspNetCore.Mvc.Formatters.SystemTextJsonOutputFormatter"]
2026-01-04 20:23:00.812 -05:00 [DBG] No information found on request to perform content negotiation.
2026-01-04 20:23:00.813 -05:00 [DBG] Attempting to select an output formatter without using a content type as no explicit content types were specified for the response.
2026-01-04 20:23:00.814 -05:00 [DBG] Attempting to select the first formatter in the output formatters list which can write the result.
2026-01-04 20:23:00.816 -05:00 [DBG] Selected output formatter 'Microsoft.AspNetCore.Mvc.Formatters.SystemTextJsonOutputFormatter' and content type 'application/json' to write the response.
2026-01-04 20:23:00.819 -05:00 [INF] Executing OkObjectResult, writing value of type '<>f__AnonymousType40`2[[System.Int32, System.Private.CoreLib, Version=8.0.0.0, Culture=neutral, PublicKeyToken=7cec85d7bea7798e],[System.String, System.Private.CoreLib, Version=8.0.0.0, Culture=neutral, PublicKeyToken=7cec85d7bea7798e]]'.
2026-01-04 20:23:00.827 -05:00 [INF] Executed action BioFXAPI.Controllers.TransactionsController.RefreshByRequestId (BioFXAPI) in 2393.2738ms
2026-01-04 20:23:00.829 -05:00 [INF] Executed endpoint 'BioFXAPI.Controllers.TransactionsController.RefreshByRequestId (BioFXAPI)'
2026-01-04 20:23:00.834 -05:00 [INF] Request finished HTTP/2 POST https://localhost:7177/api/Transactions/refresh-by-request - 200 null application/json; charset=utf-8 2617.3174ms
