2026-02-22 23:28:36.289 -05:00 [DBG] Registered model binder providers, in the following order: ["Microsoft.AspNetCore.Mvc.ModelBinding.Binders.BinderTypeModelBinderProvider","Microsoft.AspNetCore.Mvc.ModelBinding.Binders.ServicesModelBinderProvider","Microsoft.AspNetCore.Mvc.ModelBinding.Binders.BodyModelBinderProvider","Microsoft.AspNetCore.Mvc.ModelBinding.Binders.HeaderModelBinderProvider","Microsoft.AspNetCore.Mvc.ModelBinding.Binders.FloatingPointTypeModelBinderProvider","Microsoft.AspNetCore.Mvc.ModelBinding.Binders.EnumTypeModelBinderProvider","Microsoft.AspNetCore.Mvc.ModelBinding.Binders.DateTimeModelBinderProvider","Microsoft.AspNetCore.Mvc.ModelBinding.Binders.SimpleTypeModelBinderProvider","Microsoft.AspNetCore.Mvc.ModelBinding.Binders.TryParseModelBinderProvider","Microsoft.AspNetCore.Mvc.ModelBinding.Binders.CancellationTokenModelBinderProvider","Microsoft.AspNetCore.Mvc.ModelBinding.Binders.ByteArrayModelBinderProvider","Microsoft.AspNetCore.Mvc.ModelBinding.Binders.FormFileModelBinderProvider","Microsoft.AspNetCore.Mvc.ModelBinding.Binders.FormCollectionModelBinderProvider","Microsoft.AspNetCore.Mvc.ModelBinding.Binders.KeyValuePairModelBinderProvider","Microsoft.AspNetCore.Mvc.ModelBinding.Binders.DictionaryModelBinderProvider","Microsoft.AspNetCore.Mvc.ModelBinding.Binders.ArrayModelBinderProvider","Microsoft.AspNetCore.Mvc.ModelBinding.Binders.CollectionModelBinderProvider","Microsoft.AspNetCore.Mvc.ModelBinding.Binders.ComplexObjectModelBinderProvider"]
2026-02-22 23:28:36.560 -05:00 [DBG] Hosting starting
2026-02-22 23:28:36.608 -05:00 [INF] User profile is available. Using 'C:\Users\xmanc\AppData\Local\ASP.NET\DataProtection-Keys' as key repository and Windows DPAPI to encrypt keys at rest.
2026-02-22 23:28:36.619 -05:00 [DBG] Reading data from file 'C:\Users\xmanc\AppData\Local\ASP.NET\DataProtection-Keys\key-3390bb48-7b52-40b9-a5cd-8587ed8f0a32.xml'.
2026-02-22 23:28:36.648 -05:00 [DBG] Reading data from file 'C:\Users\xmanc\AppData\Local\ASP.NET\DataProtection-Keys\key-a53364e5-c8f1-4abd-b63f-f57292da94bd.xml'.
2026-02-22 23:28:36.669 -05:00 [DBG] Found key {3390bb48-7b52-40b9-a5cd-8587ed8f0a32}.
2026-02-22 23:28:36.675 -05:00 [DBG] Found key {a53364e5-c8f1-4abd-b63f-f57292da94bd}.
2026-02-22 23:28:36.680 -05:00 [DBG] Considering key {a53364e5-c8f1-4abd-b63f-f57292da94bd} with expiration date 2026-03-30 22:04:56Z as default key.
2026-02-22 23:28:36.684 -05:00 [DBG] Forwarded activator type request from Microsoft.AspNetCore.DataProtection.XmlEncryption.DpapiXmlDecryptor, Microsoft.AspNetCore.DataProtection, Version=8.0.0.0, Culture=neutral, PublicKeyToken=adb9793829ddae60 to Microsoft.AspNetCore.DataProtection.XmlEncryption.DpapiXmlDecryptor, Microsoft.AspNetCore.DataProtection, Culture=neutral, PublicKeyToken=adb9793829ddae60
2026-02-22 23:28:36.686 -05:00 [DBG] Decrypting secret element using Windows DPAPI.
2026-02-22 23:28:36.688 -05:00 [DBG] Forwarded activator type request from Microsoft.AspNetCore.DataProtection.AuthenticatedEncryption.ConfigurationModel.AuthenticatedEncryptorDescriptorDeserializer, Microsoft.AspNetCore.DataProtection, Version=8.0.0.0, Culture=neutral, PublicKeyToken=adb9793829ddae60 to Microsoft.AspNetCore.DataProtection.AuthenticatedEncryption.ConfigurationModel.AuthenticatedEncryptorDescriptorDeserializer, Microsoft.AspNetCore.DataProtection, Culture=neutral, PublicKeyToken=adb9793829ddae60
2026-02-22 23:28:36.693 -05:00 [DBG] Opening CNG algorithm 'AES' from provider 'null' with chaining mode CBC.
2026-02-22 23:28:36.698 -05:00 [DBG] Opening CNG algorithm 'SHA256' from provider 'null' with HMAC.
2026-02-22 23:28:36.702 -05:00 [DBG] Using key {a53364e5-c8f1-4abd-b63f-f57292da94bd} as the default key.
2026-02-22 23:28:36.703 -05:00 [DBG] Key ring with default key {a53364e5-c8f1-4abd-b63f-f57292da94bd} was loaded during application startup.
2026-02-22 23:28:36.733 -05:00 [DBG] Middleware loaded
2026-02-22 23:28:36.735 -05:00 [DBG] Middleware loaded. Script /_framework/aspnetcore-browser-refresh.js (16501 B).
2026-02-22 23:28:36.737 -05:00 [DBG] Middleware loaded. Script /_framework/blazor-hotreload.js (799 B).
2026-02-22 23:28:36.944 -05:00 [DBG] Middleware loaded: DOTNET_MODIFIABLE_ASSEMBLIES=null, __ASPNETCORE_BROWSER_TOOLS=true
2026-02-22 23:28:37.057 -05:00 [INF] Now listening on: https://localhost:7177
2026-02-22 23:28:37.058 -05:00 [INF] Now listening on: http://localhost:5160
2026-02-22 23:28:37.058 -05:00 [DBG] Loaded hosting startup assembly BioFXAPI
2026-02-22 23:28:37.059 -05:00 [DBG] Loaded hosting startup assembly Microsoft.AspNetCore.Watch.BrowserRefresh
2026-02-22 23:28:37.060 -05:00 [DBG] Loaded hosting startup assembly Microsoft.WebTools.ApiEndpointDiscovery
2026-02-22 23:28:37.060 -05:00 [DBG] Loaded hosting startup assembly Microsoft.WebTools.BrowserLink.Net
2026-02-22 23:28:37.131 -05:00 [INF] Application started. Press Ctrl+C to shut down.
2026-02-22 23:28:37.132 -05:00 [INF] Hosting environment: Development
2026-02-22 23:28:37.133 -05:00 [INF] Content root path: C:\Users\xmanc\Desktop\BioFXAPI-Github\BioFXAPI\BioFXAPI
2026-02-22 23:28:37.133 -05:00 [DBG] Hosting started
2026-02-22 23:28:37.381 -05:00 [DBG] Connection id "0HNJIIG1P3OLB" accepted.
2026-02-22 23:28:37.381 -05:00 [DBG] Connection id "0HNJIIG1P3OLC" accepted.
2026-02-22 23:28:37.382 -05:00 [DBG] Connection id "0HNJIIG1P3OLB" started.
2026-02-22 23:28:37.382 -05:00 [DBG] Connection id "0HNJIIG1P3OLC" started.
2026-02-22 23:28:37.402 -05:00 [DBG] Connection id "0HNJIIG1P3OLB" received FIN.
2026-02-22 23:28:37.402 -05:00 [DBG] Connection id "0HNJIIG1P3OLC" received FIN.
2026-02-22 23:28:37.415 -05:00 [DBG] Failed to authenticate HTTPS connection.
System.IO.IOException: Received an unexpected EOF or 0 bytes from the transport stream.
   at System.Net.Security.SslStream.ReceiveHandshakeFrameAsync[TIOAdapter](CancellationToken cancellationToken)
   at System.Net.Security.SslStream.ForceAuthenticationAsync[TIOAdapter](Boolean receiveFirst, Byte[] reAuthenticationData, CancellationToken cancellationToken)
   at System.Net.Security.SslStream.ProcessAuthenticationWithTelemetryAsync(Boolean isAsync, CancellationToken cancellationToken)
   at Microsoft.AspNetCore.Server.Kestrel.Https.Internal.HttpsConnectionMiddleware.OnConnectionAsync(ConnectionContext context)
2026-02-22 23:28:37.415 -05:00 [DBG] Failed to authenticate HTTPS connection.
System.IO.IOException: Received an unexpected EOF or 0 bytes from the transport stream.
   at System.Net.Security.SslStream.ReceiveHandshakeFrameAsync[TIOAdapter](CancellationToken cancellationToken)
   at System.Net.Security.SslStream.ForceAuthenticationAsync[TIOAdapter](Boolean receiveFirst, Byte[] reAuthenticationData, CancellationToken cancellationToken)
   at System.Net.Security.SslStream.ProcessAuthenticationWithTelemetryAsync(Boolean isAsync, CancellationToken cancellationToken)
   at Microsoft.AspNetCore.Server.Kestrel.Https.Internal.HttpsConnectionMiddleware.OnConnectionAsync(ConnectionContext context)
2026-02-22 23:28:37.461 -05:00 [DBG] Connection id "0HNJIIG1P3OLC" stopped.
2026-02-22 23:28:37.461 -05:00 [DBG] Connection id "0HNJIIG1P3OLB" stopped.
2026-02-22 23:28:37.464 -05:00 [DBG] Connection id "0HNJIIG1P3OLC" sending FIN because: "The Socket transport's send loop completed gracefully."
2026-02-22 23:28:37.464 -05:00 [DBG] Connection id "0HNJIIG1P3OLB" sending FIN because: "The Socket transport's send loop completed gracefully."
2026-02-22 23:28:38.222 -05:00 [DBG] Connection id "0HNJIIG1P3OLD" accepted.
2026-02-22 23:28:38.223 -05:00 [DBG] Connection id "0HNJIIG1P3OLD" started.
2026-02-22 23:28:38.340 -05:00 [DBG] Connection 0HNJIIG1P3OLD established using the following protocol: "Tls13"
2026-02-22 23:28:38.416 -05:00 [INF] Request starting HTTP/2 GET https://localhost:7177/swagger/index.html - null null
2026-02-22 23:28:38.564 -05:00 [DBG] Wildcard detected, all requests with hosts will be allowed.
2026-02-22 23:28:38.595 -05:00 [DBG] No candidates found for the request path '/swagger/index.html'
2026-02-22 23:28:38.597 -05:00 [DBG] Request did not match any endpoints
2026-02-22 23:28:38.662 -05:00 [DBG] Response markup is scheduled to include Browser Link script injection.
2026-02-22 23:28:38.677 -05:00 [DBG] Response markup is scheduled to include browser refresh script injection.
2026-02-22 23:28:38.699 -05:00 [DBG] Response markup was updated to include Browser Link script injection.
2026-02-22 23:28:38.704 -05:00 [DBG] Response markup was updated to include browser refresh script injection.
2026-02-22 23:28:38.710 -05:00 [INF] Request finished HTTP/2 GET https://localhost:7177/swagger/index.html - 200 null text/html;charset=utf-8 302.5556ms
2026-02-22 23:28:38.808 -05:00 [INF] Request starting HTTP/2 GET https://localhost:7177/_framework/aspnetcore-browser-refresh.js - null null
2026-02-22 23:28:38.809 -05:00 [INF] Request starting HTTP/2 GET https://localhost:7177/_vs/browserLink - null null
2026-02-22 23:28:38.816 -05:00 [DBG] Script injected: /_framework/aspnetcore-browser-refresh.js
2026-02-22 23:28:38.818 -05:00 [INF] Request finished HTTP/2 GET https://localhost:7177/_framework/aspnetcore-browser-refresh.js - 200 16501 application/javascript; charset=utf-8 9.9468ms
2026-02-22 23:28:38.869 -05:00 [INF] Request finished HTTP/2 GET https://localhost:7177/_vs/browserLink - 200 null text/javascript; charset=UTF-8 60.8125ms
2026-02-22 23:28:40.030 -05:00 [INF] Request starting HTTP/2 GET https://localhost:7177/swagger/v1/swagger.json - null null
2026-02-22 23:28:40.032 -05:00 [DBG] No candidates found for the request path '/swagger/v1/swagger.json'
2026-02-22 23:28:40.033 -05:00 [DBG] Request did not match any endpoints
2026-02-22 23:28:40.053 -05:00 [INF] Request finished HTTP/2 GET https://localhost:7177/swagger/v1/swagger.json - 200 null application/json;charset=utf-8 23.1654ms
2026-02-22 23:28:53.043 -05:00 [INF] Request starting HTTP/2 POST https://localhost:7177/api/Auth/login - application/json 69
2026-02-22 23:28:53.056 -05:00 [DBG] 1 candidate(s) found for the request path '/api/Auth/login'
2026-02-22 23:28:53.060 -05:00 [DBG] Endpoint 'BioFXAPI.Controllers.AuthController.Login (BioFXAPI)' with route pattern 'api/Auth/login' is valid for the request path '/api/Auth/login'
2026-02-22 23:28:53.063 -05:00 [DBG] Request matched endpoint 'BioFXAPI.Controllers.AuthController.Login (BioFXAPI)'
2026-02-22 23:28:53.067 -05:00 [DBG] Static files was skipped as the request already matched an endpoint.
2026-02-22 23:28:53.068 -05:00 [DBG] The request has an origin header: 'https://localhost:7177'.
2026-02-22 23:28:53.070 -05:00 [INF] CORS policy execution failed.
2026-02-22 23:28:53.070 -05:00 [INF] Request origin https://localhost:7177 does not have permission to access the resource.
2026-02-22 23:28:53.143 -05:00 [DBG] AuthenticationScheme: Bearer was not authenticated.
2026-02-22 23:28:53.146 -05:00 [INF] Executing endpoint 'BioFXAPI.Controllers.AuthController.Login (BioFXAPI)'
2026-02-22 23:28:53.169 -05:00 [INF] Route matched with {action = "Login", controller = "Auth"}. Executing controller action with signature System.Threading.Tasks.Task`1[Microsoft.AspNetCore.Mvc.IActionResult] Login(BioFXAPI.Models.LoginRequest) on controller BioFXAPI.Controllers.AuthController (BioFXAPI).
2026-02-22 23:28:53.173 -05:00 [DBG] Execution plan of authorization filters (in the following order): ["None"]
2026-02-22 23:28:53.175 -05:00 [DBG] Execution plan of resource filters (in the following order): ["None"]
2026-02-22 23:28:53.176 -05:00 [DBG] Execution plan of action filters (in the following order): ["Microsoft.AspNetCore.Mvc.ModelBinding.UnsupportedContentTypeFilter (Order: -3000)","Microsoft.AspNetCore.Mvc.Infrastructure.ModelStateInvalidFilter (Order: -2000)"]
2026-02-22 23:28:53.178 -05:00 [DBG] Execution plan of exception filters (in the following order): ["None"]
2026-02-22 23:28:53.179 -05:00 [DBG] Execution plan of result filters (in the following order): ["Microsoft.AspNetCore.Mvc.Infrastructure.ClientErrorResultFilter (Order: -2000)"]
2026-02-22 23:28:53.184 -05:00 [DBG] Executing controller factory for controller BioFXAPI.Controllers.AuthController (BioFXAPI)
2026-02-22 23:28:53.192 -05:00 [INF] Executed action BioFXAPI.Controllers.AuthController.Login (BioFXAPI) in 7.986ms
2026-02-22 23:28:53.195 -05:00 [INF] Executed endpoint 'BioFXAPI.Controllers.AuthController.Login (BioFXAPI)'
2026-02-22 23:28:53.197 -05:00 [ERR] An unhandled exception has occurred while executing the request.
System.ArgumentNullException: Value cannot be null. (Parameter 'value')
   at System.ArgumentNullException.Throw(String paramName)
   at System.Boolean.Parse(String value)
   at BioFXAPI.Services.EmailService..ctor(IConfiguration configuration, ILogger`1 logger) in C:\Users\xmanc\Desktop\BioFXAPI-Github\BioFXAPI\BioFXAPI\Services\EmailService.cs:line 30
   at System.RuntimeMethodHandle.InvokeMethod(Object target, Void** arguments, Signature sig, Boolean isConstructor)
   at System.Reflection.MethodBaseInvoker.InvokeDirectByRefWithFewArgs(Object obj, Span`1 copyOfArgs, BindingFlags invokeAttr)
   at System.Reflection.MethodBaseInvoker.InvokeWithFewArgs(Object obj, BindingFlags invokeAttr, Binder binder, Object[] parameters, CultureInfo culture)
   at System.Reflection.RuntimeConstructorInfo.Invoke(BindingFlags invokeAttr, Binder binder, Object[] parameters, CultureInfo culture)
   at Microsoft.Extensions.DependencyInjection.ServiceLookup.CallSiteRuntimeResolver.VisitConstructor(ConstructorCallSite constructorCallSite, RuntimeResolverContext context)
   at Microsoft.Extensions.DependencyInjection.ServiceLookup.CallSiteVisitor`2.VisitCallSiteMain(ServiceCallSite callSite, TArgument argument)
   at Microsoft.Extensions.DependencyInjection.ServiceLookup.CallSiteRuntimeResolver.VisitRootCache(ServiceCallSite callSite, RuntimeResolverContext context)
   at Microsoft.Extensions.DependencyInjection.ServiceLookup.CallSiteVisitor`2.VisitCallSite(ServiceCallSite callSite, TArgument argument)
   at Microsoft.Extensions.DependencyInjection.ServiceLookup.CallSiteRuntimeResolver.Resolve(ServiceCallSite callSite, ServiceProviderEngineScope scope)
   at Microsoft.Extensions.DependencyInjection.ServiceProvider.CreateServiceAccessor(ServiceIdentifier serviceIdentifier)
   at System.Collections.Concurrent.ConcurrentDictionary`2.GetOrAdd(TKey key, Func`2 valueFactory)
   at Microsoft.Extensions.DependencyInjection.ServiceProvider.GetService(ServiceIdentifier serviceIdentifier, ServiceProviderEngineScope serviceProviderEngineScope)
   at Microsoft.Extensions.DependencyInjection.ServiceLookup.ServiceProviderEngineScope.GetService(Type serviceType)
   at lambda_method10(Closure, IServiceProvider, Object[])
   at Microsoft.AspNetCore.Mvc.Controllers.ControllerFactoryProvider.<>c__DisplayClass6_0.<CreateControllerFactory>g__CreateController|0(ControllerContext controllerContext)
   at Microsoft.AspNetCore.Mvc.Infrastructure.ControllerActionInvoker.Next(State& next, Scope& scope, Object& state, Boolean& isCompleted)
   at Microsoft.AspNetCore.Mvc.Infrastructure.ControllerActionInvoker.InvokeInnerFilterAsync()
--- End of stack trace from previous location ---
   at Microsoft.AspNetCore.Mvc.Infrastructure.ResourceInvoker.<InvokeFilterPipelineAsync>g__Awaited|20_0(ResourceInvoker invoker, Task lastTask, State next, Scope scope, Object state, Boolean isCompleted)
   at Microsoft.AspNetCore.Mvc.Infrastructure.ResourceInvoker.<InvokeAsync>g__Logged|17_1(ResourceInvoker invoker)
   at Microsoft.AspNetCore.Mvc.Infrastructure.ResourceInvoker.<InvokeAsync>g__Logged|17_1(ResourceInvoker invoker)
   at Microsoft.AspNetCore.Routing.EndpointMiddleware.<Invoke>g__AwaitRequestTask|7_0(Endpoint endpoint, Task requestTask, ILogger logger)
   at Microsoft.AspNetCore.Authorization.AuthorizationMiddleware.Invoke(HttpContext context)
   at Microsoft.AspNetCore.Authentication.AuthenticationMiddleware.Invoke(HttpContext context)
   at Program.<>c.<<<Main>$>b__0_8>d.MoveNext() in C:\Users\xmanc\Desktop\BioFXAPI-Github\BioFXAPI\BioFXAPI\Program.cs:line 236
--- End of stack trace from previous location ---
   at Microsoft.AspNetCore.RateLimiting.RateLimitingMiddleware.InvokeInternal(HttpContext context, EnableRateLimitingAttribute enableRateLimitingAttribute)
   at Swashbuckle.AspNetCore.SwaggerUI.SwaggerUIMiddleware.Invoke(HttpContext httpContext)
   at Swashbuckle.AspNetCore.Swagger.SwaggerMiddleware.Invoke(HttpContext httpContext, ISwaggerProvider swaggerProvider)
   at Microsoft.AspNetCore.Diagnostics.DeveloperExceptionPageMiddlewareImpl.Invoke(HttpContext context)
2026-02-22 23:28:53.220 -05:00 [INF] Request finished HTTP/2 POST https://localhost:7177/api/Auth/login - 500 null text/plain; charset=utf-8 176.5689ms
2026-02-22 23:28:53.224 -05:00 [DBG] Connection id "0HNJIIG1P3OLD", Request id "0HNJIIG1P3OLD:00000009": started reading request body.
2026-02-22 23:28:53.226 -05:00 [DBG] Connection id "0HNJIIG1P3OLD", Request id "0HNJIIG1P3OLD:00000009": done reading request body.
2026-02-22 23:29:17.372 -05:00 [INF] Request starting HTTP/2 GET https://localhost:7177/api/Testimonios - null null
2026-02-22 23:29:17.377 -05:00 [DBG] 1 candidate(s) found for the request path '/api/Testimonios'
2026-02-22 23:29:17.379 -05:00 [DBG] Endpoint 'BioFXAPI.Controllers.TestimoniosController.GetTestimonios (BioFXAPI)' with route pattern 'api/Testimonios' is valid for the request path '/api/Testimonios'
2026-02-22 23:29:17.380 -05:00 [DBG] Request matched endpoint 'BioFXAPI.Controllers.TestimoniosController.GetTestimonios (BioFXAPI)'
2026-02-22 23:29:17.381 -05:00 [DBG] Static files was skipped as the request already matched an endpoint.
2026-02-22 23:29:17.383 -05:00 [DBG] AuthenticationScheme: Bearer was not authenticated.
2026-02-22 23:29:17.384 -05:00 [INF] Executing endpoint 'BioFXAPI.Controllers.TestimoniosController.GetTestimonios (BioFXAPI)'
2026-02-22 23:29:17.388 -05:00 [INF] Route matched with {action = "GetTestimonios", controller = "Testimonios"}. Executing controller action with signature System.Threading.Tasks.Task`1[Microsoft.AspNetCore.Mvc.IActionResult] GetTestimonios() on controller BioFXAPI.Controllers.TestimoniosController (BioFXAPI).
2026-02-22 23:29:17.390 -05:00 [DBG] Execution plan of authorization filters (in the following order): ["None"]
2026-02-22 23:29:17.391 -05:00 [DBG] Execution plan of resource filters (in the following order): ["None"]
2026-02-22 23:29:17.392 -05:00 [DBG] Execution plan of action filters (in the following order): ["Microsoft.AspNetCore.Mvc.ModelBinding.UnsupportedContentTypeFilter (Order: -3000)","Microsoft.AspNetCore.Mvc.Infrastructure.ModelStateInvalidFilter (Order: -2000)"]
2026-02-22 23:29:17.394 -05:00 [DBG] Execution plan of exception filters (in the following order): ["None"]
2026-02-22 23:29:17.395 -05:00 [DBG] Execution plan of result filters (in the following order): ["Microsoft.AspNetCore.Mvc.Infrastructure.ClientErrorResultFilter (Order: -2000)"]
2026-02-22 23:29:17.397 -05:00 [DBG] Executing controller factory for controller BioFXAPI.Controllers.TestimoniosController (BioFXAPI)
2026-02-22 23:29:17.398 -05:00 [DBG] Executed controller factory for controller BioFXAPI.Controllers.TestimoniosController (BioFXAPI)
2026-02-22 23:29:59.555 -05:00 [DBG] List of registered output formatters, in the following order: ["Microsoft.AspNetCore.Mvc.Formatters.HttpNoContentOutputFormatter","Microsoft.AspNetCore.Mvc.Formatters.StringOutputFormatter","Microsoft.AspNetCore.Mvc.Formatters.StreamOutputFormatter","Microsoft.AspNetCore.Mvc.Formatters.SystemTextJsonOutputFormatter"]
2026-02-22 23:29:59.558 -05:00 [DBG] No information found on request to perform content negotiation.
2026-02-22 23:29:59.559 -05:00 [DBG] Attempting to select an output formatter without using a content type as no explicit content types were specified for the response.
2026-02-22 23:29:59.560 -05:00 [DBG] Attempting to select the first formatter in the output formatters list which can write the result.
2026-02-22 23:29:59.561 -05:00 [DBG] Selected output formatter 'Microsoft.AspNetCore.Mvc.Formatters.SystemTextJsonOutputFormatter' and content type 'application/json' to write the response.
2026-02-22 23:29:59.562 -05:00 [INF] Executing ObjectResult, writing value of type '<>f__AnonymousType2`2[[System.String, System.Private.CoreLib, Version=8.0.0.0, Culture=neutral, PublicKeyToken=7cec85d7bea7798e],[System.String, System.Private.CoreLib, Version=8.0.0.0, Culture=neutral, PublicKeyToken=7cec85d7bea7798e]]'.
2026-02-22 23:29:59.566 -05:00 [INF] Executed action BioFXAPI.Controllers.TestimoniosController.GetTestimonios (BioFXAPI) in 42169.2813ms
2026-02-22 23:29:59.568 -05:00 [INF] Executed endpoint 'BioFXAPI.Controllers.TestimoniosController.GetTestimonios (BioFXAPI)'
2026-02-22 23:29:59.569 -05:00 [INF] Request finished HTTP/2 GET https://localhost:7177/api/Testimonios - 500 null application/json; charset=utf-8 42196.8463ms
2026-02-22 23:30:36.732 -05:00 [ERR] PlacetoPay AutoRefresh failed
System.ArgumentNullException: Value cannot be null. (Parameter 'value')
   at System.ArgumentNullException.Throw(String paramName)
   at System.Boolean.Parse(String value)
   at BioFXAPI.Services.EmailService..ctor(IConfiguration configuration, ILogger`1 logger) in C:\Users\xmanc\Desktop\BioFXAPI-Github\BioFXAPI\BioFXAPI\Services\EmailService.cs:line 30
   at InvokeStub_EmailService..ctor(Object, Span`1)
   at System.Reflection.MethodBaseInvoker.InvokeWithFewArgs(Object obj, BindingFlags invokeAttr, Binder binder, Object[] parameters, CultureInfo culture)
   at System.Reflection.RuntimeConstructorInfo.Invoke(BindingFlags invokeAttr, Binder binder, Object[] parameters, CultureInfo culture)
   at Microsoft.Extensions.DependencyInjection.ServiceLookup.CallSiteRuntimeResolver.VisitConstructor(ConstructorCallSite constructorCallSite, RuntimeResolverContext context)
   at Microsoft.Extensions.DependencyInjection.ServiceLookup.CallSiteVisitor`2.VisitCallSiteMain(ServiceCallSite callSite, TArgument argument)
   at Microsoft.Extensions.DependencyInjection.ServiceLookup.CallSiteRuntimeResolver.VisitRootCache(ServiceCallSite callSite, RuntimeResolverContext context)
   at Microsoft.Extensions.DependencyInjection.ServiceLookup.CallSiteVisitor`2.VisitCallSite(ServiceCallSite callSite, TArgument argument)
   at Microsoft.Extensions.DependencyInjection.ServiceLookup.CallSiteRuntimeResolver.VisitConstructor(ConstructorCallSite constructorCallSite, RuntimeResolverContext context)
   at Microsoft.Extensions.DependencyInjection.ServiceLookup.CallSiteVisitor`2.VisitCallSiteMain(ServiceCallSite callSite, TArgument argument)
   at Microsoft.Extensions.DependencyInjection.ServiceLookup.CallSiteRuntimeResolver.VisitRootCache(ServiceCallSite callSite, RuntimeResolverContext context)
   at Microsoft.Extensions.DependencyInjection.ServiceLookup.CallSiteVisitor`2.VisitCallSite(ServiceCallSite callSite, TArgument argument)
   at Microsoft.Extensions.DependencyInjection.ServiceLookup.CallSiteRuntimeResolver.VisitConstructor(ConstructorCallSite constructorCallSite, RuntimeResolverContext context)
   at Microsoft.Extensions.DependencyInjection.ServiceLookup.CallSiteVisitor`2.VisitCallSiteMain(ServiceCallSite callSite, TArgument argument)
   at Microsoft.Extensions.DependencyInjection.ServiceLookup.CallSiteRuntimeResolver.VisitCache(ServiceCallSite callSite, RuntimeResolverContext context, ServiceProviderEngineScope serviceProviderEngine, RuntimeResolverLock lockType)
   at Microsoft.Extensions.DependencyInjection.ServiceLookup.CallSiteRuntimeResolver.VisitScopeCache(ServiceCallSite callSite, RuntimeResolverContext context)
   at Microsoft.Extensions.DependencyInjection.ServiceLookup.CallSiteVisitor`2.VisitCallSite(ServiceCallSite callSite, TArgument argument)
   at Microsoft.Extensions.DependencyInjection.ServiceLookup.CallSiteRuntimeResolver.Resolve(ServiceCallSite callSite, ServiceProviderEngineScope scope)
   at Microsoft.Extensions.DependencyInjection.ServiceLookup.DynamicServiceProviderEngine.<>c__DisplayClass2_0.<RealizeService>b__0(ServiceProviderEngineScope scope)
   at Microsoft.Extensions.DependencyInjection.ServiceProvider.GetService(ServiceIdentifier serviceIdentifier, ServiceProviderEngineScope serviceProviderEngineScope)
   at Microsoft.Extensions.DependencyInjection.ServiceLookup.ServiceProviderEngineScope.GetService(Type serviceType)
   at Microsoft.Extensions.DependencyInjection.ServiceProviderServiceExtensions.GetRequiredService(IServiceProvider provider, Type serviceType)
   at Microsoft.Extensions.DependencyInjection.ServiceProviderServiceExtensions.GetRequiredService[T](IServiceProvider provider)
   at BioFXAPI.Services.PlacetoPayAutoRefreshHostedService.ExecuteAsync(CancellationToken stoppingToken) in C:\Users\xmanc\Desktop\BioFXAPI-Github\BioFXAPI\BioFXAPI\Services\PlacetoPayAutoRefreshHostedService.cs:line 53
2026-02-22 23:31:18.822 -05:00 [ERR] AccountMaintenance: error adquiriendo lock o conectando a SQL. Se reintentará en el próximo tick.
System.Data.SqlClient.SqlException (0x80131904): A network-related or instance-specific error occurred while establishing a connection to SQL Server. The server was not found or was not accessible. Verify that the instance name is correct and that SQL Server is configured to allow remote connections. (provider: Named Pipes Provider, error: 40 - Could not open a connection to SQL Server)
 ---> System.ComponentModel.Win32Exception (64): The specified network name is no longer available.
   at System.Data.SqlClient.SqlInternalConnectionTds..ctor(DbConnectionPoolIdentity identity, SqlConnectionString connectionOptions, SqlCredential credential, Object providerInfo, String newPassword, SecureString newSecurePassword, Boolean redirectedUserInstance, SqlConnectionString userConnectionOptions, SessionData reconnectSessionData, Boolean applyTransientFaultHandling, String accessToken)
   at System.Data.SqlClient.SqlConnectionFactory.CreateConnection(DbConnectionOptions options, DbConnectionPoolKey poolKey, Object poolGroupProviderInfo, DbConnectionPool pool, DbConnection owningConnection, DbConnectionOptions userOptions)
   at System.Data.ProviderBase.DbConnectionFactory.CreatePooledConnection(DbConnectionPool pool, DbConnection owningObject, DbConnectionOptions options, DbConnectionPoolKey poolKey, DbConnectionOptions userOptions)
   at System.Data.ProviderBase.DbConnectionPool.CreateObject(DbConnection owningObject, DbConnectionOptions userOptions, DbConnectionInternal oldConnection)
   at System.Data.ProviderBase.DbConnectionPool.UserCreateRequest(DbConnection owningObject, DbConnectionOptions userOptions, DbConnectionInternal oldConnection)
   at System.Data.ProviderBase.DbConnectionPool.TryGetConnection(DbConnection owningObject, UInt32 waitForMultipleObjectsTimeout, Boolean allowCreate, Boolean onlyOneCheckConnection, DbConnectionOptions userOptions, DbConnectionInternal& connection)
   at System.Data.ProviderBase.DbConnectionPool.WaitForPendingOpen()
--- End of stack trace from previous location ---
   at BioFXAPI.Services.AccountMaintenanceHostedService.ExecuteAsync(CancellationToken stoppingToken) in C:\Users\xmanc\Desktop\BioFXAPI-Github\BioFXAPI\BioFXAPI\Services\AccountMaintenanceHostedService.cs:line 59
ClientConnectionId:00000000-0000-0000-0000-000000000000
Error Number:64,State:0,Class:20
2026-02-22 23:32:18.830 -05:00 [ERR] AccountMaintenance: error adquiriendo lock o conectando a SQL. Se reintentará en el próximo tick.
System.Data.SqlClient.SqlException (0x80131904): A network-related or instance-specific error occurred while establishing a connection to SQL Server. The server was not found or was not accessible. Verify that the instance name is correct and that SQL Server is configured to allow remote connections. (provider: Named Pipes Provider, error: 40 - Could not open a connection to SQL Server)
 ---> System.ComponentModel.Win32Exception (64): The specified network name is no longer available.
   at System.Data.SqlClient.SqlInternalConnectionTds..ctor(DbConnectionPoolIdentity identity, SqlConnectionString connectionOptions, SqlCredential credential, Object providerInfo, String newPassword, SecureString newSecurePassword, Boolean redirectedUserInstance, SqlConnectionString userConnectionOptions, SessionData reconnectSessionData, Boolean applyTransientFaultHandling, String accessToken)
   at System.Data.SqlClient.SqlConnectionFactory.CreateConnection(DbConnectionOptions options, DbConnectionPoolKey poolKey, Object poolGroupProviderInfo, DbConnectionPool pool, DbConnection owningConnection, DbConnectionOptions userOptions)
   at System.Data.ProviderBase.DbConnectionFactory.CreatePooledConnection(DbConnectionPool pool, DbConnection owningObject, DbConnectionOptions options, DbConnectionPoolKey poolKey, DbConnectionOptions userOptions)
   at System.Data.ProviderBase.DbConnectionPool.CreateObject(DbConnection owningObject, DbConnectionOptions userOptions, DbConnectionInternal oldConnection)
   at System.Data.ProviderBase.DbConnectionPool.UserCreateRequest(DbConnection owningObject, DbConnectionOptions userOptions, DbConnectionInternal oldConnection)
   at System.Data.ProviderBase.DbConnectionPool.TryGetConnection(DbConnection owningObject, UInt32 waitForMultipleObjectsTimeout, Boolean allowCreate, Boolean onlyOneCheckConnection, DbConnectionOptions userOptions, DbConnectionInternal& connection)
   at System.Data.ProviderBase.DbConnectionPool.WaitForPendingOpen()
--- End of stack trace from previous location ---
   at BioFXAPI.Services.AccountMaintenanceHostedService.ExecuteAsync(CancellationToken stoppingToken) in C:\Users\xmanc\Desktop\BioFXAPI-Github\BioFXAPI\BioFXAPI\Services\AccountMaintenanceHostedService.cs:line 59
ClientConnectionId:00000000-0000-0000-0000-000000000000
Error Number:64,State:0,Class:20
2026-02-22 23:32:36.744 -05:00 [ERR] AccountMaintenance: error adquiriendo lock o conectando a SQL. Se reintentará en el próximo tick.
System.Data.SqlClient.SqlException (0x80131904): A network-related or instance-specific error occurred while establishing a connection to SQL Server. The server was not found or was not accessible. Verify that the instance name is correct and that SQL Server is configured to allow remote connections. (provider: Named Pipes Provider, error: 40 - Could not open a connection to SQL Server)
 ---> System.ComponentModel.Win32Exception (64): The specified network name is no longer available.
   at System.Data.ProviderBase.DbConnectionPool.TryGetConnection(DbConnection owningObject, UInt32 waitForMultipleObjectsTimeout, Boolean allowCreate, Boolean onlyOneCheckConnection, DbConnectionOptions userOptions, DbConnectionInternal& connection)
   at System.Data.ProviderBase.DbConnectionPool.TryGetConnection(DbConnection owningObject, TaskCompletionSource`1 retry, DbConnectionOptions userOptions, DbConnectionInternal& connection)
   at System.Data.ProviderBase.DbConnectionFactory.TryGetConnection(DbConnection owningConnection, TaskCompletionSource`1 retry, DbConnectionOptions userOptions, DbConnectionInternal oldConnection, DbConnectionInternal& connection)
   at System.Data.ProviderBase.DbConnectionInternal.TryOpenConnectionInternal(DbConnection outerConnection, DbConnectionFactory connectionFactory, TaskCompletionSource`1 retry, DbConnectionOptions userOptions)
   at System.Data.ProviderBase.DbConnectionClosed.TryOpenConnection(DbConnection outerConnection, DbConnectionFactory connectionFactory, TaskCompletionSource`1 retry, DbConnectionOptions userOptions)
   at System.Data.SqlClient.SqlConnection.TryOpen(TaskCompletionSource`1 retry)
   at System.Data.SqlClient.SqlConnection.OpenAsync(CancellationToken cancellationToken)
--- End of stack trace from previous location ---
   at BioFXAPI.Services.AccountMaintenanceHostedService.ExecuteAsync(CancellationToken stoppingToken) in C:\Users\xmanc\Desktop\BioFXAPI-Github\BioFXAPI\BioFXAPI\Services\AccountMaintenanceHostedService.cs:line 59
ClientConnectionId:00000000-0000-0000-0000-000000000000
Error Number:64,State:0,Class:20
2026-02-22 23:34:18.838 -05:00 [ERR] AccountMaintenance: error adquiriendo lock o conectando a SQL. Se reintentará en el próximo tick.
System.Data.SqlClient.SqlException (0x80131904): A network-related or instance-specific error occurred while establishing a connection to SQL Server. The server was not found or was not accessible. Verify that the instance name is correct and that SQL Server is configured to allow remote connections. (provider: Named Pipes Provider, error: 40 - Could not open a connection to SQL Server)
 ---> System.ComponentModel.Win32Exception (64): The specified network name is no longer available.
   at System.Data.SqlClient.SqlInternalConnectionTds..ctor(DbConnectionPoolIdentity identity, SqlConnectionString connectionOptions, SqlCredential credential, Object providerInfo, String newPassword, SecureString newSecurePassword, Boolean redirectedUserInstance, SqlConnectionString userConnectionOptions, SessionData reconnectSessionData, Boolean applyTransientFaultHandling, String accessToken)
   at System.Data.SqlClient.SqlConnectionFactory.CreateConnection(DbConnectionOptions options, DbConnectionPoolKey poolKey, Object poolGroupProviderInfo, DbConnectionPool pool, DbConnection owningConnection, DbConnectionOptions userOptions)
   at System.Data.ProviderBase.DbConnectionFactory.CreatePooledConnection(DbConnectionPool pool, DbConnection owningObject, DbConnectionOptions options, DbConnectionPoolKey poolKey, DbConnectionOptions userOptions)
   at System.Data.ProviderBase.DbConnectionPool.CreateObject(DbConnection owningObject, DbConnectionOptions userOptions, DbConnectionInternal oldConnection)
   at System.Data.ProviderBase.DbConnectionPool.UserCreateRequest(DbConnection owningObject, DbConnectionOptions userOptions, DbConnectionInternal oldConnection)
   at System.Data.ProviderBase.DbConnectionPool.TryGetConnection(DbConnection owningObject, UInt32 waitForMultipleObjectsTimeout, Boolean allowCreate, Boolean onlyOneCheckConnection, DbConnectionOptions userOptions, DbConnectionInternal& connection)
   at System.Data.ProviderBase.DbConnectionPool.WaitForPendingOpen()
--- End of stack trace from previous location ---
   at BioFXAPI.Services.AccountMaintenanceHostedService.ExecuteAsync(CancellationToken stoppingToken) in C:\Users\xmanc\Desktop\BioFXAPI-Github\BioFXAPI\BioFXAPI\Services\AccountMaintenanceHostedService.cs:line 59
ClientConnectionId:00000000-0000-0000-0000-000000000000
Error Number:64,State:0,Class:20
2026-02-22 23:35:18.805 -05:00 [ERR] AccountMaintenance: error adquiriendo lock o conectando a SQL. Se reintentará en el próximo tick.
System.Data.SqlClient.SqlException (0x80131904): A network-related or instance-specific error occurred while establishing a connection to SQL Server. The server was not found or was not accessible. Verify that the instance name is correct and that SQL Server is configured to allow remote connections. (provider: Named Pipes Provider, error: 40 - Could not open a connection to SQL Server)
 ---> System.ComponentModel.Win32Exception (64): The specified network name is no longer available.
   at System.Data.SqlClient.SqlInternalConnectionTds..ctor(DbConnectionPoolIdentity identity, SqlConnectionString connectionOptions, SqlCredential credential, Object providerInfo, String newPassword, SecureString newSecurePassword, Boolean redirectedUserInstance, SqlConnectionString userConnectionOptions, SessionData reconnectSessionData, Boolean applyTransientFaultHandling, String accessToken)
   at System.Data.SqlClient.SqlConnectionFactory.CreateConnection(DbConnectionOptions options, DbConnectionPoolKey poolKey, Object poolGroupProviderInfo, DbConnectionPool pool, DbConnection owningConnection, DbConnectionOptions userOptions)
   at System.Data.ProviderBase.DbConnectionFactory.CreatePooledConnection(DbConnectionPool pool, DbConnection owningObject, DbConnectionOptions options, DbConnectionPoolKey poolKey, DbConnectionOptions userOptions)
   at System.Data.ProviderBase.DbConnectionPool.CreateObject(DbConnection owningObject, DbConnectionOptions userOptions, DbConnectionInternal oldConnection)
   at System.Data.ProviderBase.DbConnectionPool.UserCreateRequest(DbConnection owningObject, DbConnectionOptions userOptions, DbConnectionInternal oldConnection)
   at System.Data.ProviderBase.DbConnectionPool.TryGetConnection(DbConnection owningObject, UInt32 waitForMultipleObjectsTimeout, Boolean allowCreate, Boolean onlyOneCheckConnection, DbConnectionOptions userOptions, DbConnectionInternal& connection)
   at System.Data.ProviderBase.DbConnectionPool.WaitForPendingOpen()
--- End of stack trace from previous location ---
   at BioFXAPI.Services.AccountMaintenanceHostedService.ExecuteAsync(CancellationToken stoppingToken) in C:\Users\xmanc\Desktop\BioFXAPI-Github\BioFXAPI\BioFXAPI\Services\AccountMaintenanceHostedService.cs:line 59
ClientConnectionId:00000000-0000-0000-0000-000000000000
Error Number:64,State:0,Class:20
