2025-12-30 17:04:55.653 -05:00 [DBG] Registered model binder providers, in the following order: ["Microsoft.AspNetCore.Mvc.ModelBinding.Binders.BinderTypeModelBinderProvider","Microsoft.AspNetCore.Mvc.ModelBinding.Binders.ServicesModelBinderProvider","Microsoft.AspNetCore.Mvc.ModelBinding.Binders.BodyModelBinderProvider","Microsoft.AspNetCore.Mvc.ModelBinding.Binders.HeaderModelBinderProvider","Microsoft.AspNetCore.Mvc.ModelBinding.Binders.FloatingPointTypeModelBinderProvider","Microsoft.AspNetCore.Mvc.ModelBinding.Binders.EnumTypeModelBinderProvider","Microsoft.AspNetCore.Mvc.ModelBinding.Binders.DateTimeModelBinderProvider","Microsoft.AspNetCore.Mvc.ModelBinding.Binders.SimpleTypeModelBinderProvider","Microsoft.AspNetCore.Mvc.ModelBinding.Binders.TryParseModelBinderProvider","Microsoft.AspNetCore.Mvc.ModelBinding.Binders.CancellationTokenModelBinderProvider","Microsoft.AspNetCore.Mvc.ModelBinding.Binders.ByteArrayModelBinderProvider","Microsoft.AspNetCore.Mvc.ModelBinding.Binders.FormFileModelBinderProvider","Microsoft.AspNetCore.Mvc.ModelBinding.Binders.FormCollectionModelBinderProvider","Microsoft.AspNetCore.Mvc.ModelBinding.Binders.KeyValuePairModelBinderProvider","Microsoft.AspNetCore.Mvc.ModelBinding.Binders.DictionaryModelBinderProvider","Microsoft.AspNetCore.Mvc.ModelBinding.Binders.ArrayModelBinderProvider","Microsoft.AspNetCore.Mvc.ModelBinding.Binders.CollectionModelBinderProvider","Microsoft.AspNetCore.Mvc.ModelBinding.Binders.ComplexObjectModelBinderProvider"]
2025-12-30 17:04:56.047 -05:00 [DBG] Hosting starting
2025-12-30 17:04:56.091 -05:00 [INF] User profile is available. Using 'C:\Users\xmanc\AppData\Local\ASP.NET\DataProtection-Keys' as key repository and Windows DPAPI to encrypt keys at rest.
2025-12-30 17:04:56.101 -05:00 [DBG] Reading data from file 'C:\Users\xmanc\AppData\Local\ASP.NET\DataProtection-Keys\key-3390bb48-7b52-40b9-a5cd-8587ed8f0a32.xml'.
2025-12-30 17:04:56.134 -05:00 [DBG] Found key {3390bb48-7b52-40b9-a5cd-8587ed8f0a32}.
2025-12-30 17:04:56.144 -05:00 [DBG] Considering key {3390bb48-7b52-40b9-a5cd-8587ed8f0a32} with expiration date 2025-12-03 18:54:05Z as default key.
2025-12-30 17:04:56.147 -05:00 [DBG] Key {3390bb48-7b52-40b9-a5cd-8587ed8f0a32} is no longer under consideration as default key because it is expired, revoked, or cannot be deciphered.
2025-12-30 17:04:56.151 -05:00 [DBG] Forwarded activator type request from Microsoft.AspNetCore.DataProtection.XmlEncryption.DpapiXmlDecryptor, Microsoft.AspNetCore.DataProtection, Version=8.0.0.0, Culture=neutral, PublicKeyToken=adb9793829ddae60 to Microsoft.AspNetCore.DataProtection.XmlEncryption.DpapiXmlDecryptor, Microsoft.AspNetCore.DataProtection, Culture=neutral, PublicKeyToken=adb9793829ddae60
2025-12-30 17:04:56.154 -05:00 [DBG] Decrypting secret element using Windows DPAPI.
2025-12-30 17:04:56.157 -05:00 [DBG] Forwarded activator type request from Microsoft.AspNetCore.DataProtection.AuthenticatedEncryption.ConfigurationModel.AuthenticatedEncryptorDescriptorDeserializer, Microsoft.AspNetCore.DataProtection, Version=8.0.0.0, Culture=neutral, PublicKeyToken=adb9793829ddae60 to Microsoft.AspNetCore.DataProtection.AuthenticatedEncryption.ConfigurationModel.AuthenticatedEncryptorDescriptorDeserializer, Microsoft.AspNetCore.DataProtection, Culture=neutral, PublicKeyToken=adb9793829ddae60
2025-12-30 17:04:56.162 -05:00 [DBG] Opening CNG algorithm 'AES' from provider 'null' with chaining mode CBC.
2025-12-30 17:04:56.166 -05:00 [DBG] Opening CNG algorithm 'SHA256' from provider 'null' with HMAC.
2025-12-30 17:04:56.170 -05:00 [DBG] Repository contains no viable default key. Caller should generate a key with immediate activation.
2025-12-30 17:04:56.171 -05:00 [DBG] Policy resolution states that a new key should be added to the key ring.
2025-12-30 17:04:56.174 -05:00 [INF] Creating key {a53364e5-c8f1-4abd-b63f-f57292da94bd} with creation date 2025-12-30 22:04:56Z, activation date 2025-12-30 22:04:56Z, and expiration date 2026-03-30 22:04:56Z.
2025-12-30 17:04:56.182 -05:00 [DBG] Descriptor deserializer type for key {a53364e5-c8f1-4abd-b63f-f57292da94bd} is 'Microsoft.AspNetCore.DataProtection.AuthenticatedEncryption.ConfigurationModel.AuthenticatedEncryptorDescriptorDeserializer, Microsoft.AspNetCore.DataProtection, Version=8.0.0.0, Culture=neutral, PublicKeyToken=adb9793829ddae60'.
2025-12-30 17:04:56.185 -05:00 [DBG] No key escrow sink found. Not writing key {a53364e5-c8f1-4abd-b63f-f57292da94bd} to escrow.
2025-12-30 17:04:56.200 -05:00 [DBG] Encrypting to Windows DPAPI for current user account (LAPTOP-XAVIER\xmanc).
2025-12-30 17:04:56.209 -05:00 [INF] Writing data to file 'C:\Users\xmanc\AppData\Local\ASP.NET\DataProtection-Keys\key-a53364e5-c8f1-4abd-b63f-f57292da94bd.xml'.
2025-12-30 17:04:56.215 -05:00 [DBG] Key cache expiration token triggered by 'CreateNewKey' operation.
2025-12-30 17:04:56.219 -05:00 [DBG] Reading data from file 'C:\Users\xmanc\AppData\Local\ASP.NET\DataProtection-Keys\key-3390bb48-7b52-40b9-a5cd-8587ed8f0a32.xml'.
2025-12-30 17:04:56.221 -05:00 [DBG] Reading data from file 'C:\Users\xmanc\AppData\Local\ASP.NET\DataProtection-Keys\key-a53364e5-c8f1-4abd-b63f-f57292da94bd.xml'.
2025-12-30 17:04:56.230 -05:00 [DBG] Found key {3390bb48-7b52-40b9-a5cd-8587ed8f0a32}.
2025-12-30 17:04:56.233 -05:00 [DBG] Found key {a53364e5-c8f1-4abd-b63f-f57292da94bd}.
2025-12-30 17:04:56.241 -05:00 [DBG] Considering key {a53364e5-c8f1-4abd-b63f-f57292da94bd} with expiration date 2026-03-30 22:04:56Z as default key.
2025-12-30 17:04:56.244 -05:00 [DBG] Forwarded activator type request from Microsoft.AspNetCore.DataProtection.XmlEncryption.DpapiXmlDecryptor, Microsoft.AspNetCore.DataProtection, Version=8.0.0.0, Culture=neutral, PublicKeyToken=adb9793829ddae60 to Microsoft.AspNetCore.DataProtection.XmlEncryption.DpapiXmlDecryptor, Microsoft.AspNetCore.DataProtection, Culture=neutral, PublicKeyToken=adb9793829ddae60
2025-12-30 17:04:56.246 -05:00 [DBG] Decrypting secret element using Windows DPAPI.
2025-12-30 17:04:56.247 -05:00 [DBG] Forwarded activator type request from Microsoft.AspNetCore.DataProtection.AuthenticatedEncryption.ConfigurationModel.AuthenticatedEncryptorDescriptorDeserializer, Microsoft.AspNetCore.DataProtection, Version=8.0.0.0, Culture=neutral, PublicKeyToken=adb9793829ddae60 to Microsoft.AspNetCore.DataProtection.AuthenticatedEncryption.ConfigurationModel.AuthenticatedEncryptorDescriptorDeserializer, Microsoft.AspNetCore.DataProtection, Culture=neutral, PublicKeyToken=adb9793829ddae60
2025-12-30 17:04:56.250 -05:00 [DBG] Opening CNG algorithm 'AES' from provider 'null' with chaining mode CBC.
2025-12-30 17:04:56.251 -05:00 [DBG] Opening CNG algorithm 'SHA256' from provider 'null' with HMAC.
2025-12-30 17:04:56.253 -05:00 [DBG] Using key {a53364e5-c8f1-4abd-b63f-f57292da94bd} as the default key.
2025-12-30 17:04:56.255 -05:00 [DBG] Key ring with default key {a53364e5-c8f1-4abd-b63f-f57292da94bd} was loaded during application startup.
2025-12-30 17:04:56.265 -05:00 [DBG] Middleware loaded
2025-12-30 17:04:56.268 -05:00 [DBG] Middleware loaded. Script /_framework/aspnetcore-browser-refresh.js (16501 B).
2025-12-30 17:04:56.275 -05:00 [DBG] Middleware loaded. Script /_framework/blazor-hotreload.js (799 B).
2025-12-30 17:04:56.410 -05:00 [DBG] Middleware loaded: DOTNET_MODIFIABLE_ASSEMBLIES=null, __ASPNETCORE_BROWSER_TOOLS=true
2025-12-30 17:04:56.523 -05:00 [INF] Now listening on: https://localhost:7177
2025-12-30 17:04:56.524 -05:00 [INF] Now listening on: http://localhost:5160
2025-12-30 17:04:56.525 -05:00 [DBG] Loaded hosting startup assembly BioFXAPI
2025-12-30 17:04:56.526 -05:00 [DBG] Loaded hosting startup assembly Microsoft.WebTools.ApiEndpointDiscovery
2025-12-30 17:04:56.528 -05:00 [DBG] Loaded hosting startup assembly Microsoft.AspNetCore.Watch.BrowserRefresh
2025-12-30 17:04:56.529 -05:00 [DBG] Loaded hosting startup assembly Microsoft.WebTools.BrowserLink.Net
2025-12-30 17:04:56.592 -05:00 [INF] Application started. Press Ctrl+C to shut down.
2025-12-30 17:04:56.594 -05:00 [INF] Hosting environment: Development
2025-12-30 17:04:56.596 -05:00 [INF] Content root path: C:\Users\xmanc\OneDrive\Desktop\BioFXAPI-Github\BioFXAPI\BioFXAPI
2025-12-30 17:04:56.598 -05:00 [DBG] Hosting started
2025-12-30 17:04:56.716 -05:00 [DBG] Connection id "0HNI7TTRU1DH6" accepted.
2025-12-30 17:04:56.716 -05:00 [DBG] Connection id "0HNI7TTRU1DH5" accepted.
2025-12-30 17:04:56.719 -05:00 [DBG] Connection id "0HNI7TTRU1DH6" started.
2025-12-30 17:04:56.721 -05:00 [DBG] Connection id "0HNI7TTRU1DH5" started.
2025-12-30 17:04:56.742 -05:00 [DBG] Connection id "0HNI7TTRU1DH6" received FIN.
2025-12-30 17:04:56.742 -05:00 [DBG] Connection id "0HNI7TTRU1DH5" received FIN.
2025-12-30 17:04:56.752 -05:00 [DBG] Failed to authenticate HTTPS connection.
System.IO.IOException: Received an unexpected EOF or 0 bytes from the transport stream.
   at System.Net.Security.SslStream.ReceiveHandshakeFrameAsync[TIOAdapter](CancellationToken cancellationToken)
   at System.Net.Security.SslStream.ForceAuthenticationAsync[TIOAdapter](Boolean receiveFirst, Byte[] reAuthenticationData, CancellationToken cancellationToken)
   at System.Net.Security.SslStream.ProcessAuthenticationWithTelemetryAsync(Boolean isAsync, CancellationToken cancellationToken)
   at Microsoft.AspNetCore.Server.Kestrel.Https.Internal.HttpsConnectionMiddleware.OnConnectionAsync(ConnectionContext context)
2025-12-30 17:04:56.752 -05:00 [DBG] Failed to authenticate HTTPS connection.
System.IO.IOException: Received an unexpected EOF or 0 bytes from the transport stream.
   at System.Net.Security.SslStream.ReceiveHandshakeFrameAsync[TIOAdapter](CancellationToken cancellationToken)
   at System.Net.Security.SslStream.ForceAuthenticationAsync[TIOAdapter](Boolean receiveFirst, Byte[] reAuthenticationData, CancellationToken cancellationToken)
   at System.Net.Security.SslStream.ProcessAuthenticationWithTelemetryAsync(Boolean isAsync, CancellationToken cancellationToken)
   at Microsoft.AspNetCore.Server.Kestrel.Https.Internal.HttpsConnectionMiddleware.OnConnectionAsync(ConnectionContext context)
2025-12-30 17:04:56.798 -05:00 [DBG] Connection id "0HNI7TTRU1DH5" stopped.
2025-12-30 17:04:56.798 -05:00 [DBG] Connection id "0HNI7TTRU1DH6" stopped.
2025-12-30 17:04:56.801 -05:00 [DBG] Connection id "0HNI7TTRU1DH5" sending FIN because: "The Socket transport's send loop completed gracefully."
2025-12-30 17:04:56.801 -05:00 [DBG] Connection id "0HNI7TTRU1DH6" sending FIN because: "The Socket transport's send loop completed gracefully."
2025-12-30 17:04:56.972 -05:00 [DBG] Connection id "0HNI7TTRU1DH7" accepted.
2025-12-30 17:04:56.977 -05:00 [DBG] Connection id "0HNI7TTRU1DH7" started.
2025-12-30 17:04:57.043 -05:00 [DBG] Connection id "0HNI7TTRU1DH8" accepted.
2025-12-30 17:04:57.045 -05:00 [DBG] Connection id "0HNI7TTRU1DH8" started.
2025-12-30 17:04:57.056 -05:00 [DBG] Connection 0HNI7TTRU1DH8 established using the following protocol: "Tls13"
2025-12-30 17:04:57.056 -05:00 [DBG] Connection 0HNI7TTRU1DH7 established using the following protocol: "Tls13"
2025-12-30 17:04:57.140 -05:00 [INF] Request starting HTTP/2 GET https://localhost:7177/swagger - null null
2025-12-30 17:04:57.348 -05:00 [DBG] Wildcard detected, all requests with hosts will be allowed.
2025-12-30 17:04:57.411 -05:00 [DBG] No candidates found for the request path '/swagger'
2025-12-30 17:04:57.414 -05:00 [DBG] Request did not match any endpoints
2025-12-30 17:04:57.428 -05:00 [INF] Request finished HTTP/2 GET https://localhost:7177/swagger - 301 0 null 295.8848ms
2025-12-30 17:04:57.433 -05:00 [INF] Request starting HTTP/2 GET https://localhost:7177/swagger/index.html - null null
2025-12-30 17:04:57.461 -05:00 [DBG] No candidates found for the request path '/swagger/index.html'
2025-12-30 17:04:57.478 -05:00 [DBG] Request did not match any endpoints
2025-12-30 17:04:57.555 -05:00 [DBG] Response markup is scheduled to include Browser Link script injection.
2025-12-30 17:04:57.563 -05:00 [DBG] Response markup is scheduled to include browser refresh script injection.
2025-12-30 17:04:57.605 -05:00 [DBG] Response markup was updated to include Browser Link script injection.
2025-12-30 17:04:57.611 -05:00 [DBG] Response markup was updated to include browser refresh script injection.
2025-12-30 17:04:57.617 -05:00 [INF] Request finished HTTP/2 GET https://localhost:7177/swagger/index.html - 200 null text/html;charset=utf-8 184.6461ms
2025-12-30 17:04:57.680 -05:00 [INF] Request starting HTTP/2 GET https://localhost:7177/swagger/swagger-ui-standalone-preset.js - null null
2025-12-30 17:04:57.680 -05:00 [INF] Request starting HTTP/2 GET https://localhost:7177/swagger/swagger-ui.css - null null
2025-12-30 17:04:57.680 -05:00 [INF] Request starting HTTP/2 GET https://localhost:7177/_framework/aspnetcore-browser-refresh.js - null null
2025-12-30 17:04:57.680 -05:00 [INF] Request starting HTTP/2 GET https://localhost:7177/_vs/browserLink - null null
2025-12-30 17:04:57.701 -05:00 [DBG] No candidates found for the request path '/swagger/swagger-ui.css'
2025-12-30 17:04:57.689 -05:00 [DBG] No candidates found for the request path '/swagger/swagger-ui-standalone-preset.js'
2025-12-30 17:04:57.720 -05:00 [DBG] Script injected: /_framework/aspnetcore-browser-refresh.js
2025-12-30 17:04:57.728 -05:00 [DBG] Request did not match any endpoints
2025-12-30 17:04:57.729 -05:00 [DBG] Request did not match any endpoints
2025-12-30 17:04:57.732 -05:00 [INF] Request finished HTTP/2 GET https://localhost:7177/_framework/aspnetcore-browser-refresh.js - 200 16501 application/javascript; charset=utf-8 51.9799ms
2025-12-30 17:04:57.680 -05:00 [INF] Request starting HTTP/2 GET https://localhost:7177/swagger/swagger-ui-bundle.js - null null
2025-12-30 17:04:57.759 -05:00 [DBG] No candidates found for the request path '/swagger/swagger-ui-bundle.js'
2025-12-30 17:04:57.761 -05:00 [INF] Sending file. Request path: '/swagger-ui.css'. Physical path: 'N/A'
2025-12-30 17:04:57.762 -05:00 [DBG] Request did not match any endpoints
2025-12-30 17:04:57.762 -05:00 [INF] Sending file. Request path: '/swagger-ui-standalone-preset.js'. Physical path: 'N/A'
2025-12-30 17:04:57.769 -05:00 [INF] Request finished HTTP/2 GET https://localhost:7177/swagger/swagger-ui.css - 200 152034 text/css 89.2213ms
2025-12-30 17:04:57.790 -05:00 [INF] Request finished HTTP/2 GET https://localhost:7177/swagger/swagger-ui-standalone-preset.js - 200 230280 text/javascript 110.1765ms
2025-12-30 17:04:57.795 -05:00 [INF] Request finished HTTP/2 GET https://localhost:7177/_vs/browserLink - 200 null text/javascript; charset=UTF-8 115.6234ms
2025-12-30 17:04:57.825 -05:00 [INF] Sending file. Request path: '/swagger-ui-bundle.js'. Physical path: 'N/A'
2025-12-30 17:04:57.860 -05:00 [INF] Request finished HTTP/2 GET https://localhost:7177/swagger/swagger-ui-bundle.js - 200 1456926 text/javascript 180.3081ms
2025-12-30 17:04:58.731 -05:00 [INF] Request starting HTTP/2 GET https://localhost:7177/swagger/v1/swagger.json - null null
2025-12-30 17:04:58.740 -05:00 [INF] Request starting HTTP/2 GET https://localhost:7177/swagger/favicon-32x32.png - null null
2025-12-30 17:04:58.772 -05:00 [DBG] No candidates found for the request path '/swagger/v1/swagger.json'
2025-12-30 17:04:58.779 -05:00 [DBG] No candidates found for the request path '/swagger/favicon-32x32.png'
2025-12-30 17:04:58.782 -05:00 [DBG] Request did not match any endpoints
2025-12-30 17:04:58.785 -05:00 [DBG] Request did not match any endpoints
2025-12-30 17:04:58.793 -05:00 [INF] Sending file. Request path: '/favicon-32x32.png'. Physical path: 'N/A'
2025-12-30 17:04:58.798 -05:00 [INF] Request finished HTTP/2 GET https://localhost:7177/swagger/favicon-32x32.png - 200 628 image/png 57.6842ms
2025-12-30 17:04:58.804 -05:00 [INF] Request finished HTTP/2 GET https://localhost:7177/swagger/v1/swagger.json - 200 null application/json;charset=utf-8 73.5529ms
2025-12-30 17:04:58.809 -05:00 [DBG] Connection id "0HNI7TTRU1DH9" accepted.
2025-12-30 17:04:58.817 -05:00 [DBG] Connection id "0HNI7TTRU1DH9" started.
2025-12-30 17:04:58.823 -05:00 [DBG] Connection 0HNI7TTRU1DH9 established using the following protocol: "Tls13"
2025-12-30 17:04:58.827 -05:00 [INF] Request starting HTTP/2 GET https://localhost:7177/swagger/favicon-32x32.png - null null
2025-12-30 17:04:58.833 -05:00 [DBG] No candidates found for the request path '/swagger/favicon-32x32.png'
2025-12-30 17:04:58.837 -05:00 [DBG] Request did not match any endpoints
2025-12-30 17:04:58.839 -05:00 [INF] Sending file. Request path: '/favicon-32x32.png'. Physical path: 'N/A'
2025-12-30 17:04:58.843 -05:00 [INF] Request finished HTTP/2 GET https://localhost:7177/swagger/favicon-32x32.png - 200 628 image/png 16.1216ms
