2026-01-02 16:12:34.737 -05:00 [DBG] Registered model binder providers, in the following order: ["Microsoft.AspNetCore.Mvc.ModelBinding.Binders.BinderTypeModelBinderProvider","Microsoft.AspNetCore.Mvc.ModelBinding.Binders.ServicesModelBinderProvider","Microsoft.AspNetCore.Mvc.ModelBinding.Binders.BodyModelBinderProvider","Microsoft.AspNetCore.Mvc.ModelBinding.Binders.HeaderModelBinderProvider","Microsoft.AspNetCore.Mvc.ModelBinding.Binders.FloatingPointTypeModelBinderProvider","Microsoft.AspNetCore.Mvc.ModelBinding.Binders.EnumTypeModelBinderProvider","Microsoft.AspNetCore.Mvc.ModelBinding.Binders.DateTimeModelBinderProvider","Microsoft.AspNetCore.Mvc.ModelBinding.Binders.SimpleTypeModelBinderProvider","Microsoft.AspNetCore.Mvc.ModelBinding.Binders.TryParseModelBinderProvider","Microsoft.AspNetCore.Mvc.ModelBinding.Binders.CancellationTokenModelBinderProvider","Microsoft.AspNetCore.Mvc.ModelBinding.Binders.ByteArrayModelBinderProvider","Microsoft.AspNetCore.Mvc.ModelBinding.Binders.FormFileModelBinderProvider","Microsoft.AspNetCore.Mvc.ModelBinding.Binders.FormCollectionModelBinderProvider","Microsoft.AspNetCore.Mvc.ModelBinding.Binders.KeyValuePairModelBinderProvider","Microsoft.AspNetCore.Mvc.ModelBinding.Binders.DictionaryModelBinderProvider","Microsoft.AspNetCore.Mvc.ModelBinding.Binders.ArrayModelBinderProvider","Microsoft.AspNetCore.Mvc.ModelBinding.Binders.CollectionModelBinderProvider","Microsoft.AspNetCore.Mvc.ModelBinding.Binders.ComplexObjectModelBinderProvider"]
2026-01-02 16:12:35.220 -05:00 [DBG] Hosting starting
2026-01-02 16:12:35.268 -05:00 [INF] User profile is available. Using 'C:\Users\xmanc\AppData\Local\ASP.NET\DataProtection-Keys' as key repository and Windows DPAPI to encrypt keys at rest.
2026-01-02 16:12:35.277 -05:00 [DBG] Reading data from file 'C:\Users\xmanc\AppData\Local\ASP.NET\DataProtection-Keys\key-3390bb48-7b52-40b9-a5cd-8587ed8f0a32.xml'.
2026-01-02 16:12:35.307 -05:00 [DBG] Reading data from file 'C:\Users\xmanc\AppData\Local\ASP.NET\DataProtection-Keys\key-a53364e5-c8f1-4abd-b63f-f57292da94bd.xml'.
2026-01-02 16:12:35.332 -05:00 [DBG] Found key {3390bb48-7b52-40b9-a5cd-8587ed8f0a32}.
2026-01-02 16:12:35.339 -05:00 [DBG] Found key {a53364e5-c8f1-4abd-b63f-f57292da94bd}.
2026-01-02 16:12:35.344 -05:00 [DBG] Considering key {a53364e5-c8f1-4abd-b63f-f57292da94bd} with expiration date 2026-03-30 22:04:56Z as default key.
2026-01-02 16:12:35.348 -05:00 [DBG] Forwarded activator type request from Microsoft.AspNetCore.DataProtection.XmlEncryption.DpapiXmlDecryptor, Microsoft.AspNetCore.DataProtection, Version=8.0.0.0, Culture=neutral, PublicKeyToken=adb9793829ddae60 to Microsoft.AspNetCore.DataProtection.XmlEncryption.DpapiXmlDecryptor, Microsoft.AspNetCore.DataProtection, Culture=neutral, PublicKeyToken=adb9793829ddae60
2026-01-02 16:12:35.351 -05:00 [DBG] Decrypting secret element using Windows DPAPI.
2026-01-02 16:12:35.353 -05:00 [DBG] Forwarded activator type request from Microsoft.AspNetCore.DataProtection.AuthenticatedEncryption.ConfigurationModel.AuthenticatedEncryptorDescriptorDeserializer, Microsoft.AspNetCore.DataProtection, Version=8.0.0.0, Culture=neutral, PublicKeyToken=adb9793829ddae60 to Microsoft.AspNetCore.DataProtection.AuthenticatedEncryption.ConfigurationModel.AuthenticatedEncryptorDescriptorDeserializer, Microsoft.AspNetCore.DataProtection, Culture=neutral, PublicKeyToken=adb9793829ddae60
2026-01-02 16:12:35.357 -05:00 [DBG] Opening CNG algorithm 'AES' from provider 'null' with chaining mode CBC.
2026-01-02 16:12:35.360 -05:00 [DBG] Opening CNG algorithm 'SHA256' from provider 'null' with HMAC.
2026-01-02 16:12:35.364 -05:00 [DBG] Using key {a53364e5-c8f1-4abd-b63f-f57292da94bd} as the default key.
2026-01-02 16:12:35.365 -05:00 [DBG] Key ring with default key {a53364e5-c8f1-4abd-b63f-f57292da94bd} was loaded during application startup.
2026-01-02 16:12:35.373 -05:00 [DBG] Middleware loaded
2026-01-02 16:12:35.374 -05:00 [DBG] Middleware loaded. Script /_framework/aspnetcore-browser-refresh.js (16501 B).
2026-01-02 16:12:35.376 -05:00 [DBG] Middleware loaded. Script /_framework/blazor-hotreload.js (799 B).
2026-01-02 16:12:35.479 -05:00 [DBG] Middleware loaded: DOTNET_MODIFIABLE_ASSEMBLIES=null, __ASPNETCORE_BROWSER_TOOLS=true
2026-01-02 16:12:35.615 -05:00 [INF] Now listening on: https://localhost:7177
2026-01-02 16:12:35.616 -05:00 [INF] Now listening on: http://localhost:5160
2026-01-02 16:12:35.616 -05:00 [DBG] Loaded hosting startup assembly BioFXAPI
2026-01-02 16:12:35.617 -05:00 [DBG] Loaded hosting startup assembly Microsoft.WebTools.ApiEndpointDiscovery
2026-01-02 16:12:35.617 -05:00 [DBG] Loaded hosting startup assembly Microsoft.AspNetCore.Watch.BrowserRefresh
2026-01-02 16:12:35.618 -05:00 [DBG] Loaded hosting startup assembly Microsoft.WebTools.BrowserLink.Net
2026-01-02 16:12:35.642 -05:00 [DBG] Connection id "0HNIA8EJE86PV" received FIN.
2026-01-02 16:12:35.648 -05:00 [DBG] Connection id "0HNIA8EJE86PV" accepted.
2026-01-02 16:12:35.650 -05:00 [DBG] Connection id "0HNIA8EJE86PV" started.
2026-01-02 16:12:35.665 -05:00 [DBG] Failed to authenticate HTTPS connection.
System.IO.IOException: Received an unexpected EOF or 0 bytes from the transport stream.
   at System.Net.Security.SslStream.ReceiveHandshakeFrameAsync[TIOAdapter](CancellationToken cancellationToken)
   at System.Net.Security.SslStream.ForceAuthenticationAsync[TIOAdapter](Boolean receiveFirst, Byte[] reAuthenticationData, CancellationToken cancellationToken)
   at System.Net.Security.SslStream.ProcessAuthenticationWithTelemetryAsync(Boolean isAsync, CancellationToken cancellationToken)
   at Microsoft.AspNetCore.Server.Kestrel.Https.Internal.HttpsConnectionMiddleware.OnConnectionAsync(ConnectionContext context)
2026-01-02 16:12:35.703 -05:00 [INF] Application started. Press Ctrl+C to shut down.
2026-01-02 16:12:35.708 -05:00 [INF] Hosting environment: Development
2026-01-02 16:12:35.709 -05:00 [INF] Content root path: C:\Users\xmanc\OneDrive\Desktop\BioFXAPI-Github\BioFXAPI\BioFXAPI
2026-01-02 16:12:35.710 -05:00 [DBG] Hosting started
2026-01-02 16:12:35.711 -05:00 [DBG] Connection id "0HNIA8EJE86PV" stopped.
2026-01-02 16:12:35.715 -05:00 [DBG] Connection id "0HNIA8EJE86PV" sending FIN because: "The Socket transport's send loop completed gracefully."
2026-01-02 16:12:37.251 -05:00 [DBG] Connection id "0HNIA8EJE86Q0" accepted.
2026-01-02 16:12:37.253 -05:00 [DBG] Connection id "0HNIA8EJE86Q0" started.
2026-01-02 16:12:37.387 -05:00 [DBG] Connection id "0HNIA8EJE86Q1" accepted.
2026-01-02 16:12:37.389 -05:00 [DBG] Connection id "0HNIA8EJE86Q1" started.
2026-01-02 16:12:37.403 -05:00 [DBG] Connection 0HNIA8EJE86Q1 established using the following protocol: "Tls13"
2026-01-02 16:12:37.403 -05:00 [DBG] Connection 0HNIA8EJE86Q0 established using the following protocol: "Tls13"
2026-01-02 16:12:37.485 -05:00 [INF] Request starting HTTP/2 GET https://localhost:7177/swagger - null null
2026-01-02 16:12:37.660 -05:00 [DBG] Wildcard detected, all requests with hosts will be allowed.
2026-01-02 16:12:37.697 -05:00 [DBG] No candidates found for the request path '/swagger'
2026-01-02 16:12:37.699 -05:00 [DBG] Request did not match any endpoints
2026-01-02 16:12:37.709 -05:00 [INF] Request finished HTTP/2 GET https://localhost:7177/swagger - 301 0 null 233.4341ms
2026-01-02 16:12:37.715 -05:00 [INF] Request starting HTTP/2 GET https://localhost:7177/swagger/index.html - null null
2026-01-02 16:12:37.721 -05:00 [DBG] No candidates found for the request path '/swagger/index.html'
2026-01-02 16:12:37.722 -05:00 [DBG] Request did not match any endpoints
2026-01-02 16:12:37.787 -05:00 [DBG] Response markup is scheduled to include Browser Link script injection.
2026-01-02 16:12:37.790 -05:00 [DBG] Response markup is scheduled to include browser refresh script injection.
2026-01-02 16:12:37.805 -05:00 [DBG] Response markup was updated to include Browser Link script injection.
2026-01-02 16:12:37.806 -05:00 [DBG] Response markup was updated to include browser refresh script injection.
2026-01-02 16:12:37.807 -05:00 [INF] Request finished HTTP/2 GET https://localhost:7177/swagger/index.html - 200 null text/html;charset=utf-8 92.267ms
2026-01-02 16:12:37.886 -05:00 [INF] Request starting HTTP/2 GET https://localhost:7177/swagger/swagger-ui.css - null null
2026-01-02 16:12:37.887 -05:00 [INF] Request starting HTTP/2 GET https://localhost:7177/swagger/swagger-ui-bundle.js - null null
2026-01-02 16:12:37.887 -05:00 [INF] Request starting HTTP/2 GET https://localhost:7177/_vs/browserLink - null null
2026-01-02 16:12:37.887 -05:00 [INF] Request starting HTTP/2 GET https://localhost:7177/_framework/aspnetcore-browser-refresh.js - null null
2026-01-02 16:12:37.886 -05:00 [INF] Request starting HTTP/2 GET https://localhost:7177/swagger/swagger-ui-standalone-preset.js - null null
2026-01-02 16:12:37.900 -05:00 [DBG] No candidates found for the request path '/swagger/swagger-ui.css'
2026-01-02 16:12:37.902 -05:00 [DBG] No candidates found for the request path '/swagger/swagger-ui-bundle.js'
2026-01-02 16:12:37.923 -05:00 [DBG] Request did not match any endpoints
2026-01-02 16:12:37.933 -05:00 [DBG] Request did not match any endpoints
2026-01-02 16:12:37.911 -05:00 [DBG] No candidates found for the request path '/swagger/swagger-ui-standalone-preset.js'
2026-01-02 16:12:37.929 -05:00 [DBG] Script injected: /_framework/aspnetcore-browser-refresh.js
2026-01-02 16:12:37.937 -05:00 [DBG] Request did not match any endpoints
2026-01-02 16:12:37.938 -05:00 [INF] Request finished HTTP/2 GET https://localhost:7177/_framework/aspnetcore-browser-refresh.js - 200 16501 application/javascript; charset=utf-8 51.8169ms
2026-01-02 16:12:37.965 -05:00 [INF] Sending file. Request path: '/swagger-ui-standalone-preset.js'. Physical path: 'N/A'
2026-01-02 16:12:37.965 -05:00 [INF] Sending file. Request path: '/swagger-ui.css'. Physical path: 'N/A'
2026-01-02 16:12:37.970 -05:00 [INF] Request finished HTTP/2 GET https://localhost:7177/swagger/swagger-ui-standalone-preset.js - 200 230280 text/javascript 83.8885ms
2026-01-02 16:12:37.970 -05:00 [INF] Request finished HTTP/2 GET https://localhost:7177/swagger/swagger-ui.css - 200 152034 text/css 84.3293ms
2026-01-02 16:12:38.016 -05:00 [INF] Request finished HTTP/2 GET https://localhost:7177/_vs/browserLink - 200 null text/javascript; charset=UTF-8 129.2559ms
2026-01-02 16:12:38.020 -05:00 [INF] Sending file. Request path: '/swagger-ui-bundle.js'. Physical path: 'N/A'
2026-01-02 16:12:38.022 -05:00 [INF] Request finished HTTP/2 GET https://localhost:7177/swagger/swagger-ui-bundle.js - 200 1456926 text/javascript 136.2254ms
2026-01-02 16:12:38.966 -05:00 [INF] Request starting HTTP/2 GET https://localhost:7177/swagger/v1/swagger.json - null null
2026-01-02 16:12:38.970 -05:00 [DBG] Connection id "0HNIA8EJE86Q2" accepted.
2026-01-02 16:12:38.971 -05:00 [DBG] No candidates found for the request path '/swagger/v1/swagger.json'
2026-01-02 16:12:38.972 -05:00 [DBG] Connection id "0HNIA8EJE86Q2" started.
2026-01-02 16:12:38.972 -05:00 [DBG] Request did not match any endpoints
2026-01-02 16:12:38.976 -05:00 [DBG] Connection 0HNIA8EJE86Q2 established using the following protocol: "Tls13"
2026-01-02 16:12:38.979 -05:00 [INF] Request starting HTTP/2 GET https://localhost:7177/swagger/favicon-32x32.png - null null
2026-01-02 16:12:38.981 -05:00 [DBG] No candidates found for the request path '/swagger/favicon-32x32.png'
2026-01-02 16:12:38.982 -05:00 [DBG] Request did not match any endpoints
2026-01-02 16:12:38.983 -05:00 [INF] Sending file. Request path: '/favicon-32x32.png'. Physical path: 'N/A'
2026-01-02 16:12:38.984 -05:00 [INF] Request finished HTTP/2 GET https://localhost:7177/swagger/favicon-32x32.png - 200 628 image/png 5.8264ms
2026-01-02 16:12:38.997 -05:00 [INF] Request finished HTTP/2 GET https://localhost:7177/swagger/v1/swagger.json - 200 null application/json;charset=utf-8 31.9703ms
2026-01-02 16:12:46.908 -05:00 [DBG] Connection id "0HNIA8EJE86Q1" received FIN.
2026-01-02 16:12:46.909 -05:00 [DBG] Connection id "0HNIA8EJE86Q0" received FIN.
2026-01-02 16:12:46.909 -05:00 [DBG] Connection id "0HNIA8EJE86Q2" received FIN.
2026-01-02 16:12:46.912 -05:00 [DBG] The connection queue processing loop for 0HNIA8EJE86Q0 completed.
2026-01-02 16:12:46.912 -05:00 [DBG] The connection queue processing loop for 0HNIA8EJE86Q1 completed.
2026-01-02 16:12:46.912 -05:00 [DBG] The connection queue processing loop for 0HNIA8EJE86Q2 completed.
2026-01-02 16:12:46.914 -05:00 [DBG] Connection id "0HNIA8EJE86Q2" is closed. The last processed stream ID was 1.
2026-01-02 16:12:46.914 -05:00 [DBG] Connection id "0HNIA8EJE86Q0" is closed. The last processed stream ID was 15.
2026-01-02 16:12:46.914 -05:00 [DBG] Connection id "0HNIA8EJE86Q1" is closed. The last processed stream ID was 0.
2026-01-02 16:12:46.919 -05:00 [DBG] Connection id "0HNIA8EJE86Q2" sending FIN because: "The Socket transport's send loop completed gracefully."
2026-01-02 16:12:46.920 -05:00 [DBG] Connection id "0HNIA8EJE86Q0" sending FIN because: "The Socket transport's send loop completed gracefully."
2026-01-02 16:12:46.925 -05:00 [DBG] Connection id "0HNIA8EJE86Q2" stopped.
2026-01-02 16:12:46.922 -05:00 [DBG] Connection id "0HNIA8EJE86Q1" sending FIN because: "The Socket transport's send loop completed gracefully."
2026-01-02 16:12:46.940 -05:00 [DBG] Connection id "0HNIA8EJE86Q0" stopped.
2026-01-02 16:12:46.940 -05:00 [DBG] Connection id "0HNIA8EJE86Q1" stopped.
2026-01-02 16:13:03.575 -05:00 [DBG] Connection id "0HNIA8EJE86Q3" accepted.
2026-01-02 16:13:03.576 -05:00 [DBG] Connection id "0HNIA8EJE86Q3" started.
2026-01-02 16:13:03.579 -05:00 [DBG] Connection 0HNIA8EJE86Q3 established using the following protocol: "Tls13"
2026-01-02 16:13:03.582 -05:00 [INF] Request starting HTTP/2 POST https://localhost:7177/api/Auth/login - application/json 69
2026-01-02 16:13:03.591 -05:00 [DBG] 1 candidate(s) found for the request path '/api/Auth/login'
2026-01-02 16:13:03.595 -05:00 [DBG] Endpoint 'BioFXAPI.Controllers.AuthController.Login (BioFXAPI)' with route pattern 'api/Auth/login' is valid for the request path '/api/Auth/login'
2026-01-02 16:13:03.597 -05:00 [DBG] Request matched endpoint 'BioFXAPI.Controllers.AuthController.Login (BioFXAPI)'
2026-01-02 16:13:03.598 -05:00 [DBG] Static files was skipped as the request already matched an endpoint.
2026-01-02 16:13:03.599 -05:00 [DBG] The request has an origin header: 'https://localhost:7177'.
2026-01-02 16:13:03.601 -05:00 [INF] CORS policy execution failed.
2026-01-02 16:13:03.602 -05:00 [INF] Request origin https://localhost:7177 does not have permission to access the resource.
2026-01-02 16:13:03.699 -05:00 [DBG] AuthenticationScheme: Bearer was not authenticated.
2026-01-02 16:13:03.703 -05:00 [INF] Executing endpoint 'BioFXAPI.Controllers.AuthController.Login (BioFXAPI)'
2026-01-02 16:13:03.736 -05:00 [INF] Route matched with {action = "Login", controller = "Auth"}. Executing controller action with signature System.Threading.Tasks.Task`1[Microsoft.AspNetCore.Mvc.IActionResult] Login(BioFXAPI.Models.LoginRequest) on controller BioFXAPI.Controllers.AuthController (BioFXAPI).
2026-01-02 16:13:03.739 -05:00 [DBG] Execution plan of authorization filters (in the following order): ["None"]
2026-01-02 16:13:03.740 -05:00 [DBG] Execution plan of resource filters (in the following order): ["None"]
2026-01-02 16:13:03.742 -05:00 [DBG] Execution plan of action filters (in the following order): ["Microsoft.AspNetCore.Mvc.ModelBinding.UnsupportedContentTypeFilter (Order: -3000)","Microsoft.AspNetCore.Mvc.Infrastructure.ModelStateInvalidFilter (Order: -2000)"]
2026-01-02 16:13:03.744 -05:00 [DBG] Execution plan of exception filters (in the following order): ["None"]
2026-01-02 16:13:03.745 -05:00 [DBG] Execution plan of result filters (in the following order): ["Microsoft.AspNetCore.Mvc.Infrastructure.ClientErrorResultFilter (Order: -2000)"]
2026-01-02 16:13:03.748 -05:00 [DBG] Executing controller factory for controller BioFXAPI.Controllers.AuthController (BioFXAPI)
2026-01-02 16:13:03.749 -05:00 [DBG] Executed controller factory for controller BioFXAPI.Controllers.AuthController (BioFXAPI)
2026-01-02 16:13:03.761 -05:00 [DBG] Attempting to bind parameter 'request' of type 'BioFXAPI.Models.LoginRequest' ...
2026-01-02 16:13:03.764 -05:00 [DBG] Attempting to bind parameter 'request' of type 'BioFXAPI.Models.LoginRequest' using the name '' in request data ...
2026-01-02 16:13:03.766 -05:00 [DBG] Selected input formatter 'Microsoft.AspNetCore.Mvc.Formatters.SystemTextJsonInputFormatter' for content type 'application/json'.
2026-01-02 16:13:03.772 -05:00 [DBG] Connection id "0HNIA8EJE86Q3", Request id "0HNIA8EJE86Q3:00000001": started reading request body.
2026-01-02 16:13:03.774 -05:00 [DBG] Connection id "0HNIA8EJE86Q3", Request id "0HNIA8EJE86Q3:00000001": done reading request body.
2026-01-02 16:13:03.782 -05:00 [DBG] JSON input formatter succeeded, deserializing to type 'BioFXAPI.Models.LoginRequest'
2026-01-02 16:13:03.784 -05:00 [DBG] Done attempting to bind parameter 'request' of type 'BioFXAPI.Models.LoginRequest'.
2026-01-02 16:13:03.784 -05:00 [DBG] Done attempting to bind parameter 'request' of type 'BioFXAPI.Models.LoginRequest'.
2026-01-02 16:13:03.785 -05:00 [DBG] Attempting to validate the bound parameter 'request' of type 'BioFXAPI.Models.LoginRequest' ...
2026-01-02 16:13:03.791 -05:00 [DBG] Done attempting to validate the bound parameter 'request' of type 'BioFXAPI.Models.LoginRequest'.
2026-01-02 16:13:05.242 -05:00 [DBG] List of registered output formatters, in the following order: ["Microsoft.AspNetCore.Mvc.Formatters.HttpNoContentOutputFormatter","Microsoft.AspNetCore.Mvc.Formatters.StringOutputFormatter","Microsoft.AspNetCore.Mvc.Formatters.StreamOutputFormatter","Microsoft.AspNetCore.Mvc.Formatters.SystemTextJsonOutputFormatter"]
2026-01-02 16:13:05.244 -05:00 [DBG] No information found on request to perform content negotiation.
2026-01-02 16:13:05.245 -05:00 [DBG] Attempting to select an output formatter without using a content type as no explicit content types were specified for the response.
2026-01-02 16:13:05.246 -05:00 [DBG] Attempting to select the first formatter in the output formatters list which can write the result.
2026-01-02 16:13:05.247 -05:00 [DBG] Selected output formatter 'Microsoft.AspNetCore.Mvc.Formatters.SystemTextJsonOutputFormatter' and content type 'application/json' to write the response.
2026-01-02 16:13:05.249 -05:00 [INF] Executing OkObjectResult, writing value of type 'BioFXAPI.Models.LoginResponse'.
2026-01-02 16:13:05.265 -05:00 [INF] Executed action BioFXAPI.Controllers.AuthController.Login (BioFXAPI) in 1515.4017ms
2026-01-02 16:13:05.266 -05:00 [INF] Executed endpoint 'BioFXAPI.Controllers.AuthController.Login (BioFXAPI)'
2026-01-02 16:13:05.269 -05:00 [INF] Request finished HTTP/2 POST https://localhost:7177/api/Auth/login - 200 null application/json; charset=utf-8 1686.985ms
2026-01-02 16:13:06.931 -05:00 [DBG] Connection id "0HNIA8EJE86Q3" received FIN.
2026-01-02 16:13:06.933 -05:00 [DBG] Connection id "0HNIA8EJE86Q3" is closed. The last processed stream ID was 1.
2026-01-02 16:13:06.935 -05:00 [DBG] Connection id "0HNIA8EJE86Q3" sending FIN because: "The Socket transport's send loop completed gracefully."
2026-01-02 16:13:06.933 -05:00 [DBG] The connection queue processing loop for 0HNIA8EJE86Q3 completed.
2026-01-02 16:13:06.937 -05:00 [DBG] Connection id "0HNIA8EJE86Q3" stopped.
2026-01-02 16:13:36.522 -05:00 [DBG] Connection id "0HNIA8EJE86Q4" accepted.
2026-01-02 16:13:36.523 -05:00 [DBG] Connection id "0HNIA8EJE86Q4" started.
2026-01-02 16:13:36.526 -05:00 [DBG] Connection 0HNIA8EJE86Q4 established using the following protocol: "Tls13"
2026-01-02 16:13:36.530 -05:00 [INF] Request starting HTTP/2 GET https://localhost:7177/api/Orders/mine/history - null null
2026-01-02 16:13:36.540 -05:00 [DBG] 1 candidate(s) found for the request path '/api/Orders/mine/history'
2026-01-02 16:13:36.541 -05:00 [DBG] Endpoint 'BioFXAPI.Controllers.OrdersController.GetMyPaidOrdersHistory (BioFXAPI)' with route pattern 'api/Orders/mine/history' is valid for the request path '/api/Orders/mine/history'
2026-01-02 16:13:36.543 -05:00 [DBG] Request matched endpoint 'BioFXAPI.Controllers.OrdersController.GetMyPaidOrdersHistory (BioFXAPI)'
2026-01-02 16:13:36.544 -05:00 [DBG] Static files was skipped as the request already matched an endpoint.
2026-01-02 16:13:36.575 -05:00 [DBG] Successfully validated the token.
2026-01-02 16:13:36.577 -05:00 [DBG] AuthenticationScheme: Bearer was successfully authenticated.
2026-01-02 16:13:36.581 -05:00 [DBG] Authorization was successful.
2026-01-02 16:13:36.582 -05:00 [INF] Executing endpoint 'BioFXAPI.Controllers.OrdersController.GetMyPaidOrdersHistory (BioFXAPI)'
2026-01-02 16:13:36.587 -05:00 [INF] Route matched with {action = "GetMyPaidOrdersHistory", controller = "Orders"}. Executing controller action with signature System.Threading.Tasks.Task`1[Microsoft.AspNetCore.Mvc.IActionResult] GetMyPaidOrdersHistory() on controller BioFXAPI.Controllers.OrdersController (BioFXAPI).
2026-01-02 16:13:36.589 -05:00 [DBG] Execution plan of authorization filters (in the following order): ["None"]
2026-01-02 16:13:36.590 -05:00 [DBG] Execution plan of resource filters (in the following order): ["None"]
2026-01-02 16:13:36.591 -05:00 [DBG] Execution plan of action filters (in the following order): ["Microsoft.AspNetCore.Mvc.ModelBinding.UnsupportedContentTypeFilter (Order: -3000)","Microsoft.AspNetCore.Mvc.Infrastructure.ModelStateInvalidFilter (Order: -2000)"]
2026-01-02 16:13:36.592 -05:00 [DBG] Execution plan of exception filters (in the following order): ["None"]
2026-01-02 16:13:36.593 -05:00 [DBG] Execution plan of result filters (in the following order): ["Microsoft.AspNetCore.Mvc.Infrastructure.ClientErrorResultFilter (Order: -2000)"]
2026-01-02 16:13:36.595 -05:00 [DBG] Executing controller factory for controller BioFXAPI.Controllers.OrdersController (BioFXAPI)
2026-01-02 16:13:36.697 -05:00 [INF] EmailSettings cargados: SmtpServer=mail.biofx.com.ec, SmtpPort=465, SenderEmail=info@biofx.com.ec, EnableSsl=true
2026-01-02 16:13:36.701 -05:00 [DBG] Executed controller factory for controller BioFXAPI.Controllers.OrdersController (BioFXAPI)
2026-01-02 16:13:37.000 -05:00 [DBG] List of registered output formatters, in the following order: ["Microsoft.AspNetCore.Mvc.Formatters.HttpNoContentOutputFormatter","Microsoft.AspNetCore.Mvc.Formatters.StringOutputFormatter","Microsoft.AspNetCore.Mvc.Formatters.StreamOutputFormatter","Microsoft.AspNetCore.Mvc.Formatters.SystemTextJsonOutputFormatter"]
2026-01-02 16:13:37.001 -05:00 [DBG] No information found on request to perform content negotiation.
2026-01-02 16:13:37.002 -05:00 [DBG] Attempting to select an output formatter without using a content type as no explicit content types were specified for the response.
2026-01-02 16:13:37.002 -05:00 [DBG] Attempting to select the first formatter in the output formatters list which can write the result.
2026-01-02 16:13:37.003 -05:00 [DBG] Selected output formatter 'Microsoft.AspNetCore.Mvc.Formatters.SystemTextJsonOutputFormatter' and content type 'application/json' to write the response.
2026-01-02 16:13:37.004 -05:00 [INF] Executing OkObjectResult, writing value of type 'System.Collections.Generic.List`1[[BioFXAPI.Controllers.OrdersController+OrderHistoryDto, BioFXAPI, Version=1.0.0.0, Culture=neutral, PublicKeyToken=null]]'.
2026-01-02 16:13:37.014 -05:00 [INF] Executed action BioFXAPI.Controllers.OrdersController.GetMyPaidOrdersHistory (BioFXAPI) in 419.2146ms
2026-01-02 16:13:37.015 -05:00 [INF] Executed endpoint 'BioFXAPI.Controllers.OrdersController.GetMyPaidOrdersHistory (BioFXAPI)'
2026-01-02 16:13:37.016 -05:00 [INF] Request finished HTTP/2 GET https://localhost:7177/api/Orders/mine/history - 200 null application/json; charset=utf-8 487.2758ms
2026-01-02 16:15:47.165 -05:00 [DBG] Connection id "0HNIA8EJE86Q4" received FIN.
2026-01-02 16:15:47.166 -05:00 [DBG] Connection id "0HNIA8EJE86Q4" is closed. The last processed stream ID was 1.
2026-01-02 16:15:47.167 -05:00 [DBG] The connection queue processing loop for 0HNIA8EJE86Q4 completed.
2026-01-02 16:15:47.169 -05:00 [DBG] Connection id "0HNIA8EJE86Q4" sending FIN because: "The Socket transport's send loop completed gracefully."
2026-01-02 16:15:47.175 -05:00 [DBG] Connection id "0HNIA8EJE86Q4" stopped.
2026-01-02 16:18:14.164 -05:00 [DBG] Connection id "0HNIA8EJE86Q5" accepted.
2026-01-02 16:18:14.172 -05:00 [DBG] Connection id "0HNIA8EJE86Q5" started.
2026-01-02 16:18:14.177 -05:00 [DBG] Connection 0HNIA8EJE86Q5 established using the following protocol: "Tls13"
2026-01-02 16:18:14.186 -05:00 [INF] Request starting HTTP/2 POST https://localhost:7177/api/WebhookLogs/placetopay - null 0
2026-01-02 16:18:14.188 -05:00 [DBG] 1 candidate(s) found for the request path '/api/WebhookLogs/placetopay'
2026-01-02 16:18:14.188 -05:00 [DBG] Endpoint 'BioFXAPI.Controllers.WebhookLogsController.ReceivePlacetoPay (BioFXAPI)' with route pattern 'api/WebhookLogs/placetopay' is valid for the request path '/api/WebhookLogs/placetopay'
2026-01-02 16:18:14.189 -05:00 [DBG] Request matched endpoint 'BioFXAPI.Controllers.WebhookLogsController.ReceivePlacetoPay (BioFXAPI)'
2026-01-02 16:18:14.190 -05:00 [DBG] Static files was skipped as the request already matched an endpoint.
2026-01-02 16:18:14.191 -05:00 [DBG] The request has an origin header: 'https://localhost:7177'.
2026-01-02 16:18:14.192 -05:00 [INF] CORS policy execution failed.
2026-01-02 16:18:14.192 -05:00 [INF] Request origin https://localhost:7177 does not have permission to access the resource.
2026-01-02 16:18:14.194 -05:00 [DBG] Successfully validated the token.
2026-01-02 16:18:14.195 -05:00 [DBG] AuthenticationScheme: Bearer was successfully authenticated.
2026-01-02 16:18:14.196 -05:00 [INF] Executing endpoint 'BioFXAPI.Controllers.WebhookLogsController.ReceivePlacetoPay (BioFXAPI)'
2026-01-02 16:18:14.199 -05:00 [INF] Route matched with {action = "ReceivePlacetoPay", controller = "WebhookLogs"}. Executing controller action with signature System.Threading.Tasks.Task`1[Microsoft.AspNetCore.Mvc.IActionResult] ReceivePlacetoPay() on controller BioFXAPI.Controllers.WebhookLogsController (BioFXAPI).
2026-01-02 16:18:14.200 -05:00 [DBG] Execution plan of authorization filters (in the following order): ["None"]
2026-01-02 16:18:14.201 -05:00 [DBG] Execution plan of resource filters (in the following order): ["None"]
2026-01-02 16:18:14.201 -05:00 [DBG] Execution plan of action filters (in the following order): ["Microsoft.AspNetCore.Mvc.ModelBinding.UnsupportedContentTypeFilter (Order: -3000)","Microsoft.AspNetCore.Mvc.Infrastructure.ModelStateInvalidFilter (Order: -2000)"]
2026-01-02 16:18:14.203 -05:00 [DBG] Execution plan of exception filters (in the following order): ["None"]
2026-01-02 16:18:14.204 -05:00 [DBG] Execution plan of result filters (in the following order): ["Microsoft.AspNetCore.Mvc.Infrastructure.ClientErrorResultFilter (Order: -2000)"]
2026-01-02 16:18:14.204 -05:00 [DBG] Executing controller factory for controller BioFXAPI.Controllers.WebhookLogsController (BioFXAPI)
2026-01-02 16:18:14.205 -05:00 [DBG] Executed controller factory for controller BioFXAPI.Controllers.WebhookLogsController (BioFXAPI)
2026-01-02 16:18:14.346 -05:00 [DBG] List of registered output formatters, in the following order: ["Microsoft.AspNetCore.Mvc.Formatters.HttpNoContentOutputFormatter","Microsoft.AspNetCore.Mvc.Formatters.StringOutputFormatter","Microsoft.AspNetCore.Mvc.Formatters.StreamOutputFormatter","Microsoft.AspNetCore.Mvc.Formatters.SystemTextJsonOutputFormatter"]
2026-01-02 16:18:14.348 -05:00 [DBG] No information found on request to perform content negotiation.
2026-01-02 16:18:14.349 -05:00 [DBG] Attempting to select an output formatter without using a content type as no explicit content types were specified for the response.
2026-01-02 16:18:14.350 -05:00 [DBG] Attempting to select the first formatter in the output formatters list which can write the result.
2026-01-02 16:18:14.350 -05:00 [DBG] Selected output formatter 'Microsoft.AspNetCore.Mvc.Formatters.SystemTextJsonOutputFormatter' and content type 'application/json' to write the response.
2026-01-02 16:18:14.351 -05:00 [INF] Executing OkObjectResult, writing value of type '<>f__AnonymousType59`2[[System.Boolean, System.Private.CoreLib, Version=8.0.0.0, Culture=neutral, PublicKeyToken=7cec85d7bea7798e],[System.Int32, System.Private.CoreLib, Version=8.0.0.0, Culture=neutral, PublicKeyToken=7cec85d7bea7798e]]'.
2026-01-02 16:18:14.353 -05:00 [INF] Executed action BioFXAPI.Controllers.WebhookLogsController.ReceivePlacetoPay (BioFXAPI) in 149.178ms
2026-01-02 16:18:14.354 -05:00 [INF] Executed endpoint 'BioFXAPI.Controllers.WebhookLogsController.ReceivePlacetoPay (BioFXAPI)'
2026-01-02 16:18:14.356 -05:00 [INF] Request finished HTTP/2 POST https://localhost:7177/api/WebhookLogs/placetopay - 200 null application/json; charset=utf-8 169.8313ms
2026-01-02 16:18:37.011 -05:00 [INF] Request starting HTTP/2 GET https://localhost:7177/api/WebhookLogs/last?take=50 - null null
2026-01-02 16:18:37.015 -05:00 [DBG] 1 candidate(s) found for the request path '/api/WebhookLogs/last'
2026-01-02 16:18:37.017 -05:00 [DBG] Endpoint 'BioFXAPI.Controllers.WebhookLogsController.Last (BioFXAPI)' with route pattern 'api/WebhookLogs/last' is valid for the request path '/api/WebhookLogs/last'
2026-01-02 16:18:37.018 -05:00 [DBG] Request matched endpoint 'BioFXAPI.Controllers.WebhookLogsController.Last (BioFXAPI)'
2026-01-02 16:18:37.020 -05:00 [DBG] Static files was skipped as the request already matched an endpoint.
2026-01-02 16:18:37.021 -05:00 [DBG] Successfully validated the token.
2026-01-02 16:18:37.022 -05:00 [DBG] AuthenticationScheme: Bearer was successfully authenticated.
2026-01-02 16:18:37.024 -05:00 [DBG] Authorization was successful.
2026-01-02 16:18:37.025 -05:00 [INF] Executing endpoint 'BioFXAPI.Controllers.WebhookLogsController.Last (BioFXAPI)'
2026-01-02 16:18:37.029 -05:00 [INF] Route matched with {action = "Last", controller = "WebhookLogs"}. Executing controller action with signature System.Threading.Tasks.Task`1[Microsoft.AspNetCore.Mvc.IActionResult] Last(Int32) on controller BioFXAPI.Controllers.WebhookLogsController (BioFXAPI).
2026-01-02 16:18:37.030 -05:00 [DBG] Execution plan of authorization filters (in the following order): ["None"]
2026-01-02 16:18:37.031 -05:00 [DBG] Execution plan of resource filters (in the following order): ["None"]
2026-01-02 16:18:37.032 -05:00 [DBG] Execution plan of action filters (in the following order): ["Microsoft.AspNetCore.Mvc.ModelBinding.UnsupportedContentTypeFilter (Order: -3000)","Microsoft.AspNetCore.Mvc.Infrastructure.ModelStateInvalidFilter (Order: -2000)"]
2026-01-02 16:18:37.034 -05:00 [DBG] Execution plan of exception filters (in the following order): ["None"]
2026-01-02 16:18:37.035 -05:00 [DBG] Execution plan of result filters (in the following order): ["Microsoft.AspNetCore.Mvc.Infrastructure.ClientErrorResultFilter (Order: -2000)"]
2026-01-02 16:18:37.037 -05:00 [DBG] Executing controller factory for controller BioFXAPI.Controllers.WebhookLogsController (BioFXAPI)
2026-01-02 16:18:37.038 -05:00 [DBG] Executed controller factory for controller BioFXAPI.Controllers.WebhookLogsController (BioFXAPI)
2026-01-02 16:18:37.044 -05:00 [DBG] Attempting to bind parameter 'take' of type 'System.Int32' ...
2026-01-02 16:18:37.046 -05:00 [DBG] Attempting to bind parameter 'take' of type 'System.Int32' using the name 'take' in request data ...
2026-01-02 16:18:37.048 -05:00 [DBG] Done attempting to bind parameter 'take' of type 'System.Int32'.
2026-01-02 16:18:37.049 -05:00 [DBG] Done attempting to bind parameter 'take' of type 'System.Int32'.
2026-01-02 16:18:37.050 -05:00 [DBG] Attempting to validate the bound parameter 'take' of type 'System.Int32' ...
2026-01-02 16:18:37.052 -05:00 [DBG] Done attempting to validate the bound parameter 'take' of type 'System.Int32'.
2026-01-02 16:18:37.169 -05:00 [DBG] List of registered output formatters, in the following order: ["Microsoft.AspNetCore.Mvc.Formatters.HttpNoContentOutputFormatter","Microsoft.AspNetCore.Mvc.Formatters.StringOutputFormatter","Microsoft.AspNetCore.Mvc.Formatters.StreamOutputFormatter","Microsoft.AspNetCore.Mvc.Formatters.SystemTextJsonOutputFormatter"]
2026-01-02 16:18:37.170 -05:00 [DBG] No information found on request to perform content negotiation.
2026-01-02 16:18:37.171 -05:00 [DBG] Attempting to select an output formatter without using a content type as no explicit content types were specified for the response.
2026-01-02 16:18:37.171 -05:00 [DBG] Attempting to select the first formatter in the output formatters list which can write the result.
2026-01-02 16:18:37.172 -05:00 [DBG] Selected output formatter 'Microsoft.AspNetCore.Mvc.Formatters.SystemTextJsonOutputFormatter' and content type 'application/json' to write the response.
2026-01-02 16:18:37.172 -05:00 [INF] Executing OkObjectResult, writing value of type 'System.Collections.Generic.List`1[[System.Object, System.Private.CoreLib, Version=8.0.0.0, Culture=neutral, PublicKeyToken=7cec85d7bea7798e]]'.
2026-01-02 16:18:37.189 -05:00 [INF] Executed action BioFXAPI.Controllers.WebhookLogsController.Last (BioFXAPI) in 152.8654ms
2026-01-02 16:18:37.194 -05:00 [INF] Executed endpoint 'BioFXAPI.Controllers.WebhookLogsController.Last (BioFXAPI)'
2026-01-02 16:18:37.195 -05:00 [INF] Request finished HTTP/2 GET https://localhost:7177/api/WebhookLogs/last?take=50 - 200 null application/json; charset=utf-8 184.7307ms
2026-01-02 19:39:25.275 -05:00 [DBG] Registered model binder providers, in the following order: ["Microsoft.AspNetCore.Mvc.ModelBinding.Binders.BinderTypeModelBinderProvider","Microsoft.AspNetCore.Mvc.ModelBinding.Binders.ServicesModelBinderProvider","Microsoft.AspNetCore.Mvc.ModelBinding.Binders.BodyModelBinderProvider","Microsoft.AspNetCore.Mvc.ModelBinding.Binders.HeaderModelBinderProvider","Microsoft.AspNetCore.Mvc.ModelBinding.Binders.FloatingPointTypeModelBinderProvider","Microsoft.AspNetCore.Mvc.ModelBinding.Binders.EnumTypeModelBinderProvider","Microsoft.AspNetCore.Mvc.ModelBinding.Binders.DateTimeModelBinderProvider","Microsoft.AspNetCore.Mvc.ModelBinding.Binders.SimpleTypeModelBinderProvider","Microsoft.AspNetCore.Mvc.ModelBinding.Binders.TryParseModelBinderProvider","Microsoft.AspNetCore.Mvc.ModelBinding.Binders.CancellationTokenModelBinderProvider","Microsoft.AspNetCore.Mvc.ModelBinding.Binders.ByteArrayModelBinderProvider","Microsoft.AspNetCore.Mvc.ModelBinding.Binders.FormFileModelBinderProvider","Microsoft.AspNetCore.Mvc.ModelBinding.Binders.FormCollectionModelBinderProvider","Microsoft.AspNetCore.Mvc.ModelBinding.Binders.KeyValuePairModelBinderProvider","Microsoft.AspNetCore.Mvc.ModelBinding.Binders.DictionaryModelBinderProvider","Microsoft.AspNetCore.Mvc.ModelBinding.Binders.ArrayModelBinderProvider","Microsoft.AspNetCore.Mvc.ModelBinding.Binders.CollectionModelBinderProvider","Microsoft.AspNetCore.Mvc.ModelBinding.Binders.ComplexObjectModelBinderProvider"]
2026-01-02 19:39:25.786 -05:00 [DBG] Hosting starting
2026-01-02 19:39:25.826 -05:00 [INF] User profile is available. Using 'C:\Users\xmanc\AppData\Local\ASP.NET\DataProtection-Keys' as key repository and Windows DPAPI to encrypt keys at rest.
2026-01-02 19:39:25.834 -05:00 [DBG] Reading data from file 'C:\Users\xmanc\AppData\Local\ASP.NET\DataProtection-Keys\key-3390bb48-7b52-40b9-a5cd-8587ed8f0a32.xml'.
2026-01-02 19:39:25.847 -05:00 [DBG] Reading data from file 'C:\Users\xmanc\AppData\Local\ASP.NET\DataProtection-Keys\key-a53364e5-c8f1-4abd-b63f-f57292da94bd.xml'.
2026-01-02 19:39:25.854 -05:00 [DBG] Found key {3390bb48-7b52-40b9-a5cd-8587ed8f0a32}.
2026-01-02 19:39:25.862 -05:00 [DBG] Found key {a53364e5-c8f1-4abd-b63f-f57292da94bd}.
2026-01-02 19:39:25.865 -05:00 [DBG] Considering key {a53364e5-c8f1-4abd-b63f-f57292da94bd} with expiration date 2026-03-30 22:04:56Z as default key.
2026-01-02 19:39:25.869 -05:00 [DBG] Forwarded activator type request from Microsoft.AspNetCore.DataProtection.XmlEncryption.DpapiXmlDecryptor, Microsoft.AspNetCore.DataProtection, Version=8.0.0.0, Culture=neutral, PublicKeyToken=adb9793829ddae60 to Microsoft.AspNetCore.DataProtection.XmlEncryption.DpapiXmlDecryptor, Microsoft.AspNetCore.DataProtection, Culture=neutral, PublicKeyToken=adb9793829ddae60
2026-01-02 19:39:25.872 -05:00 [DBG] Decrypting secret element using Windows DPAPI.
2026-01-02 19:39:25.873 -05:00 [DBG] Forwarded activator type request from Microsoft.AspNetCore.DataProtection.AuthenticatedEncryption.ConfigurationModel.AuthenticatedEncryptorDescriptorDeserializer, Microsoft.AspNetCore.DataProtection, Version=8.0.0.0, Culture=neutral, PublicKeyToken=adb9793829ddae60 to Microsoft.AspNetCore.DataProtection.AuthenticatedEncryption.ConfigurationModel.AuthenticatedEncryptorDescriptorDeserializer, Microsoft.AspNetCore.DataProtection, Culture=neutral, PublicKeyToken=adb9793829ddae60
2026-01-02 19:39:25.877 -05:00 [DBG] Opening CNG algorithm 'AES' from provider 'null' with chaining mode CBC.
2026-01-02 19:39:25.882 -05:00 [DBG] Opening CNG algorithm 'SHA256' from provider 'null' with HMAC.
2026-01-02 19:39:25.886 -05:00 [DBG] Using key {a53364e5-c8f1-4abd-b63f-f57292da94bd} as the default key.
2026-01-02 19:39:25.887 -05:00 [DBG] Key ring with default key {a53364e5-c8f1-4abd-b63f-f57292da94bd} was loaded during application startup.
2026-01-02 19:39:25.893 -05:00 [DBG] Middleware loaded
2026-01-02 19:39:25.894 -05:00 [DBG] Middleware loaded. Script /_framework/aspnetcore-browser-refresh.js (16501 B).
2026-01-02 19:39:25.896 -05:00 [DBG] Middleware loaded. Script /_framework/blazor-hotreload.js (799 B).
2026-01-02 19:39:25.980 -05:00 [DBG] Middleware loaded: DOTNET_MODIFIABLE_ASSEMBLIES=null, __ASPNETCORE_BROWSER_TOOLS=true
2026-01-02 19:39:26.076 -05:00 [INF] Now listening on: https://localhost:7177
2026-01-02 19:39:26.077 -05:00 [INF] Now listening on: http://localhost:5160
2026-01-02 19:39:26.078 -05:00 [DBG] Loaded hosting startup assembly BioFXAPI
2026-01-02 19:39:26.078 -05:00 [DBG] Loaded hosting startup assembly Microsoft.WebTools.ApiEndpointDiscovery
2026-01-02 19:39:26.079 -05:00 [DBG] Loaded hosting startup assembly Microsoft.AspNetCore.Watch.BrowserRefresh
2026-01-02 19:39:26.080 -05:00 [DBG] Loaded hosting startup assembly Microsoft.WebTools.BrowserLink.Net
2026-01-02 19:39:26.106 -05:00 [DBG] Connection id "0HNIAC261L681" accepted.
2026-01-02 19:39:26.108 -05:00 [DBG] Connection id "0HNIAC261L681" started.
2026-01-02 19:39:26.116 -05:00 [DBG] Connection id "0HNIAC261L682" accepted.
2026-01-02 19:39:26.118 -05:00 [DBG] Connection id "0HNIAC261L682" started.
2026-01-02 19:39:26.134 -05:00 [DBG] Connection id "0HNIAC261L681" received FIN.
2026-01-02 19:39:26.134 -05:00 [DBG] Connection id "0HNIAC261L682" received FIN.
2026-01-02 19:39:26.137 -05:00 [INF] Application started. Press Ctrl+C to shut down.
2026-01-02 19:39:26.148 -05:00 [INF] Hosting environment: Development
2026-01-02 19:39:26.150 -05:00 [INF] Content root path: C:\Users\xmanc\OneDrive\Desktop\BioFXAPI-Github\BioFXAPI\BioFXAPI
2026-01-02 19:39:26.151 -05:00 [DBG] Hosting started
2026-01-02 19:39:26.155 -05:00 [DBG] Failed to authenticate HTTPS connection.
System.IO.IOException: Received an unexpected EOF or 0 bytes from the transport stream.
   at System.Net.Security.SslStream.ReceiveHandshakeFrameAsync[TIOAdapter](CancellationToken cancellationToken)
   at System.Net.Security.SslStream.ForceAuthenticationAsync[TIOAdapter](Boolean receiveFirst, Byte[] reAuthenticationData, CancellationToken cancellationToken)
   at System.Net.Security.SslStream.ProcessAuthenticationWithTelemetryAsync(Boolean isAsync, CancellationToken cancellationToken)
   at Microsoft.AspNetCore.Server.Kestrel.Https.Internal.HttpsConnectionMiddleware.OnConnectionAsync(ConnectionContext context)
2026-01-02 19:39:26.155 -05:00 [DBG] Failed to authenticate HTTPS connection.
System.IO.IOException: Received an unexpected EOF or 0 bytes from the transport stream.
   at System.Net.Security.SslStream.ReceiveHandshakeFrameAsync[TIOAdapter](CancellationToken cancellationToken)
   at System.Net.Security.SslStream.ForceAuthenticationAsync[TIOAdapter](Boolean receiveFirst, Byte[] reAuthenticationData, CancellationToken cancellationToken)
   at System.Net.Security.SslStream.ProcessAuthenticationWithTelemetryAsync(Boolean isAsync, CancellationToken cancellationToken)
   at Microsoft.AspNetCore.Server.Kestrel.Https.Internal.HttpsConnectionMiddleware.OnConnectionAsync(ConnectionContext context)
2026-01-02 19:39:26.245 -05:00 [DBG] Connection id "0HNIAC261L682" stopped.
2026-01-02 19:39:26.245 -05:00 [DBG] Connection id "0HNIAC261L681" stopped.
2026-01-02 19:39:26.248 -05:00 [DBG] Connection id "0HNIAC261L681" sending FIN because: "The Socket transport's send loop completed gracefully."
2026-01-02 19:39:26.248 -05:00 [DBG] Connection id "0HNIAC261L682" sending FIN because: "The Socket transport's send loop completed gracefully."
2026-01-02 19:39:26.399 -05:00 [DBG] Connection id "0HNIAC261L683" accepted.
2026-01-02 19:39:26.400 -05:00 [DBG] Connection id "0HNIAC261L683" started.
2026-01-02 19:39:26.515 -05:00 [DBG] Connection 0HNIAC261L683 established using the following protocol: "Tls13"
2026-01-02 19:39:26.702 -05:00 [INF] Request starting HTTP/2 GET https://localhost:7177/swagger/index.html - null null
2026-01-02 19:39:27.145 -05:00 [DBG] Wildcard detected, all requests with hosts will be allowed.
2026-01-02 19:39:27.177 -05:00 [DBG] No candidates found for the request path '/swagger/index.html'
2026-01-02 19:39:27.178 -05:00 [DBG] Request did not match any endpoints
2026-01-02 19:39:27.230 -05:00 [DBG] Response markup is scheduled to include Browser Link script injection.
2026-01-02 19:39:27.232 -05:00 [DBG] Response markup is scheduled to include browser refresh script injection.
2026-01-02 19:39:27.244 -05:00 [DBG] Response markup was updated to include Browser Link script injection.
2026-01-02 19:39:27.246 -05:00 [DBG] Response markup was updated to include browser refresh script injection.
2026-01-02 19:39:27.251 -05:00 [INF] Request finished HTTP/2 GET https://localhost:7177/swagger/index.html - 200 null text/html;charset=utf-8 558.778ms
2026-01-02 19:39:27.327 -05:00 [INF] Request starting HTTP/2 GET https://localhost:7177/_framework/aspnetcore-browser-refresh.js - null null
2026-01-02 19:39:27.327 -05:00 [INF] Request starting HTTP/2 GET https://localhost:7177/_vs/browserLink - null null
2026-01-02 19:39:27.333 -05:00 [DBG] Script injected: /_framework/aspnetcore-browser-refresh.js
2026-01-02 19:39:27.335 -05:00 [INF] Request finished HTTP/2 GET https://localhost:7177/_framework/aspnetcore-browser-refresh.js - 200 16501 application/javascript; charset=utf-8 8.6152ms
2026-01-02 19:39:27.375 -05:00 [INF] Request finished HTTP/2 GET https://localhost:7177/_vs/browserLink - 200 null text/javascript; charset=UTF-8 47.6478ms
2026-01-02 19:39:28.552 -05:00 [INF] Request starting HTTP/2 GET https://localhost:7177/swagger/v1/swagger.json - null null
2026-01-02 19:39:28.563 -05:00 [DBG] No candidates found for the request path '/swagger/v1/swagger.json'
2026-01-02 19:39:28.565 -05:00 [DBG] Request did not match any endpoints
2026-01-02 19:39:28.585 -05:00 [INF] Request finished HTTP/2 GET https://localhost:7177/swagger/v1/swagger.json - 200 null application/json;charset=utf-8 32.8343ms
2026-01-02 19:39:46.071 -05:00 [INF] Request starting HTTP/2 POST https://localhost:7177/api/Auth/login - application/json 69
2026-01-02 19:39:46.082 -05:00 [DBG] 1 candidate(s) found for the request path '/api/Auth/login'
2026-01-02 19:39:46.087 -05:00 [DBG] Endpoint 'BioFXAPI.Controllers.AuthController.Login (BioFXAPI)' with route pattern 'api/Auth/login' is valid for the request path '/api/Auth/login'
2026-01-02 19:39:46.089 -05:00 [DBG] Request matched endpoint 'BioFXAPI.Controllers.AuthController.Login (BioFXAPI)'
2026-01-02 19:39:46.092 -05:00 [DBG] Static files was skipped as the request already matched an endpoint.
2026-01-02 19:39:46.094 -05:00 [DBG] The request has an origin header: 'https://localhost:7177'.
2026-01-02 19:39:46.095 -05:00 [INF] CORS policy execution failed.
2026-01-02 19:39:46.096 -05:00 [INF] Request origin https://localhost:7177 does not have permission to access the resource.
2026-01-02 19:39:46.215 -05:00 [DBG] Successfully validated the token.
2026-01-02 19:39:46.216 -05:00 [DBG] AuthenticationScheme: Bearer was successfully authenticated.
2026-01-02 19:39:46.220 -05:00 [INF] Executing endpoint 'BioFXAPI.Controllers.AuthController.Login (BioFXAPI)'
2026-01-02 19:39:46.245 -05:00 [INF] Route matched with {action = "Login", controller = "Auth"}. Executing controller action with signature System.Threading.Tasks.Task`1[Microsoft.AspNetCore.Mvc.IActionResult] Login(BioFXAPI.Models.LoginRequest) on controller BioFXAPI.Controllers.AuthController (BioFXAPI).
2026-01-02 19:39:46.248 -05:00 [DBG] Execution plan of authorization filters (in the following order): ["None"]
2026-01-02 19:39:46.250 -05:00 [DBG] Execution plan of resource filters (in the following order): ["None"]
2026-01-02 19:39:46.251 -05:00 [DBG] Execution plan of action filters (in the following order): ["Microsoft.AspNetCore.Mvc.ModelBinding.UnsupportedContentTypeFilter (Order: -3000)","Microsoft.AspNetCore.Mvc.Infrastructure.ModelStateInvalidFilter (Order: -2000)"]
2026-01-02 19:39:46.253 -05:00 [DBG] Execution plan of exception filters (in the following order): ["None"]
2026-01-02 19:39:46.255 -05:00 [DBG] Execution plan of result filters (in the following order): ["Microsoft.AspNetCore.Mvc.Infrastructure.ClientErrorResultFilter (Order: -2000)"]
2026-01-02 19:39:46.258 -05:00 [DBG] Executing controller factory for controller BioFXAPI.Controllers.AuthController (BioFXAPI)
2026-01-02 19:39:46.260 -05:00 [DBG] Executed controller factory for controller BioFXAPI.Controllers.AuthController (BioFXAPI)
2026-01-02 19:39:46.272 -05:00 [DBG] Attempting to bind parameter 'request' of type 'BioFXAPI.Models.LoginRequest' ...
2026-01-02 19:39:46.274 -05:00 [DBG] Attempting to bind parameter 'request' of type 'BioFXAPI.Models.LoginRequest' using the name '' in request data ...
2026-01-02 19:39:46.276 -05:00 [DBG] Selected input formatter 'Microsoft.AspNetCore.Mvc.Formatters.SystemTextJsonInputFormatter' for content type 'application/json'.
2026-01-02 19:39:46.282 -05:00 [DBG] Connection id "0HNIAC261L683", Request id "0HNIAC261L683:00000009": started reading request body.
2026-01-02 19:39:46.283 -05:00 [DBG] Connection id "0HNIAC261L683", Request id "0HNIAC261L683:00000009": done reading request body.
2026-01-02 19:39:46.290 -05:00 [DBG] JSON input formatter succeeded, deserializing to type 'BioFXAPI.Models.LoginRequest'
2026-01-02 19:39:46.292 -05:00 [DBG] Done attempting to bind parameter 'request' of type 'BioFXAPI.Models.LoginRequest'.
2026-01-02 19:39:46.293 -05:00 [DBG] Done attempting to bind parameter 'request' of type 'BioFXAPI.Models.LoginRequest'.
2026-01-02 19:39:46.293 -05:00 [DBG] Attempting to validate the bound parameter 'request' of type 'BioFXAPI.Models.LoginRequest' ...
2026-01-02 19:39:46.300 -05:00 [DBG] Done attempting to validate the bound parameter 'request' of type 'BioFXAPI.Models.LoginRequest'.
2026-01-02 19:39:47.738 -05:00 [DBG] List of registered output formatters, in the following order: ["Microsoft.AspNetCore.Mvc.Formatters.HttpNoContentOutputFormatter","Microsoft.AspNetCore.Mvc.Formatters.StringOutputFormatter","Microsoft.AspNetCore.Mvc.Formatters.StreamOutputFormatter","Microsoft.AspNetCore.Mvc.Formatters.SystemTextJsonOutputFormatter"]
2026-01-02 19:39:47.741 -05:00 [DBG] No information found on request to perform content negotiation.
2026-01-02 19:39:47.741 -05:00 [DBG] Attempting to select an output formatter without using a content type as no explicit content types were specified for the response.
2026-01-02 19:39:47.742 -05:00 [DBG] Attempting to select the first formatter in the output formatters list which can write the result.
2026-01-02 19:39:47.743 -05:00 [DBG] Selected output formatter 'Microsoft.AspNetCore.Mvc.Formatters.SystemTextJsonOutputFormatter' and content type 'application/json' to write the response.
2026-01-02 19:39:47.744 -05:00 [INF] Executing OkObjectResult, writing value of type 'BioFXAPI.Models.LoginResponse'.
2026-01-02 19:39:47.754 -05:00 [INF] Executed action BioFXAPI.Controllers.AuthController.Login (BioFXAPI) in 1495.9606ms
2026-01-02 19:39:47.755 -05:00 [INF] Executed endpoint 'BioFXAPI.Controllers.AuthController.Login (BioFXAPI)'
2026-01-02 19:39:47.757 -05:00 [INF] Request finished HTTP/2 POST https://localhost:7177/api/Auth/login - 200 null application/json; charset=utf-8 1685.5505ms
2026-01-02 19:40:00.839 -05:00 [INF] Request starting HTTP/2 GET https://localhost:7177/api/Orders/mine/history - null null
2026-01-02 19:40:00.846 -05:00 [DBG] 1 candidate(s) found for the request path '/api/Orders/mine/history'
2026-01-02 19:40:00.847 -05:00 [DBG] Endpoint 'BioFXAPI.Controllers.OrdersController.GetMyPaidOrdersHistory (BioFXAPI)' with route pattern 'api/Orders/mine/history' is valid for the request path '/api/Orders/mine/history'
2026-01-02 19:40:00.849 -05:00 [DBG] Request matched endpoint 'BioFXAPI.Controllers.OrdersController.GetMyPaidOrdersHistory (BioFXAPI)'
2026-01-02 19:40:00.850 -05:00 [DBG] Static files was skipped as the request already matched an endpoint.
2026-01-02 19:40:00.852 -05:00 [DBG] Successfully validated the token.
2026-01-02 19:40:00.853 -05:00 [DBG] AuthenticationScheme: Bearer was successfully authenticated.
2026-01-02 19:40:00.856 -05:00 [DBG] Authorization was successful.
2026-01-02 19:40:00.857 -05:00 [INF] Executing endpoint 'BioFXAPI.Controllers.OrdersController.GetMyPaidOrdersHistory (BioFXAPI)'
2026-01-02 19:40:00.861 -05:00 [INF] Route matched with {action = "GetMyPaidOrdersHistory", controller = "Orders"}. Executing controller action with signature System.Threading.Tasks.Task`1[Microsoft.AspNetCore.Mvc.IActionResult] GetMyPaidOrdersHistory() on controller BioFXAPI.Controllers.OrdersController (BioFXAPI).
2026-01-02 19:40:00.863 -05:00 [DBG] Execution plan of authorization filters (in the following order): ["None"]
2026-01-02 19:40:00.864 -05:00 [DBG] Execution plan of resource filters (in the following order): ["None"]
2026-01-02 19:40:00.865 -05:00 [DBG] Execution plan of action filters (in the following order): ["Microsoft.AspNetCore.Mvc.ModelBinding.UnsupportedContentTypeFilter (Order: -3000)","Microsoft.AspNetCore.Mvc.Infrastructure.ModelStateInvalidFilter (Order: -2000)"]
2026-01-02 19:40:00.867 -05:00 [DBG] Execution plan of exception filters (in the following order): ["None"]
2026-01-02 19:40:00.868 -05:00 [DBG] Execution plan of result filters (in the following order): ["Microsoft.AspNetCore.Mvc.Infrastructure.ClientErrorResultFilter (Order: -2000)"]
2026-01-02 19:40:00.870 -05:00 [DBG] Executing controller factory for controller BioFXAPI.Controllers.OrdersController (BioFXAPI)
2026-01-02 19:40:00.968 -05:00 [INF] EmailSettings cargados: SmtpServer=mail.biofx.com.ec, SmtpPort=465, SenderEmail=info@biofx.com.ec, EnableSsl=true
2026-01-02 19:40:00.970 -05:00 [DBG] Executed controller factory for controller BioFXAPI.Controllers.OrdersController (BioFXAPI)
2026-01-02 19:40:01.122 -05:00 [INF] Executed action BioFXAPI.Controllers.OrdersController.GetMyPaidOrdersHistory (BioFXAPI) in 252.7676ms
2026-01-02 19:40:01.124 -05:00 [INF] Executed endpoint 'BioFXAPI.Controllers.OrdersController.GetMyPaidOrdersHistory (BioFXAPI)'
2026-01-02 19:40:01.128 -05:00 [ERR] An unhandled exception has occurred while executing the request.
System.Data.SqlClient.SqlException (0x80131904): Incorrect syntax near the keyword 'Authorization'.
Incorrect syntax near the keyword 'Authorization'.
   at System.Data.SqlClient.SqlCommand.<>c.<ExecuteDbDataReaderAsync>b__126_0(Task`1 result)
   at System.Threading.Tasks.ContinuationResultTaskFromResultTask`2.InnerInvoke()
   at System.Threading.ExecutionContext.RunInternal(ExecutionContext executionContext, ContextCallback callback, Object state)
--- End of stack trace from previous location ---
   at System.Threading.ExecutionContext.RunInternal(ExecutionContext executionContext, ContextCallback callback, Object state)
   at System.Threading.Tasks.Task.ExecuteWithThreadLocal(Task& currentTaskSlot, Thread threadPoolThread)
--- End of stack trace from previous location ---
   at Dapper.SqlMapper.QueryAsync[T](IDbConnection cnn, Type effectiveType, CommandDefinition command) in /_/Dapper/SqlMapper.Async.cs:line 434
   at BioFXAPI.Controllers.OrdersController.GetMyPaidOrdersHistory() in C:\Users\xmanc\OneDrive\Desktop\BioFXAPI-Github\BioFXAPI\BioFXAPI\Controllers\OrdersController.cs:line 942
   at BioFXAPI.Controllers.OrdersController.GetMyPaidOrdersHistory() in C:\Users\xmanc\OneDrive\Desktop\BioFXAPI-Github\BioFXAPI\BioFXAPI\Controllers\OrdersController.cs:line 1047
   at Microsoft.AspNetCore.Mvc.Infrastructure.ActionMethodExecutor.TaskOfIActionResultExecutor.Execute(ActionContext actionContext, IActionResultTypeMapper mapper, ObjectMethodExecutor executor, Object controller, Object[] arguments)
   at Microsoft.AspNetCore.Mvc.Infrastructure.ControllerActionInvoker.<InvokeActionMethodAsync>g__Awaited|12_0(ControllerActionInvoker invoker, ValueTask`1 actionResultValueTask)
   at Microsoft.AspNetCore.Mvc.Infrastructure.ControllerActionInvoker.<InvokeNextActionFilterAsync>g__Awaited|10_0(ControllerActionInvoker invoker, Task lastTask, State next, Scope scope, Object state, Boolean isCompleted)
   at Microsoft.AspNetCore.Mvc.Infrastructure.ControllerActionInvoker.Rethrow(ActionExecutedContextSealed context)
   at Microsoft.AspNetCore.Mvc.Infrastructure.ControllerActionInvoker.Next(State& next, Scope& scope, Object& state, Boolean& isCompleted)
   at Microsoft.AspNetCore.Mvc.Infrastructure.ControllerActionInvoker.<InvokeInnerFilterAsync>g__Awaited|13_0(ControllerActionInvoker invoker, Task lastTask, State next, Scope scope, Object state, Boolean isCompleted)
   at Microsoft.AspNetCore.Mvc.Infrastructure.ResourceInvoker.<InvokeFilterPipelineAsync>g__Awaited|20_0(ResourceInvoker invoker, Task lastTask, State next, Scope scope, Object state, Boolean isCompleted)
   at Microsoft.AspNetCore.Mvc.Infrastructure.ResourceInvoker.<InvokeAsync>g__Logged|17_1(ResourceInvoker invoker)
   at Microsoft.AspNetCore.Mvc.Infrastructure.ResourceInvoker.<InvokeAsync>g__Logged|17_1(ResourceInvoker invoker)
   at Microsoft.AspNetCore.Routing.EndpointMiddleware.<Invoke>g__AwaitRequestTask|7_0(Endpoint endpoint, Task requestTask, ILogger logger)
   at Microsoft.AspNetCore.Authorization.AuthorizationMiddleware.Invoke(HttpContext context)
   at Microsoft.AspNetCore.Authentication.AuthenticationMiddleware.Invoke(HttpContext context)
   at Program.<>c.<<<Main>$>b__0_8>d.MoveNext() in C:\Users\xmanc\OneDrive\Desktop\BioFXAPI-Github\BioFXAPI\BioFXAPI\Program.cs:line 228
--- End of stack trace from previous location ---
   at Microsoft.AspNetCore.RateLimiting.RateLimitingMiddleware.InvokeInternal(HttpContext context, EnableRateLimitingAttribute enableRateLimitingAttribute)
   at Swashbuckle.AspNetCore.SwaggerUI.SwaggerUIMiddleware.Invoke(HttpContext httpContext)
   at Swashbuckle.AspNetCore.Swagger.SwaggerMiddleware.Invoke(HttpContext httpContext, ISwaggerProvider swaggerProvider)
   at Microsoft.AspNetCore.Diagnostics.DeveloperExceptionPageMiddlewareImpl.Invoke(HttpContext context)
ClientConnectionId:e20b84e4-26b1-4ef9-898b-baccc96f3b65
Error Number:156,State:1,Class:15
2026-01-02 19:40:01.174 -05:00 [INF] Request finished HTTP/2 GET https://localhost:7177/api/Orders/mine/history - 500 null text/plain; charset=utf-8 335.06ms
2026-01-02 19:40:43.732 -05:00 [DBG] Registered model binder providers, in the following order: ["Microsoft.AspNetCore.Mvc.ModelBinding.Binders.BinderTypeModelBinderProvider","Microsoft.AspNetCore.Mvc.ModelBinding.Binders.ServicesModelBinderProvider","Microsoft.AspNetCore.Mvc.ModelBinding.Binders.BodyModelBinderProvider","Microsoft.AspNetCore.Mvc.ModelBinding.Binders.HeaderModelBinderProvider","Microsoft.AspNetCore.Mvc.ModelBinding.Binders.FloatingPointTypeModelBinderProvider","Microsoft.AspNetCore.Mvc.ModelBinding.Binders.EnumTypeModelBinderProvider","Microsoft.AspNetCore.Mvc.ModelBinding.Binders.DateTimeModelBinderProvider","Microsoft.AspNetCore.Mvc.ModelBinding.Binders.SimpleTypeModelBinderProvider","Microsoft.AspNetCore.Mvc.ModelBinding.Binders.TryParseModelBinderProvider","Microsoft.AspNetCore.Mvc.ModelBinding.Binders.CancellationTokenModelBinderProvider","Microsoft.AspNetCore.Mvc.ModelBinding.Binders.ByteArrayModelBinderProvider","Microsoft.AspNetCore.Mvc.ModelBinding.Binders.FormFileModelBinderProvider","Microsoft.AspNetCore.Mvc.ModelBinding.Binders.FormCollectionModelBinderProvider","Microsoft.AspNetCore.Mvc.ModelBinding.Binders.KeyValuePairModelBinderProvider","Microsoft.AspNetCore.Mvc.ModelBinding.Binders.DictionaryModelBinderProvider","Microsoft.AspNetCore.Mvc.ModelBinding.Binders.ArrayModelBinderProvider","Microsoft.AspNetCore.Mvc.ModelBinding.Binders.CollectionModelBinderProvider","Microsoft.AspNetCore.Mvc.ModelBinding.Binders.ComplexObjectModelBinderProvider"]
2026-01-02 19:40:43.857 -05:00 [DBG] Hosting starting
2026-01-02 19:40:43.882 -05:00 [INF] User profile is available. Using 'C:\Users\xmanc\AppData\Local\ASP.NET\DataProtection-Keys' as key repository and Windows DPAPI to encrypt keys at rest.
2026-01-02 19:40:43.889 -05:00 [DBG] Reading data from file 'C:\Users\xmanc\AppData\Local\ASP.NET\DataProtection-Keys\key-3390bb48-7b52-40b9-a5cd-8587ed8f0a32.xml'.
2026-01-02 19:40:43.894 -05:00 [DBG] Reading data from file 'C:\Users\xmanc\AppData\Local\ASP.NET\DataProtection-Keys\key-a53364e5-c8f1-4abd-b63f-f57292da94bd.xml'.
2026-01-02 19:40:43.896 -05:00 [DBG] Found key {3390bb48-7b52-40b9-a5cd-8587ed8f0a32}.
2026-01-02 19:40:43.900 -05:00 [DBG] Found key {a53364e5-c8f1-4abd-b63f-f57292da94bd}.
2026-01-02 19:40:43.904 -05:00 [DBG] Considering key {a53364e5-c8f1-4abd-b63f-f57292da94bd} with expiration date 2026-03-30 22:04:56Z as default key.
2026-01-02 19:40:43.907 -05:00 [DBG] Forwarded activator type request from Microsoft.AspNetCore.DataProtection.XmlEncryption.DpapiXmlDecryptor, Microsoft.AspNetCore.DataProtection, Version=8.0.0.0, Culture=neutral, PublicKeyToken=adb9793829ddae60 to Microsoft.AspNetCore.DataProtection.XmlEncryption.DpapiXmlDecryptor, Microsoft.AspNetCore.DataProtection, Culture=neutral, PublicKeyToken=adb9793829ddae60
2026-01-02 19:40:43.909 -05:00 [DBG] Decrypting secret element using Windows DPAPI.
2026-01-02 19:40:43.910 -05:00 [DBG] Forwarded activator type request from Microsoft.AspNetCore.DataProtection.AuthenticatedEncryption.ConfigurationModel.AuthenticatedEncryptorDescriptorDeserializer, Microsoft.AspNetCore.DataProtection, Version=8.0.0.0, Culture=neutral, PublicKeyToken=adb9793829ddae60 to Microsoft.AspNetCore.DataProtection.AuthenticatedEncryption.ConfigurationModel.AuthenticatedEncryptorDescriptorDeserializer, Microsoft.AspNetCore.DataProtection, Culture=neutral, PublicKeyToken=adb9793829ddae60
2026-01-02 19:40:43.914 -05:00 [DBG] Opening CNG algorithm 'AES' from provider 'null' with chaining mode CBC.
2026-01-02 19:40:43.917 -05:00 [DBG] Opening CNG algorithm 'SHA256' from provider 'null' with HMAC.
2026-01-02 19:40:43.920 -05:00 [DBG] Using key {a53364e5-c8f1-4abd-b63f-f57292da94bd} as the default key.
2026-01-02 19:40:43.921 -05:00 [DBG] Key ring with default key {a53364e5-c8f1-4abd-b63f-f57292da94bd} was loaded during application startup.
2026-01-02 19:40:43.926 -05:00 [DBG] Middleware loaded
2026-01-02 19:40:43.928 -05:00 [DBG] Middleware loaded. Script /_framework/aspnetcore-browser-refresh.js (16501 B).
2026-01-02 19:40:43.929 -05:00 [DBG] Middleware loaded. Script /_framework/blazor-hotreload.js (799 B).
2026-01-02 19:40:43.993 -05:00 [DBG] Middleware loaded: DOTNET_MODIFIABLE_ASSEMBLIES=null, __ASPNETCORE_BROWSER_TOOLS=true
2026-01-02 19:40:44.092 -05:00 [INF] Now listening on: https://localhost:7177
2026-01-02 19:40:44.093 -05:00 [INF] Now listening on: http://localhost:5160
2026-01-02 19:40:44.094 -05:00 [DBG] Loaded hosting startup assembly BioFXAPI
2026-01-02 19:40:44.095 -05:00 [DBG] Loaded hosting startup assembly Microsoft.WebTools.ApiEndpointDiscovery
2026-01-02 19:40:44.096 -05:00 [DBG] Loaded hosting startup assembly Microsoft.AspNetCore.Watch.BrowserRefresh
2026-01-02 19:40:44.097 -05:00 [DBG] Loaded hosting startup assembly Microsoft.WebTools.BrowserLink.Net
2026-01-02 19:40:44.182 -05:00 [INF] Application started. Press Ctrl+C to shut down.
2026-01-02 19:40:44.183 -05:00 [INF] Hosting environment: Development
2026-01-02 19:40:44.184 -05:00 [INF] Content root path: C:\Users\xmanc\OneDrive\Desktop\BioFXAPI-Github\BioFXAPI\BioFXAPI
2026-01-02 19:40:44.184 -05:00 [DBG] Hosting started
2026-01-02 19:40:44.249 -05:00 [DBG] Connection id "0HNIAC2TASI9K" accepted.
2026-01-02 19:40:44.250 -05:00 [DBG] Connection id "0HNIAC2TASI9K" started.
2026-01-02 19:40:44.257 -05:00 [DBG] Connection id "0HNIAC2TASI9L" accepted.
2026-01-02 19:40:44.258 -05:00 [DBG] Connection id "0HNIAC2TASI9L" started.
2026-01-02 19:40:44.274 -05:00 [DBG] Connection id "0HNIAC2TASI9L" received FIN.
2026-01-02 19:40:44.274 -05:00 [DBG] Connection id "0HNIAC2TASI9K" received FIN.
2026-01-02 19:40:44.286 -05:00 [DBG] Failed to authenticate HTTPS connection.
System.IO.IOException: Received an unexpected EOF or 0 bytes from the transport stream.
   at System.Net.Security.SslStream.ReceiveHandshakeFrameAsync[TIOAdapter](CancellationToken cancellationToken)
   at System.Net.Security.SslStream.ForceAuthenticationAsync[TIOAdapter](Boolean receiveFirst, Byte[] reAuthenticationData, CancellationToken cancellationToken)
   at System.Net.Security.SslStream.ProcessAuthenticationWithTelemetryAsync(Boolean isAsync, CancellationToken cancellationToken)
   at Microsoft.AspNetCore.Server.Kestrel.Https.Internal.HttpsConnectionMiddleware.OnConnectionAsync(ConnectionContext context)
2026-01-02 19:40:44.286 -05:00 [DBG] Failed to authenticate HTTPS connection.
System.IO.IOException: Received an unexpected EOF or 0 bytes from the transport stream.
   at System.Net.Security.SslStream.ReceiveHandshakeFrameAsync[TIOAdapter](CancellationToken cancellationToken)
   at System.Net.Security.SslStream.ForceAuthenticationAsync[TIOAdapter](Boolean receiveFirst, Byte[] reAuthenticationData, CancellationToken cancellationToken)
   at System.Net.Security.SslStream.ProcessAuthenticationWithTelemetryAsync(Boolean isAsync, CancellationToken cancellationToken)
   at Microsoft.AspNetCore.Server.Kestrel.Https.Internal.HttpsConnectionMiddleware.OnConnectionAsync(ConnectionContext context)
2026-01-02 19:40:44.313 -05:00 [DBG] Connection id "0HNIAC2TASI9K" stopped.
2026-01-02 19:40:44.313 -05:00 [DBG] Connection id "0HNIAC2TASI9L" stopped.
2026-01-02 19:40:44.316 -05:00 [DBG] Connection id "0HNIAC2TASI9K" sending FIN because: "The Socket transport's send loop completed gracefully."
2026-01-02 19:40:44.316 -05:00 [DBG] Connection id "0HNIAC2TASI9L" sending FIN because: "The Socket transport's send loop completed gracefully."
2026-01-02 19:40:44.474 -05:00 [DBG] Connection id "0HNIAC2TASI9M" accepted.
2026-01-02 19:40:44.476 -05:00 [DBG] Connection id "0HNIAC2TASI9M" started.
2026-01-02 19:40:44.512 -05:00 [DBG] Connection 0HNIAC2TASI9M established using the following protocol: "Tls13"
2026-01-02 19:40:44.648 -05:00 [INF] Request starting HTTP/2 GET https://localhost:7177/swagger/index.html - null null
2026-01-02 19:40:44.788 -05:00 [DBG] Wildcard detected, all requests with hosts will be allowed.
2026-01-02 19:40:44.836 -05:00 [DBG] No candidates found for the request path '/swagger/index.html'
2026-01-02 19:40:44.838 -05:00 [DBG] Request did not match any endpoints
2026-01-02 19:40:45.023 -05:00 [DBG] Response markup is scheduled to include Browser Link script injection.
2026-01-02 19:40:45.036 -05:00 [DBG] Response markup is scheduled to include browser refresh script injection.
2026-01-02 19:40:45.056 -05:00 [DBG] Response markup was updated to include Browser Link script injection.
2026-01-02 19:40:45.059 -05:00 [DBG] Response markup was updated to include browser refresh script injection.
2026-01-02 19:40:45.065 -05:00 [INF] Request finished HTTP/2 GET https://localhost:7177/swagger/index.html - 200 null text/html;charset=utf-8 422.6926ms
2026-01-02 19:40:45.144 -05:00 [INF] Request starting HTTP/2 GET https://localhost:7177/_framework/aspnetcore-browser-refresh.js - null null
2026-01-02 19:40:45.144 -05:00 [INF] Request starting HTTP/2 GET https://localhost:7177/_vs/browserLink - null null
2026-01-02 19:40:45.153 -05:00 [DBG] Script injected: /_framework/aspnetcore-browser-refresh.js
2026-01-02 19:40:45.156 -05:00 [INF] Request finished HTTP/2 GET https://localhost:7177/_framework/aspnetcore-browser-refresh.js - 200 16501 application/javascript; charset=utf-8 12.7564ms
2026-01-02 19:40:45.212 -05:00 [INF] Request finished HTTP/2 GET https://localhost:7177/_vs/browserLink - 200 null text/javascript; charset=UTF-8 67.9237ms
2026-01-02 19:40:45.285 -05:00 [INF] Request starting HTTP/2 GET https://localhost:7177/swagger/v1/swagger.json - null null
2026-01-02 19:40:45.289 -05:00 [DBG] No candidates found for the request path '/swagger/v1/swagger.json'
2026-01-02 19:40:45.290 -05:00 [DBG] Request did not match any endpoints
2026-01-02 19:40:45.314 -05:00 [INF] Request finished HTTP/2 GET https://localhost:7177/swagger/v1/swagger.json - 200 null application/json;charset=utf-8 28.6031ms
2026-01-02 19:40:58.934 -05:00 [INF] Request starting HTTP/2 POST https://localhost:7177/api/Auth/login - application/json 69
2026-01-02 19:40:58.944 -05:00 [DBG] 1 candidate(s) found for the request path '/api/Auth/login'
2026-01-02 19:40:58.948 -05:00 [DBG] Endpoint 'BioFXAPI.Controllers.AuthController.Login (BioFXAPI)' with route pattern 'api/Auth/login' is valid for the request path '/api/Auth/login'
2026-01-02 19:40:58.951 -05:00 [DBG] Request matched endpoint 'BioFXAPI.Controllers.AuthController.Login (BioFXAPI)'
2026-01-02 19:40:58.953 -05:00 [DBG] Static files was skipped as the request already matched an endpoint.
2026-01-02 19:40:58.955 -05:00 [DBG] The request has an origin header: 'https://localhost:7177'.
2026-01-02 19:40:58.956 -05:00 [INF] CORS policy execution failed.
2026-01-02 19:40:58.957 -05:00 [INF] Request origin https://localhost:7177 does not have permission to access the resource.
2026-01-02 19:40:59.056 -05:00 [DBG] Successfully validated the token.
2026-01-02 19:40:59.059 -05:00 [DBG] AuthenticationScheme: Bearer was successfully authenticated.
2026-01-02 19:40:59.062 -05:00 [INF] Executing endpoint 'BioFXAPI.Controllers.AuthController.Login (BioFXAPI)'
2026-01-02 19:40:59.088 -05:00 [INF] Route matched with {action = "Login", controller = "Auth"}. Executing controller action with signature System.Threading.Tasks.Task`1[Microsoft.AspNetCore.Mvc.IActionResult] Login(BioFXAPI.Models.LoginRequest) on controller BioFXAPI.Controllers.AuthController (BioFXAPI).
2026-01-02 19:40:59.091 -05:00 [DBG] Execution plan of authorization filters (in the following order): ["None"]
2026-01-02 19:40:59.092 -05:00 [DBG] Execution plan of resource filters (in the following order): ["None"]
2026-01-02 19:40:59.094 -05:00 [DBG] Execution plan of action filters (in the following order): ["Microsoft.AspNetCore.Mvc.ModelBinding.UnsupportedContentTypeFilter (Order: -3000)","Microsoft.AspNetCore.Mvc.Infrastructure.ModelStateInvalidFilter (Order: -2000)"]
2026-01-02 19:40:59.095 -05:00 [DBG] Execution plan of exception filters (in the following order): ["None"]
2026-01-02 19:40:59.097 -05:00 [DBG] Execution plan of result filters (in the following order): ["Microsoft.AspNetCore.Mvc.Infrastructure.ClientErrorResultFilter (Order: -2000)"]
2026-01-02 19:40:59.099 -05:00 [DBG] Executing controller factory for controller BioFXAPI.Controllers.AuthController (BioFXAPI)
2026-01-02 19:40:59.102 -05:00 [DBG] Executed controller factory for controller BioFXAPI.Controllers.AuthController (BioFXAPI)
2026-01-02 19:40:59.110 -05:00 [DBG] Attempting to bind parameter 'request' of type 'BioFXAPI.Models.LoginRequest' ...
2026-01-02 19:40:59.114 -05:00 [DBG] Attempting to bind parameter 'request' of type 'BioFXAPI.Models.LoginRequest' using the name '' in request data ...
2026-01-02 19:40:59.116 -05:00 [DBG] Selected input formatter 'Microsoft.AspNetCore.Mvc.Formatters.SystemTextJsonInputFormatter' for content type 'application/json'.
2026-01-02 19:40:59.124 -05:00 [DBG] Connection id "0HNIAC2TASI9M", Request id "0HNIAC2TASI9M:00000009": started reading request body.
2026-01-02 19:40:59.126 -05:00 [DBG] Connection id "0HNIAC2TASI9M", Request id "0HNIAC2TASI9M:00000009": done reading request body.
2026-01-02 19:40:59.135 -05:00 [DBG] JSON input formatter succeeded, deserializing to type 'BioFXAPI.Models.LoginRequest'
2026-01-02 19:40:59.136 -05:00 [DBG] Done attempting to bind parameter 'request' of type 'BioFXAPI.Models.LoginRequest'.
2026-01-02 19:40:59.138 -05:00 [DBG] Done attempting to bind parameter 'request' of type 'BioFXAPI.Models.LoginRequest'.
2026-01-02 19:40:59.139 -05:00 [DBG] Attempting to validate the bound parameter 'request' of type 'BioFXAPI.Models.LoginRequest' ...
2026-01-02 19:40:59.146 -05:00 [DBG] Done attempting to validate the bound parameter 'request' of type 'BioFXAPI.Models.LoginRequest'.
2026-01-02 19:41:00.507 -05:00 [DBG] List of registered output formatters, in the following order: ["Microsoft.AspNetCore.Mvc.Formatters.HttpNoContentOutputFormatter","Microsoft.AspNetCore.Mvc.Formatters.StringOutputFormatter","Microsoft.AspNetCore.Mvc.Formatters.StreamOutputFormatter","Microsoft.AspNetCore.Mvc.Formatters.SystemTextJsonOutputFormatter"]
2026-01-02 19:41:00.509 -05:00 [DBG] No information found on request to perform content negotiation.
2026-01-02 19:41:00.510 -05:00 [DBG] Attempting to select an output formatter without using a content type as no explicit content types were specified for the response.
2026-01-02 19:41:00.510 -05:00 [DBG] Attempting to select the first formatter in the output formatters list which can write the result.
2026-01-02 19:41:00.511 -05:00 [DBG] Selected output formatter 'Microsoft.AspNetCore.Mvc.Formatters.SystemTextJsonOutputFormatter' and content type 'application/json' to write the response.
2026-01-02 19:41:00.512 -05:00 [INF] Executing OkObjectResult, writing value of type 'BioFXAPI.Models.LoginResponse'.
2026-01-02 19:41:00.522 -05:00 [INF] Executed action BioFXAPI.Controllers.AuthController.Login (BioFXAPI) in 1421.6781ms
2026-01-02 19:41:00.523 -05:00 [INF] Executed endpoint 'BioFXAPI.Controllers.AuthController.Login (BioFXAPI)'
2026-01-02 19:41:00.525 -05:00 [INF] Request finished HTTP/2 POST https://localhost:7177/api/Auth/login - 200 null application/json; charset=utf-8 1590.775ms
2026-01-02 19:41:10.202 -05:00 [INF] Request starting HTTP/2 GET https://localhost:7177/api/Orders/mine/history - null null
2026-01-02 19:41:10.207 -05:00 [DBG] 1 candidate(s) found for the request path '/api/Orders/mine/history'
2026-01-02 19:41:10.209 -05:00 [DBG] Endpoint 'BioFXAPI.Controllers.OrdersController.GetMyPaidOrdersHistory (BioFXAPI)' with route pattern 'api/Orders/mine/history' is valid for the request path '/api/Orders/mine/history'
2026-01-02 19:41:10.210 -05:00 [DBG] Request matched endpoint 'BioFXAPI.Controllers.OrdersController.GetMyPaidOrdersHistory (BioFXAPI)'
2026-01-02 19:41:10.211 -05:00 [DBG] Static files was skipped as the request already matched an endpoint.
2026-01-02 19:41:10.214 -05:00 [DBG] Successfully validated the token.
2026-01-02 19:41:10.215 -05:00 [DBG] AuthenticationScheme: Bearer was successfully authenticated.
2026-01-02 19:41:10.220 -05:00 [DBG] Authorization was successful.
2026-01-02 19:41:10.222 -05:00 [INF] Executing endpoint 'BioFXAPI.Controllers.OrdersController.GetMyPaidOrdersHistory (BioFXAPI)'
2026-01-02 19:41:10.227 -05:00 [INF] Route matched with {action = "GetMyPaidOrdersHistory", controller = "Orders"}. Executing controller action with signature System.Threading.Tasks.Task`1[Microsoft.AspNetCore.Mvc.IActionResult] GetMyPaidOrdersHistory() on controller BioFXAPI.Controllers.OrdersController (BioFXAPI).
2026-01-02 19:41:10.229 -05:00 [DBG] Execution plan of authorization filters (in the following order): ["None"]
2026-01-02 19:41:10.230 -05:00 [DBG] Execution plan of resource filters (in the following order): ["None"]
2026-01-02 19:41:10.232 -05:00 [DBG] Execution plan of action filters (in the following order): ["Microsoft.AspNetCore.Mvc.ModelBinding.UnsupportedContentTypeFilter (Order: -3000)","Microsoft.AspNetCore.Mvc.Infrastructure.ModelStateInvalidFilter (Order: -2000)"]
2026-01-02 19:41:10.234 -05:00 [DBG] Execution plan of exception filters (in the following order): ["None"]
2026-01-02 19:41:10.235 -05:00 [DBG] Execution plan of result filters (in the following order): ["Microsoft.AspNetCore.Mvc.Infrastructure.ClientErrorResultFilter (Order: -2000)"]
2026-01-02 19:41:10.236 -05:00 [DBG] Executing controller factory for controller BioFXAPI.Controllers.OrdersController (BioFXAPI)
2026-01-02 19:41:10.318 -05:00 [INF] EmailSettings cargados: SmtpServer=mail.biofx.com.ec, SmtpPort=465, SenderEmail=info@biofx.com.ec, EnableSsl=true
2026-01-02 19:41:10.322 -05:00 [DBG] Executed controller factory for controller BioFXAPI.Controllers.OrdersController (BioFXAPI)
2026-01-02 19:41:10.474 -05:00 [INF] Executed action BioFXAPI.Controllers.OrdersController.GetMyPaidOrdersHistory (BioFXAPI) in 237.1344ms
2026-01-02 19:41:10.475 -05:00 [INF] Executed endpoint 'BioFXAPI.Controllers.OrdersController.GetMyPaidOrdersHistory (BioFXAPI)'
2026-01-02 19:41:10.478 -05:00 [ERR] An unhandled exception has occurred while executing the request.
System.Data.SqlClient.SqlException (0x80131904): Incorrect syntax near the keyword 'Authorization'.
Incorrect syntax near the keyword 'ORDER'.
   at System.Data.SqlClient.SqlCommand.<>c.<ExecuteDbDataReaderAsync>b__126_0(Task`1 result)
   at System.Threading.Tasks.ContinuationResultTaskFromResultTask`2.InnerInvoke()
   at System.Threading.ExecutionContext.RunInternal(ExecutionContext executionContext, ContextCallback callback, Object state)
--- End of stack trace from previous location ---
   at System.Threading.ExecutionContext.RunInternal(ExecutionContext executionContext, ContextCallback callback, Object state)
   at System.Threading.Tasks.Task.ExecuteWithThreadLocal(Task& currentTaskSlot, Thread threadPoolThread)
--- End of stack trace from previous location ---
   at Dapper.SqlMapper.QueryAsync[T](IDbConnection cnn, Type effectiveType, CommandDefinition command) in /_/Dapper/SqlMapper.Async.cs:line 434
   at BioFXAPI.Controllers.OrdersController.GetMyPaidOrdersHistory() in C:\Users\xmanc\OneDrive\Desktop\BioFXAPI-Github\BioFXAPI\BioFXAPI\Controllers\OrdersController.cs:line 942
   at BioFXAPI.Controllers.OrdersController.GetMyPaidOrdersHistory() in C:\Users\xmanc\OneDrive\Desktop\BioFXAPI-Github\BioFXAPI\BioFXAPI\Controllers\OrdersController.cs:line 1047
   at Microsoft.AspNetCore.Mvc.Infrastructure.ActionMethodExecutor.TaskOfIActionResultExecutor.Execute(ActionContext actionContext, IActionResultTypeMapper mapper, ObjectMethodExecutor executor, Object controller, Object[] arguments)
   at Microsoft.AspNetCore.Mvc.Infrastructure.ControllerActionInvoker.<InvokeActionMethodAsync>g__Awaited|12_0(ControllerActionInvoker invoker, ValueTask`1 actionResultValueTask)
   at Microsoft.AspNetCore.Mvc.Infrastructure.ControllerActionInvoker.<InvokeNextActionFilterAsync>g__Awaited|10_0(ControllerActionInvoker invoker, Task lastTask, State next, Scope scope, Object state, Boolean isCompleted)
   at Microsoft.AspNetCore.Mvc.Infrastructure.ControllerActionInvoker.Rethrow(ActionExecutedContextSealed context)
   at Microsoft.AspNetCore.Mvc.Infrastructure.ControllerActionInvoker.Next(State& next, Scope& scope, Object& state, Boolean& isCompleted)
   at Microsoft.AspNetCore.Mvc.Infrastructure.ControllerActionInvoker.<InvokeInnerFilterAsync>g__Awaited|13_0(ControllerActionInvoker invoker, Task lastTask, State next, Scope scope, Object state, Boolean isCompleted)
   at Microsoft.AspNetCore.Mvc.Infrastructure.ResourceInvoker.<InvokeFilterPipelineAsync>g__Awaited|20_0(ResourceInvoker invoker, Task lastTask, State next, Scope scope, Object state, Boolean isCompleted)
   at Microsoft.AspNetCore.Mvc.Infrastructure.ResourceInvoker.<InvokeAsync>g__Logged|17_1(ResourceInvoker invoker)
   at Microsoft.AspNetCore.Mvc.Infrastructure.ResourceInvoker.<InvokeAsync>g__Logged|17_1(ResourceInvoker invoker)
   at Microsoft.AspNetCore.Routing.EndpointMiddleware.<Invoke>g__AwaitRequestTask|7_0(Endpoint endpoint, Task requestTask, ILogger logger)
   at Microsoft.AspNetCore.Authorization.AuthorizationMiddleware.Invoke(HttpContext context)
   at Microsoft.AspNetCore.Authentication.AuthenticationMiddleware.Invoke(HttpContext context)
   at Program.<>c.<<<Main>$>b__0_8>d.MoveNext() in C:\Users\xmanc\OneDrive\Desktop\BioFXAPI-Github\BioFXAPI\BioFXAPI\Program.cs:line 228
--- End of stack trace from previous location ---
   at Microsoft.AspNetCore.RateLimiting.RateLimitingMiddleware.InvokeInternal(HttpContext context, EnableRateLimitingAttribute enableRateLimitingAttribute)
   at Swashbuckle.AspNetCore.SwaggerUI.SwaggerUIMiddleware.Invoke(HttpContext httpContext)
   at Swashbuckle.AspNetCore.Swagger.SwaggerMiddleware.Invoke(HttpContext httpContext, ISwaggerProvider swaggerProvider)
   at Microsoft.AspNetCore.Diagnostics.DeveloperExceptionPageMiddlewareImpl.Invoke(HttpContext context)
ClientConnectionId:2f011f11-bf06-46ff-93f0-0ffbb7829edf
Error Number:156,State:1,Class:15
2026-01-02 19:41:10.521 -05:00 [INF] Request finished HTTP/2 GET https://localhost:7177/api/Orders/mine/history - 500 null text/plain; charset=utf-8 319.2363ms
2026-01-02 19:42:02.371 -05:00 [DBG] Registered model binder providers, in the following order: ["Microsoft.AspNetCore.Mvc.ModelBinding.Binders.BinderTypeModelBinderProvider","Microsoft.AspNetCore.Mvc.ModelBinding.Binders.ServicesModelBinderProvider","Microsoft.AspNetCore.Mvc.ModelBinding.Binders.BodyModelBinderProvider","Microsoft.AspNetCore.Mvc.ModelBinding.Binders.HeaderModelBinderProvider","Microsoft.AspNetCore.Mvc.ModelBinding.Binders.FloatingPointTypeModelBinderProvider","Microsoft.AspNetCore.Mvc.ModelBinding.Binders.EnumTypeModelBinderProvider","Microsoft.AspNetCore.Mvc.ModelBinding.Binders.DateTimeModelBinderProvider","Microsoft.AspNetCore.Mvc.ModelBinding.Binders.SimpleTypeModelBinderProvider","Microsoft.AspNetCore.Mvc.ModelBinding.Binders.TryParseModelBinderProvider","Microsoft.AspNetCore.Mvc.ModelBinding.Binders.CancellationTokenModelBinderProvider","Microsoft.AspNetCore.Mvc.ModelBinding.Binders.ByteArrayModelBinderProvider","Microsoft.AspNetCore.Mvc.ModelBinding.Binders.FormFileModelBinderProvider","Microsoft.AspNetCore.Mvc.ModelBinding.Binders.FormCollectionModelBinderProvider","Microsoft.AspNetCore.Mvc.ModelBinding.Binders.KeyValuePairModelBinderProvider","Microsoft.AspNetCore.Mvc.ModelBinding.Binders.DictionaryModelBinderProvider","Microsoft.AspNetCore.Mvc.ModelBinding.Binders.ArrayModelBinderProvider","Microsoft.AspNetCore.Mvc.ModelBinding.Binders.CollectionModelBinderProvider","Microsoft.AspNetCore.Mvc.ModelBinding.Binders.ComplexObjectModelBinderProvider"]
2026-01-02 19:42:02.493 -05:00 [DBG] Hosting starting
2026-01-02 19:42:02.521 -05:00 [INF] User profile is available. Using 'C:\Users\xmanc\AppData\Local\ASP.NET\DataProtection-Keys' as key repository and Windows DPAPI to encrypt keys at rest.
2026-01-02 19:42:02.534 -05:00 [DBG] Reading data from file 'C:\Users\xmanc\AppData\Local\ASP.NET\DataProtection-Keys\key-3390bb48-7b52-40b9-a5cd-8587ed8f0a32.xml'.
2026-01-02 19:42:02.539 -05:00 [DBG] Reading data from file 'C:\Users\xmanc\AppData\Local\ASP.NET\DataProtection-Keys\key-a53364e5-c8f1-4abd-b63f-f57292da94bd.xml'.
2026-01-02 19:42:02.544 -05:00 [DBG] Found key {3390bb48-7b52-40b9-a5cd-8587ed8f0a32}.
2026-01-02 19:42:02.548 -05:00 [DBG] Found key {a53364e5-c8f1-4abd-b63f-f57292da94bd}.
2026-01-02 19:42:02.554 -05:00 [DBG] Considering key {a53364e5-c8f1-4abd-b63f-f57292da94bd} with expiration date 2026-03-30 22:04:56Z as default key.
2026-01-02 19:42:02.558 -05:00 [DBG] Forwarded activator type request from Microsoft.AspNetCore.DataProtection.XmlEncryption.DpapiXmlDecryptor, Microsoft.AspNetCore.DataProtection, Version=8.0.0.0, Culture=neutral, PublicKeyToken=adb9793829ddae60 to Microsoft.AspNetCore.DataProtection.XmlEncryption.DpapiXmlDecryptor, Microsoft.AspNetCore.DataProtection, Culture=neutral, PublicKeyToken=adb9793829ddae60
2026-01-02 19:42:02.562 -05:00 [DBG] Decrypting secret element using Windows DPAPI.
2026-01-02 19:42:02.564 -05:00 [DBG] Forwarded activator type request from Microsoft.AspNetCore.DataProtection.AuthenticatedEncryption.ConfigurationModel.AuthenticatedEncryptorDescriptorDeserializer, Microsoft.AspNetCore.DataProtection, Version=8.0.0.0, Culture=neutral, PublicKeyToken=adb9793829ddae60 to Microsoft.AspNetCore.DataProtection.AuthenticatedEncryption.ConfigurationModel.AuthenticatedEncryptorDescriptorDeserializer, Microsoft.AspNetCore.DataProtection, Culture=neutral, PublicKeyToken=adb9793829ddae60
2026-01-02 19:42:02.569 -05:00 [DBG] Opening CNG algorithm 'AES' from provider 'null' with chaining mode CBC.
2026-01-02 19:42:02.574 -05:00 [DBG] Opening CNG algorithm 'SHA256' from provider 'null' with HMAC.
2026-01-02 19:42:02.578 -05:00 [DBG] Using key {a53364e5-c8f1-4abd-b63f-f57292da94bd} as the default key.
2026-01-02 19:42:02.580 -05:00 [DBG] Key ring with default key {a53364e5-c8f1-4abd-b63f-f57292da94bd} was loaded during application startup.
2026-01-02 19:42:02.587 -05:00 [DBG] Middleware loaded
2026-01-02 19:42:02.589 -05:00 [DBG] Middleware loaded. Script /_framework/aspnetcore-browser-refresh.js (16501 B).
2026-01-02 19:42:02.591 -05:00 [DBG] Middleware loaded. Script /_framework/blazor-hotreload.js (799 B).
2026-01-02 19:42:02.655 -05:00 [DBG] Middleware loaded: DOTNET_MODIFIABLE_ASSEMBLIES=null, __ASPNETCORE_BROWSER_TOOLS=true
2026-01-02 19:42:02.727 -05:00 [INF] Now listening on: https://localhost:7177
2026-01-02 19:42:02.728 -05:00 [INF] Now listening on: http://localhost:5160
2026-01-02 19:42:02.729 -05:00 [DBG] Loaded hosting startup assembly BioFXAPI
2026-01-02 19:42:02.730 -05:00 [DBG] Loaded hosting startup assembly Microsoft.WebTools.ApiEndpointDiscovery
2026-01-02 19:42:02.731 -05:00 [DBG] Loaded hosting startup assembly Microsoft.AspNetCore.Watch.BrowserRefresh
2026-01-02 19:42:02.731 -05:00 [DBG] Loaded hosting startup assembly Microsoft.WebTools.BrowserLink.Net
2026-01-02 19:42:02.806 -05:00 [INF] Application started. Press Ctrl+C to shut down.
2026-01-02 19:42:02.806 -05:00 [INF] Hosting environment: Development
2026-01-02 19:42:02.807 -05:00 [INF] Content root path: C:\Users\xmanc\OneDrive\Desktop\BioFXAPI-Github\BioFXAPI\BioFXAPI
2026-01-02 19:42:02.808 -05:00 [DBG] Hosting started
2026-01-02 19:42:02.877 -05:00 [DBG] Connection id "0HNIAC3KONUNG" received FIN.
2026-01-02 19:42:02.877 -05:00 [DBG] Connection id "0HNIAC3KONUNH" received FIN.
2026-01-02 19:42:02.885 -05:00 [DBG] Connection id "0HNIAC3KONUNH" accepted.
2026-01-02 19:42:02.885 -05:00 [DBG] Connection id "0HNIAC3KONUNG" accepted.
2026-01-02 19:42:02.887 -05:00 [DBG] Connection id "0HNIAC3KONUNH" started.
2026-01-02 19:42:02.887 -05:00 [DBG] Connection id "0HNIAC3KONUNG" started.
2026-01-02 19:42:02.896 -05:00 [DBG] Failed to authenticate HTTPS connection.
System.IO.IOException: Received an unexpected EOF or 0 bytes from the transport stream.
   at System.Net.Security.SslStream.ReceiveHandshakeFrameAsync[TIOAdapter](CancellationToken cancellationToken)
   at System.Net.Security.SslStream.ForceAuthenticationAsync[TIOAdapter](Boolean receiveFirst, Byte[] reAuthenticationData, CancellationToken cancellationToken)
   at System.Net.Security.SslStream.ProcessAuthenticationWithTelemetryAsync(Boolean isAsync, CancellationToken cancellationToken)
   at Microsoft.AspNetCore.Server.Kestrel.Https.Internal.HttpsConnectionMiddleware.OnConnectionAsync(ConnectionContext context)
2026-01-02 19:42:02.896 -05:00 [DBG] Failed to authenticate HTTPS connection.
System.IO.IOException: Received an unexpected EOF or 0 bytes from the transport stream.
   at System.Net.Security.SslStream.ReceiveHandshakeFrameAsync[TIOAdapter](CancellationToken cancellationToken)
   at System.Net.Security.SslStream.ForceAuthenticationAsync[TIOAdapter](Boolean receiveFirst, Byte[] reAuthenticationData, CancellationToken cancellationToken)
   at System.Net.Security.SslStream.ProcessAuthenticationWithTelemetryAsync(Boolean isAsync, CancellationToken cancellationToken)
   at Microsoft.AspNetCore.Server.Kestrel.Https.Internal.HttpsConnectionMiddleware.OnConnectionAsync(ConnectionContext context)
2026-01-02 19:42:02.920 -05:00 [DBG] Connection id "0HNIAC3KONUNH" stopped.
2026-01-02 19:42:02.920 -05:00 [DBG] Connection id "0HNIAC3KONUNG" stopped.
2026-01-02 19:42:02.924 -05:00 [DBG] Connection id "0HNIAC3KONUNG" sending FIN because: "The Socket transport's send loop completed gracefully."
2026-01-02 19:42:02.924 -05:00 [DBG] Connection id "0HNIAC3KONUNH" sending FIN because: "The Socket transport's send loop completed gracefully."
2026-01-02 19:42:03.066 -05:00 [DBG] Connection id "0HNIAC3KONUNI" accepted.
2026-01-02 19:42:03.068 -05:00 [DBG] Connection id "0HNIAC3KONUNI" started.
2026-01-02 19:42:03.107 -05:00 [DBG] Connection 0HNIAC3KONUNI established using the following protocol: "Tls13"
2026-01-02 19:42:03.237 -05:00 [INF] Request starting HTTP/2 GET https://localhost:7177/swagger/index.html - null null
2026-01-02 19:42:03.353 -05:00 [DBG] Wildcard detected, all requests with hosts will be allowed.
2026-01-02 19:42:03.393 -05:00 [DBG] No candidates found for the request path '/swagger/index.html'
2026-01-02 19:42:03.396 -05:00 [DBG] Request did not match any endpoints
2026-01-02 19:42:03.473 -05:00 [DBG] Response markup is scheduled to include Browser Link script injection.
2026-01-02 19:42:03.478 -05:00 [DBG] Response markup is scheduled to include browser refresh script injection.
2026-01-02 19:42:03.529 -05:00 [DBG] Response markup was updated to include Browser Link script injection.
2026-01-02 19:42:03.532 -05:00 [DBG] Response markup was updated to include browser refresh script injection.
2026-01-02 19:42:03.559 -05:00 [INF] Request finished HTTP/2 GET https://localhost:7177/swagger/index.html - 200 null text/html;charset=utf-8 327.1661ms
2026-01-02 19:42:03.615 -05:00 [INF] Request starting HTTP/2 GET https://localhost:7177/_vs/browserLink - null null
2026-01-02 19:42:03.615 -05:00 [INF] Request starting HTTP/2 GET https://localhost:7177/_framework/aspnetcore-browser-refresh.js - null null
2026-01-02 19:42:03.631 -05:00 [DBG] Script injected: /_framework/aspnetcore-browser-refresh.js
2026-01-02 19:42:03.636 -05:00 [INF] Request finished HTTP/2 GET https://localhost:7177/_framework/aspnetcore-browser-refresh.js - 200 16501 application/javascript; charset=utf-8 21.4084ms
2026-01-02 19:42:03.666 -05:00 [INF] Request finished HTTP/2 GET https://localhost:7177/_vs/browserLink - 200 null text/javascript; charset=UTF-8 51.3262ms
2026-01-02 19:42:03.724 -05:00 [INF] Request starting HTTP/2 GET https://localhost:7177/swagger/v1/swagger.json - null null
2026-01-02 19:42:03.728 -05:00 [DBG] No candidates found for the request path '/swagger/v1/swagger.json'
2026-01-02 19:42:03.729 -05:00 [DBG] Request did not match any endpoints
2026-01-02 19:42:03.751 -05:00 [INF] Request finished HTTP/2 GET https://localhost:7177/swagger/v1/swagger.json - 200 null application/json;charset=utf-8 27.1173ms
2026-01-02 19:42:21.911 -05:00 [INF] Request starting HTTP/2 POST https://localhost:7177/api/Auth/login - application/json 69
2026-01-02 19:42:21.918 -05:00 [DBG] 1 candidate(s) found for the request path '/api/Auth/login'
2026-01-02 19:42:21.922 -05:00 [DBG] Endpoint 'BioFXAPI.Controllers.AuthController.Login (BioFXAPI)' with route pattern 'api/Auth/login' is valid for the request path '/api/Auth/login'
2026-01-02 19:42:21.924 -05:00 [DBG] Request matched endpoint 'BioFXAPI.Controllers.AuthController.Login (BioFXAPI)'
2026-01-02 19:42:21.927 -05:00 [DBG] Static files was skipped as the request already matched an endpoint.
2026-01-02 19:42:21.929 -05:00 [DBG] The request has an origin header: 'https://localhost:7177'.
2026-01-02 19:42:21.930 -05:00 [INF] CORS policy execution failed.
2026-01-02 19:42:21.931 -05:00 [INF] Request origin https://localhost:7177 does not have permission to access the resource.
2026-01-02 19:42:22.024 -05:00 [DBG] Successfully validated the token.
2026-01-02 19:42:22.026 -05:00 [DBG] AuthenticationScheme: Bearer was successfully authenticated.
2026-01-02 19:42:22.030 -05:00 [INF] Executing endpoint 'BioFXAPI.Controllers.AuthController.Login (BioFXAPI)'
2026-01-02 19:42:22.053 -05:00 [INF] Route matched with {action = "Login", controller = "Auth"}. Executing controller action with signature System.Threading.Tasks.Task`1[Microsoft.AspNetCore.Mvc.IActionResult] Login(BioFXAPI.Models.LoginRequest) on controller BioFXAPI.Controllers.AuthController (BioFXAPI).
2026-01-02 19:42:22.056 -05:00 [DBG] Execution plan of authorization filters (in the following order): ["None"]
2026-01-02 19:42:22.057 -05:00 [DBG] Execution plan of resource filters (in the following order): ["None"]
2026-01-02 19:42:22.058 -05:00 [DBG] Execution plan of action filters (in the following order): ["Microsoft.AspNetCore.Mvc.ModelBinding.UnsupportedContentTypeFilter (Order: -3000)","Microsoft.AspNetCore.Mvc.Infrastructure.ModelStateInvalidFilter (Order: -2000)"]
2026-01-02 19:42:22.059 -05:00 [DBG] Execution plan of exception filters (in the following order): ["None"]
2026-01-02 19:42:22.060 -05:00 [DBG] Execution plan of result filters (in the following order): ["Microsoft.AspNetCore.Mvc.Infrastructure.ClientErrorResultFilter (Order: -2000)"]
2026-01-02 19:42:22.062 -05:00 [DBG] Executing controller factory for controller BioFXAPI.Controllers.AuthController (BioFXAPI)
2026-01-02 19:42:22.065 -05:00 [DBG] Executed controller factory for controller BioFXAPI.Controllers.AuthController (BioFXAPI)
2026-01-02 19:42:22.074 -05:00 [DBG] Attempting to bind parameter 'request' of type 'BioFXAPI.Models.LoginRequest' ...
2026-01-02 19:42:22.077 -05:00 [DBG] Attempting to bind parameter 'request' of type 'BioFXAPI.Models.LoginRequest' using the name '' in request data ...
2026-01-02 19:42:22.078 -05:00 [DBG] Selected input formatter 'Microsoft.AspNetCore.Mvc.Formatters.SystemTextJsonInputFormatter' for content type 'application/json'.
2026-01-02 19:42:22.084 -05:00 [DBG] Connection id "0HNIAC3KONUNI", Request id "0HNIAC3KONUNI:00000009": started reading request body.
2026-01-02 19:42:22.085 -05:00 [DBG] Connection id "0HNIAC3KONUNI", Request id "0HNIAC3KONUNI:00000009": done reading request body.
2026-01-02 19:42:22.092 -05:00 [DBG] JSON input formatter succeeded, deserializing to type 'BioFXAPI.Models.LoginRequest'
2026-01-02 19:42:22.093 -05:00 [DBG] Done attempting to bind parameter 'request' of type 'BioFXAPI.Models.LoginRequest'.
2026-01-02 19:42:22.094 -05:00 [DBG] Done attempting to bind parameter 'request' of type 'BioFXAPI.Models.LoginRequest'.
2026-01-02 19:42:22.095 -05:00 [DBG] Attempting to validate the bound parameter 'request' of type 'BioFXAPI.Models.LoginRequest' ...
2026-01-02 19:42:22.100 -05:00 [DBG] Done attempting to validate the bound parameter 'request' of type 'BioFXAPI.Models.LoginRequest'.
2026-01-02 19:42:23.483 -05:00 [DBG] List of registered output formatters, in the following order: ["Microsoft.AspNetCore.Mvc.Formatters.HttpNoContentOutputFormatter","Microsoft.AspNetCore.Mvc.Formatters.StringOutputFormatter","Microsoft.AspNetCore.Mvc.Formatters.StreamOutputFormatter","Microsoft.AspNetCore.Mvc.Formatters.SystemTextJsonOutputFormatter"]
2026-01-02 19:42:23.485 -05:00 [DBG] No information found on request to perform content negotiation.
2026-01-02 19:42:23.486 -05:00 [DBG] Attempting to select an output formatter without using a content type as no explicit content types were specified for the response.
2026-01-02 19:42:23.486 -05:00 [DBG] Attempting to select the first formatter in the output formatters list which can write the result.
2026-01-02 19:42:23.487 -05:00 [DBG] Selected output formatter 'Microsoft.AspNetCore.Mvc.Formatters.SystemTextJsonOutputFormatter' and content type 'application/json' to write the response.
2026-01-02 19:42:23.488 -05:00 [INF] Executing OkObjectResult, writing value of type 'BioFXAPI.Models.LoginResponse'.
2026-01-02 19:42:23.497 -05:00 [INF] Executed action BioFXAPI.Controllers.AuthController.Login (BioFXAPI) in 1434.8445ms
2026-01-02 19:42:23.499 -05:00 [INF] Executed endpoint 'BioFXAPI.Controllers.AuthController.Login (BioFXAPI)'
2026-01-02 19:42:23.501 -05:00 [INF] Request finished HTTP/2 POST https://localhost:7177/api/Auth/login - 200 null application/json; charset=utf-8 1590.0327ms
2026-01-02 19:42:32.669 -05:00 [INF] Request starting HTTP/2 GET https://localhost:7177/api/Orders/mine/history - null null
2026-01-02 19:42:32.674 -05:00 [DBG] 1 candidate(s) found for the request path '/api/Orders/mine/history'
2026-01-02 19:42:32.676 -05:00 [DBG] Endpoint 'BioFXAPI.Controllers.OrdersController.GetMyPaidOrdersHistory (BioFXAPI)' with route pattern 'api/Orders/mine/history' is valid for the request path '/api/Orders/mine/history'
2026-01-02 19:42:32.677 -05:00 [DBG] Request matched endpoint 'BioFXAPI.Controllers.OrdersController.GetMyPaidOrdersHistory (BioFXAPI)'
2026-01-02 19:42:32.678 -05:00 [DBG] Static files was skipped as the request already matched an endpoint.
2026-01-02 19:42:32.681 -05:00 [DBG] Successfully validated the token.
2026-01-02 19:42:32.681 -05:00 [DBG] AuthenticationScheme: Bearer was successfully authenticated.
2026-01-02 19:42:32.686 -05:00 [DBG] Authorization was successful.
2026-01-02 19:42:32.687 -05:00 [INF] Executing endpoint 'BioFXAPI.Controllers.OrdersController.GetMyPaidOrdersHistory (BioFXAPI)'
2026-01-02 19:42:32.692 -05:00 [INF] Route matched with {action = "GetMyPaidOrdersHistory", controller = "Orders"}. Executing controller action with signature System.Threading.Tasks.Task`1[Microsoft.AspNetCore.Mvc.IActionResult] GetMyPaidOrdersHistory() on controller BioFXAPI.Controllers.OrdersController (BioFXAPI).
2026-01-02 19:42:32.693 -05:00 [DBG] Execution plan of authorization filters (in the following order): ["None"]
2026-01-02 19:42:32.695 -05:00 [DBG] Execution plan of resource filters (in the following order): ["None"]
2026-01-02 19:42:32.696 -05:00 [DBG] Execution plan of action filters (in the following order): ["Microsoft.AspNetCore.Mvc.ModelBinding.UnsupportedContentTypeFilter (Order: -3000)","Microsoft.AspNetCore.Mvc.Infrastructure.ModelStateInvalidFilter (Order: -2000)"]
2026-01-02 19:42:32.697 -05:00 [DBG] Execution plan of exception filters (in the following order): ["None"]
2026-01-02 19:42:32.699 -05:00 [DBG] Execution plan of result filters (in the following order): ["Microsoft.AspNetCore.Mvc.Infrastructure.ClientErrorResultFilter (Order: -2000)"]
2026-01-02 19:42:32.700 -05:00 [DBG] Executing controller factory for controller BioFXAPI.Controllers.OrdersController (BioFXAPI)
2026-01-02 19:42:32.763 -05:00 [INF] EmailSettings cargados: SmtpServer=mail.biofx.com.ec, SmtpPort=465, SenderEmail=info@biofx.com.ec, EnableSsl=true
2026-01-02 19:42:32.766 -05:00 [DBG] Executed controller factory for controller BioFXAPI.Controllers.OrdersController (BioFXAPI)
2026-01-02 19:42:33.577 -05:00 [DBG] List of registered output formatters, in the following order: ["Microsoft.AspNetCore.Mvc.Formatters.HttpNoContentOutputFormatter","Microsoft.AspNetCore.Mvc.Formatters.StringOutputFormatter","Microsoft.AspNetCore.Mvc.Formatters.StreamOutputFormatter","Microsoft.AspNetCore.Mvc.Formatters.SystemTextJsonOutputFormatter"]
2026-01-02 19:42:33.579 -05:00 [DBG] No information found on request to perform content negotiation.
2026-01-02 19:42:33.579 -05:00 [DBG] Attempting to select an output formatter without using a content type as no explicit content types were specified for the response.
2026-01-02 19:42:33.580 -05:00 [DBG] Attempting to select the first formatter in the output formatters list which can write the result.
2026-01-02 19:42:33.581 -05:00 [DBG] Selected output formatter 'Microsoft.AspNetCore.Mvc.Formatters.SystemTextJsonOutputFormatter' and content type 'application/json' to write the response.
2026-01-02 19:42:33.583 -05:00 [INF] Executing OkObjectResult, writing value of type 'System.Collections.Generic.List`1[[BioFXAPI.Controllers.OrdersController+OrderHistoryDto, BioFXAPI, Version=1.0.0.0, Culture=neutral, PublicKeyToken=null]]'.
2026-01-02 19:42:33.620 -05:00 [INF] Executed action BioFXAPI.Controllers.OrdersController.GetMyPaidOrdersHistory (BioFXAPI) in 919.6891ms
2026-01-02 19:42:33.621 -05:00 [INF] Executed endpoint 'BioFXAPI.Controllers.OrdersController.GetMyPaidOrdersHistory (BioFXAPI)'
2026-01-02 19:42:33.622 -05:00 [INF] Request finished HTTP/2 GET https://localhost:7177/api/Orders/mine/history - 200 null application/json; charset=utf-8 953.123ms
